<?xml version="1.0" encoding="utf-8"?>
<CoverageSession xmlns:xsd="http://www.w3.org/2001/XMLSchema" xmlns:xsi="http://www.w3.org/2001/XMLSchema-instance">
  <Summary numSequencePoints="2935" visitedSequencePoints="73" numBranchPoints="1206" visitedBranchPoints="25" sequenceCoverage="2.49" branchCoverage="2.07" maxCyclomaticComplexity="33" minCyclomaticComplexity="1" />
  <Modules>
    <Module skippedDueTo="Filter" hash="EC-4B-59-1A-86-15-F3-AE-D2-72-02-B0-2A-0B-A7-08-AB-88-8E-D0">
      <FullName>C:\Windows\assembly\GAC_64\mscorlib\2.0.0.0__b77a5c561934e089\mscorlib.dll</FullName>
      <ModuleName>mscorlib</ModuleName>
      <Classes />
    </Module>
    <Module skippedDueTo="Filter" hash="F9-04-A8-31-CD-FB-23-72-95-63-5D-14-9A-A0-66-8E-7F-44-93-7A">
      <FullName>C:\Windows\assembly\GAC_64\mscorlib\2.0.0.0__b77a5c561934e089\sorttbls.nlp</FullName>
      <ModuleName>mscorlib</ModuleName>
      <Classes />
    </Module>
    <Module skippedDueTo="MissingPdb" hash="15-F9-CC-81-CD-CD-F1-5D-31-3E-DE-51-94-0C-FB-02-80-CA-17-6B">
      <FullName>E:\Programming Enviroments\NUnit 2.6.2\bin\nunit-console.exe</FullName>
      <ModuleName>nunit-console</ModuleName>
      <Classes />
    </Module>
    <Module skippedDueTo="Filter" hash="6E-30-2E-50-36-FB-60-2C-8E-50-C0-83-54-8B-CC-EA-A8-91-B6-CC">
      <FullName>C:\Windows\assembly\GAC_64\mscorlib\2.0.0.0__b77a5c561934e089\sortkey.nlp</FullName>
      <ModuleName>mscorlib</ModuleName>
      <Classes />
    </Module>
    <Module skippedDueTo="MissingPdb" hash="79-F8-9A-22-4E-29-52-37-00-CF-81-FF-1F-EA-05-EC-74-2A-2E-C8">
      <FullName>E:\Programming Enviroments\NUnit 2.6.2\bin\lib\nunit-console-runner.dll</FullName>
      <ModuleName>nunit-console-runner</ModuleName>
      <Classes />
    </Module>
    <Module skippedDueTo="MissingPdb" hash="23-35-8C-86-05-D5-AE-FE-3C-1F-09-A0-86-02-40-7C-4F-CA-59-41">
      <FullName>E:\Programming Enviroments\NUnit 2.6.2\bin\lib\nunit.core.dll</FullName>
      <ModuleName>nunit.core</ModuleName>
      <Classes />
    </Module>
    <Module skippedDueTo="MissingPdb" hash="57-DD-20-42-DA-33-B3-EE-DA-8C-8E-25-C9-E5-07-B5-08-62-0F-88">
      <FullName>E:\Programming Enviroments\NUnit 2.6.2\bin\lib\nunit.util.dll</FullName>
      <ModuleName>nunit.util</ModuleName>
      <Classes />
    </Module>
    <Module skippedDueTo="MissingPdb" hash="AD-76-2F-3C-5E-F6-77-0D-C6-AD-AF-A3-90-85-28-07-2D-A0-59-50">
      <FullName>E:\Programming Enviroments\NUnit 2.6.2\bin\lib\nunit.core.interfaces.dll</FullName>
      <ModuleName>nunit.core.interfaces</ModuleName>
      <Classes />
    </Module>
    <Module skippedDueTo="Filter" hash="14-03-27-9B-06-EA-35-31-1C-D3-68-2D-57-71-BD-0A-43-58-59-54">
      <FullName>C:\Windows\assembly\GAC_MSIL\System.Configuration\2.0.0.0__b03f5f7f11d50a3a\System.Configuration.dll</FullName>
      <ModuleName>System.Configuration</ModuleName>
      <Classes />
    </Module>
    <Module skippedDueTo="Filter" hash="E8-AF-6C-78-D2-08-3E-63-82-61-A0-41-67-7F-86-F4-1C-74-B0-91">
      <FullName>C:\Windows\assembly\GAC_MSIL\System\2.0.0.0__b77a5c561934e089\System.dll</FullName>
      <ModuleName>System</ModuleName>
      <Classes />
    </Module>
    <Module skippedDueTo="Filter" hash="52-A1-0A-04-56-66-57-05-F5-D9-76-0D-B4-A8-BD-EC-D5-A0-3C-88">
      <FullName>C:\Windows\assembly\GAC_MSIL\System.Xml\2.0.0.0__b77a5c561934e089\System.Xml.dll</FullName>
      <ModuleName>System.Xml</ModuleName>
      <Classes />
    </Module>
    <Module skippedDueTo="Filter" hash="9A-05-9F-56-E9-B6-E6-F9-98-5A-15-C6-F7-DB-92-18-B1-9B-AF-15">
      <FullName>C:\Windows\assembly\GAC_MSIL\System.Runtime.Remoting\2.0.0.0__b77a5c561934e089\System.Runtime.Remoting.dll</FullName>
      <ModuleName>System.Runtime.Remoting</ModuleName>
      <Classes />
    </Module>
    <Module skippedDueTo="Filter" hash="30-4D-DF-CA-FA-87-89-48-F5-43-E7-06-A5-AC-42-A1-FC-B6-62-6E">
      <FullName>C:\Windows\Microsoft.Net\assembly\GAC_64\mscorlib\v4.0_4.0.0.0__b77a5c561934e089\mscorlib.dll</FullName>
      <ModuleName>mscorlib</ModuleName>
      <Classes />
    </Module>
    <Module skippedDueTo="MissingPdb" hash="FB-85-03-F6-E1-75-BB-8A-0F-44-79-E7-A8-B3-A4-E6-DF-72-B0-75">
      <FullName>E:\Programming Enviroments\NUnit 2.6.2\bin\nunit-agent.exe</FullName>
      <ModuleName>nunit-agent</ModuleName>
      <Classes />
    </Module>
    <Module skippedDueTo="MissingPdb" hash="23-35-8C-86-05-D5-AE-FE-3C-1F-09-A0-86-02-40-7C-4F-CA-59-41">
      <FullName>E:\Programming Enviroments\NUnit 2.6.2\bin\lib\nunit.core.dll</FullName>
      <ModuleName>nunit.core</ModuleName>
      <Classes />
    </Module>
    <Module skippedDueTo="MissingPdb" hash="57-DD-20-42-DA-33-B3-EE-DA-8C-8E-25-C9-E5-07-B5-08-62-0F-88">
      <FullName>E:\Programming Enviroments\NUnit 2.6.2\bin\lib\nunit.util.dll</FullName>
      <ModuleName>nunit.util</ModuleName>
      <Classes />
    </Module>
    <Module skippedDueTo="MissingPdb" hash="AD-76-2F-3C-5E-F6-77-0D-C6-AD-AF-A3-90-85-28-07-2D-A0-59-50">
      <FullName>E:\Programming Enviroments\NUnit 2.6.2\bin\lib\nunit.core.interfaces.dll</FullName>
      <ModuleName>nunit.core.interfaces</ModuleName>
      <Classes />
    </Module>
    <Module skippedDueTo="Filter" hash="02-F0-25-E3-FB-94-05-50-52-2D-56-93-FF-B4-9B-8C-50-E0-A1-41">
      <FullName>C:\Windows\Microsoft.Net\assembly\GAC_MSIL\System\v4.0_4.0.0.0__b77a5c561934e089\System.dll</FullName>
      <ModuleName>System</ModuleName>
      <Classes />
    </Module>
    <Module skippedDueTo="Filter" hash="84-64-E1-D2-0A-E2-91-23-AD-BD-B9-7A-3C-89-7B-66-65-58-46-1C">
      <FullName>C:\Windows\Microsoft.Net\assembly\GAC_MSIL\System.Runtime.Remoting\v4.0_4.0.0.0__b77a5c561934e089\System.Runtime.Remoting.dll</FullName>
      <ModuleName>System.Runtime.Remoting</ModuleName>
      <Classes />
    </Module>
    <Module skippedDueTo="Filter" hash="80-32-3B-47-08-F0-74-C4-64-F6-98-9B-54-B3-69-B5-B9-29-D3-E9">
      <FullName>C:\Windows\Microsoft.Net\assembly\GAC_MSIL\System.Configuration\v4.0_4.0.0.0__b03f5f7f11d50a3a\System.Configuration.dll</FullName>
      <ModuleName>System.Configuration</ModuleName>
      <Classes />
    </Module>
    <Module skippedDueTo="Filter" hash="4B-C6-12-DA-61-6B-39-09-CD-DF-A1-00-79-12-63-F9-8E-72-76-27">
      <FullName>C:\Windows\Microsoft.Net\assembly\GAC_MSIL\System.Xml\v4.0_4.0.0.0__b77a5c561934e089\System.Xml.dll</FullName>
      <ModuleName>System.Xml</ModuleName>
      <Classes />
    </Module>
    <Module skippedDueTo="Filter" hash="59-42-E6-F8-DD-8B-B7-45-80-77-BD-4E-59-0E-95-5F-C2-7C-53-D8">
      <FullName>C:\Windows\Microsoft.Net\assembly\GAC_64\System.Web\v4.0_4.0.0.0__b03f5f7f11d50a3a\System.Web.dll</FullName>
      <ModuleName>System.Web</ModuleName>
      <Classes />
    </Module>
    <Module skippedDueTo="Filter" hash="17-FB-AD-1E-3A-AD-25-E7-D6-F8-6A-34-1E-8F-E5-B3-4A-B9-B0-06">
      <FullName>C:\Windows\assembly\GAC_64\System.Web\2.0.0.0__b03f5f7f11d50a3a\System.Web.dll</FullName>
      <ModuleName>System.Web</ModuleName>
      <Classes />
    </Module>
    <Module skippedDueTo="MissingPdb" hash="23-35-8C-86-05-D5-AE-FE-3C-1F-09-A0-86-02-40-7C-4F-CA-59-41">
      <FullName>E:\Programming Enviroments\NUnit 2.6.2\bin\lib\nunit.core.dll</FullName>
      <ModuleName>nunit.core</ModuleName>
      <Classes />
    </Module>
    <Module skippedDueTo="Filter" hash="02-F0-25-E3-FB-94-05-50-52-2D-56-93-FF-B4-9B-8C-50-E0-A1-41">
      <FullName>C:\Windows\Microsoft.Net\assembly\GAC_MSIL\System\v4.0_4.0.0.0__b77a5c561934e089\System.dll</FullName>
      <ModuleName>System</ModuleName>
      <Classes />
    </Module>
    <Module skippedDueTo="Filter" hash="4B-C6-12-DA-61-6B-39-09-CD-DF-A1-00-79-12-63-F9-8E-72-76-27">
      <FullName>C:\Windows\Microsoft.Net\assembly\GAC_MSIL\System.Xml\v4.0_4.0.0.0__b77a5c561934e089\System.Xml.dll</FullName>
      <ModuleName>System.Xml</ModuleName>
      <Classes />
    </Module>
    <Module skippedDueTo="MissingPdb" hash="AD-76-2F-3C-5E-F6-77-0D-C6-AD-AF-A3-90-85-28-07-2D-A0-59-50">
      <FullName>E:\Programming Enviroments\NUnit 2.6.2\bin\lib\nunit.core.interfaces.dll</FullName>
      <ModuleName>nunit.core.interfaces</ModuleName>
      <Classes />
    </Module>
    <Module hash="29-58-6F-FB-44-32-AC-7F-32-10-FD-CD-8A-B1-14-65-0D-4B-C2-E8">
      <Summary numSequencePoints="34" visitedSequencePoints="28" numBranchPoints="10" visitedBranchPoints="8" sequenceCoverage="82.35" branchCoverage="80" maxCyclomaticComplexity="2" minCyclomaticComplexity="0" />
      <FullName>E:\Programming\!Csharp\Combinify Project\CombinifyWpf\CombiTests\CombiTests\bin\Debug\CombiTests.dll</FullName>
      <ModuleName>CombiTests</ModuleName>
      <Files>
        <File uid="1" fullPath="E:\Programming\!Csharp\Combinify Project\CombinifyWpf\CombiTests\CombiTests\ColorCompressTest.cs" />
        <File uid="2" fullPath="E:\Programming\!Csharp\Combinify Project\CombinifyWpf\CombiTests\CombiTests\ColorConvertTest.cs" />
      </Files>
      <Classes>
        <Class>
          <Summary numSequencePoints="0" visitedSequencePoints="0" numBranchPoints="0" visitedBranchPoints="0" sequenceCoverage="0" branchCoverage="0" maxCyclomaticComplexity="0" minCyclomaticComplexity="0" />
          <FullName>&lt;Module&gt;</FullName>
          <Methods />
        </Class>
        <Class>
          <Summary numSequencePoints="6" visitedSequencePoints="0" numBranchPoints="2" visitedBranchPoints="0" sequenceCoverage="0" branchCoverage="0" maxCyclomaticComplexity="1" minCyclomaticComplexity="1" />
          <FullName>CombiTests.ColorCompressTest</FullName>
          <Methods>
            <Method visited="false" cyclomaticComplexity="1" sequenceCoverage="0" branchCoverage="0" isConstructor="false" isStatic="false" isGetter="false" isSetter="false">
              <Summary numSequencePoints="3" visitedSequencePoints="0" numBranchPoints="1" visitedBranchPoints="0" sequenceCoverage="0" branchCoverage="0" maxCyclomaticComplexity="1" minCyclomaticComplexity="1" />
              <MetadataToken>100663297</MetadataToken>
              <Name>System.Void CombiTests.ColorCompressTest::Init()</Name>
              <FileRef uid="1" />
              <SequencePoints>
                <SequencePoint vc="0" uspid="1" ordinal="0" offset="0" sl="13" sc="28" el="13" ec="29" />
                <SequencePoint vc="0" uspid="2" ordinal="1" offset="1" sl="14" sc="13" el="14" ec="54" />
                <SequencePoint vc="0" uspid="3" ordinal="2" offset="12" sl="15" sc="9" el="15" ec="10" />
              </SequencePoints>
              <BranchPoints />
              <MethodPoint xsi:type="SequencePoint" vc="0" uspid="1" ordinal="0" offset="0" sl="13" sc="28" el="13" ec="29" />
            </Method>
            <Method visited="false" cyclomaticComplexity="1" sequenceCoverage="0" branchCoverage="0" isConstructor="false" isStatic="false" isGetter="false" isSetter="false">
              <Summary numSequencePoints="3" visitedSequencePoints="0" numBranchPoints="1" visitedBranchPoints="0" sequenceCoverage="0" branchCoverage="0" maxCyclomaticComplexity="1" minCyclomaticComplexity="1" />
              <MetadataToken>100663298</MetadataToken>
              <Name>System.Void CombiTests.ColorCompressTest::Cleanup()</Name>
              <FileRef uid="1" />
              <SequencePoints>
                <SequencePoint vc="0" uspid="4" ordinal="0" offset="0" sl="18" sc="31" el="18" ec="32" />
                <SequencePoint vc="0" uspid="5" ordinal="1" offset="1" sl="19" sc="13" el="19" ec="37" />
                <SequencePoint vc="0" uspid="6" ordinal="2" offset="8" sl="20" sc="9" el="20" ec="10" />
              </SequencePoints>
              <BranchPoints />
              <MethodPoint xsi:type="SequencePoint" vc="0" uspid="4" ordinal="0" offset="0" sl="18" sc="31" el="18" ec="32" />
            </Method>
            <Method visited="true" cyclomaticComplexity="1" sequenceCoverage="0" branchCoverage="0" isConstructor="true" isStatic="false" isGetter="false" isSetter="false">
              <Summary numSequencePoints="0" visitedSequencePoints="0" numBranchPoints="0" visitedBranchPoints="0" sequenceCoverage="0" branchCoverage="0" maxCyclomaticComplexity="1" minCyclomaticComplexity="1" />
              <MetadataToken>100663299</MetadataToken>
              <Name>System.Void CombiTests.ColorCompressTest::.ctor()</Name>
              <SequencePoints />
              <BranchPoints />
              <MethodPoint vc="1" uspid="7" ordinal="0" offset="0" />
            </Method>
          </Methods>
        </Class>
        <Class>
          <Summary numSequencePoints="28" visitedSequencePoints="28" numBranchPoints="8" visitedBranchPoints="8" sequenceCoverage="100" branchCoverage="100" maxCyclomaticComplexity="2" minCyclomaticComplexity="1" />
          <FullName>CombiTests.ColorConvertTest</FullName>
          <Methods>
            <Method visited="true" cyclomaticComplexity="1" sequenceCoverage="100" branchCoverage="100" isConstructor="false" isStatic="false" isGetter="false" isSetter="false">
              <Summary numSequencePoints="3" visitedSequencePoints="3" numBranchPoints="1" visitedBranchPoints="1" sequenceCoverage="100" branchCoverage="100" maxCyclomaticComplexity="1" minCyclomaticComplexity="1" />
              <MetadataToken>100663300</MetadataToken>
              <Name>System.Void CombiTests.ColorConvertTest::Init()</Name>
              <FileRef uid="2" />
              <SequencePoints>
                <SequencePoint vc="2" uspid="8" ordinal="0" offset="0" sl="13" sc="28" el="13" ec="29" />
                <SequencePoint vc="2" uspid="9" ordinal="1" offset="1" sl="14" sc="13" el="14" ec="52" />
                <SequencePoint vc="2" uspid="10" ordinal="2" offset="12" sl="15" sc="9" el="15" ec="10" />
              </SequencePoints>
              <BranchPoints />
              <MethodPoint xsi:type="SequencePoint" vc="2" uspid="8" ordinal="0" offset="0" sl="13" sc="28" el="13" ec="29" />
            </Method>
            <Method visited="true" cyclomaticComplexity="1" sequenceCoverage="100" branchCoverage="100" isConstructor="false" isStatic="false" isGetter="false" isSetter="false">
              <Summary numSequencePoints="3" visitedSequencePoints="3" numBranchPoints="1" visitedBranchPoints="1" sequenceCoverage="100" branchCoverage="100" maxCyclomaticComplexity="1" minCyclomaticComplexity="1" />
              <MetadataToken>100663301</MetadataToken>
              <Name>System.Void CombiTests.ColorConvertTest::Cleanup()</Name>
              <FileRef uid="2" />
              <SequencePoints>
                <SequencePoint vc="2" uspid="11" ordinal="0" offset="0" sl="18" sc="31" el="18" ec="32" />
                <SequencePoint vc="2" uspid="12" ordinal="1" offset="1" sl="19" sc="13" el="19" ec="36" />
                <SequencePoint vc="2" uspid="13" ordinal="2" offset="8" sl="20" sc="9" el="20" ec="10" />
              </SequencePoints>
              <BranchPoints />
              <MethodPoint xsi:type="SequencePoint" vc="2" uspid="11" ordinal="0" offset="0" sl="18" sc="31" el="18" ec="32" />
            </Method>
            <Method visited="true" cyclomaticComplexity="2" sequenceCoverage="100" branchCoverage="100" isConstructor="false" isStatic="false" isGetter="false" isSetter="false">
              <Summary numSequencePoints="11" visitedSequencePoints="11" numBranchPoints="3" visitedBranchPoints="3" sequenceCoverage="100" branchCoverage="100" maxCyclomaticComplexity="2" minCyclomaticComplexity="2" />
              <MetadataToken>100663302</MetadataToken>
              <Name>System.Void CombiTests.ColorConvertTest::RgbToHexTest()</Name>
              <FileRef uid="2" />
              <SequencePoints>
                <SequencePoint vc="1" uspid="14" ordinal="0" offset="0" sl="23" sc="36" el="23" ec="37" />
                <SequencePoint vc="1" uspid="15" ordinal="1" offset="1" sl="24" sc="13" el="28" ec="15" />
                <SequencePoint vc="1" uspid="16" ordinal="2" offset="105" sl="29" sc="13" el="33" ec="15" />
                <SequencePoint vc="1" uspid="17" ordinal="3" offset="154" sl="35" sc="18" el="35" ec="28" />
                <SequencePoint vc="3" uspid="18" ordinal="4" offset="158" sl="35" sc="53" el="35" ec="54" />
                <SequencePoint vc="3" uspid="19" ordinal="5" offset="159" sl="36" sc="17" el="36" ec="78" />
                <SequencePoint vc="3" uspid="20" ordinal="6" offset="178" sl="37" sc="17" el="37" ec="109" />
                <SequencePoint vc="3" uspid="21" ordinal="7" offset="219" sl="38" sc="13" el="38" ec="14" />
                <SequencePoint vc="3" uspid="22" ordinal="8" offset="220" sl="35" sc="47" el="35" ec="50" />
                <SequencePoint vc="4" uspid="23" ordinal="9" offset="224" sl="35" sc="29" el="35" ec="45" />
                <SequencePoint vc="1" uspid="24" ordinal="10" offset="239" sl="39" sc="9" el="39" ec="10" />
              </SequencePoints>
              <BranchPoints>
                <BranchPoint vc="1" uspid="25" ordinal="0" offset="237" path="0" />
                <BranchPoint vc="3" uspid="26" ordinal="1" offset="237" path="1" />
              </BranchPoints>
              <MethodPoint xsi:type="SequencePoint" vc="1" uspid="14" ordinal="0" offset="0" sl="23" sc="36" el="23" ec="37" />
            </Method>
            <Method visited="true" cyclomaticComplexity="2" sequenceCoverage="100" branchCoverage="100" isConstructor="false" isStatic="false" isGetter="false" isSetter="false">
              <Summary numSequencePoints="11" visitedSequencePoints="11" numBranchPoints="3" visitedBranchPoints="3" sequenceCoverage="100" branchCoverage="100" maxCyclomaticComplexity="2" minCyclomaticComplexity="2" />
              <MetadataToken>100663303</MetadataToken>
              <Name>System.Void CombiTests.ColorConvertTest::HslToHexTest()</Name>
              <FileRef uid="2" />
              <SequencePoints>
                <SequencePoint vc="1" uspid="27" ordinal="0" offset="0" sl="42" sc="36" el="42" ec="37" />
                <SequencePoint vc="1" uspid="28" ordinal="1" offset="1" sl="43" sc="13" el="47" ec="15" />
                <SequencePoint vc="1" uspid="29" ordinal="2" offset="86" sl="48" sc="13" el="52" ec="15" />
                <SequencePoint vc="1" uspid="30" ordinal="3" offset="135" sl="54" sc="18" el="54" ec="28" />
                <SequencePoint vc="3" uspid="31" ordinal="4" offset="139" sl="54" sc="54" el="54" ec="55" />
                <SequencePoint vc="3" uspid="32" ordinal="5" offset="140" sl="55" sc="17" el="55" ec="118" />
                <SequencePoint vc="3" uspid="33" ordinal="6" offset="179" sl="56" sc="17" el="56" ec="110" />
                <SequencePoint vc="3" uspid="34" ordinal="7" offset="220" sl="57" sc="13" el="57" ec="14" />
                <SequencePoint vc="3" uspid="35" ordinal="8" offset="221" sl="54" sc="48" el="54" ec="51" />
                <SequencePoint vc="4" uspid="36" ordinal="9" offset="225" sl="54" sc="29" el="54" ec="46" />
                <SequencePoint vc="1" uspid="37" ordinal="10" offset="240" sl="58" sc="9" el="58" ec="10" />
              </SequencePoints>
              <BranchPoints>
                <BranchPoint vc="1" uspid="38" ordinal="0" offset="238" path="0" />
                <BranchPoint vc="3" uspid="39" ordinal="1" offset="238" path="1" />
              </BranchPoints>
              <MethodPoint xsi:type="SequencePoint" vc="1" uspid="27" ordinal="0" offset="0" sl="42" sc="36" el="42" ec="37" />
            </Method>
            <Method visited="true" cyclomaticComplexity="1" sequenceCoverage="0" branchCoverage="0" isConstructor="true" isStatic="false" isGetter="false" isSetter="false">
              <Summary numSequencePoints="0" visitedSequencePoints="0" numBranchPoints="0" visitedBranchPoints="0" sequenceCoverage="0" branchCoverage="0" maxCyclomaticComplexity="1" minCyclomaticComplexity="1" />
              <MetadataToken>100663304</MetadataToken>
              <Name>System.Void CombiTests.ColorConvertTest::.ctor()</Name>
              <SequencePoints />
              <BranchPoints />
              <MethodPoint vc="1" uspid="40" ordinal="0" offset="0" />
            </Method>
          </Methods>
        </Class>
        <Class>
          <Summary numSequencePoints="0" visitedSequencePoints="0" numBranchPoints="0" visitedBranchPoints="0" sequenceCoverage="0" branchCoverage="0" maxCyclomaticComplexity="0" minCyclomaticComplexity="0" />
          <FullName>&lt;PrivateImplementationDetails&gt;{139E5794-6F9F-448C-AE4E-DD0A0BEC37D0}</FullName>
          <Methods />
        </Class>
      </Classes>
    </Module>
    <Module skippedDueTo="MissingPdb" hash="13-4C-94-D1-A1-A5-D9-8F-F1-E4-CE-A7-87-EF-CC-42-FC-6B-CA-BC">
      <FullName>E:\Programming\!Csharp\Combinify Project\CombinifyWpf\CombiTests\CombiTests\bin\Debug\nunit.framework.dll</FullName>
      <ModuleName>nunit.framework</ModuleName>
      <Classes />
    </Module>
    <Module skippedDueTo="MissingPdb" hash="79-F8-9A-22-4E-29-52-37-00-CF-81-FF-1F-EA-05-EC-74-2A-2E-C8">
      <FullName>E:\Programming Enviroments\NUnit 2.6.2\bin\lib\nunit-console-runner.dll</FullName>
      <ModuleName>nunit-console-runner</ModuleName>
      <Classes />
    </Module>
    <Module skippedDueTo="Filter" hash="84-64-E1-D2-0A-E2-91-23-AD-BD-B9-7A-3C-89-7B-66-65-58-46-1C">
      <FullName>C:\Windows\Microsoft.Net\assembly\GAC_MSIL\System.Runtime.Remoting\v4.0_4.0.0.0__b77a5c561934e089\System.Runtime.Remoting.dll</FullName>
      <ModuleName>System.Runtime.Remoting</ModuleName>
      <Classes />
    </Module>
    <Module skippedDueTo="Filter" hash="80-32-3B-47-08-F0-74-C4-64-F6-98-9B-54-B3-69-B5-B9-29-D3-E9">
      <FullName>C:\Windows\Microsoft.Net\assembly\GAC_MSIL\System.Configuration\v4.0_4.0.0.0__b03f5f7f11d50a3a\System.Configuration.dll</FullName>
      <ModuleName>System.Configuration</ModuleName>
      <Classes />
    </Module>
    <Module hash="68-EB-A7-D8-C3-12-63-39-AA-01-98-F5-F0-A3-2B-3B-2F-DD-98-DC">
      <Summary numSequencePoints="2901" visitedSequencePoints="45" numBranchPoints="1196" visitedBranchPoints="17" sequenceCoverage="1.55" branchCoverage="1.42" maxCyclomaticComplexity="33" minCyclomaticComplexity="1" />
      <FullName>E:\Programming\!Csharp\Combinify Project\CombinifyWpf\CombiTests\CombiTests\bin\Debug\CombinifyWpf.exe</FullName>
      <ModuleName>CombinifyWpf</ModuleName>
      <Files>
        <File uid="5" fullPath="E:\Programming\!Csharp\Combinify Project\CombinifyWpf\CombinifyWpf\Models\UserSettings.cs" />
        <File uid="6" fullPath="E:\Programming\!Csharp\Combinify Project\CombinifyWpf\CombinifyWpf\App.xaml.cs" />
        <File uid="7" fullPath="E:\Programming\!Csharp\Combinify Project\CombinifyWpf\CombinifyWpf\obj\x86\Debug\App.g.cs" />
        <File uid="8" fullPath="E:\Programming\!Csharp\Combinify Project\CombinifyWpf\CombinifyWpf\Utils\Comber.cs" />
        <File uid="9" fullPath="E:\Programming\!Csharp\Combinify Project\CombinifyWpf\CombinifyWpf\FolderSelectDialog.xaml.cs" />
        <File uid="10" fullPath="E:\Programming\!Csharp\Combinify Project\CombinifyWpf\CombinifyWpf\obj\x86\Debug\FolderSelectDialog.g.cs" />
        <File uid="11" fullPath="E:\Programming\!Csharp\Combinify Project\CombinifyWpf\CombinifyWpf\Converters\BaseConverter.cs" />
        <File uid="12" fullPath="E:\Programming\!Csharp\Combinify Project\CombinifyWpf\CombinifyWpf\Converters\HeaderToImageConverter.cs" />
        <File uid="13" fullPath="E:\Programming\!Csharp\Combinify Project\CombinifyWpf\CombinifyWpf\Views\MainWindow.xaml.cs" />
        <File uid="14" fullPath="E:\Programming\!Csharp\Combinify Project\CombinifyWpf\CombinifyWpf\obj\x86\Debug\Views\MainWindow.g.cs" />
        <File uid="15" fullPath="E:\Programming\!Csharp\Combinify Project\CombinifyWpf\CombinifyWpf\Converters\TimeConverter.cs" />
        <File uid="16" fullPath="E:\Programming\!Csharp\Combinify Project\CombinifyWpf\CombinifyWpf\Controls\WatchList\WatchedItem.xaml.cs" />
        <File uid="17" fullPath="E:\Programming\!Csharp\Combinify Project\CombinifyWpf\CombinifyWpf\obj\x86\Debug\Controls\WatchList\WatchedItem.g.cs" />
        <File uid="18" fullPath="E:\Programming\!Csharp\Combinify Project\CombinifyWpf\CombinifyWpf\Utils\ProjectIO.cs" />
        <File uid="19" fullPath="E:\Programming\!Csharp\Combinify Project\CombinifyWpf\CombinifyWpf\Utils\Colors\ColorConverter.cs" />
        <File uid="20" fullPath="E:\Programming\!Csharp\Combinify Project\CombinifyWpf\CombinifyWpf\Properties\Resources.Designer.cs" />
        <File uid="21" fullPath="E:\Programming\!Csharp\Combinify Project\CombinifyWpf\CombinifyWpf\Controls\WatchList\WatchList.xaml.cs" />
        <File uid="22" fullPath="E:\Programming\!Csharp\Combinify Project\CombinifyWpf\CombinifyWpf\obj\x86\Debug\Controls\WatchList\WatchList.g.cs" />
        <File uid="23" fullPath="E:\Programming\!Csharp\Combinify Project\CombinifyWpf\CombinifyWpf\Converters\FileSizeConverter.cs" />
        <File uid="24" fullPath="E:\Programming\!Csharp\Combinify Project\CombinifyWpf\CombinifyWpf\Converters\BoolVisibilityConverter.cs" />
        <File uid="25" fullPath="E:\Programming\!Csharp\Combinify Project\CombinifyWpf\CombinifyWpf\Properties\Settings.Designer.cs" />
        <File uid="26" fullPath="E:\Programming\!Csharp\Combinify Project\CombinifyWpf\CombinifyWpf\Models\Project.cs" />
        <File uid="27" fullPath="E:\Programming\!Csharp\Combinify Project\CombinifyWpf\CombinifyWpf\Controls\StripMenuVertical.xaml.cs" />
        <File uid="28" fullPath="E:\Programming\!Csharp\Combinify Project\CombinifyWpf\CombinifyWpf\obj\x86\Debug\Controls\StripMenuVertical.g.cs" />
        <File uid="29" fullPath="E:\Programming\!Csharp\Combinify Project\CombinifyWpf\CombinifyWpf\ViewModels\BindableBase.cs" />
        <File uid="30" fullPath="E:\Programming\!Csharp\Combinify Project\CombinifyWpf\CombinifyWpf\Utils\Ftp\FtpConnection.cs" />
        <File uid="31" fullPath="E:\Programming\!Csharp\Combinify Project\CombinifyWpf\CombinifyWpf\Utils\Ftp\FtpItem.cs" />
        <File uid="32" fullPath="E:\Programming\!Csharp\Combinify Project\CombinifyWpf\CombinifyWpf\Utils\Ftp\FtpFile.cs" />
        <File uid="33" fullPath="E:\Programming\!Csharp\Combinify Project\CombinifyWpf\CombinifyWpf\Utils\Minifier.cs" />
        <File uid="37" fullPath="E:\Programming\!Csharp\Combinify Project\CombinifyWpf\CombinifyWpf\ViewModels\ProjectViewModel.cs" />
        <File uid="39" fullPath="E:\Programming\!Csharp\Combinify Project\CombinifyWpf\CombinifyWpf\Utils\SelectorCombiner.cs" />
        <File uid="40" fullPath="E:\Programming\!Csharp\Combinify Project\CombinifyWpf\CombinifyWpf\Utils\Processor.cs" />
        <File uid="41" fullPath="E:\Programming\!Csharp\Combinify Project\CombinifyWpf\CombinifyWpf\Controls\StatusBar.xaml.cs" />
        <File uid="42" fullPath="E:\Programming\!Csharp\Combinify Project\CombinifyWpf\CombinifyWpf\obj\x86\Debug\Controls\StatusBar.g.cs" />
        <File uid="43" fullPath="E:\Programming\!Csharp\Combinify Project\CombinifyWpf\CombinifyWpf\Utils\Flattener.cs" />
        <File uid="45" fullPath="E:\Programming\!Csharp\Combinify Project\CombinifyWpf\CombinifyWpf\ErrorMockup.xaml.cs" />
        <File uid="46" fullPath="E:\Programming\!Csharp\Combinify Project\CombinifyWpf\CombinifyWpf\obj\x86\Debug\ErrorMockup.g.cs" />
        <File uid="47" fullPath="E:\Programming\!Csharp\Combinify Project\CombinifyWpf\CombinifyWpf\ViewModels\ExtendedPropertyChangedEventArgs.cs" />
        <File uid="48" fullPath="E:\Programming\!Csharp\Combinify Project\CombinifyWpf\CombinifyWpf\Views\OptionsWindow.xaml.cs" />
        <File uid="49" fullPath="E:\Programming\!Csharp\Combinify Project\CombinifyWpf\CombinifyWpf\obj\x86\Debug\Views\OptionsWindow.g.cs" />
        <File uid="50" fullPath="E:\Programming\!Csharp\Combinify Project\CombinifyWpf\CombinifyWpf\Converters\PercentConverter.cs" />
        <File uid="51" fullPath="E:\Programming\!Csharp\Combinify Project\CombinifyWpf\CombinifyWpf\Controls\WatchList\SectionHeader.xaml.cs" />
        <File uid="52" fullPath="E:\Programming\!Csharp\Combinify Project\CombinifyWpf\CombinifyWpf\obj\x86\Debug\Controls\WatchList\SectionHeader.g.cs" />
        <File uid="53" fullPath="E:\Programming\!Csharp\Combinify Project\CombinifyWpf\CombinifyWpf\Utils\Ftp\FtpDirectory.cs" />
        <File uid="54" fullPath="E:\Programming\!Csharp\Combinify Project\CombinifyWpf\CombinifyWpf\ViewModels\SettingsViewModel.cs" />
        <File uid="55" fullPath="E:\Programming\!Csharp\Combinify Project\CombinifyWpf\CombinifyWpf\Converters\NegateBoolVisibilityConverter.cs" />
        <File uid="56" fullPath="E:\Programming\!Csharp\Combinify Project\CombinifyWpf\CombinifyWpf\Controls\AdHocTreeView.xaml.cs" />
        <File uid="57" fullPath="E:\Programming\!Csharp\Combinify Project\CombinifyWpf\CombinifyWpf\obj\x86\Debug\Controls\AdHocTreeView.g.cs" />
        <File uid="58" fullPath="E:\Programming\!Csharp\Combinify Project\CombinifyWpf\CombinifyWpf\Utils\Colors\ColorCompressor.cs" />
        <File uid="59" fullPath="E:\Programming\!Csharp\Combinify Project\CombinifyWpf\CombinifyWpf\obj\x86\Debug\GeneratedInternalTypeHelper.g.cs" />
      </Files>
      <Classes>
        <Class>
          <Summary numSequencePoints="0" visitedSequencePoints="0" numBranchPoints="0" visitedBranchPoints="0" sequenceCoverage="0" branchCoverage="0" maxCyclomaticComplexity="0" minCyclomaticComplexity="0" />
          <FullName>&lt;Module&gt;</FullName>
          <Methods />
        </Class>
        <Class>
          <Summary numSequencePoints="3" visitedSequencePoints="0" numBranchPoints="1" visitedBranchPoints="0" sequenceCoverage="0" branchCoverage="0" maxCyclomaticComplexity="1" minCyclomaticComplexity="1" />
          <FullName>CombinifyWpf.Models.UserSettings</FullName>
          <Methods>
            <Method visited="false" cyclomaticComplexity="1" sequenceCoverage="0" branchCoverage="0" isConstructor="false" isStatic="false" isGetter="true" isSetter="false">
              <Summary numSequencePoints="0" visitedSequencePoints="0" numBranchPoints="0" visitedBranchPoints="0" sequenceCoverage="0" branchCoverage="0" maxCyclomaticComplexity="1" minCyclomaticComplexity="1" />
              <MetadataToken>100663298</MetadataToken>
              <Name>System.Boolean CombinifyWpf.Models.UserSettings::get_Comb()</Name>
              <SequencePoints />
              <BranchPoints />
              <MethodPoint vc="0" uspid="41" ordinal="0" offset="0" />
            </Method>
            <Method visited="false" cyclomaticComplexity="1" sequenceCoverage="0" branchCoverage="0" isConstructor="false" isStatic="false" isGetter="false" isSetter="true">
              <Summary numSequencePoints="0" visitedSequencePoints="0" numBranchPoints="0" visitedBranchPoints="0" sequenceCoverage="0" branchCoverage="0" maxCyclomaticComplexity="1" minCyclomaticComplexity="1" />
              <MetadataToken>100663299</MetadataToken>
              <Name>System.Void CombinifyWpf.Models.UserSettings::set_Comb(System.Boolean)</Name>
              <SequencePoints />
              <BranchPoints />
              <MethodPoint vc="0" uspid="42" ordinal="0" offset="0" />
            </Method>
            <Method visited="false" cyclomaticComplexity="1" sequenceCoverage="0" branchCoverage="0" isConstructor="false" isStatic="false" isGetter="true" isSetter="false">
              <Summary numSequencePoints="0" visitedSequencePoints="0" numBranchPoints="0" visitedBranchPoints="0" sequenceCoverage="0" branchCoverage="0" maxCyclomaticComplexity="1" minCyclomaticComplexity="1" />
              <MetadataToken>100663300</MetadataToken>
              <Name>System.Boolean CombinifyWpf.Models.UserSettings::get_Combine()</Name>
              <SequencePoints />
              <BranchPoints />
              <MethodPoint vc="0" uspid="43" ordinal="0" offset="0" />
            </Method>
            <Method visited="false" cyclomaticComplexity="1" sequenceCoverage="0" branchCoverage="0" isConstructor="false" isStatic="false" isGetter="false" isSetter="true">
              <Summary numSequencePoints="0" visitedSequencePoints="0" numBranchPoints="0" visitedBranchPoints="0" sequenceCoverage="0" branchCoverage="0" maxCyclomaticComplexity="1" minCyclomaticComplexity="1" />
              <MetadataToken>100663301</MetadataToken>
              <Name>System.Void CombinifyWpf.Models.UserSettings::set_Combine(System.Boolean)</Name>
              <SequencePoints />
              <BranchPoints />
              <MethodPoint vc="0" uspid="44" ordinal="0" offset="0" />
            </Method>
            <Method visited="false" cyclomaticComplexity="1" sequenceCoverage="0" branchCoverage="0" isConstructor="false" isStatic="false" isGetter="true" isSetter="false">
              <Summary numSequencePoints="0" visitedSequencePoints="0" numBranchPoints="0" visitedBranchPoints="0" sequenceCoverage="0" branchCoverage="0" maxCyclomaticComplexity="1" minCyclomaticComplexity="1" />
              <MetadataToken>100663302</MetadataToken>
              <Name>System.Boolean CombinifyWpf.Models.UserSettings::get_Flatten()</Name>
              <SequencePoints />
              <BranchPoints />
              <MethodPoint vc="0" uspid="45" ordinal="0" offset="0" />
            </Method>
            <Method visited="false" cyclomaticComplexity="1" sequenceCoverage="0" branchCoverage="0" isConstructor="false" isStatic="false" isGetter="false" isSetter="true">
              <Summary numSequencePoints="0" visitedSequencePoints="0" numBranchPoints="0" visitedBranchPoints="0" sequenceCoverage="0" branchCoverage="0" maxCyclomaticComplexity="1" minCyclomaticComplexity="1" />
              <MetadataToken>100663303</MetadataToken>
              <Name>System.Void CombinifyWpf.Models.UserSettings::set_Flatten(System.Boolean)</Name>
              <SequencePoints />
              <BranchPoints />
              <MethodPoint vc="0" uspid="46" ordinal="0" offset="0" />
            </Method>
            <Method visited="false" cyclomaticComplexity="1" sequenceCoverage="0" branchCoverage="0" isConstructor="false" isStatic="false" isGetter="true" isSetter="false">
              <Summary numSequencePoints="0" visitedSequencePoints="0" numBranchPoints="0" visitedBranchPoints="0" sequenceCoverage="0" branchCoverage="0" maxCyclomaticComplexity="1" minCyclomaticComplexity="1" />
              <MetadataToken>100663304</MetadataToken>
              <Name>System.Boolean CombinifyWpf.Models.UserSettings::get_Minify()</Name>
              <SequencePoints />
              <BranchPoints />
              <MethodPoint vc="0" uspid="47" ordinal="0" offset="0" />
            </Method>
            <Method visited="false" cyclomaticComplexity="1" sequenceCoverage="0" branchCoverage="0" isConstructor="false" isStatic="false" isGetter="false" isSetter="true">
              <Summary numSequencePoints="0" visitedSequencePoints="0" numBranchPoints="0" visitedBranchPoints="0" sequenceCoverage="0" branchCoverage="0" maxCyclomaticComplexity="1" minCyclomaticComplexity="1" />
              <MetadataToken>100663305</MetadataToken>
              <Name>System.Void CombinifyWpf.Models.UserSettings::set_Minify(System.Boolean)</Name>
              <SequencePoints />
              <BranchPoints />
              <MethodPoint vc="0" uspid="48" ordinal="0" offset="0" />
            </Method>
            <Method visited="false" cyclomaticComplexity="1" sequenceCoverage="0" branchCoverage="0" isConstructor="true" isStatic="false" isGetter="false" isSetter="false">
              <Summary numSequencePoints="3" visitedSequencePoints="0" numBranchPoints="1" visitedBranchPoints="0" sequenceCoverage="0" branchCoverage="0" maxCyclomaticComplexity="1" minCyclomaticComplexity="1" />
              <MetadataToken>100663297</MetadataToken>
              <Name>System.Void CombinifyWpf.Models.UserSettings::.ctor()</Name>
              <FileRef uid="5" />
              <SequencePoints>
                <SequencePoint vc="0" uspid="49" ordinal="0" offset="0" sl="43" sc="9" el="43" ec="30" />
                <SequencePoint vc="0" uspid="50" ordinal="1" offset="7" sl="43" sc="31" el="43" ec="32" />
                <SequencePoint vc="0" uspid="51" ordinal="2" offset="8" sl="43" sc="33" el="43" ec="34" />
              </SequencePoints>
              <BranchPoints />
              <MethodPoint xsi:type="SequencePoint" vc="0" uspid="49" ordinal="0" offset="0" sl="43" sc="9" el="43" ec="30" />
            </Method>
          </Methods>
        </Class>
        <Class>
          <Summary numSequencePoints="13" visitedSequencePoints="0" numBranchPoints="5" visitedBranchPoints="0" sequenceCoverage="0" branchCoverage="0" maxCyclomaticComplexity="1" minCyclomaticComplexity="1" />
          <FullName>CombinifyWpf.App</FullName>
          <Methods>
            <Method visited="false" cyclomaticComplexity="1" sequenceCoverage="0" branchCoverage="0" isConstructor="false" isStatic="true" isGetter="true" isSetter="false">
              <Summary numSequencePoints="3" visitedSequencePoints="0" numBranchPoints="1" visitedBranchPoints="0" sequenceCoverage="0" branchCoverage="0" maxCyclomaticComplexity="1" minCyclomaticComplexity="1" />
              <MetadataToken>100663306</MetadataToken>
              <Name>CombinifyWpf.Models.UserSettings CombinifyWpf.App::get_Preferences()</Name>
              <FileRef uid="6" />
              <SequencePoints>
                <SequencePoint vc="0" uspid="52" ordinal="0" offset="0" sl="21" sc="17" el="21" ec="18" />
                <SequencePoint vc="0" uspid="53" ordinal="1" offset="1" sl="21" sc="19" el="21" ec="36" />
                <SequencePoint vc="0" uspid="54" ordinal="2" offset="9" sl="21" sc="37" el="21" ec="38" />
              </SequencePoints>
              <BranchPoints />
              <MethodPoint xsi:type="SequencePoint" vc="0" uspid="52" ordinal="0" offset="0" sl="21" sc="17" el="21" ec="18" />
            </Method>
            <Method visited="false" cyclomaticComplexity="1" sequenceCoverage="0" branchCoverage="0" isConstructor="false" isStatic="true" isGetter="false" isSetter="true">
              <Summary numSequencePoints="3" visitedSequencePoints="0" numBranchPoints="1" visitedBranchPoints="0" sequenceCoverage="0" branchCoverage="0" maxCyclomaticComplexity="1" minCyclomaticComplexity="1" />
              <MetadataToken>100663307</MetadataToken>
              <Name>System.Void CombinifyWpf.App::set_Preferences(CombinifyWpf.Models.UserSettings)</Name>
              <FileRef uid="6" />
              <SequencePoints>
                <SequencePoint vc="0" uspid="55" ordinal="0" offset="0" sl="22" sc="17" el="22" ec="18" />
                <SequencePoint vc="0" uspid="56" ordinal="1" offset="1" sl="22" sc="19" el="22" ec="37" />
                <SequencePoint vc="0" uspid="57" ordinal="2" offset="7" sl="22" sc="38" el="22" ec="39" />
              </SequencePoints>
              <BranchPoints />
              <MethodPoint xsi:type="SequencePoint" vc="0" uspid="55" ordinal="0" offset="0" sl="22" sc="17" el="22" ec="18" />
            </Method>
            <Method visited="false" cyclomaticComplexity="1" sequenceCoverage="0" branchCoverage="0" isConstructor="false" isStatic="true" isGetter="true" isSetter="false">
              <Summary numSequencePoints="3" visitedSequencePoints="0" numBranchPoints="1" visitedBranchPoints="0" sequenceCoverage="0" branchCoverage="0" maxCyclomaticComplexity="1" minCyclomaticComplexity="1" />
              <MetadataToken>100663308</MetadataToken>
              <Name>System.String[] CombinifyWpf.App::get_FileTypes()</Name>
              <FileRef uid="6" />
              <SequencePoints>
                <SequencePoint vc="0" uspid="58" ordinal="0" offset="0" sl="29" sc="17" el="29" ec="18" />
                <SequencePoint vc="0" uspid="59" ordinal="1" offset="1" sl="29" sc="19" el="29" ec="33" />
                <SequencePoint vc="0" uspid="60" ordinal="2" offset="9" sl="29" sc="34" el="29" ec="35" />
              </SequencePoints>
              <BranchPoints />
              <MethodPoint xsi:type="SequencePoint" vc="0" uspid="58" ordinal="0" offset="0" sl="29" sc="17" el="29" ec="18" />
            </Method>
            <Method visited="false" cyclomaticComplexity="1" sequenceCoverage="0" branchCoverage="0" isConstructor="false" isStatic="false" isGetter="false" isSetter="false">
              <Summary numSequencePoints="2" visitedSequencePoints="0" numBranchPoints="1" visitedBranchPoints="0" sequenceCoverage="0" branchCoverage="0" maxCyclomaticComplexity="1" minCyclomaticComplexity="1" />
              <MetadataToken>100663309</MetadataToken>
              <Name>System.Void CombinifyWpf.App::InitializeComponent()</Name>
              <FileRef uid="7" />
              <SequencePoints>
                <SequencePoint vc="0" uspid="61" ordinal="0" offset="0" sl="47" sc="43" el="47" ec="44" />
                <SequencePoint vc="0" uspid="62" ordinal="1" offset="1" sl="4" sc="13" el="4" ec="96" />
              </SequencePoints>
              <BranchPoints />
              <MethodPoint xsi:type="SequencePoint" vc="0" uspid="61" ordinal="0" offset="0" sl="47" sc="43" el="47" ec="44" />
            </Method>
            <Method visited="false" cyclomaticComplexity="1" sequenceCoverage="0" branchCoverage="0" isConstructor="false" isStatic="true" isGetter="false" isSetter="false">
              <Summary numSequencePoints="0" visitedSequencePoints="0" numBranchPoints="0" visitedBranchPoints="0" sequenceCoverage="0" branchCoverage="0" maxCyclomaticComplexity="1" minCyclomaticComplexity="1" />
              <MetadataToken>100663310</MetadataToken>
              <Name>System.Void CombinifyWpf.App::Main()</Name>
              <SequencePoints />
              <BranchPoints />
              <MethodPoint vc="0" uspid="63" ordinal="0" offset="0" />
            </Method>
            <Method visited="false" cyclomaticComplexity="1" sequenceCoverage="0" branchCoverage="0" isConstructor="true" isStatic="false" isGetter="false" isSetter="false">
              <Summary numSequencePoints="0" visitedSequencePoints="0" numBranchPoints="0" visitedBranchPoints="0" sequenceCoverage="0" branchCoverage="0" maxCyclomaticComplexity="1" minCyclomaticComplexity="1" />
              <MetadataToken>100663311</MetadataToken>
              <Name>System.Void CombinifyWpf.App::.ctor()</Name>
              <SequencePoints />
              <BranchPoints />
              <MethodPoint vc="0" uspid="64" ordinal="0" offset="0" />
            </Method>
            <Method visited="false" cyclomaticComplexity="1" sequenceCoverage="0" branchCoverage="0" isConstructor="true" isStatic="true" isGetter="false" isSetter="false">
              <Summary numSequencePoints="2" visitedSequencePoints="0" numBranchPoints="1" visitedBranchPoints="0" sequenceCoverage="0" branchCoverage="0" maxCyclomaticComplexity="1" minCyclomaticComplexity="1" />
              <MetadataToken>100663312</MetadataToken>
              <Name>System.Void CombinifyWpf.App::.cctor()</Name>
              <FileRef uid="6" />
              <SequencePoints>
                <SequencePoint vc="0" uspid="65" ordinal="0" offset="0" sl="11" sc="9" el="11" ec="68" />
                <SequencePoint vc="0" uspid="66" ordinal="1" offset="10" sl="15" sc="9" el="15" ec="66" />
              </SequencePoints>
              <BranchPoints />
              <MethodPoint xsi:type="SequencePoint" vc="0" uspid="65" ordinal="0" offset="0" sl="11" sc="9" el="11" ec="68" />
            </Method>
          </Methods>
        </Class>
        <Class>
          <Summary numSequencePoints="6" visitedSequencePoints="0" numBranchPoints="2" visitedBranchPoints="0" sequenceCoverage="0" branchCoverage="0" maxCyclomaticComplexity="1" minCyclomaticComplexity="1" />
          <FullName>CombinifyWpf.Utils.Comber</FullName>
          <Methods>
            <Method visited="false" cyclomaticComplexity="1" sequenceCoverage="0" branchCoverage="0" isConstructor="true" isStatic="false" isGetter="false" isSetter="false">
              <Summary numSequencePoints="3" visitedSequencePoints="0" numBranchPoints="1" visitedBranchPoints="0" sequenceCoverage="0" branchCoverage="0" maxCyclomaticComplexity="1" minCyclomaticComplexity="1" />
              <MetadataToken>100663313</MetadataToken>
              <Name>System.Void CombinifyWpf.Utils.Comber::.ctor()</Name>
              <FileRef uid="8" />
              <SequencePoints>
                <SequencePoint vc="0" uspid="67" ordinal="0" offset="0" sl="47" sc="9" el="47" ec="24" />
                <SequencePoint vc="0" uspid="68" ordinal="1" offset="7" sl="47" sc="25" el="47" ec="26" />
                <SequencePoint vc="0" uspid="69" ordinal="2" offset="8" sl="47" sc="27" el="47" ec="28" />
              </SequencePoints>
              <BranchPoints />
              <MethodPoint xsi:type="SequencePoint" vc="0" uspid="67" ordinal="0" offset="0" sl="47" sc="9" el="47" ec="24" />
            </Method>
            <Method visited="false" cyclomaticComplexity="1" sequenceCoverage="0" branchCoverage="0" isConstructor="false" isStatic="false" isGetter="false" isSetter="false">
              <Summary numSequencePoints="3" visitedSequencePoints="0" numBranchPoints="1" visitedBranchPoints="0" sequenceCoverage="0" branchCoverage="0" maxCyclomaticComplexity="1" minCyclomaticComplexity="1" />
              <MetadataToken>100663314</MetadataToken>
              <Name>System.String CombinifyWpf.Utils.Comber::CombFile(System.String)</Name>
              <FileRef uid="8" />
              <SequencePoints>
                <SequencePoint vc="0" uspid="70" ordinal="0" offset="0" sl="49" sc="50" el="49" ec="51" />
                <SequencePoint vc="0" uspid="71" ordinal="1" offset="1" sl="50" sc="13" el="50" ec="28" />
                <SequencePoint vc="0" uspid="72" ordinal="2" offset="5" sl="51" sc="9" el="51" ec="10" />
              </SequencePoints>
              <BranchPoints />
              <MethodPoint xsi:type="SequencePoint" vc="0" uspid="70" ordinal="0" offset="0" sl="49" sc="50" el="49" ec="51" />
            </Method>
          </Methods>
        </Class>
        <Class>
          <Summary numSequencePoints="181" visitedSequencePoints="0" numBranchPoints="84" visitedBranchPoints="0" sequenceCoverage="0" branchCoverage="0" maxCyclomaticComplexity="22" minCyclomaticComplexity="1" />
          <FullName>CombinifyWpf.FolderSelectDialog</FullName>
          <Methods>
            <Method visited="false" cyclomaticComplexity="1" sequenceCoverage="0" branchCoverage="0" isConstructor="false" isStatic="false" isGetter="true" isSetter="false">
              <Summary numSequencePoints="0" visitedSequencePoints="0" numBranchPoints="0" visitedBranchPoints="0" sequenceCoverage="0" branchCoverage="0" maxCyclomaticComplexity="1" minCyclomaticComplexity="1" />
              <MetadataToken>100663315</MetadataToken>
              <Name>System.String CombinifyWpf.FolderSelectDialog::get_SelectedPath()</Name>
              <SequencePoints />
              <BranchPoints />
              <MethodPoint vc="0" uspid="73" ordinal="0" offset="0" />
            </Method>
            <Method visited="false" cyclomaticComplexity="1" sequenceCoverage="0" branchCoverage="0" isConstructor="false" isStatic="false" isGetter="false" isSetter="true">
              <Summary numSequencePoints="0" visitedSequencePoints="0" numBranchPoints="0" visitedBranchPoints="0" sequenceCoverage="0" branchCoverage="0" maxCyclomaticComplexity="1" minCyclomaticComplexity="1" />
              <MetadataToken>100663316</MetadataToken>
              <Name>System.Void CombinifyWpf.FolderSelectDialog::set_SelectedPath(System.String)</Name>
              <SequencePoints />
              <BranchPoints />
              <MethodPoint vc="0" uspid="74" ordinal="0" offset="0" />
            </Method>
            <Method visited="false" cyclomaticComplexity="1" sequenceCoverage="0" branchCoverage="0" isConstructor="true" isStatic="false" isGetter="false" isSetter="false">
              <Summary numSequencePoints="5" visitedSequencePoints="0" numBranchPoints="1" visitedBranchPoints="0" sequenceCoverage="0" branchCoverage="0" maxCyclomaticComplexity="1" minCyclomaticComplexity="1" />
              <MetadataToken>100663317</MetadataToken>
              <Name>System.Void CombinifyWpf.FolderSelectDialog::.ctor()</Name>
              <FileRef uid="9" />
              <SequencePoints>
                <SequencePoint vc="0" uspid="75" ordinal="0" offset="0" sl="22" sc="9" el="22" ec="41" />
                <SequencePoint vc="0" uspid="76" ordinal="1" offset="7" sl="26" sc="9" el="26" ec="36" />
                <SequencePoint vc="0" uspid="77" ordinal="2" offset="14" sl="26" sc="37" el="26" ec="38" />
                <SequencePoint vc="0" uspid="78" ordinal="3" offset="15" sl="27" sc="13" el="27" ec="35" />
                <SequencePoint vc="0" uspid="79" ordinal="4" offset="22" sl="28" sc="9" el="28" ec="10" />
              </SequencePoints>
              <BranchPoints />
              <MethodPoint xsi:type="SequencePoint" vc="0" uspid="75" ordinal="0" offset="0" sl="22" sc="9" el="22" ec="41" />
            </Method>
            <Method visited="false" cyclomaticComplexity="1" sequenceCoverage="0" branchCoverage="0" isConstructor="false" isStatic="false" isGetter="false" isSetter="false">
              <Summary numSequencePoints="2" visitedSequencePoints="0" numBranchPoints="1" visitedBranchPoints="0" sequenceCoverage="0" branchCoverage="0" maxCyclomaticComplexity="1" minCyclomaticComplexity="1" />
              <MetadataToken>100663318</MetadataToken>
              <Name>System.Void CombinifyWpf.FolderSelectDialog::OkButton_Click(System.Object,System.Windows.RoutedEventArgs)</Name>
              <FileRef uid="9" />
              <SequencePoints>
                <SequencePoint vc="0" uspid="80" ordinal="0" offset="0" sl="30" sc="73" el="30" ec="74" />
                <SequencePoint vc="0" uspid="81" ordinal="1" offset="1" sl="32" sc="9" el="32" ec="10" />
              </SequencePoints>
              <BranchPoints />
              <MethodPoint xsi:type="SequencePoint" vc="0" uspid="80" ordinal="0" offset="0" sl="30" sc="73" el="30" ec="74" />
            </Method>
            <Method visited="false" cyclomaticComplexity="1" sequenceCoverage="0" branchCoverage="0" isConstructor="false" isStatic="false" isGetter="false" isSetter="false">
              <Summary numSequencePoints="2" visitedSequencePoints="0" numBranchPoints="1" visitedBranchPoints="0" sequenceCoverage="0" branchCoverage="0" maxCyclomaticComplexity="1" minCyclomaticComplexity="1" />
              <MetadataToken>100663319</MetadataToken>
              <Name>System.Void CombinifyWpf.FolderSelectDialog::CancelButton_Click(System.Object,System.Windows.RoutedEventArgs)</Name>
              <FileRef uid="9" />
              <SequencePoints>
                <SequencePoint vc="0" uspid="82" ordinal="0" offset="0" sl="34" sc="77" el="34" ec="78" />
                <SequencePoint vc="0" uspid="83" ordinal="1" offset="1" sl="36" sc="9" el="36" ec="10" />
              </SequencePoints>
              <BranchPoints />
              <MethodPoint xsi:type="SequencePoint" vc="0" uspid="82" ordinal="0" offset="0" sl="34" sc="77" el="34" ec="78" />
            </Method>
            <Method visited="false" cyclomaticComplexity="2" sequenceCoverage="0" branchCoverage="0" isConstructor="false" isStatic="false" isGetter="false" isSetter="false">
              <Summary numSequencePoints="16" visitedSequencePoints="0" numBranchPoints="3" visitedBranchPoints="0" sequenceCoverage="0" branchCoverage="0" maxCyclomaticComplexity="2" minCyclomaticComplexity="2" />
              <MetadataToken>100663320</MetadataToken>
              <Name>System.Void CombinifyWpf.FolderSelectDialog::Window_Loaded(System.Object,System.Windows.RoutedEventArgs)</Name>
              <FileRef uid="9" />
              <SequencePoints>
                <SequencePoint vc="0" uspid="84" ordinal="0" offset="0" sl="38" sc="72" el="38" ec="73" />
                <SequencePoint vc="0" uspid="85" ordinal="1" offset="1" sl="39" sc="13" el="39" ec="77" />
                <SequencePoint vc="0" uspid="86" ordinal="2" offset="13" sl="40" sc="13" el="40" ec="20" />
                <SequencePoint vc="0" uspid="87" ordinal="3" offset="14" sl="40" sc="34" el="40" ec="38" />
                <SequencePoint vc="0" uspid="88" ordinal="4" offset="23" sl="40" sc="22" el="40" ec="30" />
                <SequencePoint vc="0" uspid="89" ordinal="5" offset="31" sl="40" sc="41" el="40" ec="42" />
                <SequencePoint vc="0" uspid="90" ordinal="6" offset="32" sl="41" sc="17" el="41" ec="56" />
                <SequencePoint vc="0" uspid="91" ordinal="7" offset="38" sl="42" sc="17" el="42" ec="33" />
                <SequencePoint vc="0" uspid="92" ordinal="8" offset="46" sl="43" sc="17" el="43" ec="30" />
                <SequencePoint vc="0" uspid="93" ordinal="9" offset="54" sl="44" sc="17" el="44" ec="54" />
                <SequencePoint vc="0" uspid="94" ordinal="10" offset="66" sl="45" sc="17" el="45" ec="45" />
                <SequencePoint vc="0" uspid="95" ordinal="11" offset="84" sl="46" sc="17" el="46" ec="76" />
                <SequencePoint vc="0" uspid="96" ordinal="12" offset="103" sl="47" sc="17" el="47" ec="45" />
                <SequencePoint vc="0" uspid="97" ordinal="13" offset="121" sl="48" sc="13" el="48" ec="14" />
                <SequencePoint vc="0" uspid="98" ordinal="14" offset="122" sl="40" sc="31" el="40" ec="33" />
                <SequencePoint vc="0" uspid="99" ordinal="15" offset="153" sl="49" sc="9" el="49" ec="10" />
              </SequencePoints>
              <BranchPoints>
                <BranchPoint vc="0" uspid="100" ordinal="0" offset="133" path="0" />
                <BranchPoint vc="0" uspid="101" ordinal="1" offset="133" path="1" />
              </BranchPoints>
              <MethodPoint xsi:type="SequencePoint" vc="0" uspid="84" ordinal="0" offset="0" sl="38" sc="72" el="38" ec="73" />
            </Method>
            <Method visited="false" cyclomaticComplexity="3" sequenceCoverage="0" branchCoverage="0" isConstructor="false" isStatic="false" isGetter="false" isSetter="false">
              <Summary numSequencePoints="15" visitedSequencePoints="0" numBranchPoints="5" visitedBranchPoints="0" sequenceCoverage="0" branchCoverage="0" maxCyclomaticComplexity="3" minCyclomaticComplexity="3" />
              <MetadataToken>100663321</MetadataToken>
              <Name>System.Void CombinifyWpf.FolderSelectDialog::folder_Expanded(System.Object,System.Windows.RoutedEventArgs)</Name>
              <FileRef uid="9" />
              <SequencePoints>
                <SequencePoint vc="0" uspid="102" ordinal="0" offset="0" sl="51" sc="74" el="51" ec="75" />
                <SequencePoint vc="0" uspid="103" ordinal="1" offset="1" sl="52" sc="13" el="52" ec="56" />
                <SequencePoint vc="0" uspid="104" ordinal="2" offset="8" sl="53" sc="13" el="53" ec="72" />
                <SequencePoint vc="0" uspid="105" ordinal="3" offset="52" sl="53" sc="73" el="53" ec="74" />
                <SequencePoint vc="0" uspid="106" ordinal="4" offset="53" sl="54" sc="17" el="54" ec="36" />
                <SequencePoint vc="0" uspid="107" ordinal="5" offset="65" sl="55" sc="21" el="55" ec="22" />
                <SequencePoint vc="0" uspid="108" ordinal="6" offset="66" sl="56" sc="21" el="56" ec="104" />
                <SequencePoint vc="0" uspid="109" ordinal="7" offset="89" sl="57" sc="21" el="57" ec="93" />
                <SequencePoint vc="0" uspid="110" ordinal="8" offset="112" sl="58" sc="21" el="58" ec="74" />
                <SequencePoint vc="0" uspid="111" ordinal="9" offset="134" sl="59" sc="17" el="59" ec="18" />
                <SequencePoint vc="0" uspid="112" ordinal="10" offset="137" sl="60" sc="17" el="60" ec="35" />
                <SequencePoint vc="0" uspid="113" ordinal="11" offset="138" sl="60" sc="36" el="60" ec="37" />
                <SequencePoint vc="0" uspid="114" ordinal="12" offset="139" sl="60" sc="38" el="60" ec="39" />
                <SequencePoint vc="0" uspid="115" ordinal="13" offset="143" sl="61" sc="13" el="61" ec="14" />
                <SequencePoint vc="0" uspid="116" ordinal="14" offset="144" sl="62" sc="9" el="62" ec="10" />
              </SequencePoints>
              <BranchPoints>
                <BranchPoint vc="0" uspid="117" ordinal="0" offset="20" path="0" />
                <BranchPoint vc="0" uspid="118" ordinal="1" offset="20" path="1" />
                <BranchPoint vc="0" uspid="119" ordinal="2" offset="50" path="0" />
                <BranchPoint vc="0" uspid="120" ordinal="3" offset="50" path="1" />
              </BranchPoints>
              <MethodPoint xsi:type="SequencePoint" vc="0" uspid="102" ordinal="0" offset="0" sl="51" sc="74" el="51" ec="75" />
            </Method>
            <Method visited="false" cyclomaticComplexity="1" sequenceCoverage="0" branchCoverage="0" isConstructor="false" isStatic="false" isGetter="false" isSetter="false">
              <Summary numSequencePoints="6" visitedSequencePoints="0" numBranchPoints="1" visitedBranchPoints="0" sequenceCoverage="0" branchCoverage="0" maxCyclomaticComplexity="1" minCyclomaticComplexity="1" />
              <MetadataToken>100663322</MetadataToken>
              <Name>System.Void CombinifyWpf.FolderSelectDialog::LocalTree_SelectedItemChanged(System.Object,System.Windows.RoutedPropertyChangedEventArgs`1&lt;System.Object&gt;)</Name>
              <FileRef uid="9" />
              <SequencePoints>
                <SequencePoint vc="0" uspid="121" ordinal="0" offset="0" sl="64" sc="111" el="64" ec="112" />
                <SequencePoint vc="0" uspid="122" ordinal="1" offset="1" sl="65" sc="13" el="65" ec="48" />
                <SequencePoint vc="0" uspid="123" ordinal="2" offset="8" sl="66" sc="13" el="66" ec="71" />
                <SequencePoint vc="0" uspid="124" ordinal="3" offset="20" sl="67" sc="13" el="67" ec="63" />
                <SequencePoint vc="0" uspid="125" ordinal="4" offset="31" sl="68" sc="13" el="68" ec="41" />
                <SequencePoint vc="0" uspid="126" ordinal="5" offset="38" sl="69" sc="9" el="69" ec="10" />
              </SequencePoints>
              <BranchPoints />
              <MethodPoint xsi:type="SequencePoint" vc="0" uspid="121" ordinal="0" offset="0" sl="64" sc="111" el="64" ec="112" />
            </Method>
            <Method visited="false" cyclomaticComplexity="1" sequenceCoverage="0" branchCoverage="0" isConstructor="false" isStatic="false" isGetter="false" isSetter="false">
              <Summary numSequencePoints="2" visitedSequencePoints="0" numBranchPoints="1" visitedBranchPoints="0" sequenceCoverage="0" branchCoverage="0" maxCyclomaticComplexity="1" minCyclomaticComplexity="1" />
              <MetadataToken>100663323</MetadataToken>
              <Name>System.Void CombinifyWpf.FolderSelectDialog::LocalTree_MouseDoubleClick(System.Object,System.Windows.Input.MouseButtonEventArgs)</Name>
              <FileRef uid="9" />
              <SequencePoints>
                <SequencePoint vc="0" uspid="127" ordinal="0" offset="0" sl="71" sc="90" el="71" ec="91" />
                <SequencePoint vc="0" uspid="128" ordinal="1" offset="1" sl="73" sc="9" el="73" ec="10" />
              </SequencePoints>
              <BranchPoints />
              <MethodPoint xsi:type="SequencePoint" vc="0" uspid="127" ordinal="0" offset="0" sl="71" sc="90" el="71" ec="91" />
            </Method>
            <Method visited="false" cyclomaticComplexity="1" sequenceCoverage="0" branchCoverage="0" isConstructor="false" isStatic="false" isGetter="false" isSetter="false">
              <Summary numSequencePoints="6" visitedSequencePoints="0" numBranchPoints="1" visitedBranchPoints="0" sequenceCoverage="0" branchCoverage="0" maxCyclomaticComplexity="1" minCyclomaticComplexity="1" />
              <MetadataToken>100663324</MetadataToken>
              <Name>System.Void CombinifyWpf.FolderSelectDialog::RemoteTree_SelectedItemChanged(System.Object,System.Windows.RoutedPropertyChangedEventArgs`1&lt;System.Object&gt;)</Name>
              <FileRef uid="9" />
              <SequencePoints>
                <SequencePoint vc="0" uspid="129" ordinal="0" offset="0" sl="75" sc="112" el="75" ec="113" />
                <SequencePoint vc="0" uspid="130" ordinal="1" offset="1" sl="76" sc="13" el="76" ec="48" />
                <SequencePoint vc="0" uspid="131" ordinal="2" offset="8" sl="77" sc="13" el="77" ec="71" />
                <SequencePoint vc="0" uspid="132" ordinal="3" offset="20" sl="78" sc="13" el="78" ec="62" />
                <SequencePoint vc="0" uspid="133" ordinal="4" offset="31" sl="79" sc="13" el="79" ec="41" />
                <SequencePoint vc="0" uspid="134" ordinal="5" offset="38" sl="80" sc="9" el="80" ec="10" />
              </SequencePoints>
              <BranchPoints />
              <MethodPoint xsi:type="SequencePoint" vc="0" uspid="129" ordinal="0" offset="0" sl="75" sc="112" el="75" ec="113" />
            </Method>
            <Method visited="false" cyclomaticComplexity="1" sequenceCoverage="0" branchCoverage="0" isConstructor="false" isStatic="false" isGetter="false" isSetter="false">
              <Summary numSequencePoints="2" visitedSequencePoints="0" numBranchPoints="1" visitedBranchPoints="0" sequenceCoverage="0" branchCoverage="0" maxCyclomaticComplexity="1" minCyclomaticComplexity="1" />
              <MetadataToken>100663325</MetadataToken>
              <Name>System.Void CombinifyWpf.FolderSelectDialog::RemoteTree_MouseDoubleClick(System.Object,System.Windows.Input.MouseButtonEventArgs)</Name>
              <FileRef uid="9" />
              <SequencePoints>
                <SequencePoint vc="0" uspid="135" ordinal="0" offset="0" sl="82" sc="91" el="82" ec="92" />
                <SequencePoint vc="0" uspid="136" ordinal="1" offset="1" sl="84" sc="9" el="84" ec="10" />
              </SequencePoints>
              <BranchPoints />
              <MethodPoint xsi:type="SequencePoint" vc="0" uspid="135" ordinal="0" offset="0" sl="82" sc="91" el="82" ec="92" />
            </Method>
            <Method visited="false" cyclomaticComplexity="2" sequenceCoverage="0" branchCoverage="0" isConstructor="false" isStatic="false" isGetter="false" isSetter="false">
              <Summary numSequencePoints="18" visitedSequencePoints="0" numBranchPoints="3" visitedBranchPoints="0" sequenceCoverage="0" branchCoverage="0" maxCyclomaticComplexity="2" minCyclomaticComplexity="2" />
              <MetadataToken>100663326</MetadataToken>
              <Name>System.Void CombinifyWpf.FolderSelectDialog::ConnectButton_Click(System.Object,System.Windows.RoutedEventArgs)</Name>
              <FileRef uid="9" />
              <SequencePoints>
                <SequencePoint vc="0" uspid="137" ordinal="0" offset="0" sl="86" sc="78" el="86" ec="79" />
                <SequencePoint vc="0" uspid="138" ordinal="1" offset="1" sl="87" sc="13" el="87" ec="137" />
                <SequencePoint vc="0" uspid="139" ordinal="2" offset="72" sl="88" sc="13" el="88" ec="85" />
                <SequencePoint vc="0" uspid="140" ordinal="3" offset="95" sl="89" sc="13" el="89" ec="74" />
                <SequencePoint vc="0" uspid="141" ordinal="4" offset="118" sl="91" sc="13" el="91" ec="52" />
                <SequencePoint vc="0" uspid="142" ordinal="5" offset="124" sl="92" sc="13" el="92" ec="31" />
                <SequencePoint vc="0" uspid="143" ordinal="6" offset="136" sl="93" sc="13" el="93" ec="28" />
                <SequencePoint vc="0" uspid="144" ordinal="7" offset="148" sl="94" sc="13" el="94" ec="50" />
                <SequencePoint vc="0" uspid="145" ordinal="8" offset="160" sl="95" sc="13" el="95" ec="78" />
                <SequencePoint vc="0" uspid="146" ordinal="9" offset="179" sl="96" sc="13" el="96" ec="42" />
                <SequencePoint vc="0" uspid="147" ordinal="10" offset="197" sl="98" sc="13" el="98" ec="35" />
                <SequencePoint vc="0" uspid="148" ordinal="11" offset="213" sl="98" sc="36" el="98" ec="37" />
                <SequencePoint vc="0" uspid="149" ordinal="12" offset="214" sl="99" sc="17" el="99" ec="90" />
                <SequencePoint vc="0" uspid="150" ordinal="13" offset="254" sl="100" sc="13" el="100" ec="14" />
                <SequencePoint vc="0" uspid="151" ordinal="14" offset="257" sl="101" sc="18" el="101" ec="19" />
                <SequencePoint vc="0" uspid="152" ordinal="15" offset="258" sl="102" sc="17" el="102" ec="45" />
                <SequencePoint vc="0" uspid="153" ordinal="16" offset="276" sl="103" sc="13" el="103" ec="14" />
                <SequencePoint vc="0" uspid="154" ordinal="17" offset="277" sl="104" sc="9" el="104" ec="10" />
              </SequencePoints>
              <BranchPoints>
                <BranchPoint vc="0" uspid="155" ordinal="0" offset="211" path="0" />
                <BranchPoint vc="0" uspid="156" ordinal="1" offset="211" path="1" />
              </BranchPoints>
              <MethodPoint xsi:type="SequencePoint" vc="0" uspid="137" ordinal="0" offset="0" sl="86" sc="78" el="86" ec="79" />
            </Method>
            <Method visited="false" cyclomaticComplexity="3" sequenceCoverage="0" branchCoverage="0" isConstructor="false" isStatic="false" isGetter="false" isSetter="false">
              <Summary numSequencePoints="16" visitedSequencePoints="0" numBranchPoints="5" visitedBranchPoints="0" sequenceCoverage="0" branchCoverage="0" maxCyclomaticComplexity="3" minCyclomaticComplexity="3" />
              <MetadataToken>100663327</MetadataToken>
              <Name>System.Void CombinifyWpf.FolderSelectDialog::remoteFolder_Expanded(System.Object,System.Windows.RoutedEventArgs)</Name>
              <FileRef uid="9" />
              <SequencePoints>
                <SequencePoint vc="0" uspid="157" ordinal="0" offset="0" sl="106" sc="80" el="106" ec="81" />
                <SequencePoint vc="0" uspid="158" ordinal="1" offset="1" sl="107" sc="13" el="107" ec="56" />
                <SequencePoint vc="0" uspid="159" ordinal="2" offset="8" sl="108" sc="13" el="108" ec="72" />
                <SequencePoint vc="0" uspid="160" ordinal="3" offset="54" sl="108" sc="73" el="108" ec="74" />
                <SequencePoint vc="0" uspid="161" ordinal="4" offset="55" sl="109" sc="17" el="109" ec="36" />
                <SequencePoint vc="0" uspid="162" ordinal="5" offset="67" sl="110" sc="21" el="110" ec="22" />
                <SequencePoint vc="0" uspid="163" ordinal="6" offset="68" sl="111" sc="21" el="111" ec="84" />
                <SequencePoint vc="0" uspid="164" ordinal="7" offset="90" sl="112" sc="21" el="112" ec="101" />
                <SequencePoint vc="0" uspid="165" ordinal="8" offset="119" sl="113" sc="21" el="113" ec="90" />
                <SequencePoint vc="0" uspid="166" ordinal="9" offset="148" sl="114" sc="21" el="114" ec="80" />
                <SequencePoint vc="0" uspid="167" ordinal="10" offset="170" sl="115" sc="17" el="115" ec="18" />
                <SequencePoint vc="0" uspid="168" ordinal="11" offset="173" sl="116" sc="17" el="116" ec="35" />
                <SequencePoint vc="0" uspid="169" ordinal="12" offset="174" sl="116" sc="36" el="116" ec="37" />
                <SequencePoint vc="0" uspid="170" ordinal="13" offset="175" sl="116" sc="38" el="116" ec="39" />
                <SequencePoint vc="0" uspid="171" ordinal="14" offset="179" sl="117" sc="13" el="117" ec="14" />
                <SequencePoint vc="0" uspid="172" ordinal="15" offset="180" sl="118" sc="9" el="118" ec="10" />
              </SequencePoints>
              <BranchPoints>
                <BranchPoint vc="0" uspid="173" ordinal="0" offset="20" path="0" />
                <BranchPoint vc="0" uspid="174" ordinal="1" offset="20" path="1" />
                <BranchPoint vc="0" uspid="175" ordinal="2" offset="52" path="0" />
                <BranchPoint vc="0" uspid="176" ordinal="3" offset="52" path="1" />
              </BranchPoints>
              <MethodPoint xsi:type="SequencePoint" vc="0" uspid="157" ordinal="0" offset="0" sl="106" sc="80" el="106" ec="81" />
            </Method>
            <Method visited="false" cyclomaticComplexity="7" sequenceCoverage="0" branchCoverage="0" isConstructor="false" isStatic="false" isGetter="false" isSetter="false">
              <Summary numSequencePoints="32" visitedSequencePoints="0" numBranchPoints="13" visitedBranchPoints="0" sequenceCoverage="0" branchCoverage="0" maxCyclomaticComplexity="7" minCyclomaticComplexity="7" />
              <MetadataToken>100663328</MetadataToken>
              <Name>System.Void CombinifyWpf.FolderSelectDialog::CreateSubNodes(System.Collections.Generic.IEnumerable`1&lt;System.String&gt;,System.Collections.Generic.IEnumerable`1&lt;System.String&gt;,System.Windows.Controls.TreeViewItem,System.Windows.RoutedEventHandler)</Name>
              <FileRef uid="9" />
              <SequencePoints>
                <SequencePoint vc="0" uspid="177" ordinal="0" offset="0" sl="120" sc="147" el="120" ec="148" />
                <SequencePoint vc="0" uspid="178" ordinal="1" offset="1" sl="121" sc="13" el="121" ec="20" />
                <SequencePoint vc="0" uspid="179" ordinal="2" offset="2" sl="121" sc="34" el="121" ec="45" />
                <SequencePoint vc="0" uspid="180" ordinal="3" offset="11" sl="121" sc="22" el="121" ec="30" />
                <SequencePoint vc="0" uspid="181" ordinal="4" offset="18" sl="121" sc="48" el="121" ec="49" />
                <SequencePoint vc="0" uspid="182" ordinal="5" offset="19" sl="122" sc="17" el="122" ec="54" />
                <SequencePoint vc="0" uspid="183" ordinal="6" offset="31" sl="122" sc="55" el="122" ec="56" />
                <SequencePoint vc="0" uspid="184" ordinal="7" offset="32" sl="123" sc="21" el="123" ec="63" />
                <SequencePoint vc="0" uspid="185" ordinal="8" offset="38" sl="124" sc="21" el="124" ec="79" />
                <SequencePoint vc="0" uspid="186" ordinal="9" offset="64" sl="125" sc="21" el="125" ec="37" />
                <SequencePoint vc="0" uspid="187" ordinal="10" offset="72" sl="126" sc="21" el="126" ec="61" />
                <SequencePoint vc="0" uspid="188" ordinal="11" offset="84" sl="127" sc="21" el="127" ec="52" />
                <SequencePoint vc="0" uspid="189" ordinal="12" offset="102" sl="128" sc="21" el="128" ec="50" />
                <SequencePoint vc="0" uspid="190" ordinal="13" offset="111" sl="129" sc="21" el="129" ec="47" />
                <SequencePoint vc="0" uspid="191" ordinal="14" offset="124" sl="130" sc="17" el="130" ec="18" />
                <SequencePoint vc="0" uspid="192" ordinal="15" offset="125" sl="131" sc="13" el="131" ec="14" />
                <SequencePoint vc="0" uspid="193" ordinal="16" offset="126" sl="121" sc="31" el="121" ec="33" />
                <SequencePoint vc="0" uspid="194" ordinal="17" offset="159" sl="133" sc="13" el="133" ec="20" />
                <SequencePoint vc="0" uspid="195" ordinal="18" offset="160" sl="133" sc="34" el="133" ec="39" />
                <SequencePoint vc="0" uspid="196" ordinal="19" offset="169" sl="133" sc="22" el="133" ec="30" />
                <SequencePoint vc="0" uspid="197" ordinal="20" offset="176" sl="133" sc="42" el="133" ec="43" />
                <SequencePoint vc="0" uspid="198" ordinal="21" offset="177" sl="134" sc="17" el="134" ec="54" />
                <SequencePoint vc="0" uspid="199" ordinal="22" offset="189" sl="134" sc="55" el="134" ec="56" />
                <SequencePoint vc="0" uspid="200" ordinal="23" offset="190" sl="135" sc="21" el="135" ec="63" />
                <SequencePoint vc="0" uspid="201" ordinal="24" offset="196" sl="136" sc="21" el="136" ec="79" />
                <SequencePoint vc="0" uspid="202" ordinal="25" offset="222" sl="137" sc="21" el="137" ec="37" />
                <SequencePoint vc="0" uspid="203" ordinal="26" offset="230" sl="138" sc="21" el="138" ec="61" />
                <SequencePoint vc="0" uspid="204" ordinal="27" offset="242" sl="139" sc="21" el="139" ec="47" />
                <SequencePoint vc="0" uspid="205" ordinal="28" offset="255" sl="140" sc="17" el="140" ec="18" />
                <SequencePoint vc="0" uspid="206" ordinal="29" offset="256" sl="141" sc="13" el="141" ec="14" />
                <SequencePoint vc="0" uspid="207" ordinal="30" offset="257" sl="133" sc="31" el="133" ec="33" />
                <SequencePoint vc="0" uspid="208" ordinal="31" offset="290" sl="142" sc="9" el="142" ec="10" />
              </SequencePoints>
              <BranchPoints>
                <BranchPoint vc="0" uspid="209" ordinal="0" offset="29" path="0" />
                <BranchPoint vc="0" uspid="210" ordinal="1" offset="29" path="1" />
                <BranchPoint vc="0" uspid="211" ordinal="2" offset="136" path="0" />
                <BranchPoint vc="0" uspid="212" ordinal="3" offset="136" path="1" />
                <BranchPoint vc="0" uspid="213" ordinal="4" offset="148" path="0" />
                <BranchPoint vc="0" uspid="214" ordinal="5" offset="148" path="1" />
                <BranchPoint vc="0" uspid="215" ordinal="6" offset="187" path="0" />
                <BranchPoint vc="0" uspid="216" ordinal="7" offset="187" path="1" />
                <BranchPoint vc="0" uspid="217" ordinal="8" offset="267" path="0" />
                <BranchPoint vc="0" uspid="218" ordinal="9" offset="267" path="1" />
                <BranchPoint vc="0" uspid="219" ordinal="10" offset="279" path="0" />
                <BranchPoint vc="0" uspid="220" ordinal="11" offset="279" path="1" />
              </BranchPoints>
              <MethodPoint xsi:type="SequencePoint" vc="0" uspid="177" ordinal="0" offset="0" sl="120" sc="147" el="120" ec="148" />
            </Method>
            <Method visited="false" cyclomaticComplexity="4" sequenceCoverage="0" branchCoverage="0" isConstructor="false" isStatic="false" isGetter="false" isSetter="false">
              <Summary numSequencePoints="23" visitedSequencePoints="0" numBranchPoints="7" visitedBranchPoints="0" sequenceCoverage="0" branchCoverage="0" maxCyclomaticComplexity="4" minCyclomaticComplexity="4" />
              <MetadataToken>100663329</MetadataToken>
              <Name>System.String CombinifyWpf.FolderSelectDialog::GetFilePath(System.Windows.Controls.TreeView,System.Windows.Controls.TreeViewItem,System.Char)</Name>
              <FileRef uid="9" />
              <SequencePoints>
                <SequencePoint vc="0" uspid="221" ordinal="0" offset="0" sl="144" sc="88" el="144" ec="89" />
                <SequencePoint vc="0" uspid="222" ordinal="1" offset="1" sl="145" sc="13" el="145" ec="31" />
                <SequencePoint vc="0" uspid="223" ordinal="2" offset="14" sl="145" sc="32" el="145" ec="33" />
                <SequencePoint vc="0" uspid="224" ordinal="3" offset="15" sl="146" sc="17" el="146" ec="37" />
                <SequencePoint vc="0" uspid="225" ordinal="4" offset="26" sl="149" sc="13" el="149" ec="30" />
                <SequencePoint vc="0" uspid="226" ordinal="5" offset="32" sl="150" sc="13" el="150" ec="31" />
                <SequencePoint vc="0" uspid="227" ordinal="6" offset="38" sl="151" sc="13" el="151" ec="31" />
                <SequencePoint vc="0" uspid="228" ordinal="7" offset="46" sl="152" sc="27" el="152" ec="28" />
                <SequencePoint vc="0" uspid="229" ordinal="8" offset="47" sl="153" sc="17" el="153" ec="48" />
                <SequencePoint vc="0" uspid="230" ordinal="9" offset="59" sl="154" sc="17" el="154" ec="50" />
                <SequencePoint vc="0" uspid="231" ordinal="10" offset="75" sl="154" sc="51" el="154" ec="52" />
                <SequencePoint vc="0" uspid="232" ordinal="11" offset="76" sl="155" sc="21" el="155" ec="32" />
                <SequencePoint vc="0" uspid="233" ordinal="12" offset="82" sl="156" sc="17" el="156" ec="18" />
                <SequencePoint vc="0" uspid="234" ordinal="13" offset="83" sl="157" sc="17" el="157" ec="45" />
                <SequencePoint vc="0" uspid="235" ordinal="14" offset="92" sl="158" sc="17" el="158" ec="73" />
                <SequencePoint vc="0" uspid="236" ordinal="15" offset="127" sl="158" sc="74" el="158" ec="75" />
                <SequencePoint vc="0" uspid="237" ordinal="16" offset="128" sl="159" sc="21" el="159" ec="27" />
                <SequencePoint vc="0" uspid="238" ordinal="17" offset="130" sl="161" sc="17" el="161" ec="56" />
                <SequencePoint vc="0" uspid="239" ordinal="18" offset="143" sl="162" sc="17" el="162" ec="46" />
                <SequencePoint vc="0" uspid="240" ordinal="19" offset="151" sl="163" sc="13" el="163" ec="14" />
                <SequencePoint vc="0" uspid="241" ordinal="20" offset="152" sl="152" sc="13" el="152" ec="26" />
                <SequencePoint vc="0" uspid="242" ordinal="21" offset="157" sl="165" sc="13" el="165" ec="25" />
                <SequencePoint vc="0" uspid="243" ordinal="22" offset="161" sl="166" sc="9" el="166" ec="10" />
              </SequencePoints>
              <BranchPoints>
                <BranchPoint vc="0" uspid="244" ordinal="0" offset="12" path="0" />
                <BranchPoint vc="0" uspid="245" ordinal="1" offset="12" path="1" />
                <BranchPoint vc="0" uspid="246" ordinal="2" offset="73" path="0" />
                <BranchPoint vc="0" uspid="247" ordinal="3" offset="73" path="1" />
                <BranchPoint vc="0" uspid="248" ordinal="4" offset="125" path="0" />
                <BranchPoint vc="0" uspid="249" ordinal="5" offset="125" path="1" />
              </BranchPoints>
              <MethodPoint xsi:type="SequencePoint" vc="0" uspid="221" ordinal="0" offset="0" sl="144" sc="88" el="144" ec="89" />
            </Method>
            <Method visited="false" cyclomaticComplexity="2" sequenceCoverage="0" branchCoverage="0" isConstructor="false" isStatic="false" isGetter="false" isSetter="false">
              <Summary numSequencePoints="3" visitedSequencePoints="0" numBranchPoints="3" visitedBranchPoints="0" sequenceCoverage="0" branchCoverage="0" maxCyclomaticComplexity="2" minCyclomaticComplexity="2" />
              <MetadataToken>100663330</MetadataToken>
              <Name>System.Collections.Generic.List`1&lt;System.String&gt; CombinifyWpf.FolderSelectDialog::FilterLocalDirectory(System.Collections.Generic.IEnumerable`1&lt;System.String&gt;)</Name>
              <FileRef uid="9" />
              <SequencePoints>
                <SequencePoint vc="0" uspid="250" ordinal="0" offset="0" sl="168" sc="86" el="168" ec="87" />
                <SequencePoint vc="0" uspid="251" ordinal="1" offset="1" sl="169" sc="13" el="177" ec="41" />
                <SequencePoint vc="0" uspid="252" ordinal="2" offset="46" sl="178" sc="9" el="178" ec="10" />
              </SequencePoints>
              <BranchPoints>
                <BranchPoint vc="0" uspid="253" ordinal="0" offset="7" path="0" />
                <BranchPoint vc="0" uspid="254" ordinal="1" offset="7" path="1" />
              </BranchPoints>
              <MethodPoint xsi:type="SequencePoint" vc="0" uspid="250" ordinal="0" offset="0" sl="168" sc="86" el="168" ec="87" />
            </Method>
            <Method visited="false" cyclomaticComplexity="2" sequenceCoverage="0" branchCoverage="0" isConstructor="false" isStatic="false" isGetter="false" isSetter="false">
              <Summary numSequencePoints="3" visitedSequencePoints="0" numBranchPoints="3" visitedBranchPoints="0" sequenceCoverage="0" branchCoverage="0" maxCyclomaticComplexity="2" minCyclomaticComplexity="2" />
              <MetadataToken>100663331</MetadataToken>
              <Name>System.Collections.Generic.List`1&lt;System.String&gt; CombinifyWpf.FolderSelectDialog::FilterRemoteDirectory(System.Collections.Generic.IEnumerable`1&lt;System.String&gt;)</Name>
              <FileRef uid="9" />
              <SequencePoints>
                <SequencePoint vc="0" uspid="255" ordinal="0" offset="0" sl="180" sc="87" el="180" ec="88" />
                <SequencePoint vc="0" uspid="256" ordinal="1" offset="1" sl="181" sc="13" el="187" ec="43" />
                <SequencePoint vc="0" uspid="257" ordinal="2" offset="46" sl="188" sc="9" el="188" ec="10" />
              </SequencePoints>
              <BranchPoints>
                <BranchPoint vc="0" uspid="258" ordinal="0" offset="7" path="0" />
                <BranchPoint vc="0" uspid="259" ordinal="1" offset="7" path="1" />
              </BranchPoints>
              <MethodPoint xsi:type="SequencePoint" vc="0" uspid="255" ordinal="0" offset="0" sl="180" sc="87" el="180" ec="88" />
            </Method>
            <Method visited="false" cyclomaticComplexity="2" sequenceCoverage="0" branchCoverage="0" isConstructor="false" isStatic="false" isGetter="false" isSetter="false">
              <Summary numSequencePoints="3" visitedSequencePoints="0" numBranchPoints="3" visitedBranchPoints="0" sequenceCoverage="0" branchCoverage="0" maxCyclomaticComplexity="2" minCyclomaticComplexity="2" />
              <MetadataToken>100663332</MetadataToken>
              <Name>System.Collections.Generic.List`1&lt;System.String&gt; CombinifyWpf.FolderSelectDialog::FilterFileList(System.Collections.Generic.IEnumerable`1&lt;System.String&gt;)</Name>
              <FileRef uid="9" />
              <SequencePoints>
                <SequencePoint vc="0" uspid="260" ordinal="0" offset="0" sl="190" sc="74" el="190" ec="75" />
                <SequencePoint vc="0" uspid="261" ordinal="1" offset="1" sl="191" sc="13" el="197" ec="35" />
                <SequencePoint vc="0" uspid="262" ordinal="2" offset="46" sl="198" sc="9" el="198" ec="10" />
              </SequencePoints>
              <BranchPoints>
                <BranchPoint vc="0" uspid="263" ordinal="0" offset="7" path="0" />
                <BranchPoint vc="0" uspid="264" ordinal="1" offset="7" path="1" />
              </BranchPoints>
              <MethodPoint xsi:type="SequencePoint" vc="0" uspid="260" ordinal="0" offset="0" sl="190" sc="74" el="190" ec="75" />
            </Method>
            <Method visited="false" cyclomaticComplexity="2" sequenceCoverage="0" branchCoverage="0" isConstructor="false" isStatic="false" isGetter="false" isSetter="false">
              <Summary numSequencePoints="1" visitedSequencePoints="0" numBranchPoints="3" visitedBranchPoints="0" sequenceCoverage="0" branchCoverage="0" maxCyclomaticComplexity="2" minCyclomaticComplexity="2" />
              <MetadataToken>100663333</MetadataToken>
              <Name>System.Void CombinifyWpf.FolderSelectDialog::InitializeComponent()</Name>
              <SequencePoints>
                <SequencePoint vc="0" uspid="265" ordinal="0" offset="36" sl="1" sc="13" el="1" ec="77" />
              </SequencePoints>
              <BranchPoints>
                <BranchPoint vc="0" uspid="267" ordinal="0" offset="12" path="0" />
                <BranchPoint vc="0" uspid="268" ordinal="1" offset="12" path="1" />
              </BranchPoints>
              <MethodPoint vc="0" uspid="266" ordinal="0" offset="0" />
            </Method>
            <Method visited="false" cyclomaticComplexity="22" sequenceCoverage="0" branchCoverage="0" isConstructor="false" isStatic="false" isGetter="false" isSetter="false">
              <Summary numSequencePoints="8" visitedSequencePoints="0" numBranchPoints="22" visitedBranchPoints="0" sequenceCoverage="0" branchCoverage="0" maxCyclomaticComplexity="22" minCyclomaticComplexity="22" />
              <MetadataToken>100663334</MetadataToken>
              <Name>System.Void CombinifyWpf.FolderSelectDialog::System.Windows.Markup.IComponentConnector.Connect(System.Int32,System.Object)</Name>
              <SequencePoints>
                <SequencePoint vc="0" uspid="269" ordinal="0" offset="96" sl="9" sc="13" el="9" ec="125" />
                <SequencePoint vc="0" uspid="270" ordinal="1" offset="171" sl="29" sc="13" el="29" ec="148" />
                <SequencePoint vc="0" uspid="271" ordinal="2" offset="195" sl="30" sc="13" el="30" ec="130" />
                <SequencePoint vc="0" uspid="272" ordinal="3" offset="253" sl="70" sc="13" el="70" ec="150" />
                <SequencePoint vc="0" uspid="273" ordinal="4" offset="277" sl="71" sc="13" el="71" ec="132" />
                <SequencePoint vc="0" uspid="274" ordinal="5" offset="502" sl="179" sc="13" el="179" ec="105" />
                <SequencePoint vc="0" uspid="275" ordinal="6" offset="540" sl="191" sc="13" el="191" ec="95" />
                <SequencePoint vc="0" uspid="276" ordinal="7" offset="578" sl="200" sc="13" el="200" ec="103" />
              </SequencePoints>
              <BranchPoints>
                <BranchPoint vc="0" uspid="278" ordinal="0" offset="6" path="0" />
                <BranchPoint vc="0" uspid="279" ordinal="1" offset="6" path="1" />
                <BranchPoint vc="0" uspid="280" ordinal="2" offset="6" path="2" />
                <BranchPoint vc="0" uspid="281" ordinal="3" offset="6" path="3" />
                <BranchPoint vc="0" uspid="282" ordinal="4" offset="6" path="4" />
                <BranchPoint vc="0" uspid="283" ordinal="5" offset="6" path="5" />
                <BranchPoint vc="0" uspid="284" ordinal="6" offset="6" path="6" />
                <BranchPoint vc="0" uspid="285" ordinal="7" offset="6" path="7" />
                <BranchPoint vc="0" uspid="286" ordinal="8" offset="6" path="8" />
                <BranchPoint vc="0" uspid="287" ordinal="9" offset="6" path="9" />
                <BranchPoint vc="0" uspid="288" ordinal="10" offset="6" path="10" />
                <BranchPoint vc="0" uspid="289" ordinal="11" offset="6" path="11" />
                <BranchPoint vc="0" uspid="290" ordinal="12" offset="6" path="12" />
                <BranchPoint vc="0" uspid="291" ordinal="13" offset="6" path="13" />
                <BranchPoint vc="0" uspid="292" ordinal="14" offset="6" path="14" />
                <BranchPoint vc="0" uspid="293" ordinal="15" offset="6" path="15" />
                <BranchPoint vc="0" uspid="294" ordinal="16" offset="6" path="16" />
                <BranchPoint vc="0" uspid="295" ordinal="17" offset="6" path="17" />
                <BranchPoint vc="0" uspid="296" ordinal="18" offset="6" path="18" />
                <BranchPoint vc="0" uspid="297" ordinal="19" offset="6" path="19" />
                <BranchPoint vc="0" uspid="298" ordinal="20" offset="6" path="20" />
              </BranchPoints>
              <MethodPoint vc="0" uspid="277" ordinal="0" offset="0" />
            </Method>
            <Method visited="false" cyclomaticComplexity="2" sequenceCoverage="0" branchCoverage="0" isConstructor="false" isStatic="true" isGetter="false" isSetter="false">
              <Summary numSequencePoints="6" visitedSequencePoints="0" numBranchPoints="3" visitedBranchPoints="0" sequenceCoverage="0" branchCoverage="0" maxCyclomaticComplexity="2" minCyclomaticComplexity="2" />
              <MetadataToken>100663335</MetadataToken>
              <Name>System.Boolean CombinifyWpf.FolderSelectDialog::&lt;FilterLocalDirectory&gt;b__0(System.String)</Name>
              <FileRef uid="9" />
              <SequencePoints>
                <SequencePoint vc="0" uspid="299" ordinal="0" offset="0" sl="169" sc="44" el="169" ec="45" />
                <SequencePoint vc="0" uspid="300" ordinal="1" offset="1" sl="170" sc="39" el="170" ec="40" />
                <SequencePoint vc="0" uspid="301" ordinal="2" offset="2" sl="171" sc="39" el="171" ec="125" />
                <SequencePoint vc="0" uspid="302" ordinal="3" offset="30" sl="173" sc="35" el="173" ec="59" />
                <SequencePoint vc="0" uspid="303" ordinal="4" offset="31" sl="173" sc="60" el="173" ec="61" />
                <SequencePoint vc="0" uspid="304" ordinal="5" offset="32" sl="174" sc="39" el="174" ec="52" />
              </SequencePoints>
              <BranchPoints>
                <BranchPoint vc="0" uspid="305" ordinal="0" offset="11" path="0" />
                <BranchPoint vc="0" uspid="306" ordinal="1" offset="11" path="1" />
              </BranchPoints>
              <MethodPoint xsi:type="SequencePoint" vc="0" uspid="299" ordinal="0" offset="0" sl="169" sc="44" el="169" ec="45" />
            </Method>
            <Method visited="false" cyclomaticComplexity="2" sequenceCoverage="0" branchCoverage="0" isConstructor="false" isStatic="true" isGetter="false" isSetter="false">
              <Summary numSequencePoints="6" visitedSequencePoints="0" numBranchPoints="3" visitedBranchPoints="0" sequenceCoverage="0" branchCoverage="0" maxCyclomaticComplexity="2" minCyclomaticComplexity="2" />
              <MetadataToken>100663336</MetadataToken>
              <Name>System.Boolean CombinifyWpf.FolderSelectDialog::&lt;FilterRemoteDirectory&gt;b__2(System.String)</Name>
              <FileRef uid="9" />
              <SequencePoints>
                <SequencePoint vc="0" uspid="307" ordinal="0" offset="0" sl="181" sc="44" el="181" ec="45" />
                <SequencePoint vc="0" uspid="308" ordinal="1" offset="1" sl="182" sc="41" el="182" ec="42" />
                <SequencePoint vc="0" uspid="309" ordinal="2" offset="2" sl="183" sc="41" el="183" ec="70" />
                <SequencePoint vc="0" uspid="310" ordinal="3" offset="32" sl="185" sc="37" el="185" ec="61" />
                <SequencePoint vc="0" uspid="311" ordinal="4" offset="33" sl="185" sc="62" el="185" ec="63" />
                <SequencePoint vc="0" uspid="312" ordinal="5" offset="34" sl="185" sc="64" el="185" ec="77" />
              </SequencePoints>
              <BranchPoints>
                <BranchPoint vc="0" uspid="313" ordinal="0" offset="13" path="0" />
                <BranchPoint vc="0" uspid="314" ordinal="1" offset="13" path="1" />
              </BranchPoints>
              <MethodPoint xsi:type="SequencePoint" vc="0" uspid="307" ordinal="0" offset="0" sl="181" sc="44" el="181" ec="45" />
            </Method>
            <Method visited="false" cyclomaticComplexity="1" sequenceCoverage="0" branchCoverage="0" isConstructor="false" isStatic="true" isGetter="false" isSetter="false">
              <Summary numSequencePoints="6" visitedSequencePoints="0" numBranchPoints="1" visitedBranchPoints="0" sequenceCoverage="0" branchCoverage="0" maxCyclomaticComplexity="1" minCyclomaticComplexity="1" />
              <MetadataToken>100663337</MetadataToken>
              <Name>System.Boolean CombinifyWpf.FolderSelectDialog::&lt;FilterFileList&gt;b__4(System.String)</Name>
              <FileRef uid="9" />
              <SequencePoints>
                <SequencePoint vc="0" uspid="315" ordinal="0" offset="0" sl="191" sc="38" el="191" ec="39" />
                <SequencePoint vc="0" uspid="316" ordinal="1" offset="1" sl="192" sc="33" el="192" ec="34" />
                <SequencePoint vc="0" uspid="317" ordinal="2" offset="2" sl="193" sc="33" el="193" ec="112" />
                <SequencePoint vc="0" uspid="318" ordinal="3" offset="34" sl="195" sc="29" el="195" ec="53" />
                <SequencePoint vc="0" uspid="319" ordinal="4" offset="35" sl="195" sc="54" el="195" ec="55" />
                <SequencePoint vc="0" uspid="320" ordinal="5" offset="36" sl="195" sc="56" el="195" ec="69" />
              </SequencePoints>
              <BranchPoints />
              <MethodPoint xsi:type="SequencePoint" vc="0" uspid="315" ordinal="0" offset="0" sl="191" sc="38" el="191" ec="39" />
            </Method>
          </Methods>
        </Class>
        <Class>
          <Summary numSequencePoints="3" visitedSequencePoints="0" numBranchPoints="1" visitedBranchPoints="0" sequenceCoverage="0" branchCoverage="0" maxCyclomaticComplexity="1" minCyclomaticComplexity="1" />
          <FullName>CombinifyWpf.Converters.BaseConverter</FullName>
          <Methods>
            <Method visited="false" cyclomaticComplexity="1" sequenceCoverage="0" branchCoverage="0" isConstructor="false" isStatic="false" isGetter="false" isSetter="false">
              <Summary numSequencePoints="3" visitedSequencePoints="0" numBranchPoints="1" visitedBranchPoints="0" sequenceCoverage="0" branchCoverage="0" maxCyclomaticComplexity="1" minCyclomaticComplexity="1" />
              <MetadataToken>100663338</MetadataToken>
              <Name>System.Object CombinifyWpf.Converters.BaseConverter::ProvideValue(System.IServiceProvider)</Name>
              <FileRef uid="11" />
              <SequencePoints>
                <SequencePoint vc="0" uspid="321" ordinal="0" offset="0" sl="47" sc="81" el="47" ec="82" />
                <SequencePoint vc="0" uspid="322" ordinal="1" offset="1" sl="48" sc="13" el="48" ec="25" />
                <SequencePoint vc="0" uspid="323" ordinal="2" offset="5" sl="49" sc="9" el="49" ec="10" />
              </SequencePoints>
              <BranchPoints />
              <MethodPoint xsi:type="SequencePoint" vc="0" uspid="321" ordinal="0" offset="0" sl="47" sc="81" el="47" ec="82" />
            </Method>
            <Method visited="false" cyclomaticComplexity="1" sequenceCoverage="0" branchCoverage="0" isConstructor="true" isStatic="false" isGetter="false" isSetter="false">
              <Summary numSequencePoints="0" visitedSequencePoints="0" numBranchPoints="0" visitedBranchPoints="0" sequenceCoverage="0" branchCoverage="0" maxCyclomaticComplexity="1" minCyclomaticComplexity="1" />
              <MetadataToken>100663341</MetadataToken>
              <Name>System.Void CombinifyWpf.Converters.BaseConverter::.ctor()</Name>
              <SequencePoints />
              <BranchPoints />
              <MethodPoint vc="0" uspid="324" ordinal="0" offset="0" />
            </Method>
          </Methods>
        </Class>
        <Class>
          <Summary numSequencePoints="26" visitedSequencePoints="0" numBranchPoints="11" visitedBranchPoints="0" sequenceCoverage="0" branchCoverage="0" maxCyclomaticComplexity="3" minCyclomaticComplexity="1" />
          <FullName>CombinifyWpf.Converters.HeaderToImageConverter</FullName>
          <Methods>
            <Method visited="false" cyclomaticComplexity="1" sequenceCoverage="0" branchCoverage="0" isConstructor="true" isStatic="false" isGetter="false" isSetter="false">
              <Summary numSequencePoints="3" visitedSequencePoints="0" numBranchPoints="1" visitedBranchPoints="0" sequenceCoverage="0" branchCoverage="0" maxCyclomaticComplexity="1" minCyclomaticComplexity="1" />
              <MetadataToken>100663342</MetadataToken>
              <Name>System.Void CombinifyWpf.Converters.HeaderToImageConverter::.ctor()</Name>
              <FileRef uid="12" />
              <SequencePoints>
                <SequencePoint vc="0" uspid="325" ordinal="0" offset="0" sl="47" sc="9" el="47" ec="40" />
                <SequencePoint vc="0" uspid="326" ordinal="1" offset="7" sl="47" sc="41" el="47" ec="42" />
                <SequencePoint vc="0" uspid="327" ordinal="2" offset="8" sl="47" sc="43" el="47" ec="44" />
              </SequencePoints>
              <BranchPoints />
              <MethodPoint xsi:type="SequencePoint" vc="0" uspid="325" ordinal="0" offset="0" sl="47" sc="9" el="47" ec="40" />
            </Method>
            <Method visited="false" cyclomaticComplexity="2" sequenceCoverage="0" branchCoverage="0" isConstructor="false" isStatic="false" isGetter="false" isSetter="false">
              <Summary numSequencePoints="3" visitedSequencePoints="0" numBranchPoints="3" visitedBranchPoints="0" sequenceCoverage="0" branchCoverage="0" maxCyclomaticComplexity="2" minCyclomaticComplexity="2" />
              <MetadataToken>100663343</MetadataToken>
              <Name>System.Object CombinifyWpf.Converters.HeaderToImageConverter::ProvideValue(System.IServiceProvider)</Name>
              <FileRef uid="12" />
              <SequencePoints>
                <SequencePoint vc="0" uspid="328" ordinal="0" offset="0" sl="54" sc="81" el="54" ec="82" />
                <SequencePoint vc="0" uspid="329" ordinal="1" offset="1" sl="55" sc="13" el="55" ec="80" />
                <SequencePoint vc="0" uspid="330" ordinal="2" offset="24" sl="56" sc="9" el="56" ec="10" />
              </SequencePoints>
              <BranchPoints>
                <BranchPoint vc="0" uspid="331" ordinal="0" offset="7" path="0" />
                <BranchPoint vc="0" uspid="332" ordinal="1" offset="7" path="1" />
              </BranchPoints>
              <MethodPoint xsi:type="SequencePoint" vc="0" uspid="328" ordinal="0" offset="0" sl="54" sc="81" el="54" ec="82" />
            </Method>
            <Method visited="false" cyclomaticComplexity="3" sequenceCoverage="0" branchCoverage="0" isConstructor="false" isStatic="false" isGetter="false" isSetter="false">
              <Summary numSequencePoints="17" visitedSequencePoints="0" numBranchPoints="5" visitedBranchPoints="0" sequenceCoverage="0" branchCoverage="0" maxCyclomaticComplexity="3" minCyclomaticComplexity="3" />
              <MetadataToken>100663344</MetadataToken>
              <Name>System.Object CombinifyWpf.Converters.HeaderToImageConverter::Convert(System.Object,System.Type,System.Object,System.Globalization.CultureInfo)</Name>
              <FileRef uid="12" />
              <SequencePoints>
                <SequencePoint vc="0" uspid="333" ordinal="0" offset="0" sl="66" sc="112" el="66" ec="113" />
                <SequencePoint vc="0" uspid="334" ordinal="1" offset="1" sl="67" sc="13" el="67" ec="42" />
                <SequencePoint vc="0" uspid="335" ordinal="2" offset="8" sl="69" sc="13" el="69" ec="51" />
                <SequencePoint vc="0" uspid="336" ordinal="3" offset="33" sl="69" sc="52" el="69" ec="53" />
                <SequencePoint vc="0" uspid="337" ordinal="4" offset="34" sl="70" sc="17" el="70" ec="78" />
                <SequencePoint vc="0" uspid="338" ordinal="5" offset="45" sl="71" sc="17" el="71" ec="61" />
                <SequencePoint vc="0" uspid="339" ordinal="6" offset="52" sl="72" sc="17" el="72" ec="31" />
                <SequencePoint vc="0" uspid="340" ordinal="7" offset="56" sl="74" sc="18" el="74" ec="44" />
                <SequencePoint vc="0" uspid="341" ordinal="8" offset="76" sl="74" sc="45" el="74" ec="46" />
                <SequencePoint vc="0" uspid="342" ordinal="9" offset="77" sl="75" sc="17" el="75" ec="80" />
                <SequencePoint vc="0" uspid="343" ordinal="10" offset="88" sl="76" sc="17" el="76" ec="61" />
                <SequencePoint vc="0" uspid="344" ordinal="11" offset="95" sl="77" sc="17" el="77" ec="31" />
                <SequencePoint vc="0" uspid="345" ordinal="12" offset="99" sl="79" sc="18" el="79" ec="19" />
                <SequencePoint vc="0" uspid="346" ordinal="13" offset="100" sl="80" sc="17" el="80" ec="81" />
                <SequencePoint vc="0" uspid="347" ordinal="14" offset="111" sl="81" sc="17" el="81" ec="61" />
                <SequencePoint vc="0" uspid="348" ordinal="15" offset="118" sl="82" sc="17" el="82" ec="31" />
                <SequencePoint vc="0" uspid="349" ordinal="16" offset="122" sl="84" sc="9" el="84" ec="10" />
              </SequencePoints>
              <BranchPoints>
                <BranchPoint vc="0" uspid="350" ordinal="0" offset="31" path="0" />
                <BranchPoint vc="0" uspid="351" ordinal="1" offset="31" path="1" />
                <BranchPoint vc="0" uspid="352" ordinal="2" offset="74" path="0" />
                <BranchPoint vc="0" uspid="353" ordinal="3" offset="74" path="1" />
              </BranchPoints>
              <MethodPoint xsi:type="SequencePoint" vc="0" uspid="333" ordinal="0" offset="0" sl="66" sc="112" el="66" ec="113" />
            </Method>
            <Method visited="false" cyclomaticComplexity="1" sequenceCoverage="0" branchCoverage="0" isConstructor="false" isStatic="false" isGetter="false" isSetter="false">
              <Summary numSequencePoints="2" visitedSequencePoints="0" numBranchPoints="1" visitedBranchPoints="0" sequenceCoverage="0" branchCoverage="0" maxCyclomaticComplexity="1" minCyclomaticComplexity="1" />
              <MetadataToken>100663345</MetadataToken>
              <Name>System.Object CombinifyWpf.Converters.HeaderToImageConverter::ConvertBack(System.Object,System.Type,System.Object,System.Globalization.CultureInfo)</Name>
              <FileRef uid="12" />
              <SequencePoints>
                <SequencePoint vc="0" uspid="354" ordinal="0" offset="0" sl="94" sc="116" el="94" ec="117" />
                <SequencePoint vc="0" uspid="355" ordinal="1" offset="1" sl="95" sc="13" el="95" ec="70" />
              </SequencePoints>
              <BranchPoints />
              <MethodPoint xsi:type="SequencePoint" vc="0" uspid="354" ordinal="0" offset="0" sl="94" sc="116" el="94" ec="117" />
            </Method>
            <Method visited="false" cyclomaticComplexity="1" sequenceCoverage="0" branchCoverage="0" isConstructor="true" isStatic="true" isGetter="false" isSetter="false">
              <Summary numSequencePoints="1" visitedSequencePoints="0" numBranchPoints="1" visitedBranchPoints="0" sequenceCoverage="0" branchCoverage="0" maxCyclomaticComplexity="1" minCyclomaticComplexity="1" />
              <MetadataToken>100663346</MetadataToken>
              <Name>System.Void CombinifyWpf.Converters.HeaderToImageConverter::.cctor()</Name>
              <FileRef uid="12" />
              <SequencePoints>
                <SequencePoint vc="0" uspid="356" ordinal="0" offset="0" sl="45" sc="9" el="45" ec="65" />
              </SequencePoints>
              <BranchPoints />
              <MethodPoint xsi:type="SequencePoint" vc="0" uspid="356" ordinal="0" offset="0" sl="45" sc="9" el="45" ec="65" />
            </Method>
          </Methods>
        </Class>
        <Class>
          <Summary numSequencePoints="270" visitedSequencePoints="0" numBranchPoints="107" visitedBranchPoints="0" sequenceCoverage="0" branchCoverage="0" maxCyclomaticComplexity="14" minCyclomaticComplexity="1" />
          <FullName>CombinifyWpf.MainWindow</FullName>
          <Methods>
            <Method visited="false" cyclomaticComplexity="2" sequenceCoverage="0" branchCoverage="0" isConstructor="true" isStatic="false" isGetter="false" isSetter="false">
              <Summary numSequencePoints="14" visitedSequencePoints="0" numBranchPoints="3" visitedBranchPoints="0" sequenceCoverage="0" branchCoverage="0" maxCyclomaticComplexity="2" minCyclomaticComplexity="2" />
              <MetadataToken>100663347</MetadataToken>
              <Name>System.Void CombinifyWpf.MainWindow::.ctor()</Name>
              <FileRef uid="13" />
              <SequencePoints>
                <SequencePoint vc="0" uspid="357" ordinal="0" offset="0" sl="58" sc="9" el="58" ec="28" />
                <SequencePoint vc="0" uspid="358" ordinal="1" offset="7" sl="58" sc="29" el="58" ec="30" />
                <SequencePoint vc="0" uspid="359" ordinal="2" offset="8" sl="59" sc="13" el="59" ec="35" />
                <SequencePoint vc="0" uspid="360" ordinal="3" offset="15" sl="60" sc="13" el="60" ec="33" />
                <SequencePoint vc="0" uspid="361" ordinal="4" offset="22" sl="62" sc="13" el="62" ec="62" />
                <SequencePoint vc="0" uspid="362" ordinal="5" offset="28" sl="63" sc="13" el="63" ec="34" />
                <SequencePoint vc="0" uspid="363" ordinal="6" offset="41" sl="63" sc="35" el="63" ec="36" />
                <SequencePoint vc="0" uspid="364" ordinal="7" offset="42" sl="64" sc="17" el="64" ec="43" />
                <SequencePoint vc="0" uspid="365" ordinal="8" offset="48" sl="65" sc="17" el="65" ec="95" />
                <SequencePoint vc="0" uspid="366" ordinal="9" offset="74" sl="66" sc="13" el="66" ec="14" />
                <SequencePoint vc="0" uspid="367" ordinal="10" offset="75" sl="76" sc="13" el="78" ec="15" />
                <SequencePoint vc="0" uspid="368" ordinal="11" offset="111" sl="79" sc="13" el="79" ec="172" />
                <SequencePoint vc="0" uspid="369" ordinal="12" offset="133" sl="80" sc="13" el="80" ec="44" />
                <SequencePoint vc="0" uspid="370" ordinal="13" offset="145" sl="81" sc="9" el="81" ec="10" />
              </SequencePoints>
              <BranchPoints>
                <BranchPoint vc="0" uspid="371" ordinal="0" offset="39" path="0" />
                <BranchPoint vc="0" uspid="372" ordinal="1" offset="39" path="1" />
              </BranchPoints>
              <MethodPoint xsi:type="SequencePoint" vc="0" uspid="357" ordinal="0" offset="0" sl="58" sc="9" el="58" ec="28" />
            </Method>
            <Method visited="false" cyclomaticComplexity="1" sequenceCoverage="0" branchCoverage="0" isConstructor="false" isStatic="false" isGetter="false" isSetter="false">
              <Summary numSequencePoints="4" visitedSequencePoints="0" numBranchPoints="1" visitedBranchPoints="0" sequenceCoverage="0" branchCoverage="0" maxCyclomaticComplexity="1" minCyclomaticComplexity="1" />
              <MetadataToken>100663348</MetadataToken>
              <Name>System.Void CombinifyWpf.MainWindow::WindowMain_Closing(System.Object,System.ComponentModel.CancelEventArgs)</Name>
              <FileRef uid="13" />
              <SequencePoints>
                <SequencePoint vc="0" uspid="373" ordinal="0" offset="0" sl="86" sc="77" el="86" ec="78" />
                <SequencePoint vc="0" uspid="374" ordinal="1" offset="1" sl="87" sc="13" el="87" ec="32" />
                <SequencePoint vc="0" uspid="375" ordinal="2" offset="13" sl="88" sc="13" el="88" ec="29" />
                <SequencePoint vc="0" uspid="376" ordinal="3" offset="20" sl="89" sc="9" el="89" ec="10" />
              </SequencePoints>
              <BranchPoints />
              <MethodPoint xsi:type="SequencePoint" vc="0" uspid="373" ordinal="0" offset="0" sl="86" sc="77" el="86" ec="78" />
            </Method>
            <Method visited="false" cyclomaticComplexity="3" sequenceCoverage="0" branchCoverage="0" isConstructor="false" isStatic="false" isGetter="false" isSetter="false">
              <Summary numSequencePoints="13" visitedSequencePoints="0" numBranchPoints="5" visitedBranchPoints="0" sequenceCoverage="0" branchCoverage="0" maxCyclomaticComplexity="3" minCyclomaticComplexity="3" />
              <MetadataToken>100663349</MetadataToken>
              <Name>System.Void CombinifyWpf.MainWindow::WindowMain_StateChanged(System.Object,System.EventArgs)</Name>
              <FileRef uid="13" />
              <SequencePoints>
                <SequencePoint vc="0" uspid="377" ordinal="0" offset="0" sl="91" sc="76" el="91" ec="77" />
                <SequencePoint vc="0" uspid="378" ordinal="1" offset="1" sl="92" sc="13" el="92" ec="60" />
                <SequencePoint vc="0" uspid="379" ordinal="2" offset="17" sl="92" sc="61" el="92" ec="62" />
                <SequencePoint vc="0" uspid="380" ordinal="3" offset="18" sl="93" sc="17" el="93" ec="44" />
                <SequencePoint vc="0" uspid="381" ordinal="4" offset="26" sl="94" sc="17" el="94" ec="41" />
                <SequencePoint vc="0" uspid="382" ordinal="5" offset="39" sl="95" sc="17" el="95" ec="48" />
                <SequencePoint vc="0" uspid="383" ordinal="6" offset="53" sl="96" sc="13" el="96" ec="14" />
                <SequencePoint vc="0" uspid="384" ordinal="7" offset="56" sl="97" sc="18" el="97" ec="62" />
                <SequencePoint vc="0" uspid="385" ordinal="8" offset="72" sl="97" sc="63" el="97" ec="64" />
                <SequencePoint vc="0" uspid="386" ordinal="9" offset="73" sl="98" sc="17" el="98" ec="43" />
                <SequencePoint vc="0" uspid="387" ordinal="10" offset="81" sl="99" sc="17" el="99" ec="42" />
                <SequencePoint vc="0" uspid="388" ordinal="11" offset="94" sl="100" sc="13" el="100" ec="14" />
                <SequencePoint vc="0" uspid="389" ordinal="12" offset="95" sl="101" sc="9" el="101" ec="10" />
              </SequencePoints>
              <BranchPoints>
                <BranchPoint vc="0" uspid="390" ordinal="0" offset="15" path="0" />
                <BranchPoint vc="0" uspid="391" ordinal="1" offset="15" path="1" />
                <BranchPoint vc="0" uspid="392" ordinal="2" offset="70" path="0" />
                <BranchPoint vc="0" uspid="393" ordinal="3" offset="70" path="1" />
              </BranchPoints>
              <MethodPoint xsi:type="SequencePoint" vc="0" uspid="377" ordinal="0" offset="0" sl="91" sc="76" el="91" ec="77" />
            </Method>
            <Method visited="false" cyclomaticComplexity="1" sequenceCoverage="0" branchCoverage="0" isConstructor="false" isStatic="false" isGetter="false" isSetter="false">
              <Summary numSequencePoints="3" visitedSequencePoints="0" numBranchPoints="1" visitedBranchPoints="0" sequenceCoverage="0" branchCoverage="0" maxCyclomaticComplexity="1" minCyclomaticComplexity="1" />
              <MetadataToken>100663350</MetadataToken>
              <Name>System.Void CombinifyWpf.MainWindow::winStateBtn_MinimizeClick(System.Object,System.Windows.RoutedEventArgs)</Name>
              <FileRef uid="13" />
              <SequencePoints>
                <SequencePoint vc="0" uspid="394" ordinal="0" offset="0" sl="103" sc="84" el="103" ec="85" />
                <SequencePoint vc="0" uspid="395" ordinal="1" offset="1" sl="104" sc="13" el="104" ec="80" />
                <SequencePoint vc="0" uspid="396" ordinal="2" offset="18" sl="105" sc="9" el="105" ec="10" />
              </SequencePoints>
              <BranchPoints />
              <MethodPoint xsi:type="SequencePoint" vc="0" uspid="394" ordinal="0" offset="0" sl="103" sc="84" el="103" ec="85" />
            </Method>
            <Method visited="false" cyclomaticComplexity="1" sequenceCoverage="0" branchCoverage="0" isConstructor="false" isStatic="false" isGetter="false" isSetter="false">
              <Summary numSequencePoints="3" visitedSequencePoints="0" numBranchPoints="1" visitedBranchPoints="0" sequenceCoverage="0" branchCoverage="0" maxCyclomaticComplexity="1" minCyclomaticComplexity="1" />
              <MetadataToken>100663351</MetadataToken>
              <Name>System.Void CombinifyWpf.MainWindow::winStateBtn_CloseClick(System.Object,System.Windows.RoutedEventArgs)</Name>
              <FileRef uid="13" />
              <SequencePoints>
                <SequencePoint vc="0" uspid="397" ordinal="0" offset="0" sl="107" sc="81" el="107" ec="82" />
                <SequencePoint vc="0" uspid="398" ordinal="1" offset="1" sl="108" sc="13" el="108" ec="31" />
                <SequencePoint vc="0" uspid="399" ordinal="2" offset="8" sl="109" sc="9" el="109" ec="10" />
              </SequencePoints>
              <BranchPoints />
              <MethodPoint xsi:type="SequencePoint" vc="0" uspid="397" ordinal="0" offset="0" sl="107" sc="81" el="107" ec="82" />
            </Method>
            <Method visited="false" cyclomaticComplexity="1" sequenceCoverage="0" branchCoverage="0" isConstructor="false" isStatic="false" isGetter="false" isSetter="false">
              <Summary numSequencePoints="4" visitedSequencePoints="0" numBranchPoints="1" visitedBranchPoints="0" sequenceCoverage="0" branchCoverage="0" maxCyclomaticComplexity="1" minCyclomaticComplexity="1" />
              <MetadataToken>100663352</MetadataToken>
              <Name>System.Void CombinifyWpf.MainWindow::trayIcon_Click(System.Object,System.Windows.Forms.MouseEventArgs)</Name>
              <FileRef uid="13" />
              <SequencePoints>
                <SequencePoint vc="0" uspid="400" ordinal="0" offset="0" sl="111" sc="93" el="111" ec="94" />
                <SequencePoint vc="0" uspid="401" ordinal="1" offset="1" sl="112" sc="13" el="112" ec="25" />
                <SequencePoint vc="0" uspid="402" ordinal="2" offset="8" sl="113" sc="13" el="113" ec="51" />
                <SequencePoint vc="0" uspid="403" ordinal="3" offset="16" sl="114" sc="9" el="114" ec="10" />
              </SequencePoints>
              <BranchPoints />
              <MethodPoint xsi:type="SequencePoint" vc="0" uspid="400" ordinal="0" offset="0" sl="111" sc="93" el="111" ec="94" />
            </Method>
            <Method visited="false" cyclomaticComplexity="1" sequenceCoverage="0" branchCoverage="0" isConstructor="false" isStatic="false" isGetter="false" isSetter="false">
              <Summary numSequencePoints="3" visitedSequencePoints="0" numBranchPoints="1" visitedBranchPoints="0" sequenceCoverage="0" branchCoverage="0" maxCyclomaticComplexity="1" minCyclomaticComplexity="1" />
              <MetadataToken>100663353</MetadataToken>
              <Name>System.Void CombinifyWpf.MainWindow::ContextMenuStart_Click(System.Object,System.EventArgs)</Name>
              <FileRef uid="13" />
              <SequencePoints>
                <SequencePoint vc="0" uspid="404" ordinal="0" offset="0" sl="116" sc="75" el="116" ec="76" />
                <SequencePoint vc="0" uspid="405" ordinal="1" offset="1" sl="117" sc="13" el="117" ec="29" />
                <SequencePoint vc="0" uspid="406" ordinal="2" offset="8" sl="118" sc="9" el="118" ec="10" />
              </SequencePoints>
              <BranchPoints />
              <MethodPoint xsi:type="SequencePoint" vc="0" uspid="404" ordinal="0" offset="0" sl="116" sc="75" el="116" ec="76" />
            </Method>
            <Method visited="false" cyclomaticComplexity="1" sequenceCoverage="0" branchCoverage="0" isConstructor="false" isStatic="false" isGetter="false" isSetter="false">
              <Summary numSequencePoints="3" visitedSequencePoints="0" numBranchPoints="1" visitedBranchPoints="0" sequenceCoverage="0" branchCoverage="0" maxCyclomaticComplexity="1" minCyclomaticComplexity="1" />
              <MetadataToken>100663354</MetadataToken>
              <Name>System.Void CombinifyWpf.MainWindow::ContextMenuStop_Click(System.Object,System.EventArgs)</Name>
              <FileRef uid="13" />
              <SequencePoints>
                <SequencePoint vc="0" uspid="407" ordinal="0" offset="0" sl="120" sc="74" el="120" ec="75" />
                <SequencePoint vc="0" uspid="408" ordinal="1" offset="1" sl="121" sc="13" el="121" ec="28" />
                <SequencePoint vc="0" uspid="409" ordinal="2" offset="8" sl="122" sc="9" el="122" ec="10" />
              </SequencePoints>
              <BranchPoints />
              <MethodPoint xsi:type="SequencePoint" vc="0" uspid="407" ordinal="0" offset="0" sl="120" sc="74" el="120" ec="75" />
            </Method>
            <Method visited="false" cyclomaticComplexity="1" sequenceCoverage="0" branchCoverage="0" isConstructor="false" isStatic="false" isGetter="false" isSetter="false">
              <Summary numSequencePoints="3" visitedSequencePoints="0" numBranchPoints="1" visitedBranchPoints="0" sequenceCoverage="0" branchCoverage="0" maxCyclomaticComplexity="1" minCyclomaticComplexity="1" />
              <MetadataToken>100663355</MetadataToken>
              <Name>System.Void CombinifyWpf.MainWindow::ContextMenuExit_Click(System.Object,System.EventArgs)</Name>
              <FileRef uid="13" />
              <SequencePoints>
                <SequencePoint vc="0" uspid="410" ordinal="0" offset="0" sl="124" sc="74" el="124" ec="75" />
                <SequencePoint vc="0" uspid="411" ordinal="1" offset="1" sl="125" sc="13" el="125" ec="31" />
                <SequencePoint vc="0" uspid="412" ordinal="2" offset="8" sl="126" sc="9" el="126" ec="10" />
              </SequencePoints>
              <BranchPoints />
              <MethodPoint xsi:type="SequencePoint" vc="0" uspid="410" ordinal="0" offset="0" sl="124" sc="74" el="124" ec="75" />
            </Method>
            <Method visited="false" cyclomaticComplexity="3" sequenceCoverage="0" branchCoverage="0" isConstructor="false" isStatic="false" isGetter="false" isSetter="false">
              <Summary numSequencePoints="7" visitedSequencePoints="0" numBranchPoints="5" visitedBranchPoints="0" sequenceCoverage="0" branchCoverage="0" maxCyclomaticComplexity="3" minCyclomaticComplexity="3" />
              <MetadataToken>100663356</MetadataToken>
              <Name>System.Void CombinifyWpf.MainWindow::WindowMain_MouseMove(System.Object,System.Windows.Input.MouseEventArgs)</Name>
              <FileRef uid="13" />
              <SequencePoints>
                <SequencePoint vc="0" uspid="413" ordinal="0" offset="0" sl="128" sc="78" el="128" ec="79" />
                <SequencePoint vc="0" uspid="414" ordinal="1" offset="1" sl="129" sc="13" el="129" ec="43" />
                <SequencePoint vc="0" uspid="415" ordinal="2" offset="8" sl="130" sc="13" el="130" ec="74" />
                <SequencePoint vc="0" uspid="416" ordinal="3" offset="30" sl="130" sc="75" el="130" ec="76" />
                <SequencePoint vc="0" uspid="417" ordinal="4" offset="31" sl="131" sc="17" el="131" ec="33" />
                <SequencePoint vc="0" uspid="418" ordinal="5" offset="38" sl="132" sc="13" el="132" ec="14" />
                <SequencePoint vc="0" uspid="419" ordinal="6" offset="39" sl="133" sc="9" el="133" ec="10" />
              </SequencePoints>
              <BranchPoints>
                <BranchPoint vc="0" uspid="420" ordinal="0" offset="9" path="0" />
                <BranchPoint vc="0" uspid="421" ordinal="1" offset="9" path="1" />
                <BranchPoint vc="0" uspid="422" ordinal="2" offset="28" path="0" />
                <BranchPoint vc="0" uspid="423" ordinal="3" offset="28" path="1" />
              </BranchPoints>
              <MethodPoint xsi:type="SequencePoint" vc="0" uspid="413" ordinal="0" offset="0" sl="128" sc="78" el="128" ec="79" />
            </Method>
            <Method visited="false" cyclomaticComplexity="5" sequenceCoverage="0" branchCoverage="0" isConstructor="false" isStatic="false" isGetter="false" isSetter="false">
              <Summary numSequencePoints="16" visitedSequencePoints="0" numBranchPoints="9" visitedBranchPoints="0" sequenceCoverage="0" branchCoverage="0" maxCyclomaticComplexity="5" minCyclomaticComplexity="5" />
              <MetadataToken>100663357</MetadataToken>
              <Name>System.Void CombinifyWpf.MainWindow::WindowMain_Drop(System.Object,System.Windows.DragEventArgs)</Name>
              <FileRef uid="13" />
              <SequencePoints>
                <SequencePoint vc="0" uspid="424" ordinal="0" offset="0" sl="135" sc="72" el="135" ec="73" />
                <SequencePoint vc="0" uspid="425" ordinal="1" offset="1" sl="137" sc="13" el="137" ec="88" />
                <SequencePoint vc="0" uspid="426" ordinal="2" offset="24" sl="140" sc="13" el="140" ec="53" />
                <SequencePoint vc="0" uspid="427" ordinal="3" offset="40" sl="140" sc="54" el="140" ec="55" />
                <SequencePoint vc="0" uspid="428" ordinal="4" offset="41" sl="141" sc="17" el="141" ec="24" />
                <SequencePoint vc="0" uspid="429" ordinal="5" offset="42" sl="141" sc="38" el="141" ec="43" />
                <SequencePoint vc="0" uspid="430" ordinal="6" offset="49" sl="141" sc="26" el="141" ec="34" />
                <SequencePoint vc="0" uspid="431" ordinal="7" offset="54" sl="141" sc="46" el="141" ec="47" />
                <SequencePoint vc="0" uspid="432" ordinal="8" offset="55" sl="142" sc="21" el="142" ec="57" />
                <SequencePoint vc="0" uspid="433" ordinal="9" offset="78" sl="142" sc="58" el="142" ec="59" />
                <SequencePoint vc="0" uspid="434" ordinal="10" offset="79" sl="143" sc="25" el="143" ec="79" />
                <SequencePoint vc="0" uspid="435" ordinal="11" offset="97" sl="144" sc="21" el="144" ec="22" />
                <SequencePoint vc="0" uspid="436" ordinal="12" offset="98" sl="145" sc="17" el="145" ec="18" />
                <SequencePoint vc="0" uspid="437" ordinal="13" offset="105" sl="141" sc="35" el="141" ec="37" />
                <SequencePoint vc="0" uspid="438" ordinal="14" offset="116" sl="146" sc="13" el="146" ec="14" />
                <SequencePoint vc="0" uspid="439" ordinal="15" offset="117" sl="147" sc="9" el="147" ec="10" />
              </SequencePoints>
              <BranchPoints>
                <BranchPoint vc="0" uspid="440" ordinal="0" offset="25" path="0" />
                <BranchPoint vc="0" uspid="441" ordinal="1" offset="25" path="1" />
                <BranchPoint vc="0" uspid="442" ordinal="2" offset="38" path="0" />
                <BranchPoint vc="0" uspid="443" ordinal="3" offset="38" path="1" />
                <BranchPoint vc="0" uspid="444" ordinal="4" offset="76" path="0" />
                <BranchPoint vc="0" uspid="445" ordinal="5" offset="76" path="1" />
                <BranchPoint vc="0" uspid="446" ordinal="6" offset="114" path="0" />
                <BranchPoint vc="0" uspid="447" ordinal="7" offset="114" path="1" />
              </BranchPoints>
              <MethodPoint xsi:type="SequencePoint" vc="0" uspid="424" ordinal="0" offset="0" sl="135" sc="72" el="135" ec="73" />
            </Method>
            <Method visited="false" cyclomaticComplexity="3" sequenceCoverage="0" branchCoverage="0" isConstructor="false" isStatic="false" isGetter="false" isSetter="false">
              <Summary numSequencePoints="12" visitedSequencePoints="0" numBranchPoints="5" visitedBranchPoints="0" sequenceCoverage="0" branchCoverage="0" maxCyclomaticComplexity="3" minCyclomaticComplexity="3" />
              <MetadataToken>100663358</MetadataToken>
              <Name>System.Void CombinifyWpf.MainWindow::WindowMain_DragOver(System.Object,System.Windows.DragEventArgs)</Name>
              <FileRef uid="13" />
              <SequencePoints>
                <SequencePoint vc="0" uspid="448" ordinal="0" offset="0" sl="149" sc="76" el="149" ec="77" />
                <SequencePoint vc="0" uspid="449" ordinal="1" offset="1" sl="152" sc="13" el="152" ec="86" />
                <SequencePoint vc="0" uspid="450" ordinal="2" offset="19" sl="152" sc="87" el="152" ec="88" />
                <SequencePoint vc="0" uspid="451" ordinal="3" offset="20" sl="153" sc="17" el="153" ec="68" />
                <SequencePoint vc="0" uspid="452" ordinal="4" offset="43" sl="153" sc="69" el="153" ec="70" />
                <SequencePoint vc="0" uspid="453" ordinal="5" offset="44" sl="154" sc="21" el="154" ec="54" />
                <SequencePoint vc="0" uspid="454" ordinal="6" offset="52" sl="155" sc="17" el="155" ec="18" />
                <SequencePoint vc="0" uspid="455" ordinal="7" offset="55" sl="156" sc="22" el="156" ec="23" />
                <SequencePoint vc="0" uspid="456" ordinal="8" offset="56" sl="157" sc="21" el="157" ec="54" />
                <SequencePoint vc="0" uspid="457" ordinal="9" offset="64" sl="158" sc="17" el="158" ec="18" />
                <SequencePoint vc="0" uspid="458" ordinal="10" offset="65" sl="159" sc="13" el="159" ec="14" />
                <SequencePoint vc="0" uspid="459" ordinal="11" offset="66" sl="160" sc="9" el="160" ec="10" />
              </SequencePoints>
              <BranchPoints>
                <BranchPoint vc="0" uspid="460" ordinal="0" offset="17" path="0" />
                <BranchPoint vc="0" uspid="461" ordinal="1" offset="17" path="1" />
                <BranchPoint vc="0" uspid="462" ordinal="2" offset="41" path="0" />
                <BranchPoint vc="0" uspid="463" ordinal="3" offset="41" path="1" />
              </BranchPoints>
              <MethodPoint xsi:type="SequencePoint" vc="0" uspid="448" ordinal="0" offset="0" sl="149" sc="76" el="149" ec="77" />
            </Method>
            <Method visited="false" cyclomaticComplexity="1" sequenceCoverage="0" branchCoverage="0" isConstructor="false" isStatic="false" isGetter="false" isSetter="false">
              <Summary numSequencePoints="3" visitedSequencePoints="0" numBranchPoints="1" visitedBranchPoints="0" sequenceCoverage="0" branchCoverage="0" maxCyclomaticComplexity="1" minCyclomaticComplexity="1" />
              <MetadataToken>100663359</MetadataToken>
              <Name>System.Void CombinifyWpf.MainWindow::stripMenu_StartClick(System.Object,System.Windows.RoutedEventArgs)</Name>
              <FileRef uid="13" />
              <SequencePoints>
                <SequencePoint vc="0" uspid="464" ordinal="0" offset="0" sl="162" sc="79" el="162" ec="80" />
                <SequencePoint vc="0" uspid="465" ordinal="1" offset="1" sl="163" sc="13" el="163" ec="29" />
                <SequencePoint vc="0" uspid="466" ordinal="2" offset="8" sl="164" sc="9" el="164" ec="10" />
              </SequencePoints>
              <BranchPoints />
              <MethodPoint xsi:type="SequencePoint" vc="0" uspid="464" ordinal="0" offset="0" sl="162" sc="79" el="162" ec="80" />
            </Method>
            <Method visited="false" cyclomaticComplexity="1" sequenceCoverage="0" branchCoverage="0" isConstructor="false" isStatic="false" isGetter="false" isSetter="false">
              <Summary numSequencePoints="3" visitedSequencePoints="0" numBranchPoints="1" visitedBranchPoints="0" sequenceCoverage="0" branchCoverage="0" maxCyclomaticComplexity="1" minCyclomaticComplexity="1" />
              <MetadataToken>100663360</MetadataToken>
              <Name>System.Void CombinifyWpf.MainWindow::stripMenu_StopClick(System.Object,System.Windows.RoutedEventArgs)</Name>
              <FileRef uid="13" />
              <SequencePoints>
                <SequencePoint vc="0" uspid="467" ordinal="0" offset="0" sl="166" sc="78" el="166" ec="79" />
                <SequencePoint vc="0" uspid="468" ordinal="1" offset="1" sl="167" sc="13" el="167" ec="28" />
                <SequencePoint vc="0" uspid="469" ordinal="2" offset="8" sl="168" sc="9" el="168" ec="10" />
              </SequencePoints>
              <BranchPoints />
              <MethodPoint xsi:type="SequencePoint" vc="0" uspid="467" ordinal="0" offset="0" sl="166" sc="78" el="166" ec="79" />
            </Method>
            <Method visited="false" cyclomaticComplexity="2" sequenceCoverage="0" branchCoverage="0" isConstructor="false" isStatic="false" isGetter="false" isSetter="false">
              <Summary numSequencePoints="6" visitedSequencePoints="0" numBranchPoints="3" visitedBranchPoints="0" sequenceCoverage="0" branchCoverage="0" maxCyclomaticComplexity="2" minCyclomaticComplexity="2" />
              <MetadataToken>100663361</MetadataToken>
              <Name>System.Void CombinifyWpf.MainWindow::stripMenu_ClearClick(System.Object,System.Windows.RoutedEventArgs)</Name>
              <FileRef uid="13" />
              <SequencePoints>
                <SequencePoint vc="0" uspid="470" ordinal="0" offset="0" sl="170" sc="79" el="170" ec="80" />
                <SequencePoint vc="0" uspid="471" ordinal="1" offset="1" sl="171" sc="13" el="174" ec="86" />
                <SequencePoint vc="0" uspid="472" ordinal="2" offset="29" sl="174" sc="87" el="174" ec="88" />
                <SequencePoint vc="0" uspid="473" ordinal="3" offset="30" sl="175" sc="17" el="175" ec="73" />
                <SequencePoint vc="0" uspid="474" ordinal="4" offset="47" sl="176" sc="13" el="176" ec="14" />
                <SequencePoint vc="0" uspid="475" ordinal="5" offset="48" sl="177" sc="9" el="177" ec="10" />
              </SequencePoints>
              <BranchPoints>
                <BranchPoint vc="0" uspid="476" ordinal="0" offset="27" path="0" />
                <BranchPoint vc="0" uspid="477" ordinal="1" offset="27" path="1" />
              </BranchPoints>
              <MethodPoint xsi:type="SequencePoint" vc="0" uspid="470" ordinal="0" offset="0" sl="170" sc="79" el="170" ec="80" />
            </Method>
            <Method visited="false" cyclomaticComplexity="1" sequenceCoverage="0" branchCoverage="0" isConstructor="false" isStatic="false" isGetter="false" isSetter="false">
              <Summary numSequencePoints="3" visitedSequencePoints="0" numBranchPoints="1" visitedBranchPoints="0" sequenceCoverage="0" branchCoverage="0" maxCyclomaticComplexity="1" minCyclomaticComplexity="1" />
              <MetadataToken>100663362</MetadataToken>
              <Name>System.Void CombinifyWpf.MainWindow::stripMenu_CloseProjectClick(System.Object,System.Windows.RoutedEventArgs)</Name>
              <FileRef uid="13" />
              <SequencePoints>
                <SequencePoint vc="0" uspid="478" ordinal="0" offset="0" sl="179" sc="86" el="179" ec="87" />
                <SequencePoint vc="0" uspid="479" ordinal="1" offset="1" sl="180" sc="13" el="180" ec="28" />
                <SequencePoint vc="0" uspid="480" ordinal="2" offset="8" sl="181" sc="9" el="181" ec="10" />
              </SequencePoints>
              <BranchPoints />
              <MethodPoint xsi:type="SequencePoint" vc="0" uspid="478" ordinal="0" offset="0" sl="179" sc="86" el="179" ec="87" />
            </Method>
            <Method visited="false" cyclomaticComplexity="2" sequenceCoverage="0" branchCoverage="0" isConstructor="false" isStatic="false" isGetter="false" isSetter="false">
              <Summary numSequencePoints="7" visitedSequencePoints="0" numBranchPoints="3" visitedBranchPoints="0" sequenceCoverage="0" branchCoverage="0" maxCyclomaticComplexity="2" minCyclomaticComplexity="2" />
              <MetadataToken>100663363</MetadataToken>
              <Name>System.Void CombinifyWpf.MainWindow::stripMenu_FileAddClick(System.Object,System.Windows.RoutedEventArgs)</Name>
              <FileRef uid="13" />
              <SequencePoints>
                <SequencePoint vc="0" uspid="481" ordinal="0" offset="0" sl="183" sc="81" el="183" ec="82" />
                <SequencePoint vc="0" uspid="482" ordinal="1" offset="1" sl="184" sc="13" el="184" ec="40" />
                <SequencePoint vc="0" uspid="483" ordinal="2" offset="7" sl="186" sc="13" el="186" ec="119" />
                <SequencePoint vc="0" uspid="484" ordinal="3" offset="41" sl="186" sc="120" el="186" ec="121" />
                <SequencePoint vc="0" uspid="485" ordinal="4" offset="42" sl="187" sc="17" el="187" ec="74" />
                <SequencePoint vc="0" uspid="486" ordinal="5" offset="60" sl="188" sc="13" el="188" ec="14" />
                <SequencePoint vc="0" uspid="487" ordinal="6" offset="61" sl="189" sc="9" el="189" ec="10" />
              </SequencePoints>
              <BranchPoints>
                <BranchPoint vc="0" uspid="488" ordinal="0" offset="39" path="0" />
                <BranchPoint vc="0" uspid="489" ordinal="1" offset="39" path="1" />
              </BranchPoints>
              <MethodPoint xsi:type="SequencePoint" vc="0" uspid="481" ordinal="0" offset="0" sl="183" sc="81" el="183" ec="82" />
            </Method>
            <Method visited="false" cyclomaticComplexity="2" sequenceCoverage="0" branchCoverage="0" isConstructor="false" isStatic="false" isGetter="false" isSetter="false">
              <Summary numSequencePoints="7" visitedSequencePoints="0" numBranchPoints="3" visitedBranchPoints="0" sequenceCoverage="0" branchCoverage="0" maxCyclomaticComplexity="2" minCyclomaticComplexity="2" />
              <MetadataToken>100663364</MetadataToken>
              <Name>System.Void CombinifyWpf.MainWindow::stripMenu_DirectoryAddClick(System.Object,System.Windows.RoutedEventArgs)</Name>
              <FileRef uid="13" />
              <SequencePoints>
                <SequencePoint vc="0" uspid="490" ordinal="0" offset="0" sl="191" sc="86" el="191" ec="87" />
                <SequencePoint vc="0" uspid="491" ordinal="1" offset="1" sl="192" sc="13" el="192" ec="40" />
                <SequencePoint vc="0" uspid="492" ordinal="2" offset="7" sl="194" sc="13" el="198" ec="75" />
                <SequencePoint vc="0" uspid="493" ordinal="3" offset="48" sl="198" sc="76" el="198" ec="77" />
                <SequencePoint vc="0" uspid="494" ordinal="4" offset="49" sl="199" sc="17" el="199" ec="79" />
                <SequencePoint vc="0" uspid="495" ordinal="5" offset="67" sl="200" sc="13" el="200" ec="14" />
                <SequencePoint vc="0" uspid="496" ordinal="6" offset="68" sl="201" sc="9" el="201" ec="10" />
              </SequencePoints>
              <BranchPoints>
                <BranchPoint vc="0" uspid="497" ordinal="0" offset="46" path="0" />
                <BranchPoint vc="0" uspid="498" ordinal="1" offset="46" path="1" />
              </BranchPoints>
              <MethodPoint xsi:type="SequencePoint" vc="0" uspid="490" ordinal="0" offset="0" sl="191" sc="86" el="191" ec="87" />
            </Method>
            <Method visited="false" cyclomaticComplexity="1" sequenceCoverage="0" branchCoverage="0" isConstructor="false" isStatic="false" isGetter="false" isSetter="false">
              <Summary numSequencePoints="3" visitedSequencePoints="0" numBranchPoints="1" visitedBranchPoints="0" sequenceCoverage="0" branchCoverage="0" maxCyclomaticComplexity="1" minCyclomaticComplexity="1" />
              <MetadataToken>100663365</MetadataToken>
              <Name>System.Void CombinifyWpf.MainWindow::stripMenu_SaveAsClick(System.Object,System.Windows.RoutedEventArgs)</Name>
              <FileRef uid="13" />
              <SequencePoints>
                <SequencePoint vc="0" uspid="499" ordinal="0" offset="0" sl="203" sc="80" el="203" ec="81" />
                <SequencePoint vc="0" uspid="500" ordinal="1" offset="1" sl="204" sc="13" el="204" ec="23" />
                <SequencePoint vc="0" uspid="501" ordinal="2" offset="8" sl="205" sc="9" el="205" ec="10" />
              </SequencePoints>
              <BranchPoints />
              <MethodPoint xsi:type="SequencePoint" vc="0" uspid="499" ordinal="0" offset="0" sl="203" sc="80" el="203" ec="81" />
            </Method>
            <Method visited="false" cyclomaticComplexity="1" sequenceCoverage="0" branchCoverage="0" isConstructor="false" isStatic="false" isGetter="false" isSetter="false">
              <Summary numSequencePoints="3" visitedSequencePoints="0" numBranchPoints="1" visitedBranchPoints="0" sequenceCoverage="0" branchCoverage="0" maxCyclomaticComplexity="1" minCyclomaticComplexity="1" />
              <MetadataToken>100663366</MetadataToken>
              <Name>System.Void CombinifyWpf.MainWindow::stripMenu_SaveProjectClick(System.Object,System.Windows.RoutedEventArgs)</Name>
              <FileRef uid="13" />
              <SequencePoints>
                <SequencePoint vc="0" uspid="502" ordinal="0" offset="0" sl="207" sc="85" el="207" ec="86" />
                <SequencePoint vc="0" uspid="503" ordinal="1" offset="1" sl="208" sc="13" el="208" ec="28" />
                <SequencePoint vc="0" uspid="504" ordinal="2" offset="8" sl="209" sc="9" el="209" ec="10" />
              </SequencePoints>
              <BranchPoints />
              <MethodPoint xsi:type="SequencePoint" vc="0" uspid="502" ordinal="0" offset="0" sl="207" sc="85" el="207" ec="86" />
            </Method>
            <Method visited="false" cyclomaticComplexity="2" sequenceCoverage="0" branchCoverage="0" isConstructor="false" isStatic="false" isGetter="false" isSetter="false">
              <Summary numSequencePoints="8" visitedSequencePoints="0" numBranchPoints="3" visitedBranchPoints="0" sequenceCoverage="0" branchCoverage="0" maxCyclomaticComplexity="2" minCyclomaticComplexity="2" />
              <MetadataToken>100663367</MetadataToken>
              <Name>System.Void CombinifyWpf.MainWindow::stripMenu_OpenProjectClick(System.Object,System.Windows.RoutedEventArgs)</Name>
              <FileRef uid="13" />
              <SequencePoints>
                <SequencePoint vc="0" uspid="505" ordinal="0" offset="0" sl="211" sc="85" el="211" ec="86" />
                <SequencePoint vc="0" uspid="506" ordinal="1" offset="1" sl="212" sc="13" el="212" ec="40" />
                <SequencePoint vc="0" uspid="507" ordinal="2" offset="7" sl="214" sc="13" el="214" ec="115" />
                <SequencePoint vc="0" uspid="508" ordinal="3" offset="41" sl="214" sc="116" el="214" ec="117" />
                <SequencePoint vc="0" uspid="509" ordinal="4" offset="42" sl="215" sc="17" el="215" ec="43" />
                <SequencePoint vc="0" uspid="510" ordinal="5" offset="48" sl="216" sc="17" el="216" ec="90" />
                <SequencePoint vc="0" uspid="511" ordinal="6" offset="72" sl="217" sc="13" el="217" ec="14" />
                <SequencePoint vc="0" uspid="512" ordinal="7" offset="73" sl="218" sc="9" el="218" ec="10" />
              </SequencePoints>
              <BranchPoints>
                <BranchPoint vc="0" uspid="513" ordinal="0" offset="39" path="0" />
                <BranchPoint vc="0" uspid="514" ordinal="1" offset="39" path="1" />
              </BranchPoints>
              <MethodPoint xsi:type="SequencePoint" vc="0" uspid="505" ordinal="0" offset="0" sl="211" sc="85" el="211" ec="86" />
            </Method>
            <Method visited="false" cyclomaticComplexity="2" sequenceCoverage="0" branchCoverage="0" isConstructor="false" isStatic="false" isGetter="false" isSetter="false">
              <Summary numSequencePoints="9" visitedSequencePoints="0" numBranchPoints="3" visitedBranchPoints="0" sequenceCoverage="0" branchCoverage="0" maxCyclomaticComplexity="2" minCyclomaticComplexity="2" />
              <MetadataToken>100663368</MetadataToken>
              <Name>System.Void CombinifyWpf.MainWindow::stripMenu_NewFromDirectoryClick(System.Object,System.Windows.RoutedEventArgs)</Name>
              <FileRef uid="13" />
              <SequencePoints>
                <SequencePoint vc="0" uspid="515" ordinal="0" offset="0" sl="220" sc="90" el="220" ec="91" />
                <SequencePoint vc="0" uspid="516" ordinal="1" offset="1" sl="221" sc="13" el="221" ec="40" />
                <SequencePoint vc="0" uspid="517" ordinal="2" offset="7" sl="222" sc="13" el="222" ec="64" />
                <SequencePoint vc="0" uspid="518" ordinal="3" offset="19" sl="224" sc="13" el="228" ec="42" />
                <SequencePoint vc="0" uspid="519" ordinal="4" offset="50" sl="228" sc="43" el="228" ec="44" />
                <SequencePoint vc="0" uspid="520" ordinal="5" offset="51" sl="229" sc="17" el="229" ec="32" />
                <SequencePoint vc="0" uspid="521" ordinal="6" offset="58" sl="230" sc="17" el="230" ec="46" />
                <SequencePoint vc="0" uspid="522" ordinal="7" offset="66" sl="231" sc="13" el="231" ec="14" />
                <SequencePoint vc="0" uspid="523" ordinal="8" offset="67" sl="232" sc="9" el="232" ec="10" />
              </SequencePoints>
              <BranchPoints>
                <BranchPoint vc="0" uspid="524" ordinal="0" offset="48" path="0" />
                <BranchPoint vc="0" uspid="525" ordinal="1" offset="48" path="1" />
              </BranchPoints>
              <MethodPoint xsi:type="SequencePoint" vc="0" uspid="515" ordinal="0" offset="0" sl="220" sc="90" el="220" ec="91" />
            </Method>
            <Method visited="false" cyclomaticComplexity="2" sequenceCoverage="0" branchCoverage="0" isConstructor="false" isStatic="false" isGetter="false" isSetter="false">
              <Summary numSequencePoints="8" visitedSequencePoints="0" numBranchPoints="3" visitedBranchPoints="0" sequenceCoverage="0" branchCoverage="0" maxCyclomaticComplexity="2" minCyclomaticComplexity="2" />
              <MetadataToken>100663369</MetadataToken>
              <Name>System.Void CombinifyWpf.MainWindow::stripMenu_NewFromFileClick(System.Object,System.Windows.RoutedEventArgs)</Name>
              <FileRef uid="13" />
              <SequencePoints>
                <SequencePoint vc="0" uspid="526" ordinal="0" offset="0" sl="234" sc="85" el="234" ec="86" />
                <SequencePoint vc="0" uspid="527" ordinal="1" offset="1" sl="235" sc="13" el="235" ec="40" />
                <SequencePoint vc="0" uspid="528" ordinal="2" offset="7" sl="237" sc="13" el="237" ec="119" />
                <SequencePoint vc="0" uspid="529" ordinal="3" offset="41" sl="237" sc="120" el="237" ec="121" />
                <SequencePoint vc="0" uspid="530" ordinal="4" offset="42" sl="238" sc="17" el="238" ec="32" />
                <SequencePoint vc="0" uspid="531" ordinal="5" offset="49" sl="239" sc="17" el="239" ec="74" />
                <SequencePoint vc="0" uspid="532" ordinal="6" offset="67" sl="240" sc="13" el="240" ec="14" />
                <SequencePoint vc="0" uspid="533" ordinal="7" offset="68" sl="241" sc="9" el="241" ec="10" />
              </SequencePoints>
              <BranchPoints>
                <BranchPoint vc="0" uspid="534" ordinal="0" offset="39" path="0" />
                <BranchPoint vc="0" uspid="535" ordinal="1" offset="39" path="1" />
              </BranchPoints>
              <MethodPoint xsi:type="SequencePoint" vc="0" uspid="526" ordinal="0" offset="0" sl="234" sc="85" el="234" ec="86" />
            </Method>
            <Method visited="false" cyclomaticComplexity="1" sequenceCoverage="0" branchCoverage="0" isConstructor="false" isStatic="false" isGetter="false" isSetter="false">
              <Summary numSequencePoints="3" visitedSequencePoints="0" numBranchPoints="1" visitedBranchPoints="0" sequenceCoverage="0" branchCoverage="0" maxCyclomaticComplexity="1" minCyclomaticComplexity="1" />
              <MetadataToken>100663370</MetadataToken>
              <Name>System.Void CombinifyWpf.MainWindow::stripMenu_MenuClose(System.Object,System.Windows.RoutedEventArgs)</Name>
              <FileRef uid="13" />
              <SequencePoints>
                <SequencePoint vc="0" uspid="536" ordinal="0" offset="0" sl="243" sc="78" el="243" ec="79" />
                <SequencePoint vc="0" uspid="537" ordinal="1" offset="1" sl="244" sc="13" el="244" ec="104" />
                <SequencePoint vc="0" uspid="538" ordinal="2" offset="41" sl="245" sc="9" el="245" ec="10" />
              </SequencePoints>
              <BranchPoints />
              <MethodPoint xsi:type="SequencePoint" vc="0" uspid="536" ordinal="0" offset="0" sl="243" sc="78" el="243" ec="79" />
            </Method>
            <Method visited="false" cyclomaticComplexity="1" sequenceCoverage="0" branchCoverage="0" isConstructor="false" isStatic="false" isGetter="false" isSetter="false">
              <Summary numSequencePoints="3" visitedSequencePoints="0" numBranchPoints="1" visitedBranchPoints="0" sequenceCoverage="0" branchCoverage="0" maxCyclomaticComplexity="1" minCyclomaticComplexity="1" />
              <MetadataToken>100663371</MetadataToken>
              <Name>System.Void CombinifyWpf.MainWindow::stripMenu_MenuOpen(System.Object,System.Windows.RoutedEventArgs)</Name>
              <FileRef uid="13" />
              <SequencePoints>
                <SequencePoint vc="0" uspid="539" ordinal="0" offset="0" sl="247" sc="77" el="247" ec="78" />
                <SequencePoint vc="0" uspid="540" ordinal="1" offset="1" sl="248" sc="13" el="248" ec="104" />
                <SequencePoint vc="0" uspid="541" ordinal="2" offset="41" sl="249" sc="9" el="249" ec="10" />
              </SequencePoints>
              <BranchPoints />
              <MethodPoint xsi:type="SequencePoint" vc="0" uspid="539" ordinal="0" offset="0" sl="247" sc="77" el="247" ec="78" />
            </Method>
            <Method visited="false" cyclomaticComplexity="1" sequenceCoverage="0" branchCoverage="0" isConstructor="false" isStatic="false" isGetter="false" isSetter="false">
              <Summary numSequencePoints="3" visitedSequencePoints="0" numBranchPoints="1" visitedBranchPoints="0" sequenceCoverage="0" branchCoverage="0" maxCyclomaticComplexity="1" minCyclomaticComplexity="1" />
              <MetadataToken>100663372</MetadataToken>
              <Name>System.Void CombinifyWpf.MainWindow::stripMenu_ExitClick(System.Object,System.Windows.RoutedEventArgs)</Name>
              <FileRef uid="13" />
              <SequencePoints>
                <SequencePoint vc="0" uspid="542" ordinal="0" offset="0" sl="251" sc="78" el="251" ec="79" />
                <SequencePoint vc="0" uspid="543" ordinal="1" offset="1" sl="252" sc="13" el="252" ec="31" />
                <SequencePoint vc="0" uspid="544" ordinal="2" offset="8" sl="253" sc="9" el="253" ec="10" />
              </SequencePoints>
              <BranchPoints />
              <MethodPoint xsi:type="SequencePoint" vc="0" uspid="542" ordinal="0" offset="0" sl="251" sc="78" el="251" ec="79" />
            </Method>
            <Method visited="false" cyclomaticComplexity="2" sequenceCoverage="0" branchCoverage="0" isConstructor="false" isStatic="false" isGetter="false" isSetter="false">
              <Summary numSequencePoints="6" visitedSequencePoints="0" numBranchPoints="3" visitedBranchPoints="0" sequenceCoverage="0" branchCoverage="0" maxCyclomaticComplexity="2" minCyclomaticComplexity="2" />
              <MetadataToken>100663373</MetadataToken>
              <Name>System.Void CombinifyWpf.MainWindow::watchList_ClearClick(System.Object,System.Windows.RoutedEventArgs)</Name>
              <FileRef uid="13" />
              <SequencePoints>
                <SequencePoint vc="0" uspid="545" ordinal="0" offset="0" sl="255" sc="79" el="255" ec="80" />
                <SequencePoint vc="0" uspid="546" ordinal="1" offset="1" sl="256" sc="13" el="259" ec="86" />
                <SequencePoint vc="0" uspid="547" ordinal="2" offset="29" sl="259" sc="87" el="259" ec="88" />
                <SequencePoint vc="0" uspid="548" ordinal="3" offset="30" sl="260" sc="17" el="260" ec="73" />
                <SequencePoint vc="0" uspid="549" ordinal="4" offset="47" sl="261" sc="13" el="261" ec="14" />
                <SequencePoint vc="0" uspid="550" ordinal="5" offset="48" sl="262" sc="9" el="262" ec="10" />
              </SequencePoints>
              <BranchPoints>
                <BranchPoint vc="0" uspid="551" ordinal="0" offset="27" path="0" />
                <BranchPoint vc="0" uspid="552" ordinal="1" offset="27" path="1" />
              </BranchPoints>
              <MethodPoint xsi:type="SequencePoint" vc="0" uspid="545" ordinal="0" offset="0" sl="255" sc="79" el="255" ec="80" />
            </Method>
            <Method visited="false" cyclomaticComplexity="2" sequenceCoverage="0" branchCoverage="0" isConstructor="false" isStatic="false" isGetter="false" isSetter="false">
              <Summary numSequencePoints="7" visitedSequencePoints="0" numBranchPoints="3" visitedBranchPoints="0" sequenceCoverage="0" branchCoverage="0" maxCyclomaticComplexity="2" minCyclomaticComplexity="2" />
              <MetadataToken>100663374</MetadataToken>
              <Name>System.Void CombinifyWpf.MainWindow::watchList_SelectClick(System.Object,System.Windows.RoutedEventArgs)</Name>
              <FileRef uid="13" />
              <SequencePoints>
                <SequencePoint vc="0" uspid="553" ordinal="0" offset="0" sl="264" sc="80" el="264" ec="81" />
                <SequencePoint vc="0" uspid="554" ordinal="1" offset="1" sl="265" sc="13" el="265" ec="40" />
                <SequencePoint vc="0" uspid="555" ordinal="2" offset="7" sl="267" sc="13" el="267" ec="137" />
                <SequencePoint vc="0" uspid="556" ordinal="3" offset="41" sl="267" sc="138" el="267" ec="139" />
                <SequencePoint vc="0" uspid="557" ordinal="4" offset="42" sl="268" sc="17" el="268" ec="77" />
                <SequencePoint vc="0" uspid="558" ordinal="5" offset="60" sl="269" sc="13" el="269" ec="14" />
                <SequencePoint vc="0" uspid="559" ordinal="6" offset="61" sl="270" sc="9" el="270" ec="10" />
              </SequencePoints>
              <BranchPoints>
                <BranchPoint vc="0" uspid="560" ordinal="0" offset="39" path="0" />
                <BranchPoint vc="0" uspid="561" ordinal="1" offset="39" path="1" />
              </BranchPoints>
              <MethodPoint xsi:type="SequencePoint" vc="0" uspid="553" ordinal="0" offset="0" sl="264" sc="80" el="264" ec="81" />
            </Method>
            <Method visited="false" cyclomaticComplexity="2" sequenceCoverage="0" branchCoverage="0" isConstructor="false" isStatic="false" isGetter="false" isSetter="false">
              <Summary numSequencePoints="9" visitedSequencePoints="0" numBranchPoints="3" visitedBranchPoints="0" sequenceCoverage="0" branchCoverage="0" maxCyclomaticComplexity="2" minCyclomaticComplexity="2" />
              <MetadataToken>100663375</MetadataToken>
              <Name>System.Void CombinifyWpf.MainWindow::WatchedItemRemove_Click(System.Object,System.Windows.RoutedEventArgs)</Name>
              <FileRef uid="13" />
              <SequencePoints>
                <SequencePoint vc="0" uspid="562" ordinal="0" offset="0" sl="272" sc="82" el="272" ec="83" />
                <SequencePoint vc="0" uspid="563" ordinal="1" offset="1" sl="273" sc="13" el="273" ec="56" />
                <SequencePoint vc="0" uspid="564" ordinal="2" offset="13" sl="274" sc="13" el="274" ec="62" />
                <SequencePoint vc="0" uspid="565" ordinal="3" offset="30" sl="276" sc="13" el="279" ec="86" />
                <SequencePoint vc="0" uspid="566" ordinal="4" offset="69" sl="279" sc="87" el="279" ec="88" />
                <SequencePoint vc="0" uspid="567" ordinal="5" offset="70" sl="280" sc="17" el="280" ec="44" />
                <SequencePoint vc="0" uspid="568" ordinal="6" offset="77" sl="281" sc="17" el="281" ec="76" />
                <SequencePoint vc="0" uspid="569" ordinal="7" offset="95" sl="282" sc="13" el="282" ec="14" />
                <SequencePoint vc="0" uspid="570" ordinal="8" offset="96" sl="283" sc="9" el="283" ec="10" />
              </SequencePoints>
              <BranchPoints>
                <BranchPoint vc="0" uspid="571" ordinal="0" offset="67" path="0" />
                <BranchPoint vc="0" uspid="572" ordinal="1" offset="67" path="1" />
              </BranchPoints>
              <MethodPoint xsi:type="SequencePoint" vc="0" uspid="562" ordinal="0" offset="0" sl="272" sc="82" el="272" ec="83" />
            </Method>
            <Method visited="false" cyclomaticComplexity="1" sequenceCoverage="0" branchCoverage="0" isConstructor="false" isStatic="false" isGetter="false" isSetter="false">
              <Summary numSequencePoints="3" visitedSequencePoints="0" numBranchPoints="1" visitedBranchPoints="0" sequenceCoverage="0" branchCoverage="0" maxCyclomaticComplexity="1" minCyclomaticComplexity="1" />
              <MetadataToken>100663376</MetadataToken>
              <Name>System.Void CombinifyWpf.MainWindow::WatchTimer_Elapsed(System.Object)</Name>
              <FileRef uid="13" />
              <SequencePoints>
                <SequencePoint vc="0" uspid="573" ordinal="0" offset="0" sl="285" sc="57" el="285" ec="58" />
                <SequencePoint vc="0" uspid="574" ordinal="1" offset="1" sl="286" sc="13" el="291" ec="44" />
                <SequencePoint vc="0" uspid="575" ordinal="2" offset="33" sl="292" sc="9" el="292" ec="10" />
              </SequencePoints>
              <BranchPoints />
              <MethodPoint xsi:type="SequencePoint" vc="0" uspid="573" ordinal="0" offset="0" sl="285" sc="57" el="285" ec="58" />
            </Method>
            <Method visited="false" cyclomaticComplexity="1" sequenceCoverage="0" branchCoverage="0" isConstructor="false" isStatic="false" isGetter="false" isSetter="false">
              <Summary numSequencePoints="24" visitedSequencePoints="0" numBranchPoints="1" visitedBranchPoints="0" sequenceCoverage="0" branchCoverage="0" maxCyclomaticComplexity="1" minCyclomaticComplexity="1" />
              <MetadataToken>100663377</MetadataToken>
              <Name>System.Void CombinifyWpf.MainWindow::ConfigureTrayIcon()</Name>
              <FileRef uid="13" />
              <SequencePoints>
                <SequencePoint vc="0" uspid="576" ordinal="0" offset="0" sl="297" sc="42" el="297" ec="43" />
                <SequencePoint vc="0" uspid="577" ordinal="1" offset="1" sl="298" sc="13" el="298" ec="75" />
                <SequencePoint vc="0" uspid="578" ordinal="2" offset="7" sl="300" sc="13" el="300" ec="105" />
                <SequencePoint vc="0" uspid="579" ordinal="3" offset="13" sl="301" sc="13" el="301" ec="45" />
                <SequencePoint vc="0" uspid="580" ordinal="4" offset="25" sl="302" sc="13" el="302" ec="34" />
                <SequencePoint vc="0" uspid="581" ordinal="5" offset="33" sl="303" sc="13" el="303" ec="71" />
                <SequencePoint vc="0" uspid="582" ordinal="6" offset="52" sl="304" sc="13" el="304" ec="44" />
                <SequencePoint vc="0" uspid="583" ordinal="7" offset="65" sl="306" sc="13" el="306" ec="105" />
                <SequencePoint vc="0" uspid="584" ordinal="8" offset="71" sl="307" sc="13" el="307" ec="44" />
                <SequencePoint vc="0" uspid="585" ordinal="9" offset="83" sl="308" sc="13" el="308" ec="35" />
                <SequencePoint vc="0" uspid="586" ordinal="10" offset="91" sl="309" sc="13" el="309" ec="70" />
                <SequencePoint vc="0" uspid="587" ordinal="11" offset="110" sl="310" sc="13" el="310" ec="44" />
                <SequencePoint vc="0" uspid="588" ordinal="12" offset="123" sl="312" sc="13" el="312" ec="42" />
                <SequencePoint vc="0" uspid="589" ordinal="13" offset="140" sl="313" sc="13" el="313" ec="107" />
                <SequencePoint vc="0" uspid="590" ordinal="14" offset="146" sl="314" sc="13" el="314" ec="45" />
                <SequencePoint vc="0" uspid="591" ordinal="15" offset="158" sl="315" sc="13" el="315" ec="72" />
                <SequencePoint vc="0" uspid="592" ordinal="16" offset="177" sl="316" sc="13" el="316" ec="46" />
                <SequencePoint vc="0" uspid="593" ordinal="17" offset="190" sl="318" sc="13" el="318" ec="62" />
                <SequencePoint vc="0" uspid="594" ordinal="18" offset="201" sl="319" sc="13" el="319" ec="67" />
                <SequencePoint vc="0" uspid="595" ordinal="19" offset="223" sl="320" sc="13" el="320" ec="52" />
                <SequencePoint vc="0" uspid="596" ordinal="20" offset="240" sl="321" sc="13" el="321" ec="77" />
                <SequencePoint vc="0" uspid="597" ordinal="21" offset="257" sl="322" sc="13" el="322" ec="53" />
                <SequencePoint vc="0" uspid="598" ordinal="22" offset="270" sl="323" sc="13" el="323" ec="103" />
                <SequencePoint vc="0" uspid="599" ordinal="23" offset="294" sl="324" sc="9" el="324" ec="10" />
              </SequencePoints>
              <BranchPoints />
              <MethodPoint xsi:type="SequencePoint" vc="0" uspid="576" ordinal="0" offset="0" sl="297" sc="42" el="297" ec="43" />
            </Method>
            <Method visited="false" cyclomaticComplexity="1" sequenceCoverage="0" branchCoverage="0" isConstructor="false" isStatic="false" isGetter="false" isSetter="false">
              <Summary numSequencePoints="4" visitedSequencePoints="0" numBranchPoints="1" visitedBranchPoints="0" sequenceCoverage="0" branchCoverage="0" maxCyclomaticComplexity="1" minCyclomaticComplexity="1" />
              <MetadataToken>100663378</MetadataToken>
              <Name>System.Void CombinifyWpf.MainWindow::StartWatching()</Name>
              <FileRef uid="13" />
              <SequencePoints>
                <SequencePoint vc="0" uspid="600" ordinal="0" offset="0" sl="326" sc="38" el="326" ec="39" />
                <SequencePoint vc="0" uspid="601" ordinal="1" offset="1" sl="327" sc="13" el="327" ec="35" />
                <SequencePoint vc="0" uspid="602" ordinal="2" offset="8" sl="328" sc="13" el="328" ec="124" />
                <SequencePoint vc="0" uspid="603" ordinal="3" offset="60" sl="329" sc="9" el="329" ec="10" />
              </SequencePoints>
              <BranchPoints />
              <MethodPoint xsi:type="SequencePoint" vc="0" uspid="600" ordinal="0" offset="0" sl="326" sc="38" el="326" ec="39" />
            </Method>
            <Method visited="false" cyclomaticComplexity="2" sequenceCoverage="0" branchCoverage="0" isConstructor="false" isStatic="false" isGetter="false" isSetter="false">
              <Summary numSequencePoints="7" visitedSequencePoints="0" numBranchPoints="3" visitedBranchPoints="0" sequenceCoverage="0" branchCoverage="0" maxCyclomaticComplexity="2" minCyclomaticComplexity="2" />
              <MetadataToken>100663379</MetadataToken>
              <Name>System.Void CombinifyWpf.MainWindow::StopWatching()</Name>
              <FileRef uid="13" />
              <SequencePoints>
                <SequencePoint vc="0" uspid="604" ordinal="0" offset="0" sl="331" sc="37" el="331" ec="38" />
                <SequencePoint vc="0" uspid="605" ordinal="1" offset="1" sl="332" sc="13" el="332" ec="35" />
                <SequencePoint vc="0" uspid="606" ordinal="2" offset="8" sl="333" sc="13" el="333" ec="43" />
                <SequencePoint vc="0" uspid="607" ordinal="3" offset="21" sl="333" sc="44" el="333" ec="45" />
                <SequencePoint vc="0" uspid="608" ordinal="4" offset="22" sl="334" sc="17" el="334" ec="44" />
                <SequencePoint vc="0" uspid="609" ordinal="5" offset="34" sl="335" sc="13" el="335" ec="14" />
                <SequencePoint vc="0" uspid="610" ordinal="6" offset="35" sl="336" sc="9" el="336" ec="10" />
              </SequencePoints>
              <BranchPoints>
                <BranchPoint vc="0" uspid="611" ordinal="0" offset="19" path="0" />
                <BranchPoint vc="0" uspid="612" ordinal="1" offset="19" path="1" />
              </BranchPoints>
              <MethodPoint xsi:type="SequencePoint" vc="0" uspid="604" ordinal="0" offset="0" sl="331" sc="37" el="331" ec="38" />
            </Method>
            <Method visited="false" cyclomaticComplexity="1" sequenceCoverage="0" branchCoverage="0" isConstructor="false" isStatic="false" isGetter="false" isSetter="false">
              <Summary numSequencePoints="9" visitedSequencePoints="0" numBranchPoints="1" visitedBranchPoints="0" sequenceCoverage="0" branchCoverage="0" maxCyclomaticComplexity="1" minCyclomaticComplexity="1" />
              <MetadataToken>100663380</MetadataToken>
              <Name>System.Void CombinifyWpf.MainWindow::SwitchEnabledStates()</Name>
              <FileRef uid="13" />
              <SequencePoints>
                <SequencePoint vc="0" uspid="613" ordinal="0" offset="0" sl="338" sc="44" el="338" ec="45" />
                <SequencePoint vc="0" uspid="614" ordinal="1" offset="1" sl="339" sc="13" el="339" ec="64" />
                <SequencePoint vc="0" uspid="615" ordinal="2" offset="13" sl="340" sc="13" el="340" ec="51" />
                <SequencePoint vc="0" uspid="616" ordinal="3" offset="25" sl="341" sc="13" el="341" ec="54" />
                <SequencePoint vc="0" uspid="617" ordinal="4" offset="41" sl="342" sc="13" el="342" ec="74" />
                <SequencePoint vc="0" uspid="618" ordinal="5" offset="77" sl="343" sc="13" el="343" ec="72" />
                <SequencePoint vc="0" uspid="619" ordinal="6" offset="113" sl="344" sc="13" el="344" ec="66" />
                <SequencePoint vc="0" uspid="620" ordinal="7" offset="151" sl="345" sc="13" el="345" ec="66" />
                <SequencePoint vc="0" uspid="621" ordinal="8" offset="189" sl="346" sc="9" el="346" ec="10" />
              </SequencePoints>
              <BranchPoints />
              <MethodPoint xsi:type="SequencePoint" vc="0" uspid="613" ordinal="0" offset="0" sl="338" sc="44" el="338" ec="45" />
            </Method>
            <Method visited="false" cyclomaticComplexity="1" sequenceCoverage="0" branchCoverage="0" isConstructor="false" isStatic="false" isGetter="false" isSetter="false">
              <Summary numSequencePoints="3" visitedSequencePoints="0" numBranchPoints="1" visitedBranchPoints="0" sequenceCoverage="0" branchCoverage="0" maxCyclomaticComplexity="1" minCyclomaticComplexity="1" />
              <MetadataToken>100663381</MetadataToken>
              <Name>System.Void CombinifyWpf.MainWindow::ExitApplication()</Name>
              <FileRef uid="13" />
              <SequencePoints>
                <SequencePoint vc="0" uspid="622" ordinal="0" offset="0" sl="348" sc="40" el="348" ec="41" />
                <SequencePoint vc="0" uspid="623" ordinal="1" offset="1" sl="350" sc="13" el="350" ec="52" />
                <SequencePoint vc="0" uspid="624" ordinal="2" offset="17" sl="351" sc="9" el="351" ec="10" />
              </SequencePoints>
              <BranchPoints />
              <MethodPoint xsi:type="SequencePoint" vc="0" uspid="622" ordinal="0" offset="0" sl="348" sc="40" el="348" ec="41" />
            </Method>
            <Method visited="false" cyclomaticComplexity="2" sequenceCoverage="0" branchCoverage="0" isConstructor="false" isStatic="false" isGetter="false" isSetter="false">
              <Summary numSequencePoints="11" visitedSequencePoints="0" numBranchPoints="3" visitedBranchPoints="0" sequenceCoverage="0" branchCoverage="0" maxCyclomaticComplexity="2" minCyclomaticComplexity="2" />
              <MetadataToken>100663382</MetadataToken>
              <Name>System.Void CombinifyWpf.MainWindow::NewSave()</Name>
              <FileRef uid="13" />
              <SequencePoints>
                <SequencePoint vc="0" uspid="625" ordinal="0" offset="0" sl="353" sc="32" el="353" ec="33" />
                <SequencePoint vc="0" uspid="626" ordinal="1" offset="1" sl="354" sc="13" el="354" ec="40" />
                <SequencePoint vc="0" uspid="627" ordinal="2" offset="7" sl="356" sc="13" el="356" ec="131" />
                <SequencePoint vc="0" uspid="628" ordinal="3" offset="41" sl="356" sc="132" el="356" ec="133" />
                <SequencePoint vc="0" uspid="629" ordinal="4" offset="42" sl="357" sc="17" el="357" ec="43" />
                <SequencePoint vc="0" uspid="630" ordinal="5" offset="48" sl="358" sc="17" el="358" ec="68" />
                <SequencePoint vc="0" uspid="631" ordinal="6" offset="60" sl="359" sc="17" el="359" ec="48" />
                <SequencePoint vc="0" uspid="632" ordinal="7" offset="68" sl="360" sc="17" el="360" ec="91" />
                <SequencePoint vc="0" uspid="633" ordinal="8" offset="95" sl="361" sc="17" el="361" ec="56" />
                <SequencePoint vc="0" uspid="634" ordinal="9" offset="109" sl="362" sc="13" el="362" ec="14" />
                <SequencePoint vc="0" uspid="635" ordinal="10" offset="110" sl="363" sc="9" el="363" ec="10" />
              </SequencePoints>
              <BranchPoints>
                <BranchPoint vc="0" uspid="636" ordinal="0" offset="39" path="0" />
                <BranchPoint vc="0" uspid="637" ordinal="1" offset="39" path="1" />
              </BranchPoints>
              <MethodPoint xsi:type="SequencePoint" vc="0" uspid="625" ordinal="0" offset="0" sl="353" sc="32" el="353" ec="33" />
            </Method>
            <Method visited="false" cyclomaticComplexity="2" sequenceCoverage="0" branchCoverage="0" isConstructor="false" isStatic="false" isGetter="false" isSetter="false">
              <Summary numSequencePoints="11" visitedSequencePoints="0" numBranchPoints="3" visitedBranchPoints="0" sequenceCoverage="0" branchCoverage="0" maxCyclomaticComplexity="2" minCyclomaticComplexity="2" />
              <MetadataToken>100663383</MetadataToken>
              <Name>System.Void CombinifyWpf.MainWindow::ExistingSave()</Name>
              <FileRef uid="13" />
              <SequencePoints>
                <SequencePoint vc="0" uspid="638" ordinal="0" offset="0" sl="365" sc="37" el="365" ec="38" />
                <SequencePoint vc="0" uspid="639" ordinal="1" offset="1" sl="366" sc="13" el="366" ec="64" />
                <SequencePoint vc="0" uspid="640" ordinal="2" offset="13" sl="367" sc="13" el="367" ec="71" />
                <SequencePoint vc="0" uspid="641" ordinal="3" offset="31" sl="367" sc="72" el="367" ec="73" />
                <SequencePoint vc="0" uspid="642" ordinal="4" offset="32" sl="368" sc="17" el="368" ec="27" />
                <SequencePoint vc="0" uspid="643" ordinal="5" offset="39" sl="369" sc="13" el="369" ec="14" />
                <SequencePoint vc="0" uspid="644" ordinal="6" offset="42" sl="370" sc="18" el="370" ec="19" />
                <SequencePoint vc="0" uspid="645" ordinal="7" offset="43" sl="371" sc="17" el="371" ec="43" />
                <SequencePoint vc="0" uspid="646" ordinal="8" offset="49" sl="372" sc="17" el="372" ec="75" />
                <SequencePoint vc="0" uspid="647" ordinal="9" offset="68" sl="373" sc="13" el="373" ec="14" />
                <SequencePoint vc="0" uspid="648" ordinal="10" offset="69" sl="374" sc="9" el="374" ec="10" />
              </SequencePoints>
              <BranchPoints>
                <BranchPoint vc="0" uspid="649" ordinal="0" offset="29" path="0" />
                <BranchPoint vc="0" uspid="650" ordinal="1" offset="29" path="1" />
              </BranchPoints>
              <MethodPoint xsi:type="SequencePoint" vc="0" uspid="638" ordinal="0" offset="0" sl="365" sc="37" el="365" ec="38" />
            </Method>
            <Method visited="false" cyclomaticComplexity="1" sequenceCoverage="0" branchCoverage="0" isConstructor="false" isStatic="false" isGetter="false" isSetter="false">
              <Summary numSequencePoints="3" visitedSequencePoints="0" numBranchPoints="1" visitedBranchPoints="0" sequenceCoverage="0" branchCoverage="0" maxCyclomaticComplexity="1" minCyclomaticComplexity="1" />
              <MetadataToken>100663384</MetadataToken>
              <Name>System.Void CombinifyWpf.MainWindow::ResetProject()</Name>
              <FileRef uid="13" />
              <SequencePoints>
                <SequencePoint vc="0" uspid="651" ordinal="0" offset="0" sl="376" sc="37" el="376" ec="38" />
                <SequencePoint vc="0" uspid="652" ordinal="1" offset="1" sl="378" sc="13" el="378" ec="62" />
                <SequencePoint vc="0" uspid="653" ordinal="2" offset="18" sl="379" sc="9" el="379" ec="10" />
              </SequencePoints>
              <BranchPoints />
              <MethodPoint xsi:type="SequencePoint" vc="0" uspid="651" ordinal="0" offset="0" sl="376" sc="37" el="376" ec="38" />
            </Method>
            <Method visited="false" cyclomaticComplexity="1" sequenceCoverage="0" branchCoverage="0" isConstructor="false" isStatic="false" isGetter="false" isSetter="false">
              <Summary numSequencePoints="4" visitedSequencePoints="0" numBranchPoints="1" visitedBranchPoints="0" sequenceCoverage="0" branchCoverage="0" maxCyclomaticComplexity="1" minCyclomaticComplexity="1" />
              <MetadataToken>100663385</MetadataToken>
              <Name>System.Void CombinifyWpf.MainWindow::IconSvg_MouseLeftButtonDown(System.Object,System.Windows.Input.MouseButtonEventArgs)</Name>
              <FileRef uid="13" />
              <SequencePoints>
                <SequencePoint vc="0" uspid="654" ordinal="0" offset="0" sl="381" sc="91" el="381" ec="92" />
                <SequencePoint vc="0" uspid="655" ordinal="1" offset="1" sl="382" sc="13" el="382" ec="51" />
                <SequencePoint vc="0" uspid="656" ordinal="2" offset="7" sl="383" sc="13" el="383" ec="33" />
                <SequencePoint vc="0" uspid="657" ordinal="3" offset="14" sl="384" sc="9" el="384" ec="10" />
              </SequencePoints>
              <BranchPoints />
              <MethodPoint xsi:type="SequencePoint" vc="0" uspid="654" ordinal="0" offset="0" sl="381" sc="91" el="381" ec="92" />
            </Method>
            <Method visited="false" cyclomaticComplexity="2" sequenceCoverage="0" branchCoverage="0" isConstructor="false" isStatic="false" isGetter="false" isSetter="false">
              <Summary numSequencePoints="1" visitedSequencePoints="0" numBranchPoints="3" visitedBranchPoints="0" sequenceCoverage="0" branchCoverage="0" maxCyclomaticComplexity="2" minCyclomaticComplexity="2" />
              <MetadataToken>100663386</MetadataToken>
              <Name>System.Void CombinifyWpf.MainWindow::InitializeComponent()</Name>
              <SequencePoints>
                <SequencePoint vc="0" uspid="658" ordinal="0" offset="36" sl="1" sc="13" el="1" ec="77" />
              </SequencePoints>
              <BranchPoints>
                <BranchPoint vc="0" uspid="660" ordinal="0" offset="12" path="0" />
                <BranchPoint vc="0" uspid="661" ordinal="1" offset="12" path="1" />
              </BranchPoints>
              <MethodPoint vc="0" uspid="659" ordinal="0" offset="0" />
            </Method>
            <Method visited="false" cyclomaticComplexity="1" sequenceCoverage="0" branchCoverage="0" isConstructor="false" isStatic="false" isGetter="false" isSetter="false">
              <Summary numSequencePoints="0" visitedSequencePoints="0" numBranchPoints="0" visitedBranchPoints="0" sequenceCoverage="0" branchCoverage="0" maxCyclomaticComplexity="1" minCyclomaticComplexity="1" />
              <MetadataToken>100663387</MetadataToken>
              <Name>System.Delegate CombinifyWpf.MainWindow::_CreateDelegate(System.Type,System.String)</Name>
              <SequencePoints />
              <BranchPoints />
              <MethodPoint vc="0" uspid="662" ordinal="0" offset="0" />
            </Method>
            <Method visited="false" cyclomaticComplexity="14" sequenceCoverage="0" branchCoverage="0" isConstructor="false" isStatic="false" isGetter="false" isSetter="false">
              <Summary numSequencePoints="8" visitedSequencePoints="0" numBranchPoints="14" visitedBranchPoints="0" sequenceCoverage="0" branchCoverage="0" maxCyclomaticComplexity="14" minCyclomaticComplexity="14" />
              <MetadataToken>100663388</MetadataToken>
              <Name>System.Void CombinifyWpf.MainWindow::System.Windows.Markup.IComponentConnector.Connect(System.Int32,System.Object)</Name>
              <SequencePoints>
                <SequencePoint vc="0" uspid="663" ordinal="0" offset="76" sl="20" sc="13" el="20" ec="110" />
                <SequencePoint vc="0" uspid="664" ordinal="1" offset="100" sl="21" sc="13" el="21" ec="99" />
                <SequencePoint vc="0" uspid="665" ordinal="2" offset="124" sl="22" sc="13" el="22" ec="103" />
                <SequencePoint vc="0" uspid="666" ordinal="3" offset="148" sl="23" sc="13" el="23" ec="95" />
                <SequencePoint vc="0" uspid="667" ordinal="4" offset="172" sl="24" sc="13" el="24" ec="112" />
                <SequencePoint vc="0" uspid="668" ordinal="5" offset="247" sl="60" sc="13" el="60" ec="132" />
                <SequencePoint vc="0" uspid="669" ordinal="6" offset="322" sl="87" sc="13" el="87" ec="117" />
                <SequencePoint vc="0" uspid="670" ordinal="7" offset="346" sl="88" sc="13" el="88" ec="111" />
              </SequencePoints>
              <BranchPoints>
                <BranchPoint vc="0" uspid="672" ordinal="0" offset="6" path="0" />
                <BranchPoint vc="0" uspid="673" ordinal="1" offset="6" path="1" />
                <BranchPoint vc="0" uspid="674" ordinal="2" offset="6" path="2" />
                <BranchPoint vc="0" uspid="675" ordinal="3" offset="6" path="3" />
                <BranchPoint vc="0" uspid="676" ordinal="4" offset="6" path="4" />
                <BranchPoint vc="0" uspid="677" ordinal="5" offset="6" path="5" />
                <BranchPoint vc="0" uspid="678" ordinal="6" offset="6" path="6" />
                <BranchPoint vc="0" uspid="679" ordinal="7" offset="6" path="7" />
                <BranchPoint vc="0" uspid="680" ordinal="8" offset="6" path="8" />
                <BranchPoint vc="0" uspid="681" ordinal="9" offset="6" path="9" />
                <BranchPoint vc="0" uspid="682" ordinal="10" offset="6" path="10" />
                <BranchPoint vc="0" uspid="683" ordinal="11" offset="6" path="11" />
                <BranchPoint vc="0" uspid="684" ordinal="12" offset="6" path="12" />
              </BranchPoints>
              <MethodPoint vc="0" uspid="671" ordinal="0" offset="0" />
            </Method>
            <Method visited="false" cyclomaticComplexity="3" sequenceCoverage="0" branchCoverage="0" isConstructor="false" isStatic="false" isGetter="false" isSetter="false">
              <Summary numSequencePoints="6" visitedSequencePoints="0" numBranchPoints="5" visitedBranchPoints="0" sequenceCoverage="0" branchCoverage="0" maxCyclomaticComplexity="3" minCyclomaticComplexity="3" />
              <MetadataToken>100663389</MetadataToken>
              <Name>System.Void CombinifyWpf.MainWindow::&lt;WatchTimer_Elapsed&gt;b__1()</Name>
              <FileRef uid="13" />
              <SequencePoints>
                <SequencePoint vc="0" uspid="685" ordinal="0" offset="0" sl="286" sc="56" el="286" ec="57" />
                <SequencePoint vc="0" uspid="686" ordinal="1" offset="1" sl="287" sc="17" el="287" ec="68" />
                <SequencePoint vc="0" uspid="687" ordinal="2" offset="13" sl="288" sc="17" el="288" ec="73" />
                <SequencePoint vc="0" uspid="688" ordinal="3" offset="37" sl="288" sc="74" el="288" ec="75" />
                <SequencePoint vc="0" uspid="689" ordinal="4" offset="38" sl="289" sc="21" el="289" ec="44" />
                <SequencePoint vc="0" uspid="690" ordinal="5" offset="45" sl="290" sc="17" el="290" ec="18" />
              </SequencePoints>
              <BranchPoints>
                <BranchPoint vc="0" uspid="691" ordinal="0" offset="19" path="0" />
                <BranchPoint vc="0" uspid="692" ordinal="1" offset="19" path="1" />
                <BranchPoint vc="0" uspid="693" ordinal="2" offset="35" path="0" />
                <BranchPoint vc="0" uspid="694" ordinal="3" offset="35" path="1" />
              </BranchPoints>
              <MethodPoint xsi:type="SequencePoint" vc="0" uspid="685" ordinal="0" offset="0" sl="286" sc="56" el="286" ec="57" />
            </Method>
          </Methods>
        </Class>
        <Class>
          <Summary numSequencePoints="15" visitedSequencePoints="0" numBranchPoints="9" visitedBranchPoints="0" sequenceCoverage="0" branchCoverage="0" maxCyclomaticComplexity="2" minCyclomaticComplexity="1" />
          <FullName>CombinifyWpf.Converters.TimeConverter</FullName>
          <Methods>
            <Method visited="false" cyclomaticComplexity="1" sequenceCoverage="0" branchCoverage="0" isConstructor="true" isStatic="false" isGetter="false" isSetter="false">
              <Summary numSequencePoints="3" visitedSequencePoints="0" numBranchPoints="1" visitedBranchPoints="0" sequenceCoverage="0" branchCoverage="0" maxCyclomaticComplexity="1" minCyclomaticComplexity="1" />
              <MetadataToken>100663390</MetadataToken>
              <Name>System.Void CombinifyWpf.Converters.TimeConverter::.ctor()</Name>
              <FileRef uid="15" />
              <SequencePoints>
                <SequencePoint vc="0" uspid="695" ordinal="0" offset="0" sl="48" sc="9" el="48" ec="31" />
                <SequencePoint vc="0" uspid="696" ordinal="1" offset="7" sl="48" sc="32" el="48" ec="33" />
                <SequencePoint vc="0" uspid="697" ordinal="2" offset="8" sl="48" sc="34" el="48" ec="35" />
              </SequencePoints>
              <BranchPoints />
              <MethodPoint xsi:type="SequencePoint" vc="0" uspid="695" ordinal="0" offset="0" sl="48" sc="9" el="48" ec="31" />
            </Method>
            <Method visited="false" cyclomaticComplexity="2" sequenceCoverage="0" branchCoverage="0" isConstructor="false" isStatic="false" isGetter="false" isSetter="false">
              <Summary numSequencePoints="3" visitedSequencePoints="0" numBranchPoints="3" visitedBranchPoints="0" sequenceCoverage="0" branchCoverage="0" maxCyclomaticComplexity="2" minCyclomaticComplexity="2" />
              <MetadataToken>100663391</MetadataToken>
              <Name>System.Object CombinifyWpf.Converters.TimeConverter::ProvideValue(System.IServiceProvider)</Name>
              <FileRef uid="15" />
              <SequencePoints>
                <SequencePoint vc="0" uspid="698" ordinal="0" offset="0" sl="55" sc="81" el="55" ec="82" />
                <SequencePoint vc="0" uspid="699" ordinal="1" offset="1" sl="56" sc="13" el="56" ec="71" />
                <SequencePoint vc="0" uspid="700" ordinal="2" offset="24" sl="57" sc="9" el="57" ec="10" />
              </SequencePoints>
              <BranchPoints>
                <BranchPoint vc="0" uspid="701" ordinal="0" offset="7" path="0" />
                <BranchPoint vc="0" uspid="702" ordinal="1" offset="7" path="1" />
              </BranchPoints>
              <MethodPoint xsi:type="SequencePoint" vc="0" uspid="698" ordinal="0" offset="0" sl="55" sc="81" el="55" ec="82" />
            </Method>
            <Method visited="false" cyclomaticComplexity="2" sequenceCoverage="0" branchCoverage="0" isConstructor="false" isStatic="false" isGetter="false" isSetter="false">
              <Summary numSequencePoints="6" visitedSequencePoints="0" numBranchPoints="3" visitedBranchPoints="0" sequenceCoverage="0" branchCoverage="0" maxCyclomaticComplexity="2" minCyclomaticComplexity="2" />
              <MetadataToken>100663392</MetadataToken>
              <Name>System.Object CombinifyWpf.Converters.TimeConverter::Convert(System.Object,System.Type,System.Object,System.Globalization.CultureInfo)</Name>
              <FileRef uid="15" />
              <SequencePoints>
                <SequencePoint vc="0" uspid="703" ordinal="0" offset="0" sl="67" sc="112" el="67" ec="113" />
                <SequencePoint vc="0" uspid="704" ordinal="1" offset="1" sl="68" sc="13" el="68" ec="32" />
                <SequencePoint vc="0" uspid="705" ordinal="2" offset="12" sl="68" sc="33" el="68" ec="34" />
                <SequencePoint vc="0" uspid="706" ordinal="3" offset="13" sl="68" sc="35" el="68" ec="55" />
                <SequencePoint vc="0" uspid="707" ordinal="4" offset="21" sl="70" sc="13" el="70" ec="64" />
                <SequencePoint vc="0" uspid="708" ordinal="5" offset="43" sl="71" sc="9" el="71" ec="10" />
              </SequencePoints>
              <BranchPoints>
                <BranchPoint vc="0" uspid="709" ordinal="0" offset="10" path="0" />
                <BranchPoint vc="0" uspid="710" ordinal="1" offset="10" path="1" />
              </BranchPoints>
              <MethodPoint xsi:type="SequencePoint" vc="0" uspid="703" ordinal="0" offset="0" sl="67" sc="112" el="67" ec="113" />
            </Method>
            <Method visited="false" cyclomaticComplexity="1" sequenceCoverage="0" branchCoverage="0" isConstructor="false" isStatic="false" isGetter="false" isSetter="false">
              <Summary numSequencePoints="2" visitedSequencePoints="0" numBranchPoints="1" visitedBranchPoints="0" sequenceCoverage="0" branchCoverage="0" maxCyclomaticComplexity="1" minCyclomaticComplexity="1" />
              <MetadataToken>100663393</MetadataToken>
              <Name>System.Object CombinifyWpf.Converters.TimeConverter::ConvertBack(System.Object,System.Type,System.Object,System.Globalization.CultureInfo)</Name>
              <FileRef uid="15" />
              <SequencePoints>
                <SequencePoint vc="0" uspid="711" ordinal="0" offset="0" sl="81" sc="116" el="81" ec="117" />
                <SequencePoint vc="0" uspid="712" ordinal="1" offset="1" sl="82" sc="13" el="82" ec="49" />
              </SequencePoints>
              <BranchPoints />
              <MethodPoint xsi:type="SequencePoint" vc="0" uspid="711" ordinal="0" offset="0" sl="81" sc="116" el="81" ec="117" />
            </Method>
            <Method visited="false" cyclomaticComplexity="1" sequenceCoverage="0" branchCoverage="0" isConstructor="true" isStatic="true" isGetter="false" isSetter="false">
              <Summary numSequencePoints="1" visitedSequencePoints="0" numBranchPoints="1" visitedBranchPoints="0" sequenceCoverage="0" branchCoverage="0" maxCyclomaticComplexity="1" minCyclomaticComplexity="1" />
              <MetadataToken>100663394</MetadataToken>
              <Name>System.Void CombinifyWpf.Converters.TimeConverter::.cctor()</Name>
              <FileRef uid="15" />
              <SequencePoints>
                <SequencePoint vc="0" uspid="713" ordinal="0" offset="0" sl="43" sc="9" el="43" ec="56" />
              </SequencePoints>
              <BranchPoints />
              <MethodPoint xsi:type="SequencePoint" vc="0" uspid="713" ordinal="0" offset="0" sl="43" sc="9" el="43" ec="56" />
            </Method>
          </Methods>
        </Class>
        <Class>
          <Summary numSequencePoints="48" visitedSequencePoints="0" numBranchPoints="26" visitedBranchPoints="0" sequenceCoverage="0" branchCoverage="0" maxCyclomaticComplexity="7" minCyclomaticComplexity="1" />
          <FullName>CombinifyWpf.WatchedItem</FullName>
          <Methods>
            <Method visited="false" cyclomaticComplexity="1" sequenceCoverage="0" branchCoverage="0" isConstructor="false" isStatic="false" isGetter="true" isSetter="false">
              <Summary numSequencePoints="0" visitedSequencePoints="0" numBranchPoints="0" visitedBranchPoints="0" sequenceCoverage="0" branchCoverage="0" maxCyclomaticComplexity="1" minCyclomaticComplexity="1" />
              <MetadataToken>100663398</MetadataToken>
              <Name>System.String CombinifyWpf.WatchedItem::get_FullPath()</Name>
              <SequencePoints />
              <BranchPoints />
              <MethodPoint vc="0" uspid="714" ordinal="0" offset="0" />
            </Method>
            <Method visited="false" cyclomaticComplexity="1" sequenceCoverage="0" branchCoverage="0" isConstructor="false" isStatic="false" isGetter="false" isSetter="true">
              <Summary numSequencePoints="0" visitedSequencePoints="0" numBranchPoints="0" visitedBranchPoints="0" sequenceCoverage="0" branchCoverage="0" maxCyclomaticComplexity="1" minCyclomaticComplexity="1" />
              <MetadataToken>100663399</MetadataToken>
              <Name>System.Void CombinifyWpf.WatchedItem::set_FullPath(System.String)</Name>
              <SequencePoints />
              <BranchPoints />
              <MethodPoint vc="0" uspid="715" ordinal="0" offset="0" />
            </Method>
            <Method visited="false" cyclomaticComplexity="1" sequenceCoverage="0" branchCoverage="0" isConstructor="false" isStatic="false" isGetter="true" isSetter="false">
              <Summary numSequencePoints="3" visitedSequencePoints="0" numBranchPoints="1" visitedBranchPoints="0" sequenceCoverage="0" branchCoverage="0" maxCyclomaticComplexity="1" minCyclomaticComplexity="1" />
              <MetadataToken>100663400</MetadataToken>
              <Name>System.String CombinifyWpf.WatchedItem::get_ShownPath()</Name>
              <FileRef uid="16" />
              <SequencePoints>
                <SequencePoint vc="0" uspid="716" ordinal="0" offset="0" sl="87" sc="17" el="87" ec="18" />
                <SequencePoint vc="0" uspid="717" ordinal="1" offset="1" sl="87" sc="19" el="87" ec="66" />
                <SequencePoint vc="0" uspid="718" ordinal="2" offset="20" sl="87" sc="67" el="87" ec="68" />
              </SequencePoints>
              <BranchPoints />
              <MethodPoint xsi:type="SequencePoint" vc="0" uspid="716" ordinal="0" offset="0" sl="87" sc="17" el="87" ec="18" />
            </Method>
            <Method visited="false" cyclomaticComplexity="1" sequenceCoverage="0" branchCoverage="0" isConstructor="false" isStatic="false" isGetter="false" isSetter="true">
              <Summary numSequencePoints="3" visitedSequencePoints="0" numBranchPoints="1" visitedBranchPoints="0" sequenceCoverage="0" branchCoverage="0" maxCyclomaticComplexity="1" minCyclomaticComplexity="1" />
              <MetadataToken>100663401</MetadataToken>
              <Name>System.Void CombinifyWpf.WatchedItem::set_ShownPath(System.String)</Name>
              <FileRef uid="16" />
              <SequencePoints>
                <SequencePoint vc="0" uspid="719" ordinal="0" offset="0" sl="88" sc="17" el="88" ec="18" />
                <SequencePoint vc="0" uspid="720" ordinal="1" offset="1" sl="88" sc="19" el="88" ec="56" />
                <SequencePoint vc="0" uspid="721" ordinal="2" offset="14" sl="88" sc="57" el="88" ec="58" />
              </SequencePoints>
              <BranchPoints />
              <MethodPoint xsi:type="SequencePoint" vc="0" uspid="719" ordinal="0" offset="0" sl="88" sc="17" el="88" ec="18" />
            </Method>
            <Method visited="false" cyclomaticComplexity="1" sequenceCoverage="0" branchCoverage="0" isConstructor="true" isStatic="false" isGetter="false" isSetter="false">
              <Summary numSequencePoints="5" visitedSequencePoints="0" numBranchPoints="1" visitedBranchPoints="0" sequenceCoverage="0" branchCoverage="0" maxCyclomaticComplexity="1" minCyclomaticComplexity="1" />
              <MetadataToken>100663395</MetadataToken>
              <Name>System.Void CombinifyWpf.WatchedItem::.ctor()</Name>
              <FileRef uid="16" />
              <SequencePoints>
                <SequencePoint vc="0" uspid="722" ordinal="0" offset="0" sl="49" sc="9" el="49" ec="29" />
                <SequencePoint vc="0" uspid="723" ordinal="1" offset="7" sl="49" sc="30" el="49" ec="31" />
                <SequencePoint vc="0" uspid="724" ordinal="2" offset="8" sl="50" sc="13" el="50" ec="35" />
                <SequencePoint vc="0" uspid="725" ordinal="3" offset="15" sl="51" sc="13" el="51" ec="37" />
                <SequencePoint vc="0" uspid="726" ordinal="4" offset="23" sl="52" sc="9" el="52" ec="10" />
              </SequencePoints>
              <BranchPoints />
              <MethodPoint xsi:type="SequencePoint" vc="0" uspid="722" ordinal="0" offset="0" sl="49" sc="9" el="49" ec="29" />
            </Method>
            <Method visited="false" cyclomaticComplexity="1" sequenceCoverage="0" branchCoverage="0" isConstructor="false" isStatic="false" isGetter="false" isSetter="false">
              <Summary numSequencePoints="3" visitedSequencePoints="0" numBranchPoints="1" visitedBranchPoints="0" sequenceCoverage="0" branchCoverage="0" maxCyclomaticComplexity="1" minCyclomaticComplexity="1" />
              <MetadataToken>100663396</MetadataToken>
              <Name>System.Void CombinifyWpf.WatchedItem::add_RemoveClick(System.Windows.RoutedEventHandler)</Name>
              <FileRef uid="16" />
              <SequencePoints>
                <SequencePoint vc="0" uspid="727" ordinal="0" offset="0" sl="61" sc="17" el="61" ec="18" />
                <SequencePoint vc="0" uspid="728" ordinal="1" offset="1" sl="61" sc="19" el="61" ec="62" />
                <SequencePoint vc="0" uspid="729" ordinal="2" offset="14" sl="61" sc="63" el="61" ec="64" />
              </SequencePoints>
              <BranchPoints />
              <MethodPoint xsi:type="SequencePoint" vc="0" uspid="727" ordinal="0" offset="0" sl="61" sc="17" el="61" ec="18" />
            </Method>
            <Method visited="false" cyclomaticComplexity="1" sequenceCoverage="0" branchCoverage="0" isConstructor="false" isStatic="false" isGetter="false" isSetter="false">
              <Summary numSequencePoints="3" visitedSequencePoints="0" numBranchPoints="1" visitedBranchPoints="0" sequenceCoverage="0" branchCoverage="0" maxCyclomaticComplexity="1" minCyclomaticComplexity="1" />
              <MetadataToken>100663397</MetadataToken>
              <Name>System.Void CombinifyWpf.WatchedItem::remove_RemoveClick(System.Windows.RoutedEventHandler)</Name>
              <FileRef uid="16" />
              <SequencePoints>
                <SequencePoint vc="0" uspid="730" ordinal="0" offset="0" sl="62" sc="20" el="62" ec="21" />
                <SequencePoint vc="0" uspid="731" ordinal="1" offset="1" sl="62" sc="22" el="62" ec="68" />
                <SequencePoint vc="0" uspid="732" ordinal="2" offset="14" sl="62" sc="69" el="62" ec="70" />
              </SequencePoints>
              <BranchPoints />
              <MethodPoint xsi:type="SequencePoint" vc="0" uspid="730" ordinal="0" offset="0" sl="62" sc="20" el="62" ec="21" />
            </Method>
            <Method visited="false" cyclomaticComplexity="1" sequenceCoverage="0" branchCoverage="0" isConstructor="false" isStatic="false" isGetter="false" isSetter="false">
              <Summary numSequencePoints="3" visitedSequencePoints="0" numBranchPoints="1" visitedBranchPoints="0" sequenceCoverage="0" branchCoverage="0" maxCyclomaticComplexity="1" minCyclomaticComplexity="1" />
              <MetadataToken>100663402</MetadataToken>
              <Name>System.Void CombinifyWpf.WatchedItem::GridRoot_MouseEnter(System.Object,System.Windows.Input.MouseEventArgs)</Name>
              <FileRef uid="16" />
              <SequencePoints>
                <SequencePoint vc="0" uspid="733" ordinal="0" offset="0" sl="103" sc="77" el="103" ec="78" />
                <SequencePoint vc="0" uspid="734" ordinal="1" offset="1" sl="104" sc="13" el="107" ec="40" />
                <SequencePoint vc="0" uspid="735" ordinal="2" offset="73" sl="108" sc="9" el="108" ec="10" />
              </SequencePoints>
              <BranchPoints />
              <MethodPoint xsi:type="SequencePoint" vc="0" uspid="733" ordinal="0" offset="0" sl="103" sc="77" el="103" ec="78" />
            </Method>
            <Method visited="false" cyclomaticComplexity="1" sequenceCoverage="0" branchCoverage="0" isConstructor="false" isStatic="false" isGetter="false" isSetter="false">
              <Summary numSequencePoints="3" visitedSequencePoints="0" numBranchPoints="1" visitedBranchPoints="0" sequenceCoverage="0" branchCoverage="0" maxCyclomaticComplexity="1" minCyclomaticComplexity="1" />
              <MetadataToken>100663403</MetadataToken>
              <Name>System.Void CombinifyWpf.WatchedItem::GridRoot_MouseLeave(System.Object,System.Windows.Input.MouseEventArgs)</Name>
              <FileRef uid="16" />
              <SequencePoints>
                <SequencePoint vc="0" uspid="736" ordinal="0" offset="0" sl="110" sc="77" el="110" ec="78" />
                <SequencePoint vc="0" uspid="737" ordinal="1" offset="1" sl="111" sc="13" el="114" ec="40" />
                <SequencePoint vc="0" uspid="738" ordinal="2" offset="73" sl="115" sc="9" el="115" ec="10" />
              </SequencePoints>
              <BranchPoints />
              <MethodPoint xsi:type="SequencePoint" vc="0" uspid="736" ordinal="0" offset="0" sl="110" sc="77" el="110" ec="78" />
            </Method>
            <Method visited="false" cyclomaticComplexity="1" sequenceCoverage="0" branchCoverage="0" isConstructor="false" isStatic="false" isGetter="false" isSetter="false">
              <Summary numSequencePoints="3" visitedSequencePoints="0" numBranchPoints="1" visitedBranchPoints="0" sequenceCoverage="0" branchCoverage="0" maxCyclomaticComplexity="1" minCyclomaticComplexity="1" />
              <MetadataToken>100663404</MetadataToken>
              <Name>System.Void CombinifyWpf.WatchedItem::Button_MouseEnter(System.Object,System.Windows.Input.MouseEventArgs)</Name>
              <FileRef uid="16" />
              <SequencePoints>
                <SequencePoint vc="0" uspid="739" ordinal="0" offset="0" sl="117" sc="75" el="117" ec="76" />
                <SequencePoint vc="0" uspid="740" ordinal="1" offset="1" sl="118" sc="13" el="122" ec="38" />
                <SequencePoint vc="0" uspid="741" ordinal="2" offset="75" sl="123" sc="9" el="123" ec="10" />
              </SequencePoints>
              <BranchPoints />
              <MethodPoint xsi:type="SequencePoint" vc="0" uspid="739" ordinal="0" offset="0" sl="117" sc="75" el="117" ec="76" />
            </Method>
            <Method visited="false" cyclomaticComplexity="1" sequenceCoverage="0" branchCoverage="0" isConstructor="false" isStatic="false" isGetter="false" isSetter="false">
              <Summary numSequencePoints="3" visitedSequencePoints="0" numBranchPoints="1" visitedBranchPoints="0" sequenceCoverage="0" branchCoverage="0" maxCyclomaticComplexity="1" minCyclomaticComplexity="1" />
              <MetadataToken>100663405</MetadataToken>
              <Name>System.Void CombinifyWpf.WatchedItem::Button_MouseLeave(System.Object,System.Windows.Input.MouseEventArgs)</Name>
              <FileRef uid="16" />
              <SequencePoints>
                <SequencePoint vc="0" uspid="742" ordinal="0" offset="0" sl="125" sc="75" el="125" ec="76" />
                <SequencePoint vc="0" uspid="743" ordinal="1" offset="1" sl="126" sc="13" el="130" ec="38" />
                <SequencePoint vc="0" uspid="744" ordinal="2" offset="78" sl="131" sc="9" el="131" ec="10" />
              </SequencePoints>
              <BranchPoints />
              <MethodPoint xsi:type="SequencePoint" vc="0" uspid="742" ordinal="0" offset="0" sl="125" sc="75" el="125" ec="76" />
            </Method>
            <Method visited="false" cyclomaticComplexity="1" sequenceCoverage="0" branchCoverage="0" isConstructor="false" isStatic="false" isGetter="false" isSetter="false">
              <Summary numSequencePoints="3" visitedSequencePoints="0" numBranchPoints="1" visitedBranchPoints="0" sequenceCoverage="0" branchCoverage="0" maxCyclomaticComplexity="1" minCyclomaticComplexity="1" />
              <MetadataToken>100663406</MetadataToken>
              <Name>System.Void CombinifyWpf.WatchedItem::btnRemove_MouseLeftButtonDown(System.Object,System.Windows.Input.MouseButtonEventArgs)</Name>
              <FileRef uid="16" />
              <SequencePoints>
                <SequencePoint vc="0" uspid="745" ordinal="0" offset="0" sl="133" sc="93" el="133" ec="94" />
                <SequencePoint vc="0" uspid="746" ordinal="1" offset="1" sl="134" sc="13" el="134" ec="78" />
                <SequencePoint vc="0" uspid="747" ordinal="2" offset="19" sl="135" sc="9" el="135" ec="10" />
              </SequencePoints>
              <BranchPoints />
              <MethodPoint xsi:type="SequencePoint" vc="0" uspid="745" ordinal="0" offset="0" sl="133" sc="93" el="133" ec="94" />
            </Method>
            <Method visited="false" cyclomaticComplexity="3" sequenceCoverage="0" branchCoverage="0" isConstructor="false" isStatic="false" isGetter="false" isSetter="false">
              <Summary numSequencePoints="7" visitedSequencePoints="0" numBranchPoints="5" visitedBranchPoints="0" sequenceCoverage="0" branchCoverage="0" maxCyclomaticComplexity="3" minCyclomaticComplexity="3" />
              <MetadataToken>100663407</MetadataToken>
              <Name>System.Void CombinifyWpf.WatchedItem::WatchedItemMain_MouseMove(System.Object,System.Windows.Input.MouseEventArgs)</Name>
              <FileRef uid="16" />
              <SequencePoints>
                <SequencePoint vc="0" uspid="748" ordinal="0" offset="0" sl="137" sc="83" el="137" ec="84" />
                <SequencePoint vc="0" uspid="749" ordinal="1" offset="1" sl="138" sc="13" el="138" ec="92" />
                <SequencePoint vc="0" uspid="750" ordinal="2" offset="28" sl="138" sc="93" el="138" ec="94" />
                <SequencePoint vc="0" uspid="751" ordinal="3" offset="29" sl="139" sc="17" el="139" ec="73" />
                <SequencePoint vc="0" uspid="752" ordinal="4" offset="42" sl="140" sc="17" el="140" ec="83" />
                <SequencePoint vc="0" uspid="753" ordinal="5" offset="56" sl="141" sc="13" el="141" ec="14" />
                <SequencePoint vc="0" uspid="754" ordinal="6" offset="57" sl="142" sc="9" el="142" ec="10" />
              </SequencePoints>
              <BranchPoints>
                <BranchPoint vc="0" uspid="755" ordinal="0" offset="7" path="0" />
                <BranchPoint vc="0" uspid="756" ordinal="1" offset="7" path="1" />
                <BranchPoint vc="0" uspid="757" ordinal="2" offset="26" path="0" />
                <BranchPoint vc="0" uspid="758" ordinal="3" offset="26" path="1" />
              </BranchPoints>
              <MethodPoint xsi:type="SequencePoint" vc="0" uspid="748" ordinal="0" offset="0" sl="137" sc="83" el="137" ec="84" />
            </Method>
            <Method visited="false" cyclomaticComplexity="2" sequenceCoverage="0" branchCoverage="0" isConstructor="false" isStatic="false" isGetter="false" isSetter="false">
              <Summary numSequencePoints="1" visitedSequencePoints="0" numBranchPoints="3" visitedBranchPoints="0" sequenceCoverage="0" branchCoverage="0" maxCyclomaticComplexity="2" minCyclomaticComplexity="2" />
              <MetadataToken>100663408</MetadataToken>
              <Name>System.Void CombinifyWpf.WatchedItem::InitializeComponent()</Name>
              <SequencePoints>
                <SequencePoint vc="0" uspid="759" ordinal="0" offset="36" sl="1" sc="13" el="1" ec="77" />
              </SequencePoints>
              <BranchPoints>
                <BranchPoint vc="0" uspid="761" ordinal="0" offset="12" path="0" />
                <BranchPoint vc="0" uspid="762" ordinal="1" offset="12" path="1" />
              </BranchPoints>
              <MethodPoint vc="0" uspid="760" ordinal="0" offset="0" />
            </Method>
            <Method visited="false" cyclomaticComplexity="7" sequenceCoverage="0" branchCoverage="0" isConstructor="false" isStatic="false" isGetter="false" isSetter="false">
              <Summary numSequencePoints="6" visitedSequencePoints="0" numBranchPoints="7" visitedBranchPoints="0" sequenceCoverage="0" branchCoverage="0" maxCyclomaticComplexity="7" minCyclomaticComplexity="7" />
              <MetadataToken>100663409</MetadataToken>
              <Name>System.Void CombinifyWpf.WatchedItem::System.Windows.Markup.IComponentConnector.Connect(System.Int32,System.Object)</Name>
              <SequencePoints>
                <SequencePoint vc="0" uspid="763" ordinal="0" offset="48" sl="12" sc="13" el="12" ec="122" />
                <SequencePoint vc="0" uspid="764" ordinal="1" offset="89" sl="16" sc="13" el="16" ec="110" />
                <SequencePoint vc="0" uspid="765" ordinal="2" offset="113" sl="17" sc="13" el="17" ec="110" />
                <SequencePoint vc="0" uspid="766" ordinal="3" offset="179" sl="50" sc="13" el="50" ec="109" />
                <SequencePoint vc="0" uspid="767" ordinal="4" offset="203" sl="51" sc="13" el="51" ec="109" />
                <SequencePoint vc="0" uspid="768" ordinal="5" offset="227" sl="52" sc="13" el="52" ec="136" />
              </SequencePoints>
              <BranchPoints>
                <BranchPoint vc="0" uspid="770" ordinal="0" offset="6" path="0" />
                <BranchPoint vc="0" uspid="771" ordinal="1" offset="6" path="1" />
                <BranchPoint vc="0" uspid="772" ordinal="2" offset="6" path="2" />
                <BranchPoint vc="0" uspid="773" ordinal="3" offset="6" path="3" />
                <BranchPoint vc="0" uspid="774" ordinal="4" offset="6" path="4" />
                <BranchPoint vc="0" uspid="775" ordinal="5" offset="6" path="5" />
              </BranchPoints>
              <MethodPoint vc="0" uspid="769" ordinal="0" offset="0" />
            </Method>
            <Method visited="false" cyclomaticComplexity="1" sequenceCoverage="0" branchCoverage="0" isConstructor="true" isStatic="true" isGetter="false" isSetter="false">
              <Summary numSequencePoints="2" visitedSequencePoints="0" numBranchPoints="1" visitedBranchPoints="0" sequenceCoverage="0" branchCoverage="0" maxCyclomaticComplexity="1" minCyclomaticComplexity="1" />
              <MetadataToken>100663410</MetadataToken>
              <Name>System.Void CombinifyWpf.WatchedItem::.cctor()</Name>
              <FileRef uid="16" />
              <SequencePoints>
                <SequencePoint vc="0" uspid="776" ordinal="0" offset="0" sl="68" sc="9" el="73" ec="47" />
                <SequencePoint vc="0" uspid="777" ordinal="1" offset="36" sl="94" sc="9" el="98" ec="42" />
              </SequencePoints>
              <BranchPoints />
              <MethodPoint xsi:type="SequencePoint" vc="0" uspid="776" ordinal="0" offset="0" sl="68" sc="9" el="73" ec="47" />
            </Method>
          </Methods>
        </Class>
        <Class>
          <Summary numSequencePoints="113" visitedSequencePoints="0" numBranchPoints="32" visitedBranchPoints="0" sequenceCoverage="0" branchCoverage="0" maxCyclomaticComplexity="7" minCyclomaticComplexity="1" />
          <FullName>CombinifyWpf.Utils.ProjectIO</FullName>
          <Methods>
            <Method visited="false" cyclomaticComplexity="1" sequenceCoverage="0" branchCoverage="0" isConstructor="true" isStatic="false" isGetter="false" isSetter="false">
              <Summary numSequencePoints="4" visitedSequencePoints="0" numBranchPoints="1" visitedBranchPoints="0" sequenceCoverage="0" branchCoverage="0" maxCyclomaticComplexity="1" minCyclomaticComplexity="1" />
              <MetadataToken>100663411</MetadataToken>
              <Name>System.Void CombinifyWpf.Utils.ProjectIO::.ctor()</Name>
              <FileRef uid="18" />
              <SequencePoints>
                <SequencePoint vc="0" uspid="778" ordinal="0" offset="0" sl="48" sc="9" el="48" ec="61" />
                <SequencePoint vc="0" uspid="779" ordinal="1" offset="11" sl="53" sc="9" el="53" ec="27" />
                <SequencePoint vc="0" uspid="780" ordinal="2" offset="18" sl="53" sc="28" el="53" ec="29" />
                <SequencePoint vc="0" uspid="781" ordinal="3" offset="19" sl="53" sc="30" el="53" ec="31" />
              </SequencePoints>
              <BranchPoints />
              <MethodPoint xsi:type="SequencePoint" vc="0" uspid="778" ordinal="0" offset="0" sl="48" sc="9" el="48" ec="61" />
            </Method>
            <Method visited="false" cyclomaticComplexity="2" sequenceCoverage="0" branchCoverage="0" isConstructor="false" isStatic="false" isGetter="false" isSetter="false">
              <Summary numSequencePoints="21" visitedSequencePoints="0" numBranchPoints="3" visitedBranchPoints="0" sequenceCoverage="0" branchCoverage="0" maxCyclomaticComplexity="2" minCyclomaticComplexity="2" />
              <MetadataToken>100663412</MetadataToken>
              <Name>System.Void CombinifyWpf.Utils.ProjectIO::SaveProject(System.String,CombinifyWpf.Models.Project)</Name>
              <FileRef uid="18" />
              <SequencePoints>
                <SequencePoint vc="0" uspid="782" ordinal="0" offset="0" sl="59" sc="72" el="59" ec="73" />
                <SequencePoint vc="0" uspid="783" ordinal="1" offset="1" sl="60" sc="17" el="60" ec="18" />
                <SequencePoint vc="0" uspid="784" ordinal="2" offset="2" sl="61" sc="17" el="61" ec="44" />
                <SequencePoint vc="0" uspid="785" ordinal="3" offset="8" sl="66" sc="17" el="69" ec="31" />
                <SequencePoint vc="0" uspid="786" ordinal="4" offset="84" sl="73" sc="17" el="73" ec="53" />
                <SequencePoint vc="0" uspid="787" ordinal="5" offset="100" sl="76" sc="17" el="76" ec="24" />
                <SequencePoint vc="0" uspid="788" ordinal="6" offset="101" sl="76" sc="38" el="76" ec="58" />
                <SequencePoint vc="0" uspid="789" ordinal="7" offset="116" sl="76" sc="26" el="76" ec="34" />
                <SequencePoint vc="0" uspid="790" ordinal="8" offset="124" sl="76" sc="61" el="76" ec="62" />
                <SequencePoint vc="0" uspid="791" ordinal="9" offset="125" sl="77" sc="21" el="77" ec="60" />
                <SequencePoint vc="0" uspid="792" ordinal="10" offset="148" sl="78" sc="17" el="78" ec="18" />
                <SequencePoint vc="0" uspid="793" ordinal="11" offset="149" sl="76" sc="35" el="76" ec="37" />
                <SequencePoint vc="0" uspid="794" ordinal="12" offset="180" sl="81" sc="17" el="81" ec="35" />
                <SequencePoint vc="0" uspid="795" ordinal="13" offset="188" sl="84" sc="17" el="84" ec="34" />
                <SequencePoint vc="0" uspid="796" ordinal="14" offset="196" sl="87" sc="17" el="87" ec="60" />
                <SequencePoint vc="0" uspid="797" ordinal="15" offset="205" sl="88" sc="13" el="88" ec="14" />
                <SequencePoint vc="0" uspid="798" ordinal="16" offset="208" sl="89" sc="13" el="89" ec="35" />
                <SequencePoint vc="0" uspid="799" ordinal="17" offset="210" sl="89" sc="36" el="89" ec="37" />
                <SequencePoint vc="0" uspid="800" ordinal="18" offset="211" sl="90" sc="17" el="90" ec="48" />
                <SequencePoint vc="0" uspid="801" ordinal="19" offset="219" sl="91" sc="13" el="91" ec="14" />
                <SequencePoint vc="0" uspid="802" ordinal="20" offset="223" sl="92" sc="9" el="92" ec="10" />
              </SequencePoints>
              <BranchPoints>
                <BranchPoint vc="0" uspid="803" ordinal="0" offset="160" path="0" />
                <BranchPoint vc="0" uspid="804" ordinal="1" offset="160" path="1" />
              </BranchPoints>
              <MethodPoint xsi:type="SequencePoint" vc="0" uspid="782" ordinal="0" offset="0" sl="59" sc="72" el="59" ec="73" />
            </Method>
            <Method visited="false" cyclomaticComplexity="7" sequenceCoverage="0" branchCoverage="0" isConstructor="false" isStatic="false" isGetter="false" isSetter="false">
              <Summary numSequencePoints="43" visitedSequencePoints="0" numBranchPoints="13" visitedBranchPoints="0" sequenceCoverage="0" branchCoverage="0" maxCyclomaticComplexity="7" minCyclomaticComplexity="7" />
              <MetadataToken>100663413</MetadataToken>
              <Name>CombinifyWpf.Models.Project CombinifyWpf.Utils.ProjectIO::LoadProject(System.String)</Name>
              <FileRef uid="18" />
              <SequencePoints>
                <SequencePoint vc="0" uspid="805" ordinal="0" offset="0" sl="99" sc="58" el="99" ec="59" />
                <SequencePoint vc="0" uspid="806" ordinal="1" offset="1" sl="100" sc="13" el="100" ec="45" />
                <SequencePoint vc="0" uspid="807" ordinal="2" offset="7" sl="101" sc="13" el="101" ec="45" />
                <SequencePoint vc="0" uspid="808" ordinal="3" offset="25" sl="101" sc="46" el="101" ec="47" />
                <SequencePoint vc="0" uspid="809" ordinal="4" offset="26" sl="102" sc="21" el="102" ec="22" />
                <SequencePoint vc="0" uspid="810" ordinal="5" offset="27" sl="103" sc="21" el="103" ec="62" />
                <SequencePoint vc="0" uspid="811" ordinal="6" offset="34" sl="106" sc="21" el="106" ec="98" />
                <SequencePoint vc="0" uspid="812" ordinal="7" offset="77" sl="110" sc="21" el="110" ec="85" />
                <SequencePoint vc="0" uspid="813" ordinal="8" offset="117" sl="110" sc="86" el="110" ec="87" />
                <SequencePoint vc="0" uspid="814" ordinal="9" offset="118" sl="111" sc="25" el="111" ec="108" />
                <SequencePoint vc="0" uspid="815" ordinal="10" offset="161" sl="112" sc="21" el="112" ec="22" />
                <SequencePoint vc="0" uspid="816" ordinal="11" offset="164" sl="113" sc="26" el="113" ec="27" />
                <SequencePoint vc="0" uspid="817" ordinal="12" offset="165" sl="114" sc="25" el="114" ec="64" />
                <SequencePoint vc="0" uspid="818" ordinal="13" offset="177" sl="115" sc="21" el="115" ec="22" />
                <SequencePoint vc="0" uspid="819" ordinal="14" offset="178" sl="118" sc="21" el="118" ec="82" />
                <SequencePoint vc="0" uspid="820" ordinal="15" offset="210" sl="121" sc="21" el="121" ec="78" />
                <SequencePoint vc="0" uspid="821" ordinal="16" offset="221" sl="124" sc="21" el="124" ec="60" />
                <SequencePoint vc="0" uspid="822" ordinal="17" offset="228" sl="128" sc="21" el="128" ec="28" />
                <SequencePoint vc="0" uspid="823" ordinal="18" offset="229" sl="128" sc="39" el="128" ec="63" />
                <SequencePoint vc="0" uspid="824" ordinal="19" offset="254" sl="128" sc="30" el="128" ec="35" />
                <SequencePoint vc="0" uspid="825" ordinal="20" offset="263" sl="128" sc="66" el="128" ec="67" />
                <SequencePoint vc="0" uspid="826" ordinal="21" offset="264" sl="129" sc="25" el="129" ec="53" />
                <SequencePoint vc="0" uspid="827" ordinal="22" offset="285" sl="129" sc="54" el="129" ec="55" />
                <SequencePoint vc="0" uspid="828" ordinal="23" offset="286" sl="130" sc="29" el="130" ec="49" />
                <SequencePoint vc="0" uspid="829" ordinal="24" offset="301" sl="131" sc="25" el="131" ec="26" />
                <SequencePoint vc="0" uspid="830" ordinal="25" offset="304" sl="132" sc="30" el="132" ec="31" />
                <SequencePoint vc="0" uspid="831" ordinal="26" offset="305" sl="133" sc="29" el="133" ec="61" />
                <SequencePoint vc="0" uspid="832" ordinal="27" offset="329" sl="134" sc="25" el="134" ec="26" />
                <SequencePoint vc="0" uspid="833" ordinal="28" offset="330" sl="135" sc="21" el="135" ec="22" />
                <SequencePoint vc="0" uspid="834" ordinal="29" offset="331" sl="128" sc="36" el="128" ec="38" />
                <SequencePoint vc="0" uspid="835" ordinal="30" offset="367" sl="138" sc="21" el="138" ec="49" />
                <SequencePoint vc="0" uspid="836" ordinal="31" offset="376" sl="141" sc="21" el="141" ec="69" />
                <SequencePoint vc="0" uspid="837" ordinal="32" offset="393" sl="141" sc="70" el="141" ec="71" />
                <SequencePoint vc="0" uspid="838" ordinal="33" offset="394" sl="142" sc="25" el="143" ec="65" />
                <SequencePoint vc="0" uspid="839" ordinal="34" offset="416" sl="144" sc="21" el="144" ec="22" />
                <SequencePoint vc="0" uspid="840" ordinal="35" offset="417" sl="145" sc="17" el="145" ec="18" />
                <SequencePoint vc="0" uspid="841" ordinal="36" offset="420" sl="146" sc="17" el="146" ec="40" />
                <SequencePoint vc="0" uspid="842" ordinal="37" offset="422" sl="146" sc="41" el="146" ec="42" />
                <SequencePoint vc="0" uspid="843" ordinal="38" offset="423" sl="147" sc="21" el="147" ec="52" />
                <SequencePoint vc="0" uspid="844" ordinal="39" offset="431" sl="148" sc="17" el="148" ec="18" />
                <SequencePoint vc="0" uspid="845" ordinal="40" offset="435" sl="149" sc="13" el="149" ec="14" />
                <SequencePoint vc="0" uspid="846" ordinal="41" offset="436" sl="151" sc="13" el="151" ec="28" />
                <SequencePoint vc="0" uspid="847" ordinal="42" offset="441" sl="152" sc="9" el="152" ec="10" />
              </SequencePoints>
              <BranchPoints>
                <BranchPoint vc="0" uspid="848" ordinal="0" offset="20" path="0" />
                <BranchPoint vc="0" uspid="849" ordinal="1" offset="20" path="1" />
                <BranchPoint vc="0" uspid="850" ordinal="2" offset="115" path="0" />
                <BranchPoint vc="0" uspid="851" ordinal="3" offset="115" path="1" />
                <BranchPoint vc="0" uspid="852" ordinal="4" offset="283" path="0" />
                <BranchPoint vc="0" uspid="853" ordinal="5" offset="283" path="1" />
                <BranchPoint vc="0" uspid="854" ordinal="6" offset="342" path="0" />
                <BranchPoint vc="0" uspid="855" ordinal="7" offset="342" path="1" />
                <BranchPoint vc="0" uspid="856" ordinal="8" offset="355" path="0" />
                <BranchPoint vc="0" uspid="857" ordinal="9" offset="355" path="1" />
                <BranchPoint vc="0" uspid="858" ordinal="10" offset="391" path="0" />
                <BranchPoint vc="0" uspid="859" ordinal="11" offset="391" path="1" />
              </BranchPoints>
              <MethodPoint xsi:type="SequencePoint" vc="0" uspid="805" ordinal="0" offset="0" sl="99" sc="58" el="99" ec="59" />
            </Method>
            <Method visited="false" cyclomaticComplexity="2" sequenceCoverage="0" branchCoverage="0" isConstructor="false" isStatic="false" isGetter="false" isSetter="false">
              <Summary numSequencePoints="7" visitedSequencePoints="0" numBranchPoints="3" visitedBranchPoints="0" sequenceCoverage="0" branchCoverage="0" maxCyclomaticComplexity="2" minCyclomaticComplexity="2" />
              <MetadataToken>100663414</MetadataToken>
              <Name>System.Void CombinifyWpf.Utils.ProjectIO::SaveProcessedFile(System.String,System.String)</Name>
              <FileRef uid="18" />
              <SequencePoints>
                <SequencePoint vc="0" uspid="860" ordinal="0" offset="0" sl="159" sc="77" el="159" ec="78" />
                <SequencePoint vc="0" uspid="861" ordinal="1" offset="1" sl="160" sc="20" el="160" ec="67" />
                <SequencePoint vc="0" uspid="862" ordinal="2" offset="9" sl="160" sc="70" el="160" ec="71" />
                <SequencePoint vc="0" uspid="863" ordinal="3" offset="10" sl="161" sc="17" el="161" ec="37" />
                <SequencePoint vc="0" uspid="864" ordinal="4" offset="18" sl="162" sc="17" el="162" ec="28" />
                <SequencePoint vc="0" uspid="865" ordinal="5" offset="25" sl="163" sc="13" el="163" ec="14" />
                <SequencePoint vc="0" uspid="866" ordinal="6" offset="45" sl="164" sc="9" el="164" ec="10" />
              </SequencePoints>
              <BranchPoints>
                <BranchPoint vc="0" uspid="867" ordinal="0" offset="34" path="0" />
                <BranchPoint vc="0" uspid="868" ordinal="1" offset="34" path="1" />
              </BranchPoints>
              <MethodPoint xsi:type="SequencePoint" vc="0" uspid="860" ordinal="0" offset="0" sl="159" sc="77" el="159" ec="78" />
            </Method>
            <Method visited="false" cyclomaticComplexity="1" sequenceCoverage="0" branchCoverage="0" isConstructor="false" isStatic="false" isGetter="false" isSetter="false">
              <Summary numSequencePoints="4" visitedSequencePoints="0" numBranchPoints="1" visitedBranchPoints="0" sequenceCoverage="0" branchCoverage="0" maxCyclomaticComplexity="1" minCyclomaticComplexity="1" />
              <MetadataToken>100663415</MetadataToken>
              <Name>System.Collections.Generic.List`1&lt;System.String&gt; CombinifyWpf.Utils.ProjectIO::GetCssFiles(System.String)</Name>
              <FileRef uid="18" />
              <SequencePoints>
                <SequencePoint vc="0" uspid="869" ordinal="0" offset="0" sl="171" sc="55" el="171" ec="56" />
                <SequencePoint vc="0" uspid="870" ordinal="1" offset="1" sl="172" sc="13" el="172" ec="31" />
                <SequencePoint vc="0" uspid="871" ordinal="2" offset="13" sl="173" sc="13" el="173" ec="42" />
                <SequencePoint vc="0" uspid="872" ordinal="3" offset="23" sl="174" sc="9" el="174" ec="10" />
              </SequencePoints>
              <BranchPoints />
              <MethodPoint xsi:type="SequencePoint" vc="0" uspid="869" ordinal="0" offset="0" sl="171" sc="55" el="171" ec="56" />
            </Method>
            <Method visited="false" cyclomaticComplexity="6" sequenceCoverage="0" branchCoverage="0" isConstructor="false" isStatic="false" isGetter="false" isSetter="false">
              <Summary numSequencePoints="34" visitedSequencePoints="0" numBranchPoints="11" visitedBranchPoints="0" sequenceCoverage="0" branchCoverage="0" maxCyclomaticComplexity="6" minCyclomaticComplexity="6" />
              <MetadataToken>100663416</MetadataToken>
              <Name>System.Collections.Generic.List`1&lt;System.String&gt; CombinifyWpf.Utils.ProjectIO::ParseDirectory(System.String)</Name>
              <FileRef uid="18" />
              <SequencePoints>
                <SequencePoint vc="0" uspid="873" ordinal="0" offset="0" sl="177" sc="59" el="177" ec="60" />
                <SequencePoint vc="0" uspid="874" ordinal="1" offset="1" sl="178" sc="17" el="178" ec="18" />
                <SequencePoint vc="0" uspid="875" ordinal="2" offset="2" sl="179" sc="17" el="179" ec="56" />
                <SequencePoint vc="0" uspid="876" ordinal="3" offset="17" sl="179" sc="57" el="179" ec="58" />
                <SequencePoint vc="0" uspid="877" ordinal="4" offset="18" sl="180" sc="21" el="180" ec="64" />
                <SequencePoint vc="0" uspid="878" ordinal="5" offset="25" sl="181" sc="21" el="181" ec="28" />
                <SequencePoint vc="0" uspid="879" ordinal="6" offset="26" sl="181" sc="39" el="181" ec="44" />
                <SequencePoint vc="0" uspid="880" ordinal="7" offset="34" sl="181" sc="30" el="181" ec="35" />
                <SequencePoint vc="0" uspid="881" ordinal="8" offset="40" sl="181" sc="47" el="181" ec="48" />
                <SequencePoint vc="0" uspid="882" ordinal="9" offset="41" sl="182" sc="25" el="182" ec="68" />
                <SequencePoint vc="0" uspid="883" ordinal="10" offset="71" sl="182" sc="69" el="182" ec="70" />
                <SequencePoint vc="0" uspid="884" ordinal="11" offset="72" sl="183" sc="29" el="183" ec="48" />
                <SequencePoint vc="0" uspid="885" ordinal="12" offset="85" sl="184" sc="25" el="184" ec="26" />
                <SequencePoint vc="0" uspid="886" ordinal="13" offset="86" sl="185" sc="21" el="185" ec="22" />
                <SequencePoint vc="0" uspid="887" ordinal="14" offset="93" sl="181" sc="36" el="181" ec="38" />
                <SequencePoint vc="0" uspid="888" ordinal="15" offset="107" sl="187" sc="21" el="187" ec="71" />
                <SequencePoint vc="0" uspid="889" ordinal="16" offset="114" sl="188" sc="21" el="188" ec="28" />
                <SequencePoint vc="0" uspid="890" ordinal="17" offset="115" sl="188" sc="42" el="188" ec="48" />
                <SequencePoint vc="0" uspid="891" ordinal="18" offset="123" sl="188" sc="30" el="188" ec="38" />
                <SequencePoint vc="0" uspid="892" ordinal="19" offset="129" sl="188" sc="51" el="188" ec="52" />
                <SequencePoint vc="0" uspid="893" ordinal="20" offset="130" sl="189" sc="25" el="189" ec="119" />
                <SequencePoint vc="0" uspid="894" ordinal="21" offset="155" sl="189" sc="120" el="189" ec="121" />
                <SequencePoint vc="0" uspid="895" ordinal="22" offset="156" sl="190" sc="29" el="190" ec="49" />
                <SequencePoint vc="0" uspid="896" ordinal="23" offset="164" sl="191" sc="25" el="191" ec="26" />
                <SequencePoint vc="0" uspid="897" ordinal="24" offset="165" sl="192" sc="21" el="192" ec="22" />
                <SequencePoint vc="0" uspid="898" ordinal="25" offset="172" sl="188" sc="39" el="188" ec="41" />
                <SequencePoint vc="0" uspid="899" ordinal="26" offset="186" sl="193" sc="17" el="193" ec="18" />
                <SequencePoint vc="0" uspid="900" ordinal="27" offset="187" sl="194" sc="13" el="194" ec="14" />
                <SequencePoint vc="0" uspid="901" ordinal="28" offset="190" sl="195" sc="13" el="195" ec="33" />
                <SequencePoint vc="0" uspid="902" ordinal="29" offset="192" sl="195" sc="34" el="195" ec="35" />
                <SequencePoint vc="0" uspid="903" ordinal="30" offset="193" sl="196" sc="17" el="196" ec="48" />
                <SequencePoint vc="0" uspid="904" ordinal="31" offset="201" sl="197" sc="13" el="197" ec="14" />
                <SequencePoint vc="0" uspid="905" ordinal="32" offset="205" sl="199" sc="13" el="199" ec="30" />
                <SequencePoint vc="0" uspid="906" ordinal="33" offset="215" sl="200" sc="9" el="200" ec="10" />
              </SequencePoints>
              <BranchPoints>
                <BranchPoint vc="0" uspid="907" ordinal="0" offset="12" path="0" />
                <BranchPoint vc="0" uspid="908" ordinal="1" offset="12" path="1" />
                <BranchPoint vc="0" uspid="909" ordinal="2" offset="69" path="0" />
                <BranchPoint vc="0" uspid="910" ordinal="3" offset="69" path="1" />
                <BranchPoint vc="0" uspid="911" ordinal="4" offset="105" path="0" />
                <BranchPoint vc="0" uspid="912" ordinal="5" offset="105" path="1" />
                <BranchPoint vc="0" uspid="913" ordinal="6" offset="153" path="0" />
                <BranchPoint vc="0" uspid="914" ordinal="7" offset="153" path="1" />
                <BranchPoint vc="0" uspid="915" ordinal="8" offset="184" path="0" />
                <BranchPoint vc="0" uspid="916" ordinal="9" offset="184" path="1" />
              </BranchPoints>
              <MethodPoint xsi:type="SequencePoint" vc="0" uspid="873" ordinal="0" offset="0" sl="177" sc="59" el="177" ec="60" />
            </Method>
          </Methods>
        </Class>
        <Class>
          <Summary numSequencePoints="48" visitedSequencePoints="45" numBranchPoints="18" visitedBranchPoints="17" sequenceCoverage="93.75" branchCoverage="94.44" maxCyclomaticComplexity="6" minCyclomaticComplexity="1" />
          <FullName>CombinifyWpf.Utils.ColorConverter</FullName>
          <Methods>
            <Method visited="true" cyclomaticComplexity="1" sequenceCoverage="100" branchCoverage="100" isConstructor="true" isStatic="false" isGetter="false" isSetter="false">
              <Summary numSequencePoints="3" visitedSequencePoints="3" numBranchPoints="1" visitedBranchPoints="1" sequenceCoverage="100" branchCoverage="100" maxCyclomaticComplexity="1" minCyclomaticComplexity="1" />
              <MetadataToken>100663417</MetadataToken>
              <Name>System.Void CombinifyWpf.Utils.ColorConverter::.ctor()</Name>
              <FileRef uid="19" />
              <SequencePoints>
                <SequencePoint vc="2" uspid="917" ordinal="0" offset="0" sl="44" sc="9" el="44" ec="32" />
                <SequencePoint vc="2" uspid="918" ordinal="1" offset="7" sl="44" sc="33" el="44" ec="34" />
                <SequencePoint vc="2" uspid="919" ordinal="2" offset="8" sl="44" sc="35" el="44" ec="36" />
              </SequencePoints>
              <BranchPoints />
              <MethodPoint xsi:type="SequencePoint" vc="2" uspid="917" ordinal="0" offset="0" sl="44" sc="9" el="44" ec="32" />
            </Method>
            <Method visited="true" cyclomaticComplexity="1" sequenceCoverage="100" branchCoverage="100" isConstructor="false" isStatic="false" isGetter="false" isSetter="false">
              <Summary numSequencePoints="4" visitedSequencePoints="4" numBranchPoints="1" visitedBranchPoints="1" sequenceCoverage="100" branchCoverage="100" maxCyclomaticComplexity="1" minCyclomaticComplexity="1" />
              <MetadataToken>100663418</MetadataToken>
              <Name>System.String CombinifyWpf.Utils.ColorConverter::ConvertRgbToHex(System.Byte[])</Name>
              <FileRef uid="19" />
              <SequencePoints>
                <SequencePoint vc="6" uspid="920" ordinal="0" offset="0" sl="51" sc="53" el="51" ec="54" />
                <SequencePoint vc="6" uspid="921" ordinal="1" offset="1" sl="52" sc="13" el="52" ec="82" />
                <SequencePoint vc="6" uspid="922" ordinal="2" offset="23" sl="54" sc="13" el="54" ec="32" />
                <SequencePoint vc="6" uspid="923" ordinal="3" offset="32" sl="55" sc="9" el="55" ec="10" />
              </SequencePoints>
              <BranchPoints />
              <MethodPoint xsi:type="SequencePoint" vc="6" uspid="920" ordinal="0" offset="0" sl="51" sc="53" el="51" ec="54" />
            </Method>
            <Method visited="true" cyclomaticComplexity="3" sequenceCoverage="85.71" branchCoverage="80" isConstructor="false" isStatic="false" isGetter="false" isSetter="false">
              <Summary numSequencePoints="21" visitedSequencePoints="18" numBranchPoints="5" visitedBranchPoints="4" sequenceCoverage="85.71" branchCoverage="80" maxCyclomaticComplexity="3" minCyclomaticComplexity="3" />
              <MetadataToken>100663419</MetadataToken>
              <Name>System.String CombinifyWpf.Utils.ColorConverter::ConvertHslToHex(System.Single,System.Single,System.Single)</Name>
              <FileRef uid="19" />
              <SequencePoints>
                <SequencePoint vc="3" uspid="924" ordinal="0" offset="0" sl="68" sc="68" el="68" ec="69" />
                <SequencePoint vc="3" uspid="925" ordinal="1" offset="1" sl="70" sc="13" el="70" ec="26" />
                <SequencePoint vc="3" uspid="926" ordinal="2" offset="10" sl="71" sc="13" el="71" ec="26" />
                <SequencePoint vc="3" uspid="927" ordinal="3" offset="19" sl="72" sc="13" el="72" ec="26" />
                <SequencePoint vc="3" uspid="928" ordinal="4" offset="28" sl="74" sc="13" el="74" ec="25" />
                <SequencePoint vc="0" uspid="929" ordinal="5" offset="45" sl="74" sc="26" el="74" ec="27" />
                <SequencePoint vc="0" uspid="930" ordinal="6" offset="46" sl="75" sc="17" el="75" ec="31" />
                <SequencePoint vc="0" uspid="931" ordinal="7" offset="52" sl="76" sc="13" el="76" ec="14" />
                <SequencePoint vc="3" uspid="932" ordinal="8" offset="55" sl="77" sc="18" el="77" ec="19" />
                <SequencePoint vc="3" uspid="933" ordinal="9" offset="56" sl="78" sc="17" el="78" ec="67" />
                <SequencePoint vc="3" uspid="934" ordinal="10" offset="83" sl="79" sc="17" el="79" ec="32" />
                <SequencePoint vc="3" uspid="935" ordinal="11" offset="94" sl="80" sc="17" el="80" ec="56" />
                <SequencePoint vc="3" uspid="936" ordinal="12" offset="111" sl="81" sc="17" el="81" ec="46" />
                <SequencePoint vc="3" uspid="937" ordinal="13" offset="122" sl="82" sc="17" el="82" ec="56" />
                <SequencePoint vc="3" uspid="938" ordinal="14" offset="139" sl="83" sc="13" el="83" ec="14" />
                <SequencePoint vc="3" uspid="939" ordinal="15" offset="140" sl="85" sc="13" el="85" ec="51" />
                <SequencePoint vc="3" uspid="940" ordinal="16" offset="156" sl="86" sc="13" el="86" ec="52" />
                <SequencePoint vc="3" uspid="941" ordinal="17" offset="172" sl="87" sc="13" el="87" ec="52" />
                <SequencePoint vc="3" uspid="942" ordinal="18" offset="188" sl="89" sc="13" el="89" ec="41" />
                <SequencePoint vc="3" uspid="943" ordinal="19" offset="218" sl="91" sc="13" el="91" ec="48" />
                <SequencePoint vc="3" uspid="944" ordinal="20" offset="230" sl="92" sc="9" el="92" ec="10" />
              </SequencePoints>
              <BranchPoints>
                <BranchPoint vc="0" uspid="945" ordinal="0" offset="43" path="0" />
                <BranchPoint vc="3" uspid="946" ordinal="1" offset="43" path="1" />
                <BranchPoint vc="1" uspid="947" ordinal="2" offset="62" path="0" />
                <BranchPoint vc="2" uspid="948" ordinal="3" offset="62" path="1" />
              </BranchPoints>
              <MethodPoint xsi:type="SequencePoint" vc="3" uspid="924" ordinal="0" offset="0" sl="68" sc="68" el="68" ec="69" />
            </Method>
            <Method visited="true" cyclomaticComplexity="6" sequenceCoverage="100" branchCoverage="100" isConstructor="false" isStatic="false" isGetter="false" isSetter="false">
              <Summary numSequencePoints="20" visitedSequencePoints="20" numBranchPoints="11" visitedBranchPoints="11" sequenceCoverage="100" branchCoverage="100" maxCyclomaticComplexity="6" minCyclomaticComplexity="6" />
              <MetadataToken>100663420</MetadataToken>
              <Name>System.Single CombinifyWpf.Utils.ColorConverter::HueToRgb(System.Single,System.Single,System.Single)</Name>
              <FileRef uid="19" />
              <SequencePoints>
                <SequencePoint vc="9" uspid="949" ordinal="0" offset="0" sl="95" sc="61" el="95" ec="62" />
                <SequencePoint vc="9" uspid="950" ordinal="1" offset="1" sl="96" sc="13" el="96" ec="25" />
                <SequencePoint vc="1" uspid="951" ordinal="2" offset="16" sl="96" sc="26" el="96" ec="27" />
                <SequencePoint vc="1" uspid="952" ordinal="3" offset="17" sl="96" sc="28" el="96" ec="36" />
                <SequencePoint vc="1" uspid="953" ordinal="4" offset="26" sl="96" sc="37" el="96" ec="38" />
                <SequencePoint vc="9" uspid="954" ordinal="5" offset="27" sl="97" sc="13" el="97" ec="25" />
                <SequencePoint vc="1" uspid="955" ordinal="6" offset="42" sl="97" sc="26" el="97" ec="27" />
                <SequencePoint vc="1" uspid="956" ordinal="7" offset="43" sl="97" sc="28" el="97" ec="36" />
                <SequencePoint vc="1" uspid="957" ordinal="8" offset="52" sl="97" sc="37" el="97" ec="38" />
                <SequencePoint vc="9" uspid="958" ordinal="9" offset="53" sl="99" sc="13" el="99" ec="30" />
                <SequencePoint vc="2" uspid="959" ordinal="10" offset="74" sl="99" sc="31" el="99" ec="32" />
                <SequencePoint vc="2" uspid="960" ordinal="11" offset="75" sl="99" sc="33" el="99" ec="63" />
                <SequencePoint vc="7" uspid="961" ordinal="12" offset="91" sl="100" sc="13" el="100" ec="30" />
                <SequencePoint vc="3" uspid="962" ordinal="13" offset="112" sl="100" sc="31" el="100" ec="32" />
                <SequencePoint vc="3" uspid="963" ordinal="14" offset="113" sl="100" sc="33" el="100" ec="42" />
                <SequencePoint vc="4" uspid="964" ordinal="15" offset="117" sl="101" sc="13" el="101" ec="30" />
                <SequencePoint vc="1" uspid="965" ordinal="16" offset="138" sl="101" sc="31" el="101" ec="32" />
                <SequencePoint vc="1" uspid="966" ordinal="17" offset="139" sl="101" sc="33" el="101" ec="81" />
                <SequencePoint vc="3" uspid="967" ordinal="18" offset="161" sl="103" sc="13" el="103" ec="22" />
                <SequencePoint vc="9" uspid="968" ordinal="19" offset="165" sl="104" sc="9" el="104" ec="10" />
              </SequencePoints>
              <BranchPoints>
                <BranchPoint vc="1" uspid="969" ordinal="0" offset="14" path="0" />
                <BranchPoint vc="8" uspid="970" ordinal="1" offset="14" path="1" />
                <BranchPoint vc="1" uspid="971" ordinal="2" offset="40" path="0" />
                <BranchPoint vc="8" uspid="972" ordinal="3" offset="40" path="1" />
                <BranchPoint vc="2" uspid="973" ordinal="4" offset="72" path="0" />
                <BranchPoint vc="7" uspid="974" ordinal="5" offset="72" path="1" />
                <BranchPoint vc="3" uspid="975" ordinal="6" offset="110" path="0" />
                <BranchPoint vc="4" uspid="976" ordinal="7" offset="110" path="1" />
                <BranchPoint vc="1" uspid="977" ordinal="8" offset="136" path="0" />
                <BranchPoint vc="3" uspid="978" ordinal="9" offset="136" path="1" />
              </BranchPoints>
              <MethodPoint xsi:type="SequencePoint" vc="9" uspid="949" ordinal="0" offset="0" sl="95" sc="61" el="95" ec="62" />
            </Method>
          </Methods>
        </Class>
        <Class>
          <Summary numSequencePoints="17" visitedSequencePoints="0" numBranchPoints="6" visitedBranchPoints="0" sequenceCoverage="0" branchCoverage="0" maxCyclomaticComplexity="2" minCyclomaticComplexity="1" />
          <FullName>CombinifyWpf.Properties.Resources</FullName>
          <Methods>
            <Method visited="false" cyclomaticComplexity="2" sequenceCoverage="0" branchCoverage="0" isConstructor="false" isStatic="true" isGetter="true" isSetter="false">
              <Summary numSequencePoints="8" visitedSequencePoints="0" numBranchPoints="3" visitedBranchPoints="0" sequenceCoverage="0" branchCoverage="0" maxCyclomaticComplexity="2" minCyclomaticComplexity="2" />
              <MetadataToken>100663422</MetadataToken>
              <Name>System.Resources.ResourceManager CombinifyWpf.Properties.Resources::get_ResourceManager()</Name>
              <FileRef uid="20" />
              <SequencePoints>
                <SequencePoint vc="0" uspid="979" ordinal="0" offset="0" sl="40" sc="17" el="40" ec="18" />
                <SequencePoint vc="0" uspid="980" ordinal="1" offset="1" sl="41" sc="17" el="41" ec="63" />
                <SequencePoint vc="0" uspid="981" ordinal="2" offset="19" sl="41" sc="64" el="41" ec="65" />
                <SequencePoint vc="0" uspid="982" ordinal="3" offset="20" sl="42" sc="21" el="42" ec="179" />
                <SequencePoint vc="0" uspid="983" ordinal="4" offset="46" sl="43" sc="21" el="43" ec="40" />
                <SequencePoint vc="0" uspid="984" ordinal="5" offset="52" sl="44" sc="17" el="44" ec="18" />
                <SequencePoint vc="0" uspid="985" ordinal="6" offset="53" sl="45" sc="17" el="45" ec="36" />
                <SequencePoint vc="0" uspid="986" ordinal="7" offset="61" sl="46" sc="13" el="46" ec="14" />
              </SequencePoints>
              <BranchPoints>
                <BranchPoint vc="0" uspid="987" ordinal="0" offset="17" path="0" />
                <BranchPoint vc="0" uspid="988" ordinal="1" offset="17" path="1" />
              </BranchPoints>
              <MethodPoint xsi:type="SequencePoint" vc="0" uspid="979" ordinal="0" offset="0" sl="40" sc="17" el="40" ec="18" />
            </Method>
            <Method visited="false" cyclomaticComplexity="1" sequenceCoverage="0" branchCoverage="0" isConstructor="false" isStatic="true" isGetter="true" isSetter="false">
              <Summary numSequencePoints="3" visitedSequencePoints="0" numBranchPoints="1" visitedBranchPoints="0" sequenceCoverage="0" branchCoverage="0" maxCyclomaticComplexity="1" minCyclomaticComplexity="1" />
              <MetadataToken>100663423</MetadataToken>
              <Name>System.Globalization.CultureInfo CombinifyWpf.Properties.Resources::get_Culture()</Name>
              <FileRef uid="20" />
              <SequencePoints>
                <SequencePoint vc="0" uspid="989" ordinal="0" offset="0" sl="55" sc="17" el="55" ec="18" />
                <SequencePoint vc="0" uspid="990" ordinal="1" offset="1" sl="56" sc="17" el="56" ec="40" />
                <SequencePoint vc="0" uspid="991" ordinal="2" offset="9" sl="57" sc="13" el="57" ec="14" />
              </SequencePoints>
              <BranchPoints />
              <MethodPoint xsi:type="SequencePoint" vc="0" uspid="989" ordinal="0" offset="0" sl="55" sc="17" el="55" ec="18" />
            </Method>
            <Method visited="false" cyclomaticComplexity="1" sequenceCoverage="0" branchCoverage="0" isConstructor="false" isStatic="true" isGetter="false" isSetter="true">
              <Summary numSequencePoints="3" visitedSequencePoints="0" numBranchPoints="1" visitedBranchPoints="0" sequenceCoverage="0" branchCoverage="0" maxCyclomaticComplexity="1" minCyclomaticComplexity="1" />
              <MetadataToken>100663424</MetadataToken>
              <Name>System.Void CombinifyWpf.Properties.Resources::set_Culture(System.Globalization.CultureInfo)</Name>
              <FileRef uid="20" />
              <SequencePoints>
                <SequencePoint vc="0" uspid="992" ordinal="0" offset="0" sl="58" sc="17" el="58" ec="18" />
                <SequencePoint vc="0" uspid="993" ordinal="1" offset="1" sl="59" sc="17" el="59" ec="41" />
                <SequencePoint vc="0" uspid="994" ordinal="2" offset="7" sl="60" sc="13" el="60" ec="14" />
              </SequencePoints>
              <BranchPoints />
              <MethodPoint xsi:type="SequencePoint" vc="0" uspid="992" ordinal="0" offset="0" sl="58" sc="17" el="58" ec="18" />
            </Method>
            <Method visited="false" cyclomaticComplexity="1" sequenceCoverage="0" branchCoverage="0" isConstructor="true" isStatic="false" isGetter="false" isSetter="false">
              <Summary numSequencePoints="3" visitedSequencePoints="0" numBranchPoints="1" visitedBranchPoints="0" sequenceCoverage="0" branchCoverage="0" maxCyclomaticComplexity="1" minCyclomaticComplexity="1" />
              <MetadataToken>100663421</MetadataToken>
              <Name>System.Void CombinifyWpf.Properties.Resources::.ctor()</Name>
              <FileRef uid="20" />
              <SequencePoints>
                <SequencePoint vc="0" uspid="995" ordinal="0" offset="0" sl="31" sc="9" el="32" ec="29" />
                <SequencePoint vc="0" uspid="996" ordinal="1" offset="7" sl="32" sc="30" el="32" ec="31" />
                <SequencePoint vc="0" uspid="997" ordinal="2" offset="8" sl="33" sc="9" el="33" ec="10" />
              </SequencePoints>
              <BranchPoints />
              <MethodPoint xsi:type="SequencePoint" vc="0" uspid="995" ordinal="0" offset="0" sl="31" sc="9" el="32" ec="29" />
            </Method>
          </Methods>
        </Class>
        <Class>
          <Summary numSequencePoints="115" visitedSequencePoints="0" numBranchPoints="51" visitedBranchPoints="0" sequenceCoverage="0" branchCoverage="0" maxCyclomaticComplexity="9" minCyclomaticComplexity="1" />
          <FullName>CombinifyWpf.WatchList</FullName>
          <Methods>
            <Method visited="false" cyclomaticComplexity="1" sequenceCoverage="0" branchCoverage="0" isConstructor="false" isStatic="false" isGetter="true" isSetter="false">
              <Summary numSequencePoints="3" visitedSequencePoints="0" numBranchPoints="1" visitedBranchPoints="0" sequenceCoverage="0" branchCoverage="0" maxCyclomaticComplexity="1" minCyclomaticComplexity="1" />
              <MetadataToken>100663430</MetadataToken>
              <Name>System.String CombinifyWpf.WatchList::get_ShownPath()</Name>
              <FileRef uid="21" />
              <SequencePoints>
                <SequencePoint vc="0" uspid="998" ordinal="0" offset="0" sl="114" sc="17" el="114" ec="18" />
                <SequencePoint vc="0" uspid="999" ordinal="1" offset="1" sl="114" sc="19" el="114" ec="66" />
                <SequencePoint vc="0" uspid="1000" ordinal="2" offset="20" sl="114" sc="67" el="114" ec="68" />
              </SequencePoints>
              <BranchPoints />
              <MethodPoint xsi:type="SequencePoint" vc="0" uspid="998" ordinal="0" offset="0" sl="114" sc="17" el="114" ec="18" />
            </Method>
            <Method visited="false" cyclomaticComplexity="1" sequenceCoverage="0" branchCoverage="0" isConstructor="false" isStatic="false" isGetter="false" isSetter="true">
              <Summary numSequencePoints="3" visitedSequencePoints="0" numBranchPoints="1" visitedBranchPoints="0" sequenceCoverage="0" branchCoverage="0" maxCyclomaticComplexity="1" minCyclomaticComplexity="1" />
              <MetadataToken>100663431</MetadataToken>
              <Name>System.Void CombinifyWpf.WatchList::set_ShownPath(System.String)</Name>
              <FileRef uid="21" />
              <SequencePoints>
                <SequencePoint vc="0" uspid="1001" ordinal="0" offset="0" sl="115" sc="17" el="115" ec="18" />
                <SequencePoint vc="0" uspid="1002" ordinal="1" offset="1" sl="115" sc="19" el="115" ec="56" />
                <SequencePoint vc="0" uspid="1003" ordinal="2" offset="14" sl="115" sc="57" el="115" ec="58" />
              </SequencePoints>
              <BranchPoints />
              <MethodPoint xsi:type="SequencePoint" vc="0" uspid="1001" ordinal="0" offset="0" sl="115" sc="17" el="115" ec="18" />
            </Method>
            <Method visited="false" cyclomaticComplexity="1" sequenceCoverage="0" branchCoverage="0" isConstructor="false" isStatic="false" isGetter="true" isSetter="false">
              <Summary numSequencePoints="3" visitedSequencePoints="0" numBranchPoints="1" visitedBranchPoints="0" sequenceCoverage="0" branchCoverage="0" maxCyclomaticComplexity="1" minCyclomaticComplexity="1" />
              <MetadataToken>100663432</MetadataToken>
              <Name>System.Collections.Generic.IEnumerable`1&lt;System.String&gt; CombinifyWpf.WatchList::get_ItemsSource()</Name>
              <FileRef uid="21" />
              <SequencePoints>
                <SequencePoint vc="0" uspid="1004" ordinal="0" offset="0" sl="135" sc="17" el="135" ec="18" />
                <SequencePoint vc="0" uspid="1005" ordinal="1" offset="1" sl="135" sc="19" el="135" ec="81" />
                <SequencePoint vc="0" uspid="1006" ordinal="2" offset="20" sl="135" sc="82" el="135" ec="83" />
              </SequencePoints>
              <BranchPoints />
              <MethodPoint xsi:type="SequencePoint" vc="0" uspid="1004" ordinal="0" offset="0" sl="135" sc="17" el="135" ec="18" />
            </Method>
            <Method visited="false" cyclomaticComplexity="1" sequenceCoverage="0" branchCoverage="0" isConstructor="false" isStatic="false" isGetter="false" isSetter="true">
              <Summary numSequencePoints="3" visitedSequencePoints="0" numBranchPoints="1" visitedBranchPoints="0" sequenceCoverage="0" branchCoverage="0" maxCyclomaticComplexity="1" minCyclomaticComplexity="1" />
              <MetadataToken>100663433</MetadataToken>
              <Name>System.Void CombinifyWpf.WatchList::set_ItemsSource(System.Collections.Generic.IEnumerable`1&lt;System.String&gt;)</Name>
              <FileRef uid="21" />
              <SequencePoints>
                <SequencePoint vc="0" uspid="1007" ordinal="0" offset="0" sl="136" sc="17" el="136" ec="18" />
                <SequencePoint vc="0" uspid="1008" ordinal="1" offset="1" sl="136" sc="19" el="136" ec="58" />
                <SequencePoint vc="0" uspid="1009" ordinal="2" offset="14" sl="136" sc="59" el="136" ec="60" />
              </SequencePoints>
              <BranchPoints />
              <MethodPoint xsi:type="SequencePoint" vc="0" uspid="1007" ordinal="0" offset="0" sl="136" sc="17" el="136" ec="18" />
            </Method>
            <Method visited="false" cyclomaticComplexity="1" sequenceCoverage="0" branchCoverage="0" isConstructor="true" isStatic="false" isGetter="false" isSetter="false">
              <Summary numSequencePoints="4" visitedSequencePoints="0" numBranchPoints="1" visitedBranchPoints="0" sequenceCoverage="0" branchCoverage="0" maxCyclomaticComplexity="1" minCyclomaticComplexity="1" />
              <MetadataToken>100663425</MetadataToken>
              <Name>System.Void CombinifyWpf.WatchList::.ctor()</Name>
              <FileRef uid="21" />
              <SequencePoints>
                <SequencePoint vc="0" uspid="1010" ordinal="0" offset="0" sl="64" sc="9" el="64" ec="27" />
                <SequencePoint vc="0" uspid="1011" ordinal="1" offset="7" sl="64" sc="28" el="64" ec="29" />
                <SequencePoint vc="0" uspid="1012" ordinal="2" offset="8" sl="65" sc="13" el="65" ec="35" />
                <SequencePoint vc="0" uspid="1013" ordinal="3" offset="15" sl="66" sc="9" el="66" ec="10" />
              </SequencePoints>
              <BranchPoints />
              <MethodPoint xsi:type="SequencePoint" vc="0" uspid="1010" ordinal="0" offset="0" sl="64" sc="9" el="64" ec="27" />
            </Method>
            <Method visited="false" cyclomaticComplexity="1" sequenceCoverage="0" branchCoverage="0" isConstructor="false" isStatic="false" isGetter="false" isSetter="false">
              <Summary numSequencePoints="3" visitedSequencePoints="0" numBranchPoints="1" visitedBranchPoints="0" sequenceCoverage="0" branchCoverage="0" maxCyclomaticComplexity="1" minCyclomaticComplexity="1" />
              <MetadataToken>100663426</MetadataToken>
              <Name>System.Void CombinifyWpf.WatchList::add_ClearClick(System.Windows.RoutedEventHandler)</Name>
              <FileRef uid="21" />
              <SequencePoints>
                <SequencePoint vc="0" uspid="1014" ordinal="0" offset="0" sl="75" sc="17" el="75" ec="18" />
                <SequencePoint vc="0" uspid="1015" ordinal="1" offset="1" sl="75" sc="19" el="75" ec="61" />
                <SequencePoint vc="0" uspid="1016" ordinal="2" offset="14" sl="75" sc="62" el="75" ec="63" />
              </SequencePoints>
              <BranchPoints />
              <MethodPoint xsi:type="SequencePoint" vc="0" uspid="1014" ordinal="0" offset="0" sl="75" sc="17" el="75" ec="18" />
            </Method>
            <Method visited="false" cyclomaticComplexity="1" sequenceCoverage="0" branchCoverage="0" isConstructor="false" isStatic="false" isGetter="false" isSetter="false">
              <Summary numSequencePoints="3" visitedSequencePoints="0" numBranchPoints="1" visitedBranchPoints="0" sequenceCoverage="0" branchCoverage="0" maxCyclomaticComplexity="1" minCyclomaticComplexity="1" />
              <MetadataToken>100663427</MetadataToken>
              <Name>System.Void CombinifyWpf.WatchList::remove_ClearClick(System.Windows.RoutedEventHandler)</Name>
              <FileRef uid="21" />
              <SequencePoints>
                <SequencePoint vc="0" uspid="1017" ordinal="0" offset="0" sl="76" sc="20" el="76" ec="21" />
                <SequencePoint vc="0" uspid="1018" ordinal="1" offset="1" sl="76" sc="22" el="76" ec="67" />
                <SequencePoint vc="0" uspid="1019" ordinal="2" offset="14" sl="76" sc="68" el="76" ec="69" />
              </SequencePoints>
              <BranchPoints />
              <MethodPoint xsi:type="SequencePoint" vc="0" uspid="1017" ordinal="0" offset="0" sl="76" sc="20" el="76" ec="21" />
            </Method>
            <Method visited="false" cyclomaticComplexity="1" sequenceCoverage="0" branchCoverage="0" isConstructor="false" isStatic="false" isGetter="false" isSetter="false">
              <Summary numSequencePoints="3" visitedSequencePoints="0" numBranchPoints="1" visitedBranchPoints="0" sequenceCoverage="0" branchCoverage="0" maxCyclomaticComplexity="1" minCyclomaticComplexity="1" />
              <MetadataToken>100663428</MetadataToken>
              <Name>System.Void CombinifyWpf.WatchList::add_SelectClick(System.Windows.RoutedEventHandler)</Name>
              <FileRef uid="21" />
              <SequencePoints>
                <SequencePoint vc="0" uspid="1020" ordinal="0" offset="0" sl="93" sc="17" el="93" ec="18" />
                <SequencePoint vc="0" uspid="1021" ordinal="1" offset="1" sl="93" sc="19" el="93" ec="62" />
                <SequencePoint vc="0" uspid="1022" ordinal="2" offset="14" sl="93" sc="63" el="93" ec="64" />
              </SequencePoints>
              <BranchPoints />
              <MethodPoint xsi:type="SequencePoint" vc="0" uspid="1020" ordinal="0" offset="0" sl="93" sc="17" el="93" ec="18" />
            </Method>
            <Method visited="false" cyclomaticComplexity="1" sequenceCoverage="0" branchCoverage="0" isConstructor="false" isStatic="false" isGetter="false" isSetter="false">
              <Summary numSequencePoints="3" visitedSequencePoints="0" numBranchPoints="1" visitedBranchPoints="0" sequenceCoverage="0" branchCoverage="0" maxCyclomaticComplexity="1" minCyclomaticComplexity="1" />
              <MetadataToken>100663429</MetadataToken>
              <Name>System.Void CombinifyWpf.WatchList::remove_SelectClick(System.Windows.RoutedEventHandler)</Name>
              <FileRef uid="21" />
              <SequencePoints>
                <SequencePoint vc="0" uspid="1023" ordinal="0" offset="0" sl="94" sc="20" el="94" ec="21" />
                <SequencePoint vc="0" uspid="1024" ordinal="1" offset="1" sl="94" sc="22" el="94" ec="68" />
                <SequencePoint vc="0" uspid="1025" ordinal="2" offset="14" sl="94" sc="69" el="94" ec="70" />
              </SequencePoints>
              <BranchPoints />
              <MethodPoint xsi:type="SequencePoint" vc="0" uspid="1023" ordinal="0" offset="0" sl="94" sc="20" el="94" ec="21" />
            </Method>
            <Method visited="false" cyclomaticComplexity="4" sequenceCoverage="0" branchCoverage="0" isConstructor="false" isStatic="true" isGetter="false" isSetter="false">
              <Summary numSequencePoints="21" visitedSequencePoints="0" numBranchPoints="7" visitedBranchPoints="0" sequenceCoverage="0" branchCoverage="0" maxCyclomaticComplexity="4" minCyclomaticComplexity="4" />
              <MetadataToken>100663434</MetadataToken>
              <Name>System.Void CombinifyWpf.WatchList::ItemsSourceChange(System.Windows.DependencyObject,System.Windows.DependencyPropertyChangedEventArgs)</Name>
              <FileRef uid="21" />
              <SequencePoints>
                <SequencePoint vc="0" uspid="1026" ordinal="0" offset="0" sl="153" sc="107" el="153" ec="108" />
                <SequencePoint vc="0" uspid="1027" ordinal="1" offset="1" sl="154" sc="13" el="154" ec="43" />
                <SequencePoint vc="0" uspid="1028" ordinal="2" offset="8" sl="155" sc="13" el="155" ec="40" />
                <SequencePoint vc="0" uspid="1029" ordinal="3" offset="25" sl="158" sc="13" el="158" ec="20" />
                <SequencePoint vc="0" uspid="1030" ordinal="4" offset="26" sl="158" sc="34" el="158" ec="48" />
                <SequencePoint vc="0" uspid="1031" ordinal="5" offset="44" sl="158" sc="22" el="158" ec="30" />
                <SequencePoint vc="0" uspid="1032" ordinal="6" offset="52" sl="158" sc="51" el="158" ec="52" />
                <SequencePoint vc="0" uspid="1033" ordinal="7" offset="53" sl="159" sc="17" el="159" ec="39" />
                <SequencePoint vc="0" uspid="1034" ordinal="8" offset="68" sl="159" sc="40" el="159" ec="41" />
                <SequencePoint vc="0" uspid="1035" ordinal="9" offset="69" sl="161" sc="21" el="161" ec="58" />
                <SequencePoint vc="0" uspid="1036" ordinal="10" offset="81" sl="162" sc="21" el="162" ec="88" />
                <SequencePoint vc="0" uspid="1037" ordinal="11" offset="106" sl="163" sc="21" el="163" ec="65" />
                <SequencePoint vc="0" uspid="1038" ordinal="12" offset="128" sl="164" sc="21" el="164" ec="62" />
                <SequencePoint vc="0" uspid="1039" ordinal="13" offset="147" sl="167" sc="21" el="167" ec="87" />
                <SequencePoint vc="0" uspid="1040" ordinal="14" offset="171" sl="168" sc="21" el="168" ec="42" />
                <SequencePoint vc="0" uspid="1041" ordinal="15" offset="180" sl="169" sc="21" el="169" ec="43" />
                <SequencePoint vc="0" uspid="1042" ordinal="16" offset="189" sl="170" sc="17" el="170" ec="18" />
                <SequencePoint vc="0" uspid="1043" ordinal="17" offset="190" sl="171" sc="13" el="171" ec="14" />
                <SequencePoint vc="0" uspid="1044" ordinal="18" offset="191" sl="158" sc="31" el="158" ec="33" />
                <SequencePoint vc="0" uspid="1045" ordinal="19" offset="230" sl="173" sc="13" el="173" ec="34" />
                <SequencePoint vc="0" uspid="1046" ordinal="20" offset="237" sl="174" sc="9" el="174" ec="10" />
              </SequencePoints>
              <BranchPoints>
                <BranchPoint vc="0" uspid="1047" ordinal="0" offset="66" path="0" />
                <BranchPoint vc="0" uspid="1048" ordinal="1" offset="66" path="1" />
                <BranchPoint vc="0" uspid="1049" ordinal="2" offset="202" path="0" />
                <BranchPoint vc="0" uspid="1050" ordinal="3" offset="202" path="1" />
                <BranchPoint vc="0" uspid="1051" ordinal="4" offset="218" path="0" />
                <BranchPoint vc="0" uspid="1052" ordinal="5" offset="218" path="1" />
              </BranchPoints>
              <MethodPoint xsi:type="SequencePoint" vc="0" uspid="1026" ordinal="0" offset="0" sl="153" sc="107" el="153" ec="108" />
            </Method>
            <Method visited="false" cyclomaticComplexity="3" sequenceCoverage="0" branchCoverage="0" isConstructor="false" isStatic="true" isGetter="false" isSetter="false">
              <Summary numSequencePoints="11" visitedSequencePoints="0" numBranchPoints="5" visitedBranchPoints="0" sequenceCoverage="0" branchCoverage="0" maxCyclomaticComplexity="3" minCyclomaticComplexity="3" />
              <MetadataToken>100663435</MetadataToken>
              <Name>System.Void CombinifyWpf.WatchList::PathChanged(System.Windows.DependencyObject,System.Windows.DependencyPropertyChangedEventArgs)</Name>
              <FileRef uid="21" />
              <SequencePoints>
                <SequencePoint vc="0" uspid="1053" ordinal="0" offset="0" sl="176" sc="101" el="176" ec="102" />
                <SequencePoint vc="0" uspid="1054" ordinal="1" offset="1" sl="177" sc="13" el="177" ec="43" />
                <SequencePoint vc="0" uspid="1055" ordinal="2" offset="8" sl="178" sc="13" el="178" ec="71" />
                <SequencePoint vc="0" uspid="1056" ordinal="3" offset="45" sl="178" sc="72" el="178" ec="73" />
                <SequencePoint vc="0" uspid="1057" ordinal="4" offset="46" sl="179" sc="17" el="179" ec="44" />
                <SequencePoint vc="0" uspid="1058" ordinal="5" offset="67" sl="180" sc="13" el="180" ec="14" />
                <SequencePoint vc="0" uspid="1059" ordinal="6" offset="70" sl="181" sc="18" el="181" ec="19" />
                <SequencePoint vc="0" uspid="1060" ordinal="7" offset="71" sl="182" sc="17" el="182" ec="44" />
                <SequencePoint vc="0" uspid="1061" ordinal="8" offset="92" sl="183" sc="17" el="183" ec="35" />
                <SequencePoint vc="0" uspid="1062" ordinal="9" offset="99" sl="184" sc="13" el="184" ec="14" />
                <SequencePoint vc="0" uspid="1063" ordinal="10" offset="100" sl="185" sc="9" el="185" ec="10" />
              </SequencePoints>
              <BranchPoints>
                <BranchPoint vc="0" uspid="1064" ordinal="0" offset="24" path="0" />
                <BranchPoint vc="0" uspid="1065" ordinal="1" offset="24" path="1" />
                <BranchPoint vc="0" uspid="1066" ordinal="2" offset="43" path="0" />
                <BranchPoint vc="0" uspid="1067" ordinal="3" offset="43" path="1" />
              </BranchPoints>
              <MethodPoint xsi:type="SequencePoint" vc="0" uspid="1053" ordinal="0" offset="0" sl="176" sc="101" el="176" ec="102" />
            </Method>
            <Method visited="false" cyclomaticComplexity="1" sequenceCoverage="0" branchCoverage="0" isConstructor="false" isStatic="false" isGetter="false" isSetter="false">
              <Summary numSequencePoints="3" visitedSequencePoints="0" numBranchPoints="1" visitedBranchPoints="0" sequenceCoverage="0" branchCoverage="0" maxCyclomaticComplexity="1" minCyclomaticComplexity="1" />
              <MetadataToken>100663436</MetadataToken>
              <Name>System.Void CombinifyWpf.WatchList::listHead_ButtonClick(System.Object,System.Windows.RoutedEventArgs)</Name>
              <FileRef uid="21" />
              <SequencePoints>
                <SequencePoint vc="0" uspid="1068" ordinal="0" offset="0" sl="187" sc="79" el="187" ec="80" />
                <SequencePoint vc="0" uspid="1069" ordinal="1" offset="1" sl="188" sc="13" el="188" ec="77" />
                <SequencePoint vc="0" uspid="1070" ordinal="2" offset="19" sl="189" sc="9" el="189" ec="10" />
              </SequencePoints>
              <BranchPoints />
              <MethodPoint xsi:type="SequencePoint" vc="0" uspid="1068" ordinal="0" offset="0" sl="187" sc="79" el="187" ec="80" />
            </Method>
            <Method visited="false" cyclomaticComplexity="1" sequenceCoverage="0" branchCoverage="0" isConstructor="false" isStatic="false" isGetter="false" isSetter="false">
              <Summary numSequencePoints="3" visitedSequencePoints="0" numBranchPoints="1" visitedBranchPoints="0" sequenceCoverage="0" branchCoverage="0" maxCyclomaticComplexity="1" minCyclomaticComplexity="1" />
              <MetadataToken>100663437</MetadataToken>
              <Name>System.Void CombinifyWpf.WatchList::destHead_ButtonClick(System.Object,System.Windows.RoutedEventArgs)</Name>
              <FileRef uid="21" />
              <SequencePoints>
                <SequencePoint vc="0" uspid="1071" ordinal="0" offset="0" sl="191" sc="79" el="191" ec="80" />
                <SequencePoint vc="0" uspid="1072" ordinal="1" offset="1" sl="192" sc="13" el="192" ec="78" />
                <SequencePoint vc="0" uspid="1073" ordinal="2" offset="19" sl="193" sc="9" el="193" ec="10" />
              </SequencePoints>
              <BranchPoints />
              <MethodPoint xsi:type="SequencePoint" vc="0" uspid="1071" ordinal="0" offset="0" sl="191" sc="79" el="191" ec="80" />
            </Method>
            <Method visited="false" cyclomaticComplexity="1" sequenceCoverage="0" branchCoverage="0" isConstructor="false" isStatic="false" isGetter="false" isSetter="false">
              <Summary numSequencePoints="2" visitedSequencePoints="0" numBranchPoints="1" visitedBranchPoints="0" sequenceCoverage="0" branchCoverage="0" maxCyclomaticComplexity="1" minCyclomaticComplexity="1" />
              <MetadataToken>100663438</MetadataToken>
              <Name>System.Void CombinifyWpf.WatchList::FileStack_Drop(System.Object,System.Windows.DragEventArgs)</Name>
              <FileRef uid="21" />
              <SequencePoints>
                <SequencePoint vc="0" uspid="1074" ordinal="0" offset="0" sl="195" sc="71" el="195" ec="72" />
                <SequencePoint vc="0" uspid="1075" ordinal="1" offset="1" sl="197" sc="9" el="197" ec="10" />
              </SequencePoints>
              <BranchPoints />
              <MethodPoint xsi:type="SequencePoint" vc="0" uspid="1074" ordinal="0" offset="0" sl="195" sc="71" el="195" ec="72" />
            </Method>
            <Method visited="false" cyclomaticComplexity="1" sequenceCoverage="0" branchCoverage="0" isConstructor="false" isStatic="false" isGetter="false" isSetter="false">
              <Summary numSequencePoints="2" visitedSequencePoints="0" numBranchPoints="1" visitedBranchPoints="0" sequenceCoverage="0" branchCoverage="0" maxCyclomaticComplexity="1" minCyclomaticComplexity="1" />
              <MetadataToken>100663439</MetadataToken>
              <Name>System.Void CombinifyWpf.WatchList::FileStack_DragEnter(System.Object,System.Windows.DragEventArgs)</Name>
              <FileRef uid="21" />
              <SequencePoints>
                <SequencePoint vc="0" uspid="1076" ordinal="0" offset="0" sl="199" sc="76" el="199" ec="77" />
                <SequencePoint vc="0" uspid="1077" ordinal="1" offset="1" sl="201" sc="9" el="201" ec="10" />
              </SequencePoints>
              <BranchPoints />
              <MethodPoint xsi:type="SequencePoint" vc="0" uspid="1076" ordinal="0" offset="0" sl="199" sc="76" el="199" ec="77" />
            </Method>
            <Method visited="false" cyclomaticComplexity="1" sequenceCoverage="0" branchCoverage="0" isConstructor="false" isStatic="false" isGetter="false" isSetter="false">
              <Summary numSequencePoints="2" visitedSequencePoints="0" numBranchPoints="1" visitedBranchPoints="0" sequenceCoverage="0" branchCoverage="0" maxCyclomaticComplexity="1" minCyclomaticComplexity="1" />
              <MetadataToken>100663440</MetadataToken>
              <Name>System.Void CombinifyWpf.WatchList::FileStack_DragLeave(System.Object,System.Windows.DragEventArgs)</Name>
              <FileRef uid="21" />
              <SequencePoints>
                <SequencePoint vc="0" uspid="1078" ordinal="0" offset="0" sl="203" sc="76" el="203" ec="77" />
                <SequencePoint vc="0" uspid="1079" ordinal="1" offset="1" sl="205" sc="9" el="205" ec="10" />
              </SequencePoints>
              <BranchPoints />
              <MethodPoint xsi:type="SequencePoint" vc="0" uspid="1078" ordinal="0" offset="0" sl="203" sc="76" el="203" ec="77" />
            </Method>
            <Method visited="false" cyclomaticComplexity="1" sequenceCoverage="0" branchCoverage="0" isConstructor="false" isStatic="false" isGetter="false" isSetter="false">
              <Summary numSequencePoints="2" visitedSequencePoints="0" numBranchPoints="1" visitedBranchPoints="0" sequenceCoverage="0" branchCoverage="0" maxCyclomaticComplexity="1" minCyclomaticComplexity="1" />
              <MetadataToken>100663441</MetadataToken>
              <Name>System.Void CombinifyWpf.WatchList::FileStack_DragOver(System.Object,System.Windows.DragEventArgs)</Name>
              <FileRef uid="21" />
              <SequencePoints>
                <SequencePoint vc="0" uspid="1080" ordinal="0" offset="0" sl="207" sc="75" el="207" ec="76" />
                <SequencePoint vc="0" uspid="1081" ordinal="1" offset="1" sl="209" sc="9" el="209" ec="10" />
              </SequencePoints>
              <BranchPoints />
              <MethodPoint xsi:type="SequencePoint" vc="0" uspid="1080" ordinal="0" offset="0" sl="207" sc="75" el="207" ec="76" />
            </Method>
            <Method visited="false" cyclomaticComplexity="1" sequenceCoverage="0" branchCoverage="0" isConstructor="false" isStatic="false" isGetter="false" isSetter="false">
              <Summary numSequencePoints="4" visitedSequencePoints="0" numBranchPoints="1" visitedBranchPoints="0" sequenceCoverage="0" branchCoverage="0" maxCyclomaticComplexity="1" minCyclomaticComplexity="1" />
              <MetadataToken>100663442</MetadataToken>
              <Name>System.Void CombinifyWpf.WatchList::me_SizeChanged(System.Object,System.Windows.SizeChangedEventArgs)</Name>
              <FileRef uid="21" />
              <SequencePoints>
                <SequencePoint vc="0" uspid="1082" ordinal="0" offset="0" sl="211" sc="78" el="211" ec="79" />
                <SequencePoint vc="0" uspid="1083" ordinal="1" offset="1" sl="212" sc="13" el="212" ec="28" />
                <SequencePoint vc="0" uspid="1084" ordinal="2" offset="8" sl="213" sc="13" el="213" ec="31" />
                <SequencePoint vc="0" uspid="1085" ordinal="3" offset="15" sl="214" sc="9" el="214" ec="10" />
              </SequencePoints>
              <BranchPoints />
              <MethodPoint xsi:type="SequencePoint" vc="0" uspid="1082" ordinal="0" offset="0" sl="211" sc="78" el="211" ec="79" />
            </Method>
            <Method visited="false" cyclomaticComplexity="1" sequenceCoverage="0" branchCoverage="0" isConstructor="false" isStatic="false" isGetter="false" isSetter="false">
              <Summary numSequencePoints="3" visitedSequencePoints="0" numBranchPoints="1" visitedBranchPoints="0" sequenceCoverage="0" branchCoverage="0" maxCyclomaticComplexity="1" minCyclomaticComplexity="1" />
              <MetadataToken>100663443</MetadataToken>
              <Name>System.String CombinifyWpf.WatchList::StripSpecial(System.String)</Name>
              <FileRef uid="21" />
              <SequencePoints>
                <SequencePoint vc="0" uspid="1086" ordinal="0" offset="0" sl="221" sc="56" el="221" ec="57" />
                <SequencePoint vc="0" uspid="1087" ordinal="1" offset="1" sl="222" sc="13" el="222" ec="87" />
                <SequencePoint vc="0" uspid="1088" ordinal="2" offset="35" sl="223" sc="9" el="223" ec="10" />
              </SequencePoints>
              <BranchPoints />
              <MethodPoint xsi:type="SequencePoint" vc="0" uspid="1086" ordinal="0" offset="0" sl="221" sc="56" el="221" ec="57" />
            </Method>
            <Method visited="false" cyclomaticComplexity="2" sequenceCoverage="0" branchCoverage="0" isConstructor="false" isStatic="false" isGetter="false" isSetter="false">
              <Summary numSequencePoints="10" visitedSequencePoints="0" numBranchPoints="3" visitedBranchPoints="0" sequenceCoverage="0" branchCoverage="0" maxCyclomaticComplexity="2" minCyclomaticComplexity="2" />
              <MetadataToken>100663444</MetadataToken>
              <Name>System.Int32 CombinifyWpf.WatchList::GetStringSize()</Name>
              <FileRef uid="21" />
              <SequencePoints>
                <SequencePoint vc="0" uspid="1089" ordinal="0" offset="0" sl="225" sc="37" el="225" ec="38" />
                <SequencePoint vc="0" uspid="1090" ordinal="1" offset="1" sl="226" sc="13" el="226" ec="90" />
                <SequencePoint vc="0" uspid="1091" ordinal="2" offset="31" sl="227" sc="13" el="227" ec="65" />
                <SequencePoint vc="0" uspid="1092" ordinal="3" offset="51" sl="228" sc="13" el="228" ec="30" />
                <SequencePoint vc="0" uspid="1093" ordinal="4" offset="61" sl="229" sc="13" el="229" ec="30" />
                <SequencePoint vc="0" uspid="1094" ordinal="5" offset="74" sl="229" sc="31" el="229" ec="32" />
                <SequencePoint vc="0" uspid="1095" ordinal="6" offset="75" sl="230" sc="17" el="230" ec="27" />
                <SequencePoint vc="0" uspid="1096" ordinal="7" offset="80" sl="232" sc="18" el="232" ec="19" />
                <SequencePoint vc="0" uspid="1097" ordinal="8" offset="81" sl="233" sc="17" el="233" ec="27" />
                <SequencePoint vc="0" uspid="1098" ordinal="9" offset="86" sl="235" sc="9" el="235" ec="10" />
              </SequencePoints>
              <BranchPoints>
                <BranchPoint vc="0" uspid="1099" ordinal="0" offset="72" path="0" />
                <BranchPoint vc="0" uspid="1100" ordinal="1" offset="72" path="1" />
              </BranchPoints>
              <MethodPoint xsi:type="SequencePoint" vc="0" uspid="1089" ordinal="0" offset="0" sl="225" sc="37" el="225" ec="38" />
            </Method>
            <Method visited="false" cyclomaticComplexity="1" sequenceCoverage="0" branchCoverage="0" isConstructor="false" isStatic="false" isGetter="false" isSetter="false">
              <Summary numSequencePoints="4" visitedSequencePoints="0" numBranchPoints="1" visitedBranchPoints="0" sequenceCoverage="0" branchCoverage="0" maxCyclomaticComplexity="1" minCyclomaticComplexity="1" />
              <MetadataToken>100663445</MetadataToken>
              <Name>System.Void CombinifyWpf.WatchList::SetShownText()</Name>
              <FileRef uid="21" />
              <SequencePoints>
                <SequencePoint vc="0" uspid="1101" ordinal="0" offset="0" sl="237" sc="37" el="237" ec="38" />
                <SequencePoint vc="0" uspid="1102" ordinal="1" offset="1" sl="238" sc="13" el="238" ec="41" />
                <SequencePoint vc="0" uspid="1103" ordinal="2" offset="8" sl="239" sc="13" el="239" ec="68" />
                <SequencePoint vc="0" uspid="1104" ordinal="3" offset="32" sl="240" sc="9" el="240" ec="10" />
              </SequencePoints>
              <BranchPoints />
              <MethodPoint xsi:type="SequencePoint" vc="0" uspid="1101" ordinal="0" offset="0" sl="237" sc="37" el="237" ec="38" />
            </Method>
            <Method visited="false" cyclomaticComplexity="3" sequenceCoverage="0" branchCoverage="0" isConstructor="false" isStatic="false" isGetter="false" isSetter="false">
              <Summary numSequencePoints="10" visitedSequencePoints="0" numBranchPoints="5" visitedBranchPoints="0" sequenceCoverage="0" branchCoverage="0" maxCyclomaticComplexity="3" minCyclomaticComplexity="3" />
              <MetadataToken>100663446</MetadataToken>
              <Name>System.Void CombinifyWpf.WatchList::SetListItemText()</Name>
              <FileRef uid="21" />
              <SequencePoints>
                <SequencePoint vc="0" uspid="1105" ordinal="0" offset="0" sl="242" sc="40" el="242" ec="41" />
                <SequencePoint vc="0" uspid="1106" ordinal="1" offset="1" sl="243" sc="13" el="243" ec="41" />
                <SequencePoint vc="0" uspid="1107" ordinal="2" offset="8" sl="244" sc="13" el="244" ec="20" />
                <SequencePoint vc="0" uspid="1108" ordinal="3" offset="9" sl="244" sc="45" el="244" ec="60" />
                <SequencePoint vc="0" uspid="1109" ordinal="4" offset="28" sl="244" sc="22" el="244" ec="41" />
                <SequencePoint vc="0" uspid="1110" ordinal="5" offset="40" sl="244" sc="63" el="244" ec="64" />
                <SequencePoint vc="0" uspid="1111" ordinal="6" offset="41" sl="245" sc="17" el="245" ec="105" />
                <SequencePoint vc="0" uspid="1112" ordinal="7" offset="70" sl="246" sc="13" el="246" ec="14" />
                <SequencePoint vc="0" uspid="1113" ordinal="8" offset="71" sl="244" sc="42" el="244" ec="44" />
                <SequencePoint vc="0" uspid="1114" ordinal="9" offset="110" sl="247" sc="9" el="247" ec="10" />
              </SequencePoints>
              <BranchPoints>
                <BranchPoint vc="0" uspid="1115" ordinal="0" offset="79" path="0" />
                <BranchPoint vc="0" uspid="1116" ordinal="1" offset="79" path="1" />
                <BranchPoint vc="0" uspid="1117" ordinal="2" offset="98" path="0" />
                <BranchPoint vc="0" uspid="1118" ordinal="3" offset="98" path="1" />
              </BranchPoints>
              <MethodPoint xsi:type="SequencePoint" vc="0" uspid="1105" ordinal="0" offset="0" sl="242" sc="40" el="242" ec="41" />
            </Method>
            <Method visited="false" cyclomaticComplexity="2" sequenceCoverage="0" branchCoverage="0" isConstructor="false" isStatic="false" isGetter="false" isSetter="false">
              <Summary numSequencePoints="1" visitedSequencePoints="0" numBranchPoints="3" visitedBranchPoints="0" sequenceCoverage="0" branchCoverage="0" maxCyclomaticComplexity="2" minCyclomaticComplexity="2" />
              <MetadataToken>100663447</MetadataToken>
              <Name>System.Void CombinifyWpf.WatchList::InitializeComponent()</Name>
              <SequencePoints>
                <SequencePoint vc="0" uspid="1119" ordinal="0" offset="36" sl="1" sc="13" el="1" ec="77" />
              </SequencePoints>
              <BranchPoints>
                <BranchPoint vc="0" uspid="1121" ordinal="0" offset="12" path="0" />
                <BranchPoint vc="0" uspid="1122" ordinal="1" offset="12" path="1" />
              </BranchPoints>
              <MethodPoint vc="0" uspid="1120" ordinal="0" offset="0" />
            </Method>
            <Method visited="false" cyclomaticComplexity="1" sequenceCoverage="0" branchCoverage="0" isConstructor="false" isStatic="false" isGetter="false" isSetter="false">
              <Summary numSequencePoints="0" visitedSequencePoints="0" numBranchPoints="0" visitedBranchPoints="0" sequenceCoverage="0" branchCoverage="0" maxCyclomaticComplexity="1" minCyclomaticComplexity="1" />
              <MetadataToken>100663448</MetadataToken>
              <Name>System.Delegate CombinifyWpf.WatchList::_CreateDelegate(System.Type,System.String)</Name>
              <SequencePoints />
              <BranchPoints />
              <MethodPoint vc="0" uspid="1123" ordinal="0" offset="0" />
            </Method>
            <Method visited="false" cyclomaticComplexity="9" sequenceCoverage="0" branchCoverage="0" isConstructor="false" isStatic="false" isGetter="false" isSetter="false">
              <Summary numSequencePoints="5" visitedSequencePoints="0" numBranchPoints="9" visitedBranchPoints="0" sequenceCoverage="0" branchCoverage="0" maxCyclomaticComplexity="9" minCyclomaticComplexity="9" />
              <MetadataToken>100663449</MetadataToken>
              <Name>System.Void CombinifyWpf.WatchList::System.Windows.Markup.IComponentConnector.Connect(System.Int32,System.Object)</Name>
              <SequencePoints>
                <SequencePoint vc="0" uspid="1124" ordinal="0" offset="56" sl="13" sc="13" el="13" ec="100" />
                <SequencePoint vc="0" uspid="1125" ordinal="1" offset="148" sl="29" sc="13" el="29" ec="103" />
                <SequencePoint vc="0" uspid="1126" ordinal="2" offset="172" sl="30" sc="13" el="30" ec="103" />
                <SequencePoint vc="0" uspid="1127" ordinal="3" offset="196" sl="31" sc="13" el="31" ec="101" />
                <SequencePoint vc="0" uspid="1128" ordinal="4" offset="220" sl="32" sc="13" el="32" ec="93" />
              </SequencePoints>
              <BranchPoints>
                <BranchPoint vc="0" uspid="1130" ordinal="0" offset="6" path="0" />
                <BranchPoint vc="0" uspid="1131" ordinal="1" offset="6" path="1" />
                <BranchPoint vc="0" uspid="1132" ordinal="2" offset="6" path="2" />
                <BranchPoint vc="0" uspid="1133" ordinal="3" offset="6" path="3" />
                <BranchPoint vc="0" uspid="1134" ordinal="4" offset="6" path="4" />
                <BranchPoint vc="0" uspid="1135" ordinal="5" offset="6" path="5" />
                <BranchPoint vc="0" uspid="1136" ordinal="6" offset="6" path="6" />
                <BranchPoint vc="0" uspid="1137" ordinal="7" offset="6" path="7" />
              </BranchPoints>
              <MethodPoint vc="0" uspid="1129" ordinal="0" offset="0" />
            </Method>
            <Method visited="false" cyclomaticComplexity="1" sequenceCoverage="0" branchCoverage="0" isConstructor="true" isStatic="true" isGetter="false" isSetter="false">
              <Summary numSequencePoints="4" visitedSequencePoints="0" numBranchPoints="1" visitedBranchPoints="0" sequenceCoverage="0" branchCoverage="0" maxCyclomaticComplexity="1" minCyclomaticComplexity="1" />
              <MetadataToken>100663450</MetadataToken>
              <Name>System.Void CombinifyWpf.WatchList::.cctor()</Name>
              <FileRef uid="21" />
              <SequencePoints>
                <SequencePoint vc="0" uspid="1138" ordinal="0" offset="0" sl="82" sc="9" el="87" ec="47" />
                <SequencePoint vc="0" uspid="1139" ordinal="1" offset="36" sl="100" sc="9" el="105" ec="47" />
                <SequencePoint vc="0" uspid="1140" ordinal="2" offset="72" sl="121" sc="9" el="129" ec="42" />
                <SequencePoint vc="0" uspid="1141" ordinal="3" offset="129" sl="142" sc="9" el="148" ec="38" />
              </SequencePoints>
              <BranchPoints />
              <MethodPoint xsi:type="SequencePoint" vc="0" uspid="1138" ordinal="0" offset="0" sl="82" sc="9" el="87" ec="47" />
            </Method>
          </Methods>
        </Class>
        <Class>
          <Summary numSequencePoints="40" visitedSequencePoints="0" numBranchPoints="18" visitedBranchPoints="0" sequenceCoverage="0" branchCoverage="0" maxCyclomaticComplexity="5" minCyclomaticComplexity="1" />
          <FullName>CombinifyWpf.Converters.FileSizeConverter</FullName>
          <Methods>
            <Method visited="false" cyclomaticComplexity="1" sequenceCoverage="0" branchCoverage="0" isConstructor="true" isStatic="false" isGetter="false" isSetter="false">
              <Summary numSequencePoints="3" visitedSequencePoints="0" numBranchPoints="1" visitedBranchPoints="0" sequenceCoverage="0" branchCoverage="0" maxCyclomaticComplexity="1" minCyclomaticComplexity="1" />
              <MetadataToken>100663451</MetadataToken>
              <Name>System.Void CombinifyWpf.Converters.FileSizeConverter::.ctor()</Name>
              <FileRef uid="23" />
              <SequencePoints>
                <SequencePoint vc="0" uspid="1142" ordinal="0" offset="0" sl="48" sc="9" el="48" ec="35" />
                <SequencePoint vc="0" uspid="1143" ordinal="1" offset="7" sl="48" sc="36" el="48" ec="37" />
                <SequencePoint vc="0" uspid="1144" ordinal="2" offset="8" sl="48" sc="38" el="48" ec="39" />
              </SequencePoints>
              <BranchPoints />
              <MethodPoint xsi:type="SequencePoint" vc="0" uspid="1142" ordinal="0" offset="0" sl="48" sc="9" el="48" ec="35" />
            </Method>
            <Method visited="false" cyclomaticComplexity="2" sequenceCoverage="0" branchCoverage="0" isConstructor="false" isStatic="false" isGetter="false" isSetter="false">
              <Summary numSequencePoints="3" visitedSequencePoints="0" numBranchPoints="3" visitedBranchPoints="0" sequenceCoverage="0" branchCoverage="0" maxCyclomaticComplexity="2" minCyclomaticComplexity="2" />
              <MetadataToken>100663452</MetadataToken>
              <Name>System.Object CombinifyWpf.Converters.FileSizeConverter::ProvideValue(System.IServiceProvider)</Name>
              <FileRef uid="23" />
              <SequencePoints>
                <SequencePoint vc="0" uspid="1145" ordinal="0" offset="0" sl="55" sc="81" el="55" ec="82" />
                <SequencePoint vc="0" uspid="1146" ordinal="1" offset="1" sl="56" sc="13" el="56" ec="75" />
                <SequencePoint vc="0" uspid="1147" ordinal="2" offset="24" sl="57" sc="9" el="57" ec="10" />
              </SequencePoints>
              <BranchPoints>
                <BranchPoint vc="0" uspid="1148" ordinal="0" offset="7" path="0" />
                <BranchPoint vc="0" uspid="1149" ordinal="1" offset="7" path="1" />
              </BranchPoints>
              <MethodPoint xsi:type="SequencePoint" vc="0" uspid="1145" ordinal="0" offset="0" sl="55" sc="81" el="55" ec="82" />
            </Method>
            <Method visited="false" cyclomaticComplexity="2" sequenceCoverage="0" branchCoverage="0" isConstructor="false" isStatic="false" isGetter="false" isSetter="false">
              <Summary numSequencePoints="6" visitedSequencePoints="0" numBranchPoints="3" visitedBranchPoints="0" sequenceCoverage="0" branchCoverage="0" maxCyclomaticComplexity="2" minCyclomaticComplexity="2" />
              <MetadataToken>100663453</MetadataToken>
              <Name>System.Object CombinifyWpf.Converters.FileSizeConverter::Convert(System.Object,System.Type,System.Object,System.Globalization.CultureInfo)</Name>
              <FileRef uid="23" />
              <SequencePoints>
                <SequencePoint vc="0" uspid="1150" ordinal="0" offset="0" sl="67" sc="112" el="67" ec="113" />
                <SequencePoint vc="0" uspid="1151" ordinal="1" offset="1" sl="68" sc="13" el="68" ec="32" />
                <SequencePoint vc="0" uspid="1152" ordinal="2" offset="12" sl="68" sc="33" el="68" ec="34" />
                <SequencePoint vc="0" uspid="1153" ordinal="3" offset="13" sl="69" sc="17" el="69" ec="37" />
                <SequencePoint vc="0" uspid="1154" ordinal="4" offset="21" sl="72" sc="13" el="72" ec="50" />
                <SequencePoint vc="0" uspid="1155" ordinal="5" offset="36" sl="73" sc="9" el="73" ec="10" />
              </SequencePoints>
              <BranchPoints>
                <BranchPoint vc="0" uspid="1156" ordinal="0" offset="10" path="0" />
                <BranchPoint vc="0" uspid="1157" ordinal="1" offset="10" path="1" />
              </BranchPoints>
              <MethodPoint xsi:type="SequencePoint" vc="0" uspid="1150" ordinal="0" offset="0" sl="67" sc="112" el="67" ec="113" />
            </Method>
            <Method visited="false" cyclomaticComplexity="1" sequenceCoverage="0" branchCoverage="0" isConstructor="false" isStatic="false" isGetter="false" isSetter="false">
              <Summary numSequencePoints="2" visitedSequencePoints="0" numBranchPoints="1" visitedBranchPoints="0" sequenceCoverage="0" branchCoverage="0" maxCyclomaticComplexity="1" minCyclomaticComplexity="1" />
              <MetadataToken>100663454</MetadataToken>
              <Name>System.Object CombinifyWpf.Converters.FileSizeConverter::ConvertBack(System.Object,System.Type,System.Object,System.Globalization.CultureInfo)</Name>
              <FileRef uid="23" />
              <SequencePoints>
                <SequencePoint vc="0" uspid="1158" ordinal="0" offset="0" sl="83" sc="116" el="83" ec="117" />
                <SequencePoint vc="0" uspid="1159" ordinal="1" offset="1" sl="84" sc="13" el="84" ec="49" />
              </SequencePoints>
              <BranchPoints />
              <MethodPoint xsi:type="SequencePoint" vc="0" uspid="1158" ordinal="0" offset="0" sl="83" sc="116" el="83" ec="117" />
            </Method>
            <Method visited="false" cyclomaticComplexity="5" sequenceCoverage="0" branchCoverage="0" isConstructor="false" isStatic="false" isGetter="false" isSetter="false">
              <Summary numSequencePoints="25" visitedSequencePoints="0" numBranchPoints="9" visitedBranchPoints="0" sequenceCoverage="0" branchCoverage="0" maxCyclomaticComplexity="5" minCyclomaticComplexity="5" />
              <MetadataToken>100663455</MetadataToken>
              <Name>System.String CombinifyWpf.Converters.FileSizeConverter::AutoFileSize(System.Int64)</Name>
              <FileRef uid="23" />
              <SequencePoints>
                <SequencePoint vc="0" uspid="1160" ordinal="0" offset="0" sl="90" sc="52" el="90" ec="53" />
                <SequencePoint vc="0" uspid="1161" ordinal="1" offset="1" sl="91" sc="13" el="91" ec="33" />
                <SequencePoint vc="0" uspid="1162" ordinal="2" offset="4" sl="92" sc="13" el="92" ec="35" />
                <SequencePoint vc="0" uspid="1163" ordinal="3" offset="10" sl="94" sc="13" el="94" ec="29" />
                <SequencePoint vc="0" uspid="1164" ordinal="4" offset="29" sl="94" sc="30" el="94" ec="31" />
                <SequencePoint vc="0" uspid="1165" ordinal="5" offset="30" sl="94" sc="32" el="94" ec="49" />
                <SequencePoint vc="0" uspid="1166" ordinal="6" offset="42" sl="94" sc="50" el="94" ec="65" />
                <SequencePoint vc="0" uspid="1167" ordinal="7" offset="48" sl="94" sc="66" el="94" ec="67" />
                <SequencePoint vc="0" uspid="1168" ordinal="8" offset="49" sl="95" sc="13" el="95" ec="29" />
                <SequencePoint vc="0" uspid="1169" ordinal="9" offset="68" sl="95" sc="30" el="95" ec="31" />
                <SequencePoint vc="0" uspid="1170" ordinal="10" offset="69" sl="95" sc="32" el="95" ec="49" />
                <SequencePoint vc="0" uspid="1171" ordinal="11" offset="81" sl="95" sc="50" el="95" ec="65" />
                <SequencePoint vc="0" uspid="1172" ordinal="12" offset="87" sl="95" sc="66" el="95" ec="67" />
                <SequencePoint vc="0" uspid="1173" ordinal="13" offset="88" sl="96" sc="13" el="96" ec="29" />
                <SequencePoint vc="0" uspid="1174" ordinal="14" offset="107" sl="96" sc="30" el="96" ec="31" />
                <SequencePoint vc="0" uspid="1175" ordinal="15" offset="108" sl="96" sc="32" el="96" ec="49" />
                <SequencePoint vc="0" uspid="1176" ordinal="16" offset="120" sl="96" sc="50" el="96" ec="65" />
                <SequencePoint vc="0" uspid="1177" ordinal="17" offset="126" sl="96" sc="66" el="96" ec="67" />
                <SequencePoint vc="0" uspid="1178" ordinal="18" offset="127" sl="97" sc="13" el="97" ec="29" />
                <SequencePoint vc="0" uspid="1179" ordinal="19" offset="146" sl="97" sc="30" el="97" ec="31" />
                <SequencePoint vc="0" uspid="1180" ordinal="20" offset="147" sl="97" sc="32" el="97" ec="49" />
                <SequencePoint vc="0" uspid="1181" ordinal="21" offset="159" sl="97" sc="50" el="97" ec="65" />
                <SequencePoint vc="0" uspid="1182" ordinal="22" offset="165" sl="97" sc="66" el="97" ec="67" />
                <SequencePoint vc="0" uspid="1183" ordinal="23" offset="166" sl="99" sc="13" el="99" ec="49" />
                <SequencePoint vc="0" uspid="1184" ordinal="24" offset="187" sl="100" sc="9" el="100" ec="10" />
              </SequencePoints>
              <BranchPoints>
                <BranchPoint vc="0" uspid="1185" ordinal="0" offset="27" path="0" />
                <BranchPoint vc="0" uspid="1186" ordinal="1" offset="27" path="1" />
                <BranchPoint vc="0" uspid="1187" ordinal="2" offset="66" path="0" />
                <BranchPoint vc="0" uspid="1188" ordinal="3" offset="66" path="1" />
                <BranchPoint vc="0" uspid="1189" ordinal="4" offset="105" path="0" />
                <BranchPoint vc="0" uspid="1190" ordinal="5" offset="105" path="1" />
                <BranchPoint vc="0" uspid="1191" ordinal="6" offset="144" path="0" />
                <BranchPoint vc="0" uspid="1192" ordinal="7" offset="144" path="1" />
              </BranchPoints>
              <MethodPoint xsi:type="SequencePoint" vc="0" uspid="1160" ordinal="0" offset="0" sl="90" sc="52" el="90" ec="53" />
            </Method>
            <Method visited="false" cyclomaticComplexity="1" sequenceCoverage="0" branchCoverage="0" isConstructor="true" isStatic="true" isGetter="false" isSetter="false">
              <Summary numSequencePoints="1" visitedSequencePoints="0" numBranchPoints="1" visitedBranchPoints="0" sequenceCoverage="0" branchCoverage="0" maxCyclomaticComplexity="1" minCyclomaticComplexity="1" />
              <MetadataToken>100663456</MetadataToken>
              <Name>System.Void CombinifyWpf.Converters.FileSizeConverter::.cctor()</Name>
              <FileRef uid="23" />
              <SequencePoints>
                <SequencePoint vc="0" uspid="1193" ordinal="0" offset="0" sl="46" sc="9" el="46" ec="60" />
              </SequencePoints>
              <BranchPoints />
              <MethodPoint xsi:type="SequencePoint" vc="0" uspid="1193" ordinal="0" offset="0" sl="46" sc="9" el="46" ec="60" />
            </Method>
          </Methods>
        </Class>
        <Class>
          <Summary numSequencePoints="19" visitedSequencePoints="0" numBranchPoints="15" visitedBranchPoints="0" sequenceCoverage="0" branchCoverage="0" maxCyclomaticComplexity="3" minCyclomaticComplexity="1" />
          <FullName>CombinifyWpf.Converters.BoolVisibilityConverter</FullName>
          <Methods>
            <Method visited="false" cyclomaticComplexity="1" sequenceCoverage="0" branchCoverage="0" isConstructor="true" isStatic="false" isGetter="false" isSetter="false">
              <Summary numSequencePoints="3" visitedSequencePoints="0" numBranchPoints="1" visitedBranchPoints="0" sequenceCoverage="0" branchCoverage="0" maxCyclomaticComplexity="1" minCyclomaticComplexity="1" />
              <MetadataToken>100663457</MetadataToken>
              <Name>System.Void CombinifyWpf.Converters.BoolVisibilityConverter::.ctor()</Name>
              <FileRef uid="24" />
              <SequencePoints>
                <SequencePoint vc="0" uspid="1194" ordinal="0" offset="0" sl="49" sc="9" el="49" ec="41" />
                <SequencePoint vc="0" uspid="1195" ordinal="1" offset="7" sl="49" sc="42" el="49" ec="43" />
                <SequencePoint vc="0" uspid="1196" ordinal="2" offset="8" sl="49" sc="44" el="49" ec="45" />
              </SequencePoints>
              <BranchPoints />
              <MethodPoint xsi:type="SequencePoint" vc="0" uspid="1194" ordinal="0" offset="0" sl="49" sc="9" el="49" ec="41" />
            </Method>
            <Method visited="false" cyclomaticComplexity="2" sequenceCoverage="0" branchCoverage="0" isConstructor="false" isStatic="false" isGetter="false" isSetter="false">
              <Summary numSequencePoints="3" visitedSequencePoints="0" numBranchPoints="3" visitedBranchPoints="0" sequenceCoverage="0" branchCoverage="0" maxCyclomaticComplexity="2" minCyclomaticComplexity="2" />
              <MetadataToken>100663458</MetadataToken>
              <Name>System.Object CombinifyWpf.Converters.BoolVisibilityConverter::ProvideValue(System.IServiceProvider)</Name>
              <FileRef uid="24" />
              <SequencePoints>
                <SequencePoint vc="0" uspid="1197" ordinal="0" offset="0" sl="56" sc="81" el="56" ec="82" />
                <SequencePoint vc="0" uspid="1198" ordinal="1" offset="1" sl="57" sc="13" el="57" ec="81" />
                <SequencePoint vc="0" uspid="1199" ordinal="2" offset="24" sl="58" sc="9" el="58" ec="10" />
              </SequencePoints>
              <BranchPoints>
                <BranchPoint vc="0" uspid="1200" ordinal="0" offset="7" path="0" />
                <BranchPoint vc="0" uspid="1201" ordinal="1" offset="7" path="1" />
              </BranchPoints>
              <MethodPoint xsi:type="SequencePoint" vc="0" uspid="1197" ordinal="0" offset="0" sl="56" sc="81" el="56" ec="82" />
            </Method>
            <Method visited="false" cyclomaticComplexity="3" sequenceCoverage="0" branchCoverage="0" isConstructor="false" isStatic="false" isGetter="false" isSetter="false">
              <Summary numSequencePoints="6" visitedSequencePoints="0" numBranchPoints="5" visitedBranchPoints="0" sequenceCoverage="0" branchCoverage="0" maxCyclomaticComplexity="3" minCyclomaticComplexity="3" />
              <MetadataToken>100663459</MetadataToken>
              <Name>System.Object CombinifyWpf.Converters.BoolVisibilityConverter::Convert(System.Object,System.Type,System.Object,System.Globalization.CultureInfo)</Name>
              <FileRef uid="24" />
              <SequencePoints>
                <SequencePoint vc="0" uspid="1202" ordinal="0" offset="0" sl="68" sc="112" el="68" ec="113" />
                <SequencePoint vc="0" uspid="1203" ordinal="1" offset="1" sl="69" sc="13" el="69" ec="49" />
                <SequencePoint vc="0" uspid="1204" ordinal="2" offset="20" sl="69" sc="50" el="69" ec="51" />
                <SequencePoint vc="0" uspid="1205" ordinal="3" offset="21" sl="70" sc="17" el="70" ec="43" />
                <SequencePoint vc="0" uspid="1206" ordinal="4" offset="30" sl="73" sc="13" el="73" ec="41" />
                <SequencePoint vc="0" uspid="1207" ordinal="5" offset="39" sl="74" sc="9" el="74" ec="10" />
              </SequencePoints>
              <BranchPoints>
                <BranchPoint vc="0" uspid="1208" ordinal="0" offset="2" path="0" />
                <BranchPoint vc="0" uspid="1209" ordinal="1" offset="2" path="1" />
                <BranchPoint vc="0" uspid="1210" ordinal="2" offset="18" path="0" />
                <BranchPoint vc="0" uspid="1211" ordinal="3" offset="18" path="1" />
              </BranchPoints>
              <MethodPoint xsi:type="SequencePoint" vc="0" uspid="1202" ordinal="0" offset="0" sl="68" sc="112" el="68" ec="113" />
            </Method>
            <Method visited="false" cyclomaticComplexity="3" sequenceCoverage="0" branchCoverage="0" isConstructor="false" isStatic="false" isGetter="false" isSetter="false">
              <Summary numSequencePoints="6" visitedSequencePoints="0" numBranchPoints="5" visitedBranchPoints="0" sequenceCoverage="0" branchCoverage="0" maxCyclomaticComplexity="3" minCyclomaticComplexity="3" />
              <MetadataToken>100663460</MetadataToken>
              <Name>System.Object CombinifyWpf.Converters.BoolVisibilityConverter::ConvertBack(System.Object,System.Type,System.Object,System.Globalization.CultureInfo)</Name>
              <FileRef uid="24" />
              <SequencePoints>
                <SequencePoint vc="0" uspid="1212" ordinal="0" offset="0" sl="84" sc="116" el="84" ec="117" />
                <SequencePoint vc="0" uspid="1213" ordinal="1" offset="1" sl="85" sc="13" el="85" ec="77" />
                <SequencePoint vc="0" uspid="1214" ordinal="2" offset="23" sl="85" sc="78" el="85" ec="79" />
                <SequencePoint vc="0" uspid="1215" ordinal="3" offset="24" sl="86" sc="17" el="86" ec="29" />
                <SequencePoint vc="0" uspid="1216" ordinal="4" offset="33" sl="89" sc="13" el="89" ec="26" />
                <SequencePoint vc="0" uspid="1217" ordinal="5" offset="42" sl="90" sc="9" el="90" ec="10" />
              </SequencePoints>
              <BranchPoints>
                <BranchPoint vc="0" uspid="1218" ordinal="0" offset="2" path="0" />
                <BranchPoint vc="0" uspid="1219" ordinal="1" offset="2" path="1" />
                <BranchPoint vc="0" uspid="1220" ordinal="2" offset="21" path="0" />
                <BranchPoint vc="0" uspid="1221" ordinal="3" offset="21" path="1" />
              </BranchPoints>
              <MethodPoint xsi:type="SequencePoint" vc="0" uspid="1212" ordinal="0" offset="0" sl="84" sc="116" el="84" ec="117" />
            </Method>
            <Method visited="false" cyclomaticComplexity="1" sequenceCoverage="0" branchCoverage="0" isConstructor="true" isStatic="true" isGetter="false" isSetter="false">
              <Summary numSequencePoints="1" visitedSequencePoints="0" numBranchPoints="1" visitedBranchPoints="0" sequenceCoverage="0" branchCoverage="0" maxCyclomaticComplexity="1" minCyclomaticComplexity="1" />
              <MetadataToken>100663461</MetadataToken>
              <Name>System.Void CombinifyWpf.Converters.BoolVisibilityConverter::.cctor()</Name>
              <FileRef uid="24" />
              <SequencePoints>
                <SequencePoint vc="0" uspid="1222" ordinal="0" offset="0" sl="44" sc="9" el="44" ec="66" />
              </SequencePoints>
              <BranchPoints />
              <MethodPoint xsi:type="SequencePoint" vc="0" uspid="1222" ordinal="0" offset="0" sl="44" sc="9" el="44" ec="66" />
            </Method>
          </Methods>
        </Class>
        <Class>
          <Summary numSequencePoints="4" visitedSequencePoints="0" numBranchPoints="2" visitedBranchPoints="0" sequenceCoverage="0" branchCoverage="0" maxCyclomaticComplexity="1" minCyclomaticComplexity="1" />
          <FullName>CombinifyWpf.Properties.Settings</FullName>
          <Methods>
            <Method visited="false" cyclomaticComplexity="1" sequenceCoverage="0" branchCoverage="0" isConstructor="false" isStatic="true" isGetter="true" isSetter="false">
              <Summary numSequencePoints="3" visitedSequencePoints="0" numBranchPoints="1" visitedBranchPoints="0" sequenceCoverage="0" branchCoverage="0" maxCyclomaticComplexity="1" minCyclomaticComplexity="1" />
              <MetadataToken>100663462</MetadataToken>
              <Name>CombinifyWpf.Properties.Settings CombinifyWpf.Properties.Settings::get_Default()</Name>
              <FileRef uid="25" />
              <SequencePoints>
                <SequencePoint vc="0" uspid="1223" ordinal="0" offset="0" sl="21" sc="17" el="21" ec="18" />
                <SequencePoint vc="0" uspid="1224" ordinal="1" offset="1" sl="22" sc="17" el="22" ec="40" />
                <SequencePoint vc="0" uspid="1225" ordinal="2" offset="9" sl="23" sc="13" el="23" ec="14" />
              </SequencePoints>
              <BranchPoints />
              <MethodPoint xsi:type="SequencePoint" vc="0" uspid="1223" ordinal="0" offset="0" sl="21" sc="17" el="21" ec="18" />
            </Method>
            <Method visited="false" cyclomaticComplexity="1" sequenceCoverage="0" branchCoverage="0" isConstructor="true" isStatic="false" isGetter="false" isSetter="false">
              <Summary numSequencePoints="0" visitedSequencePoints="0" numBranchPoints="0" visitedBranchPoints="0" sequenceCoverage="0" branchCoverage="0" maxCyclomaticComplexity="1" minCyclomaticComplexity="1" />
              <MetadataToken>100663463</MetadataToken>
              <Name>System.Void CombinifyWpf.Properties.Settings::.ctor()</Name>
              <SequencePoints />
              <BranchPoints />
              <MethodPoint vc="0" uspid="1226" ordinal="0" offset="0" />
            </Method>
            <Method visited="false" cyclomaticComplexity="1" sequenceCoverage="0" branchCoverage="0" isConstructor="true" isStatic="true" isGetter="false" isSetter="false">
              <Summary numSequencePoints="1" visitedSequencePoints="0" numBranchPoints="1" visitedBranchPoints="0" sequenceCoverage="0" branchCoverage="0" maxCyclomaticComplexity="1" minCyclomaticComplexity="1" />
              <MetadataToken>100663464</MetadataToken>
              <Name>System.Void CombinifyWpf.Properties.Settings::.cctor()</Name>
              <FileRef uid="25" />
              <SequencePoints>
                <SequencePoint vc="0" uspid="1227" ordinal="0" offset="0" sl="18" sc="9" el="18" ec="147" />
              </SequencePoints>
              <BranchPoints />
              <MethodPoint xsi:type="SequencePoint" vc="0" uspid="1227" ordinal="0" offset="0" sl="18" sc="9" el="18" ec="147" />
            </Method>
          </Methods>
        </Class>
        <Class>
          <Summary numSequencePoints="3" visitedSequencePoints="0" numBranchPoints="1" visitedBranchPoints="0" sequenceCoverage="0" branchCoverage="0" maxCyclomaticComplexity="1" minCyclomaticComplexity="1" />
          <FullName>CombinifyWpf.Models.Project</FullName>
          <Methods>
            <Method visited="false" cyclomaticComplexity="1" sequenceCoverage="0" branchCoverage="0" isConstructor="false" isStatic="false" isGetter="true" isSetter="false">
              <Summary numSequencePoints="0" visitedSequencePoints="0" numBranchPoints="0" visitedBranchPoints="0" sequenceCoverage="0" branchCoverage="0" maxCyclomaticComplexity="1" minCyclomaticComplexity="1" />
              <MetadataToken>100663466</MetadataToken>
              <Name>System.String CombinifyWpf.Models.Project::get_LastDirectory()</Name>
              <SequencePoints />
              <BranchPoints />
              <MethodPoint vc="0" uspid="1228" ordinal="0" offset="0" />
            </Method>
            <Method visited="false" cyclomaticComplexity="1" sequenceCoverage="0" branchCoverage="0" isConstructor="false" isStatic="false" isGetter="false" isSetter="true">
              <Summary numSequencePoints="0" visitedSequencePoints="0" numBranchPoints="0" visitedBranchPoints="0" sequenceCoverage="0" branchCoverage="0" maxCyclomaticComplexity="1" minCyclomaticComplexity="1" />
              <MetadataToken>100663467</MetadataToken>
              <Name>System.Void CombinifyWpf.Models.Project::set_LastDirectory(System.String)</Name>
              <SequencePoints />
              <BranchPoints />
              <MethodPoint vc="0" uspid="1229" ordinal="0" offset="0" />
            </Method>
            <Method visited="false" cyclomaticComplexity="1" sequenceCoverage="0" branchCoverage="0" isConstructor="false" isStatic="false" isGetter="true" isSetter="false">
              <Summary numSequencePoints="0" visitedSequencePoints="0" numBranchPoints="0" visitedBranchPoints="0" sequenceCoverage="0" branchCoverage="0" maxCyclomaticComplexity="1" minCyclomaticComplexity="1" />
              <MetadataToken>100663468</MetadataToken>
              <Name>System.String CombinifyWpf.Models.Project::get_DestinationFile()</Name>
              <SequencePoints />
              <BranchPoints />
              <MethodPoint vc="0" uspid="1230" ordinal="0" offset="0" />
            </Method>
            <Method visited="false" cyclomaticComplexity="1" sequenceCoverage="0" branchCoverage="0" isConstructor="false" isStatic="false" isGetter="false" isSetter="true">
              <Summary numSequencePoints="0" visitedSequencePoints="0" numBranchPoints="0" visitedBranchPoints="0" sequenceCoverage="0" branchCoverage="0" maxCyclomaticComplexity="1" minCyclomaticComplexity="1" />
              <MetadataToken>100663469</MetadataToken>
              <Name>System.Void CombinifyWpf.Models.Project::set_DestinationFile(System.String)</Name>
              <SequencePoints />
              <BranchPoints />
              <MethodPoint vc="0" uspid="1231" ordinal="0" offset="0" />
            </Method>
            <Method visited="false" cyclomaticComplexity="1" sequenceCoverage="0" branchCoverage="0" isConstructor="false" isStatic="false" isGetter="true" isSetter="false">
              <Summary numSequencePoints="0" visitedSequencePoints="0" numBranchPoints="0" visitedBranchPoints="0" sequenceCoverage="0" branchCoverage="0" maxCyclomaticComplexity="1" minCyclomaticComplexity="1" />
              <MetadataToken>100663470</MetadataToken>
              <Name>System.Boolean CombinifyWpf.Models.Project::get_IsWatching()</Name>
              <SequencePoints />
              <BranchPoints />
              <MethodPoint vc="0" uspid="1232" ordinal="0" offset="0" />
            </Method>
            <Method visited="false" cyclomaticComplexity="1" sequenceCoverage="0" branchCoverage="0" isConstructor="false" isStatic="false" isGetter="false" isSetter="true">
              <Summary numSequencePoints="0" visitedSequencePoints="0" numBranchPoints="0" visitedBranchPoints="0" sequenceCoverage="0" branchCoverage="0" maxCyclomaticComplexity="1" minCyclomaticComplexity="1" />
              <MetadataToken>100663471</MetadataToken>
              <Name>System.Void CombinifyWpf.Models.Project::set_IsWatching(System.Boolean)</Name>
              <SequencePoints />
              <BranchPoints />
              <MethodPoint vc="0" uspid="1233" ordinal="0" offset="0" />
            </Method>
            <Method visited="false" cyclomaticComplexity="1" sequenceCoverage="0" branchCoverage="0" isConstructor="false" isStatic="false" isGetter="true" isSetter="false">
              <Summary numSequencePoints="0" visitedSequencePoints="0" numBranchPoints="0" visitedBranchPoints="0" sequenceCoverage="0" branchCoverage="0" maxCyclomaticComplexity="1" minCyclomaticComplexity="1" />
              <MetadataToken>100663472</MetadataToken>
              <Name>System.Collections.Generic.List`1&lt;System.String&gt; CombinifyWpf.Models.Project::get_WatchedFiles()</Name>
              <SequencePoints />
              <BranchPoints />
              <MethodPoint vc="0" uspid="1234" ordinal="0" offset="0" />
            </Method>
            <Method visited="false" cyclomaticComplexity="1" sequenceCoverage="0" branchCoverage="0" isConstructor="false" isStatic="false" isGetter="false" isSetter="true">
              <Summary numSequencePoints="0" visitedSequencePoints="0" numBranchPoints="0" visitedBranchPoints="0" sequenceCoverage="0" branchCoverage="0" maxCyclomaticComplexity="1" minCyclomaticComplexity="1" />
              <MetadataToken>100663473</MetadataToken>
              <Name>System.Void CombinifyWpf.Models.Project::set_WatchedFiles(System.Collections.Generic.List`1&lt;System.String&gt;)</Name>
              <SequencePoints />
              <BranchPoints />
              <MethodPoint vc="0" uspid="1235" ordinal="0" offset="0" />
            </Method>
            <Method visited="false" cyclomaticComplexity="1" sequenceCoverage="0" branchCoverage="0" isConstructor="false" isStatic="false" isGetter="true" isSetter="false">
              <Summary numSequencePoints="0" visitedSequencePoints="0" numBranchPoints="0" visitedBranchPoints="0" sequenceCoverage="0" branchCoverage="0" maxCyclomaticComplexity="1" minCyclomaticComplexity="1" />
              <MetadataToken>100663474</MetadataToken>
              <Name>System.Collections.Generic.Dictionary`2&lt;System.String,System.DateTime&gt; CombinifyWpf.Models.Project::get_FileTimes()</Name>
              <SequencePoints />
              <BranchPoints />
              <MethodPoint vc="0" uspid="1236" ordinal="0" offset="0" />
            </Method>
            <Method visited="false" cyclomaticComplexity="1" sequenceCoverage="0" branchCoverage="0" isConstructor="false" isStatic="false" isGetter="false" isSetter="true">
              <Summary numSequencePoints="0" visitedSequencePoints="0" numBranchPoints="0" visitedBranchPoints="0" sequenceCoverage="0" branchCoverage="0" maxCyclomaticComplexity="1" minCyclomaticComplexity="1" />
              <MetadataToken>100663475</MetadataToken>
              <Name>System.Void CombinifyWpf.Models.Project::set_FileTimes(System.Collections.Generic.Dictionary`2&lt;System.String,System.DateTime&gt;)</Name>
              <SequencePoints />
              <BranchPoints />
              <MethodPoint vc="0" uspid="1237" ordinal="0" offset="0" />
            </Method>
            <Method visited="false" cyclomaticComplexity="1" sequenceCoverage="0" branchCoverage="0" isConstructor="true" isStatic="false" isGetter="false" isSetter="false">
              <Summary numSequencePoints="3" visitedSequencePoints="0" numBranchPoints="1" visitedBranchPoints="0" sequenceCoverage="0" branchCoverage="0" maxCyclomaticComplexity="1" minCyclomaticComplexity="1" />
              <MetadataToken>100663465</MetadataToken>
              <Name>System.Void CombinifyWpf.Models.Project::.ctor()</Name>
              <FileRef uid="26" />
              <SequencePoints>
                <SequencePoint vc="0" uspid="1238" ordinal="0" offset="0" sl="44" sc="9" el="44" ec="25" />
                <SequencePoint vc="0" uspid="1239" ordinal="1" offset="7" sl="44" sc="26" el="44" ec="27" />
                <SequencePoint vc="0" uspid="1240" ordinal="2" offset="8" sl="44" sc="28" el="44" ec="29" />
              </SequencePoints>
              <BranchPoints />
              <MethodPoint xsi:type="SequencePoint" vc="0" uspid="1238" ordinal="0" offset="0" sl="44" sc="9" el="44" ec="25" />
            </Method>
          </Methods>
        </Class>
        <Class>
          <Summary numSequencePoints="307" visitedSequencePoints="0" numBranchPoints="128" visitedBranchPoints="0" sequenceCoverage="0" branchCoverage="0" maxCyclomaticComplexity="33" minCyclomaticComplexity="1" />
          <FullName>CombinifyWpf.StripMenuVertical</FullName>
          <Methods>
            <Method visited="false" cyclomaticComplexity="1" sequenceCoverage="0" branchCoverage="0" isConstructor="true" isStatic="false" isGetter="false" isSetter="false">
              <Summary numSequencePoints="4" visitedSequencePoints="0" numBranchPoints="1" visitedBranchPoints="0" sequenceCoverage="0" branchCoverage="0" maxCyclomaticComplexity="1" minCyclomaticComplexity="1" />
              <MetadataToken>100663476</MetadataToken>
              <Name>System.Void CombinifyWpf.StripMenuVertical::.ctor()</Name>
              <FileRef uid="27" />
              <SequencePoints>
                <SequencePoint vc="0" uspid="1241" ordinal="0" offset="0" sl="49" sc="9" el="49" ec="35" />
                <SequencePoint vc="0" uspid="1242" ordinal="1" offset="7" sl="49" sc="36" el="49" ec="37" />
                <SequencePoint vc="0" uspid="1243" ordinal="2" offset="8" sl="50" sc="13" el="50" ec="35" />
                <SequencePoint vc="0" uspid="1244" ordinal="3" offset="15" sl="51" sc="9" el="51" ec="10" />
              </SequencePoints>
              <BranchPoints />
              <MethodPoint xsi:type="SequencePoint" vc="0" uspid="1241" ordinal="0" offset="0" sl="49" sc="9" el="49" ec="35" />
            </Method>
            <Method visited="false" cyclomaticComplexity="1" sequenceCoverage="0" branchCoverage="0" isConstructor="false" isStatic="false" isGetter="false" isSetter="false">
              <Summary numSequencePoints="3" visitedSequencePoints="0" numBranchPoints="1" visitedBranchPoints="0" sequenceCoverage="0" branchCoverage="0" maxCyclomaticComplexity="1" minCyclomaticComplexity="1" />
              <MetadataToken>100663477</MetadataToken>
              <Name>System.Void CombinifyWpf.StripMenuVertical::add_MenuOpen(System.Windows.RoutedEventHandler)</Name>
              <FileRef uid="27" />
              <SequencePoints>
                <SequencePoint vc="0" uspid="1245" ordinal="0" offset="0" sl="57" sc="17" el="57" ec="18" />
                <SequencePoint vc="0" uspid="1246" ordinal="1" offset="1" sl="57" sc="19" el="57" ec="59" />
                <SequencePoint vc="0" uspid="1247" ordinal="2" offset="14" sl="57" sc="60" el="57" ec="61" />
              </SequencePoints>
              <BranchPoints />
              <MethodPoint xsi:type="SequencePoint" vc="0" uspid="1245" ordinal="0" offset="0" sl="57" sc="17" el="57" ec="18" />
            </Method>
            <Method visited="false" cyclomaticComplexity="1" sequenceCoverage="0" branchCoverage="0" isConstructor="false" isStatic="false" isGetter="false" isSetter="false">
              <Summary numSequencePoints="3" visitedSequencePoints="0" numBranchPoints="1" visitedBranchPoints="0" sequenceCoverage="0" branchCoverage="0" maxCyclomaticComplexity="1" minCyclomaticComplexity="1" />
              <MetadataToken>100663478</MetadataToken>
              <Name>System.Void CombinifyWpf.StripMenuVertical::remove_MenuOpen(System.Windows.RoutedEventHandler)</Name>
              <FileRef uid="27" />
              <SequencePoints>
                <SequencePoint vc="0" uspid="1248" ordinal="0" offset="0" sl="58" sc="20" el="58" ec="21" />
                <SequencePoint vc="0" uspid="1249" ordinal="1" offset="1" sl="58" sc="22" el="58" ec="65" />
                <SequencePoint vc="0" uspid="1250" ordinal="2" offset="14" sl="58" sc="66" el="58" ec="67" />
              </SequencePoints>
              <BranchPoints />
              <MethodPoint xsi:type="SequencePoint" vc="0" uspid="1248" ordinal="0" offset="0" sl="58" sc="20" el="58" ec="21" />
            </Method>
            <Method visited="false" cyclomaticComplexity="1" sequenceCoverage="0" branchCoverage="0" isConstructor="false" isStatic="false" isGetter="false" isSetter="false">
              <Summary numSequencePoints="3" visitedSequencePoints="0" numBranchPoints="1" visitedBranchPoints="0" sequenceCoverage="0" branchCoverage="0" maxCyclomaticComplexity="1" minCyclomaticComplexity="1" />
              <MetadataToken>100663479</MetadataToken>
              <Name>System.Void CombinifyWpf.StripMenuVertical::add_MenuClose(System.Windows.RoutedEventHandler)</Name>
              <FileRef uid="27" />
              <SequencePoints>
                <SequencePoint vc="0" uspid="1251" ordinal="0" offset="0" sl="69" sc="17" el="69" ec="18" />
                <SequencePoint vc="0" uspid="1252" ordinal="1" offset="1" sl="69" sc="19" el="69" ec="60" />
                <SequencePoint vc="0" uspid="1253" ordinal="2" offset="14" sl="69" sc="61" el="69" ec="62" />
              </SequencePoints>
              <BranchPoints />
              <MethodPoint xsi:type="SequencePoint" vc="0" uspid="1251" ordinal="0" offset="0" sl="69" sc="17" el="69" ec="18" />
            </Method>
            <Method visited="false" cyclomaticComplexity="1" sequenceCoverage="0" branchCoverage="0" isConstructor="false" isStatic="false" isGetter="false" isSetter="false">
              <Summary numSequencePoints="3" visitedSequencePoints="0" numBranchPoints="1" visitedBranchPoints="0" sequenceCoverage="0" branchCoverage="0" maxCyclomaticComplexity="1" minCyclomaticComplexity="1" />
              <MetadataToken>100663480</MetadataToken>
              <Name>System.Void CombinifyWpf.StripMenuVertical::remove_MenuClose(System.Windows.RoutedEventHandler)</Name>
              <FileRef uid="27" />
              <SequencePoints>
                <SequencePoint vc="0" uspid="1254" ordinal="0" offset="0" sl="70" sc="20" el="70" ec="21" />
                <SequencePoint vc="0" uspid="1255" ordinal="1" offset="1" sl="70" sc="22" el="70" ec="66" />
                <SequencePoint vc="0" uspid="1256" ordinal="2" offset="14" sl="70" sc="67" el="70" ec="68" />
              </SequencePoints>
              <BranchPoints />
              <MethodPoint xsi:type="SequencePoint" vc="0" uspid="1254" ordinal="0" offset="0" sl="70" sc="20" el="70" ec="21" />
            </Method>
            <Method visited="false" cyclomaticComplexity="1" sequenceCoverage="0" branchCoverage="0" isConstructor="false" isStatic="false" isGetter="false" isSetter="false">
              <Summary numSequencePoints="3" visitedSequencePoints="0" numBranchPoints="1" visitedBranchPoints="0" sequenceCoverage="0" branchCoverage="0" maxCyclomaticComplexity="1" minCyclomaticComplexity="1" />
              <MetadataToken>100663481</MetadataToken>
              <Name>System.Void CombinifyWpf.StripMenuVertical::add_NewFromFileClick(System.Windows.RoutedEventHandler)</Name>
              <FileRef uid="27" />
              <SequencePoints>
                <SequencePoint vc="0" uspid="1257" ordinal="0" offset="0" sl="81" sc="17" el="81" ec="18" />
                <SequencePoint vc="0" uspid="1258" ordinal="1" offset="1" sl="81" sc="19" el="81" ec="67" />
                <SequencePoint vc="0" uspid="1259" ordinal="2" offset="14" sl="81" sc="68" el="81" ec="69" />
              </SequencePoints>
              <BranchPoints />
              <MethodPoint xsi:type="SequencePoint" vc="0" uspid="1257" ordinal="0" offset="0" sl="81" sc="17" el="81" ec="18" />
            </Method>
            <Method visited="false" cyclomaticComplexity="1" sequenceCoverage="0" branchCoverage="0" isConstructor="false" isStatic="false" isGetter="false" isSetter="false">
              <Summary numSequencePoints="3" visitedSequencePoints="0" numBranchPoints="1" visitedBranchPoints="0" sequenceCoverage="0" branchCoverage="0" maxCyclomaticComplexity="1" minCyclomaticComplexity="1" />
              <MetadataToken>100663482</MetadataToken>
              <Name>System.Void CombinifyWpf.StripMenuVertical::remove_NewFromFileClick(System.Windows.RoutedEventHandler)</Name>
              <FileRef uid="27" />
              <SequencePoints>
                <SequencePoint vc="0" uspid="1260" ordinal="0" offset="0" sl="82" sc="20" el="82" ec="21" />
                <SequencePoint vc="0" uspid="1261" ordinal="1" offset="1" sl="82" sc="22" el="82" ec="73" />
                <SequencePoint vc="0" uspid="1262" ordinal="2" offset="14" sl="82" sc="74" el="82" ec="75" />
              </SequencePoints>
              <BranchPoints />
              <MethodPoint xsi:type="SequencePoint" vc="0" uspid="1260" ordinal="0" offset="0" sl="82" sc="20" el="82" ec="21" />
            </Method>
            <Method visited="false" cyclomaticComplexity="1" sequenceCoverage="0" branchCoverage="0" isConstructor="false" isStatic="false" isGetter="false" isSetter="false">
              <Summary numSequencePoints="3" visitedSequencePoints="0" numBranchPoints="1" visitedBranchPoints="0" sequenceCoverage="0" branchCoverage="0" maxCyclomaticComplexity="1" minCyclomaticComplexity="1" />
              <MetadataToken>100663483</MetadataToken>
              <Name>System.Void CombinifyWpf.StripMenuVertical::add_NewFromDirectoryClick(System.Windows.RoutedEventHandler)</Name>
              <FileRef uid="27" />
              <SequencePoints>
                <SequencePoint vc="0" uspid="1263" ordinal="0" offset="0" sl="93" sc="17" el="93" ec="18" />
                <SequencePoint vc="0" uspid="1264" ordinal="1" offset="1" sl="93" sc="19" el="93" ec="72" />
                <SequencePoint vc="0" uspid="1265" ordinal="2" offset="14" sl="93" sc="73" el="93" ec="74" />
              </SequencePoints>
              <BranchPoints />
              <MethodPoint xsi:type="SequencePoint" vc="0" uspid="1263" ordinal="0" offset="0" sl="93" sc="17" el="93" ec="18" />
            </Method>
            <Method visited="false" cyclomaticComplexity="1" sequenceCoverage="0" branchCoverage="0" isConstructor="false" isStatic="false" isGetter="false" isSetter="false">
              <Summary numSequencePoints="3" visitedSequencePoints="0" numBranchPoints="1" visitedBranchPoints="0" sequenceCoverage="0" branchCoverage="0" maxCyclomaticComplexity="1" minCyclomaticComplexity="1" />
              <MetadataToken>100663484</MetadataToken>
              <Name>System.Void CombinifyWpf.StripMenuVertical::remove_NewFromDirectoryClick(System.Windows.RoutedEventHandler)</Name>
              <FileRef uid="27" />
              <SequencePoints>
                <SequencePoint vc="0" uspid="1266" ordinal="0" offset="0" sl="94" sc="20" el="94" ec="21" />
                <SequencePoint vc="0" uspid="1267" ordinal="1" offset="1" sl="94" sc="22" el="94" ec="78" />
                <SequencePoint vc="0" uspid="1268" ordinal="2" offset="14" sl="94" sc="79" el="94" ec="80" />
              </SequencePoints>
              <BranchPoints />
              <MethodPoint xsi:type="SequencePoint" vc="0" uspid="1266" ordinal="0" offset="0" sl="94" sc="20" el="94" ec="21" />
            </Method>
            <Method visited="false" cyclomaticComplexity="1" sequenceCoverage="0" branchCoverage="0" isConstructor="false" isStatic="false" isGetter="false" isSetter="false">
              <Summary numSequencePoints="3" visitedSequencePoints="0" numBranchPoints="1" visitedBranchPoints="0" sequenceCoverage="0" branchCoverage="0" maxCyclomaticComplexity="1" minCyclomaticComplexity="1" />
              <MetadataToken>100663485</MetadataToken>
              <Name>System.Void CombinifyWpf.StripMenuVertical::add_OpenProjectClick(System.Windows.RoutedEventHandler)</Name>
              <FileRef uid="27" />
              <SequencePoints>
                <SequencePoint vc="0" uspid="1269" ordinal="0" offset="0" sl="105" sc="17" el="105" ec="18" />
                <SequencePoint vc="0" uspid="1270" ordinal="1" offset="1" sl="105" sc="19" el="105" ec="67" />
                <SequencePoint vc="0" uspid="1271" ordinal="2" offset="14" sl="105" sc="68" el="105" ec="69" />
              </SequencePoints>
              <BranchPoints />
              <MethodPoint xsi:type="SequencePoint" vc="0" uspid="1269" ordinal="0" offset="0" sl="105" sc="17" el="105" ec="18" />
            </Method>
            <Method visited="false" cyclomaticComplexity="1" sequenceCoverage="0" branchCoverage="0" isConstructor="false" isStatic="false" isGetter="false" isSetter="false">
              <Summary numSequencePoints="3" visitedSequencePoints="0" numBranchPoints="1" visitedBranchPoints="0" sequenceCoverage="0" branchCoverage="0" maxCyclomaticComplexity="1" minCyclomaticComplexity="1" />
              <MetadataToken>100663486</MetadataToken>
              <Name>System.Void CombinifyWpf.StripMenuVertical::remove_OpenProjectClick(System.Windows.RoutedEventHandler)</Name>
              <FileRef uid="27" />
              <SequencePoints>
                <SequencePoint vc="0" uspid="1272" ordinal="0" offset="0" sl="106" sc="20" el="106" ec="21" />
                <SequencePoint vc="0" uspid="1273" ordinal="1" offset="1" sl="106" sc="22" el="106" ec="73" />
                <SequencePoint vc="0" uspid="1274" ordinal="2" offset="14" sl="106" sc="74" el="106" ec="75" />
              </SequencePoints>
              <BranchPoints />
              <MethodPoint xsi:type="SequencePoint" vc="0" uspid="1272" ordinal="0" offset="0" sl="106" sc="20" el="106" ec="21" />
            </Method>
            <Method visited="false" cyclomaticComplexity="1" sequenceCoverage="0" branchCoverage="0" isConstructor="false" isStatic="false" isGetter="false" isSetter="false">
              <Summary numSequencePoints="3" visitedSequencePoints="0" numBranchPoints="1" visitedBranchPoints="0" sequenceCoverage="0" branchCoverage="0" maxCyclomaticComplexity="1" minCyclomaticComplexity="1" />
              <MetadataToken>100663487</MetadataToken>
              <Name>System.Void CombinifyWpf.StripMenuVertical::add_SaveProjectClick(System.Windows.RoutedEventHandler)</Name>
              <FileRef uid="27" />
              <SequencePoints>
                <SequencePoint vc="0" uspid="1275" ordinal="0" offset="0" sl="117" sc="17" el="117" ec="18" />
                <SequencePoint vc="0" uspid="1276" ordinal="1" offset="1" sl="117" sc="19" el="117" ec="67" />
                <SequencePoint vc="0" uspid="1277" ordinal="2" offset="14" sl="117" sc="68" el="117" ec="69" />
              </SequencePoints>
              <BranchPoints />
              <MethodPoint xsi:type="SequencePoint" vc="0" uspid="1275" ordinal="0" offset="0" sl="117" sc="17" el="117" ec="18" />
            </Method>
            <Method visited="false" cyclomaticComplexity="1" sequenceCoverage="0" branchCoverage="0" isConstructor="false" isStatic="false" isGetter="false" isSetter="false">
              <Summary numSequencePoints="3" visitedSequencePoints="0" numBranchPoints="1" visitedBranchPoints="0" sequenceCoverage="0" branchCoverage="0" maxCyclomaticComplexity="1" minCyclomaticComplexity="1" />
              <MetadataToken>100663488</MetadataToken>
              <Name>System.Void CombinifyWpf.StripMenuVertical::remove_SaveProjectClick(System.Windows.RoutedEventHandler)</Name>
              <FileRef uid="27" />
              <SequencePoints>
                <SequencePoint vc="0" uspid="1278" ordinal="0" offset="0" sl="118" sc="20" el="118" ec="21" />
                <SequencePoint vc="0" uspid="1279" ordinal="1" offset="1" sl="118" sc="22" el="118" ec="73" />
                <SequencePoint vc="0" uspid="1280" ordinal="2" offset="14" sl="118" sc="74" el="118" ec="75" />
              </SequencePoints>
              <BranchPoints />
              <MethodPoint xsi:type="SequencePoint" vc="0" uspid="1278" ordinal="0" offset="0" sl="118" sc="20" el="118" ec="21" />
            </Method>
            <Method visited="false" cyclomaticComplexity="1" sequenceCoverage="0" branchCoverage="0" isConstructor="false" isStatic="false" isGetter="false" isSetter="false">
              <Summary numSequencePoints="3" visitedSequencePoints="0" numBranchPoints="1" visitedBranchPoints="0" sequenceCoverage="0" branchCoverage="0" maxCyclomaticComplexity="1" minCyclomaticComplexity="1" />
              <MetadataToken>100663489</MetadataToken>
              <Name>System.Void CombinifyWpf.StripMenuVertical::add_SaveAsClick(System.Windows.RoutedEventHandler)</Name>
              <FileRef uid="27" />
              <SequencePoints>
                <SequencePoint vc="0" uspid="1281" ordinal="0" offset="0" sl="129" sc="17" el="129" ec="18" />
                <SequencePoint vc="0" uspid="1282" ordinal="1" offset="1" sl="129" sc="19" el="129" ec="62" />
                <SequencePoint vc="0" uspid="1283" ordinal="2" offset="14" sl="129" sc="63" el="129" ec="64" />
              </SequencePoints>
              <BranchPoints />
              <MethodPoint xsi:type="SequencePoint" vc="0" uspid="1281" ordinal="0" offset="0" sl="129" sc="17" el="129" ec="18" />
            </Method>
            <Method visited="false" cyclomaticComplexity="1" sequenceCoverage="0" branchCoverage="0" isConstructor="false" isStatic="false" isGetter="false" isSetter="false">
              <Summary numSequencePoints="3" visitedSequencePoints="0" numBranchPoints="1" visitedBranchPoints="0" sequenceCoverage="0" branchCoverage="0" maxCyclomaticComplexity="1" minCyclomaticComplexity="1" />
              <MetadataToken>100663490</MetadataToken>
              <Name>System.Void CombinifyWpf.StripMenuVertical::remove_SaveAsClick(System.Windows.RoutedEventHandler)</Name>
              <FileRef uid="27" />
              <SequencePoints>
                <SequencePoint vc="0" uspid="1284" ordinal="0" offset="0" sl="130" sc="20" el="130" ec="21" />
                <SequencePoint vc="0" uspid="1285" ordinal="1" offset="1" sl="130" sc="22" el="130" ec="68" />
                <SequencePoint vc="0" uspid="1286" ordinal="2" offset="14" sl="130" sc="69" el="130" ec="70" />
              </SequencePoints>
              <BranchPoints />
              <MethodPoint xsi:type="SequencePoint" vc="0" uspid="1284" ordinal="0" offset="0" sl="130" sc="20" el="130" ec="21" />
            </Method>
            <Method visited="false" cyclomaticComplexity="1" sequenceCoverage="0" branchCoverage="0" isConstructor="false" isStatic="false" isGetter="false" isSetter="false">
              <Summary numSequencePoints="3" visitedSequencePoints="0" numBranchPoints="1" visitedBranchPoints="0" sequenceCoverage="0" branchCoverage="0" maxCyclomaticComplexity="1" minCyclomaticComplexity="1" />
              <MetadataToken>100663491</MetadataToken>
              <Name>System.Void CombinifyWpf.StripMenuVertical::add_CloseProjectClick(System.Windows.RoutedEventHandler)</Name>
              <FileRef uid="27" />
              <SequencePoints>
                <SequencePoint vc="0" uspid="1287" ordinal="0" offset="0" sl="141" sc="17" el="141" ec="18" />
                <SequencePoint vc="0" uspid="1288" ordinal="1" offset="1" sl="141" sc="19" el="141" ec="68" />
                <SequencePoint vc="0" uspid="1289" ordinal="2" offset="14" sl="141" sc="69" el="141" ec="70" />
              </SequencePoints>
              <BranchPoints />
              <MethodPoint xsi:type="SequencePoint" vc="0" uspid="1287" ordinal="0" offset="0" sl="141" sc="17" el="141" ec="18" />
            </Method>
            <Method visited="false" cyclomaticComplexity="1" sequenceCoverage="0" branchCoverage="0" isConstructor="false" isStatic="false" isGetter="false" isSetter="false">
              <Summary numSequencePoints="3" visitedSequencePoints="0" numBranchPoints="1" visitedBranchPoints="0" sequenceCoverage="0" branchCoverage="0" maxCyclomaticComplexity="1" minCyclomaticComplexity="1" />
              <MetadataToken>100663492</MetadataToken>
              <Name>System.Void CombinifyWpf.StripMenuVertical::remove_CloseProjectClick(System.Windows.RoutedEventHandler)</Name>
              <FileRef uid="27" />
              <SequencePoints>
                <SequencePoint vc="0" uspid="1290" ordinal="0" offset="0" sl="142" sc="20" el="142" ec="21" />
                <SequencePoint vc="0" uspid="1291" ordinal="1" offset="1" sl="142" sc="22" el="142" ec="74" />
                <SequencePoint vc="0" uspid="1292" ordinal="2" offset="14" sl="142" sc="75" el="142" ec="76" />
              </SequencePoints>
              <BranchPoints />
              <MethodPoint xsi:type="SequencePoint" vc="0" uspid="1290" ordinal="0" offset="0" sl="142" sc="20" el="142" ec="21" />
            </Method>
            <Method visited="false" cyclomaticComplexity="1" sequenceCoverage="0" branchCoverage="0" isConstructor="false" isStatic="false" isGetter="false" isSetter="false">
              <Summary numSequencePoints="3" visitedSequencePoints="0" numBranchPoints="1" visitedBranchPoints="0" sequenceCoverage="0" branchCoverage="0" maxCyclomaticComplexity="1" minCyclomaticComplexity="1" />
              <MetadataToken>100663493</MetadataToken>
              <Name>System.Void CombinifyWpf.StripMenuVertical::add_DirectoryAddClick(System.Windows.RoutedEventHandler)</Name>
              <FileRef uid="27" />
              <SequencePoints>
                <SequencePoint vc="0" uspid="1293" ordinal="0" offset="0" sl="153" sc="17" el="153" ec="18" />
                <SequencePoint vc="0" uspid="1294" ordinal="1" offset="1" sl="153" sc="19" el="153" ec="68" />
                <SequencePoint vc="0" uspid="1295" ordinal="2" offset="14" sl="153" sc="69" el="153" ec="70" />
              </SequencePoints>
              <BranchPoints />
              <MethodPoint xsi:type="SequencePoint" vc="0" uspid="1293" ordinal="0" offset="0" sl="153" sc="17" el="153" ec="18" />
            </Method>
            <Method visited="false" cyclomaticComplexity="1" sequenceCoverage="0" branchCoverage="0" isConstructor="false" isStatic="false" isGetter="false" isSetter="false">
              <Summary numSequencePoints="3" visitedSequencePoints="0" numBranchPoints="1" visitedBranchPoints="0" sequenceCoverage="0" branchCoverage="0" maxCyclomaticComplexity="1" minCyclomaticComplexity="1" />
              <MetadataToken>100663494</MetadataToken>
              <Name>System.Void CombinifyWpf.StripMenuVertical::remove_DirectoryAddClick(System.Windows.RoutedEventHandler)</Name>
              <FileRef uid="27" />
              <SequencePoints>
                <SequencePoint vc="0" uspid="1296" ordinal="0" offset="0" sl="154" sc="20" el="154" ec="21" />
                <SequencePoint vc="0" uspid="1297" ordinal="1" offset="1" sl="154" sc="22" el="154" ec="74" />
                <SequencePoint vc="0" uspid="1298" ordinal="2" offset="14" sl="154" sc="75" el="154" ec="76" />
              </SequencePoints>
              <BranchPoints />
              <MethodPoint xsi:type="SequencePoint" vc="0" uspid="1296" ordinal="0" offset="0" sl="154" sc="20" el="154" ec="21" />
            </Method>
            <Method visited="false" cyclomaticComplexity="1" sequenceCoverage="0" branchCoverage="0" isConstructor="false" isStatic="false" isGetter="false" isSetter="false">
              <Summary numSequencePoints="3" visitedSequencePoints="0" numBranchPoints="1" visitedBranchPoints="0" sequenceCoverage="0" branchCoverage="0" maxCyclomaticComplexity="1" minCyclomaticComplexity="1" />
              <MetadataToken>100663495</MetadataToken>
              <Name>System.Void CombinifyWpf.StripMenuVertical::add_FileAddClick(System.Windows.RoutedEventHandler)</Name>
              <FileRef uid="27" />
              <SequencePoints>
                <SequencePoint vc="0" uspid="1299" ordinal="0" offset="0" sl="165" sc="17" el="165" ec="18" />
                <SequencePoint vc="0" uspid="1300" ordinal="1" offset="1" sl="165" sc="19" el="165" ec="63" />
                <SequencePoint vc="0" uspid="1301" ordinal="2" offset="14" sl="165" sc="64" el="165" ec="65" />
              </SequencePoints>
              <BranchPoints />
              <MethodPoint xsi:type="SequencePoint" vc="0" uspid="1299" ordinal="0" offset="0" sl="165" sc="17" el="165" ec="18" />
            </Method>
            <Method visited="false" cyclomaticComplexity="1" sequenceCoverage="0" branchCoverage="0" isConstructor="false" isStatic="false" isGetter="false" isSetter="false">
              <Summary numSequencePoints="3" visitedSequencePoints="0" numBranchPoints="1" visitedBranchPoints="0" sequenceCoverage="0" branchCoverage="0" maxCyclomaticComplexity="1" minCyclomaticComplexity="1" />
              <MetadataToken>100663496</MetadataToken>
              <Name>System.Void CombinifyWpf.StripMenuVertical::remove_FileAddClick(System.Windows.RoutedEventHandler)</Name>
              <FileRef uid="27" />
              <SequencePoints>
                <SequencePoint vc="0" uspid="1302" ordinal="0" offset="0" sl="166" sc="20" el="166" ec="21" />
                <SequencePoint vc="0" uspid="1303" ordinal="1" offset="1" sl="166" sc="22" el="166" ec="69" />
                <SequencePoint vc="0" uspid="1304" ordinal="2" offset="14" sl="166" sc="70" el="166" ec="71" />
              </SequencePoints>
              <BranchPoints />
              <MethodPoint xsi:type="SequencePoint" vc="0" uspid="1302" ordinal="0" offset="0" sl="166" sc="20" el="166" ec="21" />
            </Method>
            <Method visited="false" cyclomaticComplexity="1" sequenceCoverage="0" branchCoverage="0" isConstructor="false" isStatic="false" isGetter="false" isSetter="false">
              <Summary numSequencePoints="3" visitedSequencePoints="0" numBranchPoints="1" visitedBranchPoints="0" sequenceCoverage="0" branchCoverage="0" maxCyclomaticComplexity="1" minCyclomaticComplexity="1" />
              <MetadataToken>100663497</MetadataToken>
              <Name>System.Void CombinifyWpf.StripMenuVertical::add_ClearClick(System.Windows.RoutedEventHandler)</Name>
              <FileRef uid="27" />
              <SequencePoints>
                <SequencePoint vc="0" uspid="1305" ordinal="0" offset="0" sl="177" sc="17" el="177" ec="18" />
                <SequencePoint vc="0" uspid="1306" ordinal="1" offset="1" sl="177" sc="19" el="177" ec="61" />
                <SequencePoint vc="0" uspid="1307" ordinal="2" offset="14" sl="177" sc="62" el="177" ec="63" />
              </SequencePoints>
              <BranchPoints />
              <MethodPoint xsi:type="SequencePoint" vc="0" uspid="1305" ordinal="0" offset="0" sl="177" sc="17" el="177" ec="18" />
            </Method>
            <Method visited="false" cyclomaticComplexity="1" sequenceCoverage="0" branchCoverage="0" isConstructor="false" isStatic="false" isGetter="false" isSetter="false">
              <Summary numSequencePoints="3" visitedSequencePoints="0" numBranchPoints="1" visitedBranchPoints="0" sequenceCoverage="0" branchCoverage="0" maxCyclomaticComplexity="1" minCyclomaticComplexity="1" />
              <MetadataToken>100663498</MetadataToken>
              <Name>System.Void CombinifyWpf.StripMenuVertical::remove_ClearClick(System.Windows.RoutedEventHandler)</Name>
              <FileRef uid="27" />
              <SequencePoints>
                <SequencePoint vc="0" uspid="1308" ordinal="0" offset="0" sl="178" sc="20" el="178" ec="21" />
                <SequencePoint vc="0" uspid="1309" ordinal="1" offset="1" sl="178" sc="22" el="178" ec="67" />
                <SequencePoint vc="0" uspid="1310" ordinal="2" offset="14" sl="178" sc="68" el="178" ec="69" />
              </SequencePoints>
              <BranchPoints />
              <MethodPoint xsi:type="SequencePoint" vc="0" uspid="1308" ordinal="0" offset="0" sl="178" sc="20" el="178" ec="21" />
            </Method>
            <Method visited="false" cyclomaticComplexity="1" sequenceCoverage="0" branchCoverage="0" isConstructor="false" isStatic="false" isGetter="false" isSetter="false">
              <Summary numSequencePoints="3" visitedSequencePoints="0" numBranchPoints="1" visitedBranchPoints="0" sequenceCoverage="0" branchCoverage="0" maxCyclomaticComplexity="1" minCyclomaticComplexity="1" />
              <MetadataToken>100663499</MetadataToken>
              <Name>System.Void CombinifyWpf.StripMenuVertical::add_ExitClick(System.Windows.RoutedEventHandler)</Name>
              <FileRef uid="27" />
              <SequencePoints>
                <SequencePoint vc="0" uspid="1311" ordinal="0" offset="0" sl="189" sc="17" el="189" ec="18" />
                <SequencePoint vc="0" uspid="1312" ordinal="1" offset="1" sl="189" sc="19" el="189" ec="60" />
                <SequencePoint vc="0" uspid="1313" ordinal="2" offset="14" sl="189" sc="61" el="189" ec="62" />
              </SequencePoints>
              <BranchPoints />
              <MethodPoint xsi:type="SequencePoint" vc="0" uspid="1311" ordinal="0" offset="0" sl="189" sc="17" el="189" ec="18" />
            </Method>
            <Method visited="false" cyclomaticComplexity="1" sequenceCoverage="0" branchCoverage="0" isConstructor="false" isStatic="false" isGetter="false" isSetter="false">
              <Summary numSequencePoints="3" visitedSequencePoints="0" numBranchPoints="1" visitedBranchPoints="0" sequenceCoverage="0" branchCoverage="0" maxCyclomaticComplexity="1" minCyclomaticComplexity="1" />
              <MetadataToken>100663500</MetadataToken>
              <Name>System.Void CombinifyWpf.StripMenuVertical::remove_ExitClick(System.Windows.RoutedEventHandler)</Name>
              <FileRef uid="27" />
              <SequencePoints>
                <SequencePoint vc="0" uspid="1314" ordinal="0" offset="0" sl="190" sc="20" el="190" ec="21" />
                <SequencePoint vc="0" uspid="1315" ordinal="1" offset="1" sl="190" sc="22" el="190" ec="66" />
                <SequencePoint vc="0" uspid="1316" ordinal="2" offset="14" sl="190" sc="67" el="190" ec="68" />
              </SequencePoints>
              <BranchPoints />
              <MethodPoint xsi:type="SequencePoint" vc="0" uspid="1314" ordinal="0" offset="0" sl="190" sc="20" el="190" ec="21" />
            </Method>
            <Method visited="false" cyclomaticComplexity="1" sequenceCoverage="0" branchCoverage="0" isConstructor="false" isStatic="false" isGetter="false" isSetter="false">
              <Summary numSequencePoints="3" visitedSequencePoints="0" numBranchPoints="1" visitedBranchPoints="0" sequenceCoverage="0" branchCoverage="0" maxCyclomaticComplexity="1" minCyclomaticComplexity="1" />
              <MetadataToken>100663501</MetadataToken>
              <Name>System.Void CombinifyWpf.StripMenuVertical::add_StartClick(System.Windows.RoutedEventHandler)</Name>
              <FileRef uid="27" />
              <SequencePoints>
                <SequencePoint vc="0" uspid="1317" ordinal="0" offset="0" sl="201" sc="17" el="201" ec="18" />
                <SequencePoint vc="0" uspid="1318" ordinal="1" offset="1" sl="201" sc="19" el="201" ec="61" />
                <SequencePoint vc="0" uspid="1319" ordinal="2" offset="14" sl="201" sc="62" el="201" ec="63" />
              </SequencePoints>
              <BranchPoints />
              <MethodPoint xsi:type="SequencePoint" vc="0" uspid="1317" ordinal="0" offset="0" sl="201" sc="17" el="201" ec="18" />
            </Method>
            <Method visited="false" cyclomaticComplexity="1" sequenceCoverage="0" branchCoverage="0" isConstructor="false" isStatic="false" isGetter="false" isSetter="false">
              <Summary numSequencePoints="3" visitedSequencePoints="0" numBranchPoints="1" visitedBranchPoints="0" sequenceCoverage="0" branchCoverage="0" maxCyclomaticComplexity="1" minCyclomaticComplexity="1" />
              <MetadataToken>100663502</MetadataToken>
              <Name>System.Void CombinifyWpf.StripMenuVertical::remove_StartClick(System.Windows.RoutedEventHandler)</Name>
              <FileRef uid="27" />
              <SequencePoints>
                <SequencePoint vc="0" uspid="1320" ordinal="0" offset="0" sl="202" sc="20" el="202" ec="21" />
                <SequencePoint vc="0" uspid="1321" ordinal="1" offset="1" sl="202" sc="22" el="202" ec="67" />
                <SequencePoint vc="0" uspid="1322" ordinal="2" offset="14" sl="202" sc="68" el="202" ec="69" />
              </SequencePoints>
              <BranchPoints />
              <MethodPoint xsi:type="SequencePoint" vc="0" uspid="1320" ordinal="0" offset="0" sl="202" sc="20" el="202" ec="21" />
            </Method>
            <Method visited="false" cyclomaticComplexity="1" sequenceCoverage="0" branchCoverage="0" isConstructor="false" isStatic="false" isGetter="false" isSetter="false">
              <Summary numSequencePoints="3" visitedSequencePoints="0" numBranchPoints="1" visitedBranchPoints="0" sequenceCoverage="0" branchCoverage="0" maxCyclomaticComplexity="1" minCyclomaticComplexity="1" />
              <MetadataToken>100663503</MetadataToken>
              <Name>System.Void CombinifyWpf.StripMenuVertical::add_StopClick(System.Windows.RoutedEventHandler)</Name>
              <FileRef uid="27" />
              <SequencePoints>
                <SequencePoint vc="0" uspid="1323" ordinal="0" offset="0" sl="213" sc="17" el="213" ec="18" />
                <SequencePoint vc="0" uspid="1324" ordinal="1" offset="1" sl="213" sc="19" el="213" ec="60" />
                <SequencePoint vc="0" uspid="1325" ordinal="2" offset="14" sl="213" sc="61" el="213" ec="62" />
              </SequencePoints>
              <BranchPoints />
              <MethodPoint xsi:type="SequencePoint" vc="0" uspid="1323" ordinal="0" offset="0" sl="213" sc="17" el="213" ec="18" />
            </Method>
            <Method visited="false" cyclomaticComplexity="1" sequenceCoverage="0" branchCoverage="0" isConstructor="false" isStatic="false" isGetter="false" isSetter="false">
              <Summary numSequencePoints="3" visitedSequencePoints="0" numBranchPoints="1" visitedBranchPoints="0" sequenceCoverage="0" branchCoverage="0" maxCyclomaticComplexity="1" minCyclomaticComplexity="1" />
              <MetadataToken>100663504</MetadataToken>
              <Name>System.Void CombinifyWpf.StripMenuVertical::remove_StopClick(System.Windows.RoutedEventHandler)</Name>
              <FileRef uid="27" />
              <SequencePoints>
                <SequencePoint vc="0" uspid="1326" ordinal="0" offset="0" sl="214" sc="20" el="214" ec="21" />
                <SequencePoint vc="0" uspid="1327" ordinal="1" offset="1" sl="214" sc="22" el="214" ec="66" />
                <SequencePoint vc="0" uspid="1328" ordinal="2" offset="14" sl="214" sc="67" el="214" ec="68" />
              </SequencePoints>
              <BranchPoints />
              <MethodPoint xsi:type="SequencePoint" vc="0" uspid="1326" ordinal="0" offset="0" sl="214" sc="20" el="214" ec="21" />
            </Method>
            <Method visited="false" cyclomaticComplexity="1" sequenceCoverage="0" branchCoverage="0" isConstructor="false" isStatic="false" isGetter="false" isSetter="false">
              <Summary numSequencePoints="4" visitedSequencePoints="0" numBranchPoints="1" visitedBranchPoints="0" sequenceCoverage="0" branchCoverage="0" maxCyclomaticComplexity="1" minCyclomaticComplexity="1" />
              <MetadataToken>100663505</MetadataToken>
              <Name>System.Void CombinifyWpf.StripMenuVertical::MainMenu_MouseEnter(System.Object,System.Windows.Input.MouseEventArgs)</Name>
              <FileRef uid="27" />
              <SequencePoints>
                <SequencePoint vc="0" uspid="1329" ordinal="0" offset="0" sl="227" sc="77" el="227" ec="78" />
                <SequencePoint vc="0" uspid="1330" ordinal="1" offset="1" sl="228" sc="13" el="232" ec="50" />
                <SequencePoint vc="0" uspid="1331" ordinal="2" offset="78" sl="234" sc="13" el="238" ec="50" />
                <SequencePoint vc="0" uspid="1332" ordinal="3" offset="146" sl="239" sc="9" el="239" ec="10" />
              </SequencePoints>
              <BranchPoints />
              <MethodPoint xsi:type="SequencePoint" vc="0" uspid="1329" ordinal="0" offset="0" sl="227" sc="77" el="227" ec="78" />
            </Method>
            <Method visited="false" cyclomaticComplexity="1" sequenceCoverage="0" branchCoverage="0" isConstructor="false" isStatic="false" isGetter="false" isSetter="false">
              <Summary numSequencePoints="3" visitedSequencePoints="0" numBranchPoints="1" visitedBranchPoints="0" sequenceCoverage="0" branchCoverage="0" maxCyclomaticComplexity="1" minCyclomaticComplexity="1" />
              <MetadataToken>100663506</MetadataToken>
              <Name>System.Void CombinifyWpf.StripMenuVertical::MainMenu_MouseLeave(System.Object,System.Windows.Input.MouseEventArgs)</Name>
              <FileRef uid="27" />
              <SequencePoints>
                <SequencePoint vc="0" uspid="1333" ordinal="0" offset="0" sl="241" sc="77" el="241" ec="78" />
                <SequencePoint vc="0" uspid="1334" ordinal="1" offset="1" sl="242" sc="13" el="242" ec="50" />
                <SequencePoint vc="0" uspid="1335" ordinal="2" offset="14" sl="243" sc="9" el="243" ec="10" />
              </SequencePoints>
              <BranchPoints />
              <MethodPoint xsi:type="SequencePoint" vc="0" uspid="1333" ordinal="0" offset="0" sl="241" sc="77" el="241" ec="78" />
            </Method>
            <Method visited="false" cyclomaticComplexity="2" sequenceCoverage="0" branchCoverage="0" isConstructor="false" isStatic="false" isGetter="false" isSetter="false">
              <Summary numSequencePoints="16" visitedSequencePoints="0" numBranchPoints="3" visitedBranchPoints="0" sequenceCoverage="0" branchCoverage="0" maxCyclomaticComplexity="2" minCyclomaticComplexity="2" />
              <MetadataToken>100663507</MetadataToken>
              <Name>System.Void CombinifyWpf.StripMenuVertical::MainMenu_MouseLeftButtonDown(System.Object,System.Windows.Input.MouseButtonEventArgs)</Name>
              <FileRef uid="27" />
              <SequencePoints>
                <SequencePoint vc="0" uspid="1336" ordinal="0" offset="0" sl="245" sc="92" el="245" ec="93" />
                <SequencePoint vc="0" uspid="1337" ordinal="1" offset="1" sl="247" sc="13" el="247" ec="26" />
                <SequencePoint vc="0" uspid="1338" ordinal="2" offset="8" sl="249" sc="13" el="249" ec="67" />
                <SequencePoint vc="0" uspid="1339" ordinal="3" offset="36" sl="249" sc="68" el="249" ec="69" />
                <SequencePoint vc="0" uspid="1340" ordinal="4" offset="37" sl="250" sc="17" el="250" ec="80" />
                <SequencePoint vc="0" uspid="1341" ordinal="5" offset="55" sl="251" sc="17" el="251" ec="57" />
                <SequencePoint vc="0" uspid="1342" ordinal="6" offset="61" sl="252" sc="17" el="252" ec="60" />
                <SequencePoint vc="0" uspid="1343" ordinal="7" offset="78" sl="253" sc="17" el="253" ec="34" />
                <SequencePoint vc="0" uspid="1344" ordinal="8" offset="85" sl="254" sc="17" el="254" ec="24" />
                <SequencePoint vc="0" uspid="1345" ordinal="9" offset="90" sl="258" sc="13" el="258" ec="69" />
                <SequencePoint vc="0" uspid="1346" ordinal="10" offset="114" sl="259" sc="13" el="259" ec="69" />
                <SequencePoint vc="0" uspid="1347" ordinal="11" offset="138" sl="260" sc="13" el="260" ec="87" />
                <SequencePoint vc="0" uspid="1348" ordinal="12" offset="162" sl="263" sc="13" el="263" ec="75" />
                <SequencePoint vc="0" uspid="1349" ordinal="13" offset="175" sl="266" sc="13" el="269" ec="40" />
                <SequencePoint vc="0" uspid="1350" ordinal="14" offset="242" sl="271" sc="13" el="271" ec="75" />
                <SequencePoint vc="0" uspid="1351" ordinal="15" offset="260" sl="272" sc="9" el="272" ec="10" />
              </SequencePoints>
              <BranchPoints>
                <BranchPoint vc="0" uspid="1352" ordinal="0" offset="34" path="0" />
                <BranchPoint vc="0" uspid="1353" ordinal="1" offset="34" path="1" />
              </BranchPoints>
              <MethodPoint xsi:type="SequencePoint" vc="0" uspid="1336" ordinal="0" offset="0" sl="245" sc="92" el="245" ec="93" />
            </Method>
            <Method visited="false" cyclomaticComplexity="2" sequenceCoverage="0" branchCoverage="0" isConstructor="false" isStatic="false" isGetter="false" isSetter="false">
              <Summary numSequencePoints="6" visitedSequencePoints="0" numBranchPoints="3" visitedBranchPoints="0" sequenceCoverage="0" branchCoverage="0" maxCyclomaticComplexity="2" minCyclomaticComplexity="2" />
              <MetadataToken>100663508</MetadataToken>
              <Name>System.Void CombinifyWpf.StripMenuVertical::SubMenu_MouseEnter(System.Object,System.Windows.Input.MouseEventArgs)</Name>
              <FileRef uid="27" />
              <SequencePoints>
                <SequencePoint vc="0" uspid="1354" ordinal="0" offset="0" sl="274" sc="76" el="274" ec="77" />
                <SequencePoint vc="0" uspid="1355" ordinal="1" offset="1" sl="275" sc="13" el="275" ec="119" />
                <SequencePoint vc="0" uspid="1356" ordinal="2" offset="56" sl="275" sc="120" el="275" ec="121" />
                <SequencePoint vc="0" uspid="1357" ordinal="3" offset="57" sl="276" sc="17" el="280" ec="54" />
                <SequencePoint vc="0" uspid="1358" ordinal="4" offset="125" sl="281" sc="13" el="281" ec="14" />
                <SequencePoint vc="0" uspid="1359" ordinal="5" offset="126" sl="282" sc="9" el="282" ec="10" />
              </SequencePoints>
              <BranchPoints>
                <BranchPoint vc="0" uspid="1360" ordinal="0" offset="54" path="0" />
                <BranchPoint vc="0" uspid="1361" ordinal="1" offset="54" path="1" />
              </BranchPoints>
              <MethodPoint xsi:type="SequencePoint" vc="0" uspid="1354" ordinal="0" offset="0" sl="274" sc="76" el="274" ec="77" />
            </Method>
            <Method visited="false" cyclomaticComplexity="2" sequenceCoverage="0" branchCoverage="0" isConstructor="false" isStatic="false" isGetter="false" isSetter="false">
              <Summary numSequencePoints="6" visitedSequencePoints="0" numBranchPoints="3" visitedBranchPoints="0" sequenceCoverage="0" branchCoverage="0" maxCyclomaticComplexity="2" minCyclomaticComplexity="2" />
              <MetadataToken>100663509</MetadataToken>
              <Name>System.Void CombinifyWpf.StripMenuVertical::SubMenu_MouseLeave(System.Object,System.Windows.Input.MouseEventArgs)</Name>
              <FileRef uid="27" />
              <SequencePoints>
                <SequencePoint vc="0" uspid="1362" ordinal="0" offset="0" sl="284" sc="76" el="284" ec="77" />
                <SequencePoint vc="0" uspid="1363" ordinal="1" offset="1" sl="285" sc="13" el="285" ec="119" />
                <SequencePoint vc="0" uspid="1364" ordinal="2" offset="56" sl="285" sc="120" el="285" ec="121" />
                <SequencePoint vc="0" uspid="1365" ordinal="3" offset="57" sl="286" sc="17" el="290" ec="54" />
                <SequencePoint vc="0" uspid="1366" ordinal="4" offset="125" sl="291" sc="13" el="291" ec="14" />
                <SequencePoint vc="0" uspid="1367" ordinal="5" offset="126" sl="292" sc="9" el="292" ec="10" />
              </SequencePoints>
              <BranchPoints>
                <BranchPoint vc="0" uspid="1368" ordinal="0" offset="54" path="0" />
                <BranchPoint vc="0" uspid="1369" ordinal="1" offset="54" path="1" />
              </BranchPoints>
              <MethodPoint xsi:type="SequencePoint" vc="0" uspid="1362" ordinal="0" offset="0" sl="284" sc="76" el="284" ec="77" />
            </Method>
            <Method visited="false" cyclomaticComplexity="1" sequenceCoverage="0" branchCoverage="0" isConstructor="false" isStatic="false" isGetter="false" isSetter="false">
              <Summary numSequencePoints="3" visitedSequencePoints="0" numBranchPoints="1" visitedBranchPoints="0" sequenceCoverage="0" branchCoverage="0" maxCyclomaticComplexity="1" minCyclomaticComplexity="1" />
              <MetadataToken>100663510</MetadataToken>
              <Name>System.Void CombinifyWpf.StripMenuVertical::BackArrow_MouseEnter(System.Object,System.Windows.Input.MouseEventArgs)</Name>
              <FileRef uid="27" />
              <SequencePoints>
                <SequencePoint vc="0" uspid="1370" ordinal="0" offset="0" sl="294" sc="78" el="294" ec="79" />
                <SequencePoint vc="0" uspid="1371" ordinal="1" offset="1" sl="295" sc="13" el="295" ec="118" />
                <SequencePoint vc="0" uspid="1372" ordinal="2" offset="41" sl="296" sc="9" el="296" ec="10" />
              </SequencePoints>
              <BranchPoints />
              <MethodPoint xsi:type="SequencePoint" vc="0" uspid="1370" ordinal="0" offset="0" sl="294" sc="78" el="294" ec="79" />
            </Method>
            <Method visited="false" cyclomaticComplexity="1" sequenceCoverage="0" branchCoverage="0" isConstructor="false" isStatic="false" isGetter="false" isSetter="false">
              <Summary numSequencePoints="3" visitedSequencePoints="0" numBranchPoints="1" visitedBranchPoints="0" sequenceCoverage="0" branchCoverage="0" maxCyclomaticComplexity="1" minCyclomaticComplexity="1" />
              <MetadataToken>100663511</MetadataToken>
              <Name>System.Void CombinifyWpf.StripMenuVertical::BackArrow_MouseLeave(System.Object,System.Windows.Input.MouseEventArgs)</Name>
              <FileRef uid="27" />
              <SequencePoints>
                <SequencePoint vc="0" uspid="1373" ordinal="0" offset="0" sl="298" sc="78" el="298" ec="79" />
                <SequencePoint vc="0" uspid="1374" ordinal="1" offset="1" sl="299" sc="13" el="299" ec="119" />
                <SequencePoint vc="0" uspid="1375" ordinal="2" offset="41" sl="300" sc="9" el="300" ec="10" />
              </SequencePoints>
              <BranchPoints />
              <MethodPoint xsi:type="SequencePoint" vc="0" uspid="1373" ordinal="0" offset="0" sl="298" sc="78" el="298" ec="79" />
            </Method>
            <Method visited="false" cyclomaticComplexity="1" sequenceCoverage="0" branchCoverage="0" isConstructor="false" isStatic="false" isGetter="false" isSetter="false">
              <Summary numSequencePoints="10" visitedSequencePoints="0" numBranchPoints="1" visitedBranchPoints="0" sequenceCoverage="0" branchCoverage="0" maxCyclomaticComplexity="1" minCyclomaticComplexity="1" />
              <MetadataToken>100663512</MetadataToken>
              <Name>System.Void CombinifyWpf.StripMenuVertical::BackArrow_MouseLeftButtonDown(System.Object,System.Windows.Input.MouseButtonEventArgs)</Name>
              <FileRef uid="27" />
              <SequencePoints>
                <SequencePoint vc="0" uspid="1376" ordinal="0" offset="0" sl="302" sc="93" el="302" ec="94" />
                <SequencePoint vc="0" uspid="1377" ordinal="1" offset="1" sl="304" sc="13" el="304" ec="84" />
                <SequencePoint vc="0" uspid="1378" ordinal="2" offset="14" sl="305" sc="13" el="305" ec="77" />
                <SequencePoint vc="0" uspid="1379" ordinal="3" offset="27" sl="308" sc="13" el="308" ec="32" />
                <SequencePoint vc="0" uspid="1380" ordinal="4" offset="35" sl="311" sc="13" el="311" ec="51" />
                <SequencePoint vc="0" uspid="1381" ordinal="5" offset="54" sl="312" sc="13" el="312" ec="51" />
                <SequencePoint vc="0" uspid="1382" ordinal="6" offset="73" sl="313" sc="13" el="313" ec="69" />
                <SequencePoint vc="0" uspid="1383" ordinal="7" offset="92" sl="316" sc="13" el="319" ec="40" />
                <SequencePoint vc="0" uspid="1384" ordinal="8" offset="159" sl="321" sc="13" el="321" ec="76" />
                <SequencePoint vc="0" uspid="1385" ordinal="9" offset="177" sl="322" sc="9" el="322" ec="10" />
              </SequencePoints>
              <BranchPoints />
              <MethodPoint xsi:type="SequencePoint" vc="0" uspid="1376" ordinal="0" offset="0" sl="302" sc="93" el="302" ec="94" />
            </Method>
            <Method visited="false" cyclomaticComplexity="2" sequenceCoverage="0" branchCoverage="0" isConstructor="false" isStatic="false" isGetter="false" isSetter="false">
              <Summary numSequencePoints="11" visitedSequencePoints="0" numBranchPoints="3" visitedBranchPoints="0" sequenceCoverage="0" branchCoverage="0" maxCyclomaticComplexity="2" minCyclomaticComplexity="2" />
              <MetadataToken>100663513</MetadataToken>
              <Name>System.Void CombinifyWpf.StripMenuVertical::lblNew_MouseLeftButtonDown(System.Object,System.Windows.Input.MouseButtonEventArgs)</Name>
              <FileRef uid="27" />
              <SequencePoints>
                <SequencePoint vc="0" uspid="1386" ordinal="0" offset="0" sl="324" sc="90" el="324" ec="91" />
                <SequencePoint vc="0" uspid="1387" ordinal="1" offset="1" sl="325" sc="13" el="325" ec="67" />
                <SequencePoint vc="0" uspid="1388" ordinal="2" offset="19" sl="325" sc="68" el="325" ec="69" />
                <SequencePoint vc="0" uspid="1389" ordinal="3" offset="20" sl="326" sc="17" el="326" ec="65" />
                <SequencePoint vc="0" uspid="1390" ordinal="4" offset="33" sl="327" sc="17" el="327" ec="60" />
                <SequencePoint vc="0" uspid="1391" ordinal="5" offset="46" sl="328" sc="13" el="328" ec="14" />
                <SequencePoint vc="0" uspid="1392" ordinal="6" offset="49" sl="329" sc="18" el="329" ec="19" />
                <SequencePoint vc="0" uspid="1393" ordinal="7" offset="50" sl="330" sc="17" el="330" ec="67" />
                <SequencePoint vc="0" uspid="1394" ordinal="8" offset="63" sl="331" sc="17" el="331" ec="62" />
                <SequencePoint vc="0" uspid="1395" ordinal="9" offset="76" sl="332" sc="13" el="332" ec="14" />
                <SequencePoint vc="0" uspid="1396" ordinal="10" offset="77" sl="333" sc="9" el="333" ec="10" />
              </SequencePoints>
              <BranchPoints>
                <BranchPoint vc="0" uspid="1397" ordinal="0" offset="17" path="0" />
                <BranchPoint vc="0" uspid="1398" ordinal="1" offset="17" path="1" />
              </BranchPoints>
              <MethodPoint xsi:type="SequencePoint" vc="0" uspid="1386" ordinal="0" offset="0" sl="324" sc="90" el="324" ec="91" />
            </Method>
            <Method visited="false" cyclomaticComplexity="1" sequenceCoverage="0" branchCoverage="0" isConstructor="false" isStatic="false" isGetter="false" isSetter="false">
              <Summary numSequencePoints="3" visitedSequencePoints="0" numBranchPoints="1" visitedBranchPoints="0" sequenceCoverage="0" branchCoverage="0" maxCyclomaticComplexity="1" minCyclomaticComplexity="1" />
              <MetadataToken>100663514</MetadataToken>
              <Name>System.Void CombinifyWpf.StripMenuVertical::lblNewFile_MouseLeftButtonDown(System.Object,System.Windows.Input.MouseButtonEventArgs)</Name>
              <FileRef uid="27" />
              <SequencePoints>
                <SequencePoint vc="0" uspid="1399" ordinal="0" offset="0" sl="335" sc="94" el="335" ec="95" />
                <SequencePoint vc="0" uspid="1400" ordinal="1" offset="1" sl="336" sc="13" el="336" ec="83" />
                <SequencePoint vc="0" uspid="1401" ordinal="2" offset="19" sl="337" sc="9" el="337" ec="10" />
              </SequencePoints>
              <BranchPoints />
              <MethodPoint xsi:type="SequencePoint" vc="0" uspid="1399" ordinal="0" offset="0" sl="335" sc="94" el="335" ec="95" />
            </Method>
            <Method visited="false" cyclomaticComplexity="1" sequenceCoverage="0" branchCoverage="0" isConstructor="false" isStatic="false" isGetter="false" isSetter="false">
              <Summary numSequencePoints="3" visitedSequencePoints="0" numBranchPoints="1" visitedBranchPoints="0" sequenceCoverage="0" branchCoverage="0" maxCyclomaticComplexity="1" minCyclomaticComplexity="1" />
              <MetadataToken>100663515</MetadataToken>
              <Name>System.Void CombinifyWpf.StripMenuVertical::lblNewDirectory_MouseLeftButtonDown(System.Object,System.Windows.Input.MouseButtonEventArgs)</Name>
              <FileRef uid="27" />
              <SequencePoints>
                <SequencePoint vc="0" uspid="1402" ordinal="0" offset="0" sl="339" sc="99" el="339" ec="100" />
                <SequencePoint vc="0" uspid="1403" ordinal="1" offset="1" sl="340" sc="13" el="340" ec="88" />
                <SequencePoint vc="0" uspid="1404" ordinal="2" offset="19" sl="341" sc="9" el="341" ec="10" />
              </SequencePoints>
              <BranchPoints />
              <MethodPoint xsi:type="SequencePoint" vc="0" uspid="1402" ordinal="0" offset="0" sl="339" sc="99" el="339" ec="100" />
            </Method>
            <Method visited="false" cyclomaticComplexity="1" sequenceCoverage="0" branchCoverage="0" isConstructor="false" isStatic="false" isGetter="false" isSetter="false">
              <Summary numSequencePoints="3" visitedSequencePoints="0" numBranchPoints="1" visitedBranchPoints="0" sequenceCoverage="0" branchCoverage="0" maxCyclomaticComplexity="1" minCyclomaticComplexity="1" />
              <MetadataToken>100663516</MetadataToken>
              <Name>System.Void CombinifyWpf.StripMenuVertical::lblOpen_MouseLeftButtonDown(System.Object,System.Windows.Input.MouseButtonEventArgs)</Name>
              <FileRef uid="27" />
              <SequencePoints>
                <SequencePoint vc="0" uspid="1405" ordinal="0" offset="0" sl="343" sc="91" el="343" ec="92" />
                <SequencePoint vc="0" uspid="1406" ordinal="1" offset="1" sl="344" sc="13" el="344" ec="83" />
                <SequencePoint vc="0" uspid="1407" ordinal="2" offset="19" sl="345" sc="9" el="345" ec="10" />
              </SequencePoints>
              <BranchPoints />
              <MethodPoint xsi:type="SequencePoint" vc="0" uspid="1405" ordinal="0" offset="0" sl="343" sc="91" el="343" ec="92" />
            </Method>
            <Method visited="false" cyclomaticComplexity="1" sequenceCoverage="0" branchCoverage="0" isConstructor="false" isStatic="false" isGetter="false" isSetter="false">
              <Summary numSequencePoints="3" visitedSequencePoints="0" numBranchPoints="1" visitedBranchPoints="0" sequenceCoverage="0" branchCoverage="0" maxCyclomaticComplexity="1" minCyclomaticComplexity="1" />
              <MetadataToken>100663517</MetadataToken>
              <Name>System.Void CombinifyWpf.StripMenuVertical::lblSave_MouseLeftButtonDown(System.Object,System.Windows.Input.MouseButtonEventArgs)</Name>
              <FileRef uid="27" />
              <SequencePoints>
                <SequencePoint vc="0" uspid="1408" ordinal="0" offset="0" sl="347" sc="91" el="347" ec="92" />
                <SequencePoint vc="0" uspid="1409" ordinal="1" offset="1" sl="348" sc="13" el="348" ec="83" />
                <SequencePoint vc="0" uspid="1410" ordinal="2" offset="19" sl="349" sc="9" el="349" ec="10" />
              </SequencePoints>
              <BranchPoints />
              <MethodPoint xsi:type="SequencePoint" vc="0" uspid="1408" ordinal="0" offset="0" sl="347" sc="91" el="347" ec="92" />
            </Method>
            <Method visited="false" cyclomaticComplexity="1" sequenceCoverage="0" branchCoverage="0" isConstructor="false" isStatic="false" isGetter="false" isSetter="false">
              <Summary numSequencePoints="3" visitedSequencePoints="0" numBranchPoints="1" visitedBranchPoints="0" sequenceCoverage="0" branchCoverage="0" maxCyclomaticComplexity="1" minCyclomaticComplexity="1" />
              <MetadataToken>100663518</MetadataToken>
              <Name>System.Void CombinifyWpf.StripMenuVertical::lblSaveAs_MouseLeftButtonDown(System.Object,System.Windows.Input.MouseButtonEventArgs)</Name>
              <FileRef uid="27" />
              <SequencePoints>
                <SequencePoint vc="0" uspid="1411" ordinal="0" offset="0" sl="351" sc="93" el="351" ec="94" />
                <SequencePoint vc="0" uspid="1412" ordinal="1" offset="1" sl="352" sc="13" el="352" ec="78" />
                <SequencePoint vc="0" uspid="1413" ordinal="2" offset="19" sl="353" sc="9" el="353" ec="10" />
              </SequencePoints>
              <BranchPoints />
              <MethodPoint xsi:type="SequencePoint" vc="0" uspid="1411" ordinal="0" offset="0" sl="351" sc="93" el="351" ec="94" />
            </Method>
            <Method visited="false" cyclomaticComplexity="1" sequenceCoverage="0" branchCoverage="0" isConstructor="false" isStatic="false" isGetter="false" isSetter="false">
              <Summary numSequencePoints="3" visitedSequencePoints="0" numBranchPoints="1" visitedBranchPoints="0" sequenceCoverage="0" branchCoverage="0" maxCyclomaticComplexity="1" minCyclomaticComplexity="1" />
              <MetadataToken>100663519</MetadataToken>
              <Name>System.Void CombinifyWpf.StripMenuVertical::lblClose_MouseLeftButtonDown(System.Object,System.Windows.Input.MouseButtonEventArgs)</Name>
              <FileRef uid="27" />
              <SequencePoints>
                <SequencePoint vc="0" uspid="1414" ordinal="0" offset="0" sl="355" sc="92" el="355" ec="93" />
                <SequencePoint vc="0" uspid="1415" ordinal="1" offset="1" sl="356" sc="13" el="356" ec="84" />
                <SequencePoint vc="0" uspid="1416" ordinal="2" offset="19" sl="357" sc="9" el="357" ec="10" />
              </SequencePoints>
              <BranchPoints />
              <MethodPoint xsi:type="SequencePoint" vc="0" uspid="1414" ordinal="0" offset="0" sl="355" sc="92" el="355" ec="93" />
            </Method>
            <Method visited="false" cyclomaticComplexity="1" sequenceCoverage="0" branchCoverage="0" isConstructor="false" isStatic="false" isGetter="false" isSetter="false">
              <Summary numSequencePoints="3" visitedSequencePoints="0" numBranchPoints="1" visitedBranchPoints="0" sequenceCoverage="0" branchCoverage="0" maxCyclomaticComplexity="1" minCyclomaticComplexity="1" />
              <MetadataToken>100663520</MetadataToken>
              <Name>System.Void CombinifyWpf.StripMenuVertical::lblExit_MouseLeftButtonDown(System.Object,System.Windows.Input.MouseButtonEventArgs)</Name>
              <FileRef uid="27" />
              <SequencePoints>
                <SequencePoint vc="0" uspid="1417" ordinal="0" offset="0" sl="359" sc="91" el="359" ec="92" />
                <SequencePoint vc="0" uspid="1418" ordinal="1" offset="1" sl="360" sc="13" el="360" ec="76" />
                <SequencePoint vc="0" uspid="1419" ordinal="2" offset="19" sl="361" sc="9" el="361" ec="10" />
              </SequencePoints>
              <BranchPoints />
              <MethodPoint xsi:type="SequencePoint" vc="0" uspid="1417" ordinal="0" offset="0" sl="359" sc="91" el="359" ec="92" />
            </Method>
            <Method visited="false" cyclomaticComplexity="1" sequenceCoverage="0" branchCoverage="0" isConstructor="false" isStatic="false" isGetter="false" isSetter="false">
              <Summary numSequencePoints="3" visitedSequencePoints="0" numBranchPoints="1" visitedBranchPoints="0" sequenceCoverage="0" branchCoverage="0" maxCyclomaticComplexity="1" minCyclomaticComplexity="1" />
              <MetadataToken>100663521</MetadataToken>
              <Name>System.Void CombinifyWpf.StripMenuVertical::lblAddDir_MouseLeftButtonDown(System.Object,System.Windows.Input.MouseButtonEventArgs)</Name>
              <FileRef uid="27" />
              <SequencePoints>
                <SequencePoint vc="0" uspid="1420" ordinal="0" offset="0" sl="363" sc="93" el="363" ec="94" />
                <SequencePoint vc="0" uspid="1421" ordinal="1" offset="1" sl="364" sc="13" el="364" ec="84" />
                <SequencePoint vc="0" uspid="1422" ordinal="2" offset="19" sl="365" sc="9" el="365" ec="10" />
              </SequencePoints>
              <BranchPoints />
              <MethodPoint xsi:type="SequencePoint" vc="0" uspid="1420" ordinal="0" offset="0" sl="363" sc="93" el="363" ec="94" />
            </Method>
            <Method visited="false" cyclomaticComplexity="1" sequenceCoverage="0" branchCoverage="0" isConstructor="false" isStatic="false" isGetter="false" isSetter="false">
              <Summary numSequencePoints="3" visitedSequencePoints="0" numBranchPoints="1" visitedBranchPoints="0" sequenceCoverage="0" branchCoverage="0" maxCyclomaticComplexity="1" minCyclomaticComplexity="1" />
              <MetadataToken>100663522</MetadataToken>
              <Name>System.Void CombinifyWpf.StripMenuVertical::lblAddFile_MouseLeftButtonDown(System.Object,System.Windows.Input.MouseButtonEventArgs)</Name>
              <FileRef uid="27" />
              <SequencePoints>
                <SequencePoint vc="0" uspid="1423" ordinal="0" offset="0" sl="367" sc="94" el="367" ec="95" />
                <SequencePoint vc="0" uspid="1424" ordinal="1" offset="1" sl="368" sc="13" el="368" ec="79" />
                <SequencePoint vc="0" uspid="1425" ordinal="2" offset="19" sl="369" sc="9" el="369" ec="10" />
              </SequencePoints>
              <BranchPoints />
              <MethodPoint xsi:type="SequencePoint" vc="0" uspid="1423" ordinal="0" offset="0" sl="367" sc="94" el="367" ec="95" />
            </Method>
            <Method visited="false" cyclomaticComplexity="1" sequenceCoverage="0" branchCoverage="0" isConstructor="false" isStatic="false" isGetter="false" isSetter="false">
              <Summary numSequencePoints="3" visitedSequencePoints="0" numBranchPoints="1" visitedBranchPoints="0" sequenceCoverage="0" branchCoverage="0" maxCyclomaticComplexity="1" minCyclomaticComplexity="1" />
              <MetadataToken>100663523</MetadataToken>
              <Name>System.Void CombinifyWpf.StripMenuVertical::lblClear_MouseLeftButtonDown(System.Object,System.Windows.Input.MouseButtonEventArgs)</Name>
              <FileRef uid="27" />
              <SequencePoints>
                <SequencePoint vc="0" uspid="1426" ordinal="0" offset="0" sl="371" sc="92" el="371" ec="93" />
                <SequencePoint vc="0" uspid="1427" ordinal="1" offset="1" sl="372" sc="13" el="372" ec="77" />
                <SequencePoint vc="0" uspid="1428" ordinal="2" offset="19" sl="373" sc="9" el="373" ec="10" />
              </SequencePoints>
              <BranchPoints />
              <MethodPoint xsi:type="SequencePoint" vc="0" uspid="1426" ordinal="0" offset="0" sl="371" sc="92" el="371" ec="93" />
            </Method>
            <Method visited="false" cyclomaticComplexity="1" sequenceCoverage="0" branchCoverage="0" isConstructor="false" isStatic="false" isGetter="false" isSetter="false">
              <Summary numSequencePoints="3" visitedSequencePoints="0" numBranchPoints="1" visitedBranchPoints="0" sequenceCoverage="0" branchCoverage="0" maxCyclomaticComplexity="1" minCyclomaticComplexity="1" />
              <MetadataToken>100663524</MetadataToken>
              <Name>System.Void CombinifyWpf.StripMenuVertical::lblStart_MouseLeftButtonDown(System.Object,System.Windows.Input.MouseButtonEventArgs)</Name>
              <FileRef uid="27" />
              <SequencePoints>
                <SequencePoint vc="0" uspid="1429" ordinal="0" offset="0" sl="375" sc="92" el="375" ec="93" />
                <SequencePoint vc="0" uspid="1430" ordinal="1" offset="1" sl="376" sc="13" el="376" ec="77" />
                <SequencePoint vc="0" uspid="1431" ordinal="2" offset="19" sl="377" sc="9" el="377" ec="10" />
              </SequencePoints>
              <BranchPoints />
              <MethodPoint xsi:type="SequencePoint" vc="0" uspid="1429" ordinal="0" offset="0" sl="375" sc="92" el="375" ec="93" />
            </Method>
            <Method visited="false" cyclomaticComplexity="1" sequenceCoverage="0" branchCoverage="0" isConstructor="false" isStatic="false" isGetter="false" isSetter="false">
              <Summary numSequencePoints="3" visitedSequencePoints="0" numBranchPoints="1" visitedBranchPoints="0" sequenceCoverage="0" branchCoverage="0" maxCyclomaticComplexity="1" minCyclomaticComplexity="1" />
              <MetadataToken>100663525</MetadataToken>
              <Name>System.Void CombinifyWpf.StripMenuVertical::lblStop_MouseLeftButtonDown(System.Object,System.Windows.Input.MouseButtonEventArgs)</Name>
              <FileRef uid="27" />
              <SequencePoints>
                <SequencePoint vc="0" uspid="1432" ordinal="0" offset="0" sl="379" sc="91" el="379" ec="92" />
                <SequencePoint vc="0" uspid="1433" ordinal="1" offset="1" sl="380" sc="13" el="380" ec="76" />
                <SequencePoint vc="0" uspid="1434" ordinal="2" offset="19" sl="381" sc="9" el="381" ec="10" />
              </SequencePoints>
              <BranchPoints />
              <MethodPoint xsi:type="SequencePoint" vc="0" uspid="1432" ordinal="0" offset="0" sl="379" sc="91" el="379" ec="92" />
            </Method>
            <Method visited="false" cyclomaticComplexity="2" sequenceCoverage="0" branchCoverage="0" isConstructor="false" isStatic="false" isGetter="false" isSetter="false">
              <Summary numSequencePoints="10" visitedSequencePoints="0" numBranchPoints="3" visitedBranchPoints="0" sequenceCoverage="0" branchCoverage="0" maxCyclomaticComplexity="2" minCyclomaticComplexity="2" />
              <MetadataToken>100663526</MetadataToken>
              <Name>System.Void CombinifyWpf.StripMenuVertical::Label_IsEnabledChanged(System.Object,System.Windows.DependencyPropertyChangedEventArgs)</Name>
              <FileRef uid="27" />
              <SequencePoints>
                <SequencePoint vc="0" uspid="1435" ordinal="0" offset="0" sl="383" sc="100" el="383" ec="101" />
                <SequencePoint vc="0" uspid="1436" ordinal="1" offset="1" sl="384" sc="13" el="384" ec="39" />
                <SequencePoint vc="0" uspid="1437" ordinal="2" offset="8" sl="385" sc="13" el="385" ec="32" />
                <SequencePoint vc="0" uspid="1438" ordinal="3" offset="21" sl="385" sc="33" el="385" ec="34" />
                <SequencePoint vc="0" uspid="1439" ordinal="4" offset="22" sl="386" sc="17" el="386" ec="48" />
                <SequencePoint vc="0" uspid="1440" ordinal="5" offset="34" sl="387" sc="13" el="387" ec="14" />
                <SequencePoint vc="0" uspid="1441" ordinal="6" offset="37" sl="388" sc="18" el="388" ec="19" />
                <SequencePoint vc="0" uspid="1442" ordinal="7" offset="38" sl="389" sc="17" el="389" ec="47" />
                <SequencePoint vc="0" uspid="1443" ordinal="8" offset="50" sl="390" sc="13" el="390" ec="14" />
                <SequencePoint vc="0" uspid="1444" ordinal="9" offset="51" sl="391" sc="9" el="391" ec="10" />
              </SequencePoints>
              <BranchPoints>
                <BranchPoint vc="0" uspid="1445" ordinal="0" offset="19" path="0" />
                <BranchPoint vc="0" uspid="1446" ordinal="1" offset="19" path="1" />
              </BranchPoints>
              <MethodPoint xsi:type="SequencePoint" vc="0" uspid="1435" ordinal="0" offset="0" sl="383" sc="100" el="383" ec="101" />
            </Method>
            <Method visited="false" cyclomaticComplexity="4" sequenceCoverage="0" branchCoverage="0" isConstructor="false" isStatic="false" isGetter="false" isSetter="false">
              <Summary numSequencePoints="18" visitedSequencePoints="0" numBranchPoints="7" visitedBranchPoints="0" sequenceCoverage="0" branchCoverage="0" maxCyclomaticComplexity="4" minCyclomaticComplexity="4" />
              <MetadataToken>100663527</MetadataToken>
              <Name>System.Void CombinifyWpf.StripMenuVertical::CloseMenus()</Name>
              <FileRef uid="27" />
              <SequencePoints>
                <SequencePoint vc="0" uspid="1447" ordinal="0" offset="0" sl="396" sc="35" el="396" ec="36" />
                <SequencePoint vc="0" uspid="1448" ordinal="1" offset="1" sl="397" sc="13" el="397" ec="63" />
                <SequencePoint vc="0" uspid="1449" ordinal="2" offset="45" sl="400" sc="13" el="400" ec="20" />
                <SequencePoint vc="0" uspid="1450" ordinal="3" offset="46" sl="400" sc="38" el="400" ec="51" />
                <SequencePoint vc="0" uspid="1451" ordinal="4" offset="68" sl="400" sc="22" el="400" ec="34" />
                <SequencePoint vc="0" uspid="1452" ordinal="5" offset="80" sl="400" sc="54" el="400" ec="55" />
                <SequencePoint vc="0" uspid="1453" ordinal="6" offset="81" sl="401" sc="17" el="401" ec="43" />
                <SequencePoint vc="0" uspid="1454" ordinal="7" offset="105" sl="401" sc="44" el="401" ec="45" />
                <SequencePoint vc="0" uspid="1455" ordinal="8" offset="106" sl="404" sc="21" el="407" ec="48" />
                <SequencePoint vc="0" uspid="1456" ordinal="9" offset="173" sl="410" sc="21" el="410" ec="56" />
                <SequencePoint vc="0" uspid="1457" ordinal="10" offset="181" sl="413" sc="21" el="413" ec="59" />
                <SequencePoint vc="0" uspid="1458" ordinal="11" offset="200" sl="414" sc="21" el="414" ec="59" />
                <SequencePoint vc="0" uspid="1459" ordinal="12" offset="219" sl="415" sc="21" el="415" ec="77" />
                <SequencePoint vc="0" uspid="1460" ordinal="13" offset="238" sl="418" sc="21" el="418" ec="40" />
                <SequencePoint vc="0" uspid="1461" ordinal="14" offset="246" sl="419" sc="17" el="419" ec="18" />
                <SequencePoint vc="0" uspid="1462" ordinal="15" offset="247" sl="420" sc="13" el="420" ec="14" />
                <SequencePoint vc="0" uspid="1463" ordinal="16" offset="248" sl="400" sc="35" el="400" ec="37" />
                <SequencePoint vc="0" uspid="1464" ordinal="17" offset="294" sl="421" sc="9" el="421" ec="10" />
              </SequencePoints>
              <BranchPoints>
                <BranchPoint vc="0" uspid="1465" ordinal="0" offset="100" path="0" />
                <BranchPoint vc="0" uspid="1466" ordinal="1" offset="100" path="1" />
                <BranchPoint vc="0" uspid="1467" ordinal="2" offset="258" path="0" />
                <BranchPoint vc="0" uspid="1468" ordinal="3" offset="258" path="1" />
                <BranchPoint vc="0" uspid="1469" ordinal="4" offset="282" path="0" />
                <BranchPoint vc="0" uspid="1470" ordinal="5" offset="282" path="1" />
              </BranchPoints>
              <MethodPoint xsi:type="SequencePoint" vc="0" uspid="1447" ordinal="0" offset="0" sl="396" sc="35" el="396" ec="36" />
            </Method>
            <Method visited="false" cyclomaticComplexity="1" sequenceCoverage="0" branchCoverage="0" isConstructor="false" isStatic="false" isGetter="false" isSetter="false">
              <Summary numSequencePoints="4" visitedSequencePoints="0" numBranchPoints="1" visitedBranchPoints="0" sequenceCoverage="0" branchCoverage="0" maxCyclomaticComplexity="1" minCyclomaticComplexity="1" />
              <MetadataToken>100663528</MetadataToken>
              <Name>System.Void CombinifyWpf.StripMenuVertical::FadeMainOut(System.Windows.Controls.Control)</Name>
              <FileRef uid="27" />
              <SequencePoints>
                <SequencePoint vc="0" uspid="1471" ordinal="0" offset="0" sl="423" sc="50" el="423" ec="51" />
                <SequencePoint vc="0" uspid="1472" ordinal="1" offset="1" sl="424" sc="13" el="428" ec="33" />
                <SequencePoint vc="0" uspid="1473" ordinal="2" offset="68" sl="430" sc="13" el="434" ec="33" />
                <SequencePoint vc="0" uspid="1474" ordinal="3" offset="135" sl="435" sc="9" el="435" ec="10" />
              </SequencePoints>
              <BranchPoints />
              <MethodPoint xsi:type="SequencePoint" vc="0" uspid="1471" ordinal="0" offset="0" sl="423" sc="50" el="423" ec="51" />
            </Method>
            <Method visited="false" cyclomaticComplexity="6" sequenceCoverage="0" branchCoverage="0" isConstructor="false" isStatic="false" isGetter="false" isSetter="false">
              <Summary numSequencePoints="6" visitedSequencePoints="0" numBranchPoints="11" visitedBranchPoints="0" sequenceCoverage="0" branchCoverage="0" maxCyclomaticComplexity="6" minCyclomaticComplexity="6" />
              <MetadataToken>100663529</MetadataToken>
              <Name>System.Windows.Controls.Label CombinifyWpf.StripMenuVertical::GetLabelByElement(System.Windows.FrameworkElement)</Name>
              <FileRef uid="27" />
              <SequencePoints>
                <SequencePoint vc="0" uspid="1475" ordinal="0" offset="0" sl="437" sc="69" el="437" ec="70" />
                <SequencePoint vc="0" uspid="1476" ordinal="1" offset="1" sl="438" sc="13" el="438" ec="35" />
                <SequencePoint vc="0" uspid="1477" ordinal="2" offset="65" sl="441" sc="21" el="441" ec="36" />
                <SequencePoint vc="0" uspid="1478" ordinal="3" offset="74" sl="445" sc="21" el="445" ec="37" />
                <SequencePoint vc="0" uspid="1479" ordinal="4" offset="83" sl="448" sc="21" el="448" ec="39" />
                <SequencePoint vc="0" uspid="1480" ordinal="5" offset="92" sl="450" sc="9" el="450" ec="10" />
              </SequencePoints>
              <BranchPoints>
                <BranchPoint vc="0" uspid="1481" ordinal="0" offset="9" path="0" />
                <BranchPoint vc="0" uspid="1482" ordinal="1" offset="9" path="1" />
                <BranchPoint vc="0" uspid="1483" ordinal="2" offset="22" path="0" />
                <BranchPoint vc="0" uspid="1484" ordinal="3" offset="22" path="1" />
                <BranchPoint vc="0" uspid="1485" ordinal="4" offset="35" path="0" />
                <BranchPoint vc="0" uspid="1486" ordinal="5" offset="35" path="1" />
                <BranchPoint vc="0" uspid="1487" ordinal="6" offset="48" path="0" />
                <BranchPoint vc="0" uspid="1488" ordinal="7" offset="48" path="1" />
                <BranchPoint vc="0" uspid="1489" ordinal="8" offset="61" path="0" />
                <BranchPoint vc="0" uspid="1490" ordinal="9" offset="61" path="1" />
              </BranchPoints>
              <MethodPoint xsi:type="SequencePoint" vc="0" uspid="1475" ordinal="0" offset="0" sl="437" sc="69" el="437" ec="70" />
            </Method>
            <Method visited="false" cyclomaticComplexity="6" sequenceCoverage="0" branchCoverage="0" isConstructor="false" isStatic="false" isGetter="false" isSetter="false">
              <Summary numSequencePoints="6" visitedSequencePoints="0" numBranchPoints="11" visitedBranchPoints="0" sequenceCoverage="0" branchCoverage="0" maxCyclomaticComplexity="6" minCyclomaticComplexity="6" />
              <MetadataToken>100663530</MetadataToken>
              <Name>System.Windows.Controls.StackPanel CombinifyWpf.StripMenuVertical::GetPanelByElement(System.Windows.FrameworkElement)</Name>
              <FileRef uid="27" />
              <SequencePoints>
                <SequencePoint vc="0" uspid="1491" ordinal="0" offset="0" sl="452" sc="74" el="452" ec="75" />
                <SequencePoint vc="0" uspid="1492" ordinal="1" offset="1" sl="453" sc="13" el="453" ec="35" />
                <SequencePoint vc="0" uspid="1493" ordinal="2" offset="65" sl="456" sc="21" el="456" ec="38" />
                <SequencePoint vc="0" uspid="1494" ordinal="3" offset="74" sl="460" sc="21" el="460" ec="38" />
                <SequencePoint vc="0" uspid="1495" ordinal="4" offset="83" sl="463" sc="21" el="463" ec="41" />
                <SequencePoint vc="0" uspid="1496" ordinal="5" offset="92" sl="465" sc="9" el="465" ec="10" />
              </SequencePoints>
              <BranchPoints>
                <BranchPoint vc="0" uspid="1497" ordinal="0" offset="9" path="0" />
                <BranchPoint vc="0" uspid="1498" ordinal="1" offset="9" path="1" />
                <BranchPoint vc="0" uspid="1499" ordinal="2" offset="22" path="0" />
                <BranchPoint vc="0" uspid="1500" ordinal="3" offset="22" path="1" />
                <BranchPoint vc="0" uspid="1501" ordinal="4" offset="35" path="0" />
                <BranchPoint vc="0" uspid="1502" ordinal="5" offset="35" path="1" />
                <BranchPoint vc="0" uspid="1503" ordinal="6" offset="48" path="0" />
                <BranchPoint vc="0" uspid="1504" ordinal="7" offset="48" path="1" />
                <BranchPoint vc="0" uspid="1505" ordinal="8" offset="61" path="0" />
                <BranchPoint vc="0" uspid="1506" ordinal="9" offset="61" path="1" />
              </BranchPoints>
              <MethodPoint xsi:type="SequencePoint" vc="0" uspid="1491" ordinal="0" offset="0" sl="452" sc="74" el="452" ec="75" />
            </Method>
            <Method visited="false" cyclomaticComplexity="2" sequenceCoverage="0" branchCoverage="0" isConstructor="false" isStatic="false" isGetter="false" isSetter="false">
              <Summary numSequencePoints="1" visitedSequencePoints="0" numBranchPoints="3" visitedBranchPoints="0" sequenceCoverage="0" branchCoverage="0" maxCyclomaticComplexity="2" minCyclomaticComplexity="2" />
              <MetadataToken>100663531</MetadataToken>
              <Name>System.Void CombinifyWpf.StripMenuVertical::InitializeComponent()</Name>
              <SequencePoints>
                <SequencePoint vc="0" uspid="1507" ordinal="0" offset="36" sl="1" sc="13" el="1" ec="77" />
              </SequencePoints>
              <BranchPoints>
                <BranchPoint vc="0" uspid="1509" ordinal="0" offset="12" path="0" />
                <BranchPoint vc="0" uspid="1510" ordinal="1" offset="12" path="1" />
              </BranchPoints>
              <MethodPoint vc="0" uspid="1508" ordinal="0" offset="0" />
            </Method>
            <Method visited="false" cyclomaticComplexity="33" sequenceCoverage="0" branchCoverage="0" isConstructor="false" isStatic="false" isGetter="false" isSetter="false">
              <Summary numSequencePoints="62" visitedSequencePoints="0" numBranchPoints="33" visitedBranchPoints="0" sequenceCoverage="0" branchCoverage="0" maxCyclomaticComplexity="33" minCyclomaticComplexity="33" />
              <MetadataToken>100663532</MetadataToken>
              <Name>System.Void CombinifyWpf.StripMenuVertical::System.Windows.Markup.IComponentConnector.Connect(System.Int32,System.Object)</Name>
              <SequencePoints>
                <SequencePoint vc="0" uspid="1511" ordinal="0" offset="186" sl="38" sc="13" el="38" ec="109" />
                <SequencePoint vc="0" uspid="1512" ordinal="1" offset="210" sl="39" sc="13" el="39" ec="109" />
                <SequencePoint vc="0" uspid="1513" ordinal="2" offset="234" sl="40" sc="13" el="40" ec="133" />
                <SequencePoint vc="0" uspid="1514" ordinal="3" offset="275" sl="55" sc="13" el="55" ec="110" />
                <SequencePoint vc="0" uspid="1515" ordinal="4" offset="299" sl="56" sc="13" el="56" ec="110" />
                <SequencePoint vc="0" uspid="1516" ordinal="5" offset="323" sl="57" sc="13" el="57" ec="134" />
                <SequencePoint vc="0" uspid="1517" ordinal="6" offset="364" sl="72" sc="13" el="72" ec="112" />
                <SequencePoint vc="0" uspid="1518" ordinal="7" offset="388" sl="73" sc="13" el="73" ec="112" />
                <SequencePoint vc="0" uspid="1519" ordinal="8" offset="412" sl="74" sc="13" el="74" ec="136" />
                <SequencePoint vc="0" uspid="1520" ordinal="9" offset="453" sl="89" sc="13" el="89" ec="111" />
                <SequencePoint vc="0" uspid="1521" ordinal="10" offset="477" sl="90" sc="13" el="90" ec="111" />
                <SequencePoint vc="0" uspid="1522" ordinal="11" offset="501" sl="91" sc="13" el="91" ec="135" />
                <SequencePoint vc="0" uspid="1523" ordinal="12" offset="559" sl="108" sc="13" el="108" ec="134" />
                <SequencePoint vc="0" uspid="1524" ordinal="13" offset="583" sl="110" sc="13" el="110" ec="110" />
                <SequencePoint vc="0" uspid="1525" ordinal="14" offset="607" sl="111" sc="13" el="111" ec="110" />
                <SequencePoint vc="0" uspid="1526" ordinal="15" offset="682" sl="142" sc="13" el="142" ec="107" />
                <SequencePoint vc="0" uspid="1527" ordinal="16" offset="706" sl="143" sc="13" el="143" ec="107" />
                <SequencePoint vc="0" uspid="1528" ordinal="17" offset="730" sl="145" sc="13" el="145" ec="130" />
                <SequencePoint vc="0" uspid="1529" ordinal="18" offset="771" sl="159" sc="13" el="159" ec="111" />
                <SequencePoint vc="0" uspid="1530" ordinal="19" offset="795" sl="160" sc="13" el="160" ec="111" />
                <SequencePoint vc="0" uspid="1531" ordinal="20" offset="819" sl="162" sc="13" el="162" ec="138" />
                <SequencePoint vc="0" uspid="1532" ordinal="21" offset="860" sl="176" sc="13" el="176" ec="116" />
                <SequencePoint vc="0" uspid="1533" ordinal="22" offset="884" sl="177" sc="13" el="177" ec="116" />
                <SequencePoint vc="0" uspid="1534" ordinal="23" offset="908" sl="179" sc="13" el="179" ec="148" />
                <SequencePoint vc="0" uspid="1535" ordinal="24" offset="949" sl="192" sc="13" el="192" ec="108" />
                <SequencePoint vc="0" uspid="1536" ordinal="25" offset="973" sl="193" sc="13" el="193" ec="108" />
                <SequencePoint vc="0" uspid="1537" ordinal="26" offset="997" sl="195" sc="13" el="195" ec="132" />
                <SequencePoint vc="0" uspid="1538" ordinal="27" offset="1038" sl="208" sc="13" el="208" ec="108" />
                <SequencePoint vc="0" uspid="1539" ordinal="28" offset="1062" sl="209" sc="13" el="209" ec="108" />
                <SequencePoint vc="0" uspid="1540" ordinal="29" offset="1086" sl="211" sc="13" el="211" ec="132" />
                <SequencePoint vc="0" uspid="1541" ordinal="30" offset="1127" sl="224" sc="13" el="224" ec="110" />
                <SequencePoint vc="0" uspid="1542" ordinal="31" offset="1151" sl="225" sc="13" el="225" ec="110" />
                <SequencePoint vc="0" uspid="1543" ordinal="32" offset="1175" sl="227" sc="13" el="227" ec="136" />
                <SequencePoint vc="0" uspid="1544" ordinal="33" offset="1216" sl="240" sc="13" el="240" ec="109" />
                <SequencePoint vc="0" uspid="1545" ordinal="34" offset="1240" sl="241" sc="13" el="241" ec="109" />
                <SequencePoint vc="0" uspid="1546" ordinal="35" offset="1264" sl="243" sc="13" el="243" ec="134" />
                <SequencePoint vc="0" uspid="1547" ordinal="36" offset="1305" sl="256" sc="13" el="256" ec="108" />
                <SequencePoint vc="0" uspid="1548" ordinal="37" offset="1329" sl="257" sc="13" el="257" ec="108" />
                <SequencePoint vc="0" uspid="1549" ordinal="38" offset="1353" sl="259" sc="13" el="259" ec="132" />
                <SequencePoint vc="0" uspid="1550" ordinal="39" offset="1411" sl="277" sc="13" el="277" ec="134" />
                <SequencePoint vc="0" uspid="1551" ordinal="40" offset="1435" sl="278" sc="13" el="278" ec="110" />
                <SequencePoint vc="0" uspid="1552" ordinal="41" offset="1459" sl="279" sc="13" el="279" ec="110" />
                <SequencePoint vc="0" uspid="1553" ordinal="42" offset="1534" sl="312" sc="13" el="312" ec="110" />
                <SequencePoint vc="0" uspid="1554" ordinal="43" offset="1558" sl="313" sc="13" el="313" ec="110" />
                <SequencePoint vc="0" uspid="1555" ordinal="44" offset="1582" sl="314" sc="13" el="314" ec="136" />
                <SequencePoint vc="0" uspid="1556" ordinal="45" offset="1623" sl="328" sc="13" el="328" ec="111" />
                <SequencePoint vc="0" uspid="1557" ordinal="46" offset="1647" sl="329" sc="13" el="329" ec="111" />
                <SequencePoint vc="0" uspid="1558" ordinal="47" offset="1671" sl="330" sc="13" el="330" ec="138" />
                <SequencePoint vc="0" uspid="1559" ordinal="48" offset="1712" sl="344" sc="13" el="344" ec="109" />
                <SequencePoint vc="0" uspid="1560" ordinal="49" offset="1736" sl="345" sc="13" el="345" ec="109" />
                <SequencePoint vc="0" uspid="1561" ordinal="50" offset="1760" sl="346" sc="13" el="346" ec="134" />
                <SequencePoint vc="0" uspid="1562" ordinal="51" offset="1818" sl="364" sc="13" el="364" ec="137" />
                <SequencePoint vc="0" uspid="1563" ordinal="52" offset="1842" sl="365" sc="13" el="365" ec="113" />
                <SequencePoint vc="0" uspid="1564" ordinal="53" offset="1866" sl="366" sc="13" el="366" ec="113" />
                <SequencePoint vc="0" uspid="1565" ordinal="54" offset="1941" sl="399" sc="13" el="399" ec="109" />
                <SequencePoint vc="0" uspid="1566" ordinal="55" offset="1965" sl="400" sc="13" el="400" ec="109" />
                <SequencePoint vc="0" uspid="1567" ordinal="56" offset="1989" sl="402" sc="13" el="402" ec="134" />
                <SequencePoint vc="0" uspid="1568" ordinal="57" offset="2013" sl="403" sc="13" el="403" ec="133" />
                <SequencePoint vc="0" uspid="1569" ordinal="58" offset="2051" sl="417" sc="13" el="417" ec="108" />
                <SequencePoint vc="0" uspid="1570" ordinal="59" offset="2075" sl="418" sc="13" el="418" ec="108" />
                <SequencePoint vc="0" uspid="1571" ordinal="60" offset="2099" sl="420" sc="13" el="420" ec="132" />
                <SequencePoint vc="0" uspid="1572" ordinal="61" offset="2123" sl="421" sc="13" el="421" ec="132" />
              </SequencePoints>
              <BranchPoints>
                <BranchPoint vc="0" uspid="1574" ordinal="0" offset="6" path="0" />
                <BranchPoint vc="0" uspid="1575" ordinal="1" offset="6" path="1" />
                <BranchPoint vc="0" uspid="1576" ordinal="2" offset="6" path="2" />
                <BranchPoint vc="0" uspid="1577" ordinal="3" offset="6" path="3" />
                <BranchPoint vc="0" uspid="1578" ordinal="4" offset="6" path="4" />
                <BranchPoint vc="0" uspid="1579" ordinal="5" offset="6" path="5" />
                <BranchPoint vc="0" uspid="1580" ordinal="6" offset="6" path="6" />
                <BranchPoint vc="0" uspid="1581" ordinal="7" offset="6" path="7" />
                <BranchPoint vc="0" uspid="1582" ordinal="8" offset="6" path="8" />
                <BranchPoint vc="0" uspid="1583" ordinal="9" offset="6" path="9" />
                <BranchPoint vc="0" uspid="1584" ordinal="10" offset="6" path="10" />
                <BranchPoint vc="0" uspid="1585" ordinal="11" offset="6" path="11" />
                <BranchPoint vc="0" uspid="1586" ordinal="12" offset="6" path="12" />
                <BranchPoint vc="0" uspid="1587" ordinal="13" offset="6" path="13" />
                <BranchPoint vc="0" uspid="1588" ordinal="14" offset="6" path="14" />
                <BranchPoint vc="0" uspid="1589" ordinal="15" offset="6" path="15" />
                <BranchPoint vc="0" uspid="1590" ordinal="16" offset="6" path="16" />
                <BranchPoint vc="0" uspid="1591" ordinal="17" offset="6" path="17" />
                <BranchPoint vc="0" uspid="1592" ordinal="18" offset="6" path="18" />
                <BranchPoint vc="0" uspid="1593" ordinal="19" offset="6" path="19" />
                <BranchPoint vc="0" uspid="1594" ordinal="20" offset="6" path="20" />
                <BranchPoint vc="0" uspid="1595" ordinal="21" offset="6" path="21" />
                <BranchPoint vc="0" uspid="1596" ordinal="22" offset="6" path="22" />
                <BranchPoint vc="0" uspid="1597" ordinal="23" offset="6" path="23" />
                <BranchPoint vc="0" uspid="1598" ordinal="24" offset="6" path="24" />
                <BranchPoint vc="0" uspid="1599" ordinal="25" offset="6" path="25" />
                <BranchPoint vc="0" uspid="1600" ordinal="26" offset="6" path="26" />
                <BranchPoint vc="0" uspid="1601" ordinal="27" offset="6" path="27" />
                <BranchPoint vc="0" uspid="1602" ordinal="28" offset="6" path="28" />
                <BranchPoint vc="0" uspid="1603" ordinal="29" offset="6" path="29" />
                <BranchPoint vc="0" uspid="1604" ordinal="30" offset="6" path="30" />
                <BranchPoint vc="0" uspid="1605" ordinal="31" offset="6" path="31" />
              </BranchPoints>
              <MethodPoint vc="0" uspid="1573" ordinal="0" offset="0" />
            </Method>
            <Method visited="false" cyclomaticComplexity="1" sequenceCoverage="0" branchCoverage="0" isConstructor="true" isStatic="true" isGetter="false" isSetter="false">
              <Summary numSequencePoints="14" visitedSequencePoints="0" numBranchPoints="1" visitedBranchPoints="0" sequenceCoverage="0" branchCoverage="0" maxCyclomaticComplexity="1" minCyclomaticComplexity="1" />
              <MetadataToken>100663533</MetadataToken>
              <Name>System.Void CombinifyWpf.StripMenuVertical::.cctor()</Name>
              <FileRef uid="27" />
              <SequencePoints>
                <SequencePoint vc="0" uspid="1606" ordinal="0" offset="0" sl="61" sc="9" el="66" ec="47" />
                <SequencePoint vc="0" uspid="1607" ordinal="1" offset="36" sl="73" sc="9" el="78" ec="47" />
                <SequencePoint vc="0" uspid="1608" ordinal="2" offset="72" sl="85" sc="9" el="90" ec="47" />
                <SequencePoint vc="0" uspid="1609" ordinal="3" offset="108" sl="97" sc="9" el="102" ec="47" />
                <SequencePoint vc="0" uspid="1610" ordinal="4" offset="144" sl="109" sc="9" el="114" ec="47" />
                <SequencePoint vc="0" uspid="1611" ordinal="5" offset="180" sl="121" sc="9" el="126" ec="47" />
                <SequencePoint vc="0" uspid="1612" ordinal="6" offset="216" sl="133" sc="9" el="138" ec="47" />
                <SequencePoint vc="0" uspid="1613" ordinal="7" offset="252" sl="145" sc="9" el="150" ec="47" />
                <SequencePoint vc="0" uspid="1614" ordinal="8" offset="288" sl="157" sc="9" el="162" ec="47" />
                <SequencePoint vc="0" uspid="1615" ordinal="9" offset="324" sl="169" sc="9" el="174" ec="47" />
                <SequencePoint vc="0" uspid="1616" ordinal="10" offset="360" sl="181" sc="9" el="186" ec="47" />
                <SequencePoint vc="0" uspid="1617" ordinal="11" offset="396" sl="193" sc="9" el="198" ec="47" />
                <SequencePoint vc="0" uspid="1618" ordinal="12" offset="432" sl="205" sc="9" el="210" ec="47" />
                <SequencePoint vc="0" uspid="1619" ordinal="13" offset="468" sl="217" sc="9" el="222" ec="47" />
              </SequencePoints>
              <BranchPoints />
              <MethodPoint xsi:type="SequencePoint" vc="0" uspid="1606" ordinal="0" offset="0" sl="61" sc="9" el="66" ec="47" />
            </Method>
          </Methods>
        </Class>
        <Class>
          <Summary numSequencePoints="68" visitedSequencePoints="0" numBranchPoints="30" visitedBranchPoints="0" sequenceCoverage="0" branchCoverage="0" maxCyclomaticComplexity="5" minCyclomaticComplexity="1" />
          <FullName>CombinifyWpf.ViewModels.BindableBase</FullName>
          <Methods>
            <Method visited="false" cyclomaticComplexity="2" sequenceCoverage="0" branchCoverage="0" isConstructor="false" isStatic="false" isGetter="false" isSetter="false">
              <Summary numSequencePoints="0" visitedSequencePoints="0" numBranchPoints="2" visitedBranchPoints="0" sequenceCoverage="0" branchCoverage="0" maxCyclomaticComplexity="2" minCyclomaticComplexity="2" />
              <MetadataToken>100663534</MetadataToken>
              <Name>System.Void CombinifyWpf.ViewModels.BindableBase::add_PropertyChanged(System.ComponentModel.PropertyChangedEventHandler)</Name>
              <SequencePoints />
              <BranchPoints>
                <BranchPoint vc="0" uspid="1621" ordinal="0" offset="45" path="0" />
                <BranchPoint vc="0" uspid="1622" ordinal="1" offset="45" path="1" />
              </BranchPoints>
              <MethodPoint vc="0" uspid="1620" ordinal="0" offset="0" />
            </Method>
            <Method visited="false" cyclomaticComplexity="2" sequenceCoverage="0" branchCoverage="0" isConstructor="false" isStatic="false" isGetter="false" isSetter="false">
              <Summary numSequencePoints="0" visitedSequencePoints="0" numBranchPoints="2" visitedBranchPoints="0" sequenceCoverage="0" branchCoverage="0" maxCyclomaticComplexity="2" minCyclomaticComplexity="2" />
              <MetadataToken>100663535</MetadataToken>
              <Name>System.Void CombinifyWpf.ViewModels.BindableBase::remove_PropertyChanged(System.ComponentModel.PropertyChangedEventHandler)</Name>
              <SequencePoints />
              <BranchPoints>
                <BranchPoint vc="0" uspid="1624" ordinal="0" offset="45" path="0" />
                <BranchPoint vc="0" uspid="1625" ordinal="1" offset="45" path="1" />
              </BranchPoints>
              <MethodPoint vc="0" uspid="1623" ordinal="0" offset="0" />
            </Method>
            <Method visited="false" cyclomaticComplexity="2" sequenceCoverage="0" branchCoverage="0" isConstructor="true" isStatic="false" isGetter="false" isSetter="false">
              <Summary numSequencePoints="4" visitedSequencePoints="0" numBranchPoints="3" visitedBranchPoints="0" sequenceCoverage="0" branchCoverage="0" maxCyclomaticComplexity="2" minCyclomaticComplexity="2" />
              <MetadataToken>100663536</MetadataToken>
              <Name>System.Void CombinifyWpf.ViewModels.BindableBase::.ctor()</Name>
              <FileRef uid="29" />
              <SequencePoints>
                <SequencePoint vc="0" uspid="1626" ordinal="0" offset="0" sl="48" sc="9" el="48" ec="81" />
                <SequencePoint vc="0" uspid="1627" ordinal="1" offset="37" sl="53" sc="9" el="53" ec="30" />
                <SequencePoint vc="0" uspid="1628" ordinal="2" offset="44" sl="53" sc="31" el="53" ec="32" />
                <SequencePoint vc="0" uspid="1629" ordinal="3" offset="45" sl="53" sc="33" el="53" ec="34" />
              </SequencePoints>
              <BranchPoints>
                <BranchPoint vc="0" uspid="1630" ordinal="0" offset="6" path="0" />
                <BranchPoint vc="0" uspid="1631" ordinal="1" offset="6" path="1" />
              </BranchPoints>
              <MethodPoint xsi:type="SequencePoint" vc="0" uspid="1626" ordinal="0" offset="0" sl="48" sc="9" el="48" ec="81" />
            </Method>
            <Method visited="false" cyclomaticComplexity="1" sequenceCoverage="0" branchCoverage="0" isConstructor="false" isStatic="false" isGetter="false" isSetter="false">
              <Summary numSequencePoints="4" visitedSequencePoints="0" numBranchPoints="1" visitedBranchPoints="0" sequenceCoverage="0" branchCoverage="0" maxCyclomaticComplexity="1" minCyclomaticComplexity="1" />
              <MetadataToken>100663537</MetadataToken>
              <Name>System.Boolean CombinifyWpf.ViewModels.BindableBase::NotifyAll()</Name>
              <FileRef uid="29" />
              <SequencePoints>
                <SequencePoint vc="0" uspid="1632" ordinal="0" offset="0" sl="58" sc="36" el="58" ec="37" />
                <SequencePoint vc="0" uspid="1633" ordinal="1" offset="1" sl="59" sc="13" el="59" ec="75" />
                <SequencePoint vc="0" uspid="1634" ordinal="2" offset="20" sl="60" sc="13" el="60" ec="25" />
                <SequencePoint vc="0" uspid="1635" ordinal="3" offset="24" sl="61" sc="9" el="61" ec="10" />
              </SequencePoints>
              <BranchPoints />
              <MethodPoint xsi:type="SequencePoint" vc="0" uspid="1632" ordinal="0" offset="0" sl="58" sc="36" el="58" ec="37" />
            </Method>
            <Method visited="false" cyclomaticComplexity="3" sequenceCoverage="0" branchCoverage="0" isConstructor="false" isStatic="false" isGetter="false" isSetter="false">
              <Summary numSequencePoints="15" visitedSequencePoints="0" numBranchPoints="5" visitedBranchPoints="0" sequenceCoverage="0" branchCoverage="0" maxCyclomaticComplexity="3" minCyclomaticComplexity="3" />
              <MetadataToken>100663538</MetadataToken>
              <Name>System.Boolean CombinifyWpf.ViewModels.BindableBase::NotifyProperty(System.Linq.Expressions.Expression`1&lt;System.Func`1&lt;T&gt;&gt;)</Name>
              <FileRef uid="29" />
              <SequencePoints>
                <SequencePoint vc="0" uspid="1636" ordinal="0" offset="0" sl="66" sc="70" el="66" ec="71" />
                <SequencePoint vc="0" uspid="1637" ordinal="1" offset="1" sl="67" sc="13" el="67" ec="54" />
                <SequencePoint vc="0" uspid="1638" ordinal="2" offset="13" sl="68" sc="13" el="68" ec="31" />
                <SequencePoint vc="0" uspid="1639" ordinal="3" offset="21" sl="68" sc="32" el="68" ec="33" />
                <SequencePoint vc="0" uspid="1640" ordinal="4" offset="22" sl="69" sc="17" el="69" ec="52" />
                <SequencePoint vc="0" uspid="1641" ordinal="5" offset="38" sl="69" sc="53" el="69" ec="54" />
                <SequencePoint vc="0" uspid="1642" ordinal="6" offset="39" sl="70" sc="21" el="70" ec="102" />
                <SequencePoint vc="0" uspid="1643" ordinal="7" offset="61" sl="71" sc="17" el="71" ec="18" />
                <SequencePoint vc="0" uspid="1644" ordinal="8" offset="64" sl="72" sc="22" el="72" ec="23" />
                <SequencePoint vc="0" uspid="1645" ordinal="9" offset="65" sl="73" sc="21" el="73" ec="82" />
                <SequencePoint vc="0" uspid="1646" ordinal="10" offset="88" sl="74" sc="17" el="74" ec="18" />
                <SequencePoint vc="0" uspid="1647" ordinal="11" offset="89" sl="76" sc="17" el="76" ec="64" />
                <SequencePoint vc="0" uspid="1648" ordinal="12" offset="108" sl="77" sc="13" el="77" ec="14" />
                <SequencePoint vc="0" uspid="1649" ordinal="13" offset="109" sl="79" sc="13" el="79" ec="25" />
                <SequencePoint vc="0" uspid="1650" ordinal="14" offset="113" sl="80" sc="9" el="80" ec="10" />
              </SequencePoints>
              <BranchPoints>
                <BranchPoint vc="0" uspid="1651" ordinal="0" offset="19" path="0" />
                <BranchPoint vc="0" uspid="1652" ordinal="1" offset="19" path="1" />
                <BranchPoint vc="0" uspid="1653" ordinal="2" offset="36" path="0" />
                <BranchPoint vc="0" uspid="1654" ordinal="3" offset="36" path="1" />
              </BranchPoints>
              <MethodPoint xsi:type="SequencePoint" vc="0" uspid="1636" ordinal="0" offset="0" sl="66" sc="70" el="66" ec="71" />
            </Method>
            <Method visited="false" cyclomaticComplexity="4" sequenceCoverage="0" branchCoverage="0" isConstructor="false" isStatic="false" isGetter="false" isSetter="false">
              <Summary numSequencePoints="19" visitedSequencePoints="0" numBranchPoints="7" visitedBranchPoints="0" sequenceCoverage="0" branchCoverage="0" maxCyclomaticComplexity="4" minCyclomaticComplexity="4" />
              <MetadataToken>100663539</MetadataToken>
              <Name>System.Boolean CombinifyWpf.ViewModels.BindableBase::ChangeProperty(T,T&amp;,System.Linq.Expressions.Expression`1&lt;System.Func`1&lt;T&gt;&gt;)</Name>
              <FileRef uid="29" />
              <SequencePoints>
                <SequencePoint vc="0" uspid="1655" ordinal="0" offset="0" sl="88" sc="99" el="88" ec="100" />
                <SequencePoint vc="0" uspid="1656" ordinal="1" offset="1" sl="89" sc="13" el="89" ec="47" />
                <SequencePoint vc="0" uspid="1657" ordinal="2" offset="32" sl="89" sc="48" el="89" ec="49" />
                <SequencePoint vc="0" uspid="1658" ordinal="3" offset="33" sl="90" sc="17" el="90" ec="30" />
                <SequencePoint vc="0" uspid="1659" ordinal="4" offset="37" sl="93" sc="13" el="93" ec="34" />
                <SequencePoint vc="0" uspid="1660" ordinal="5" offset="44" sl="94" sc="13" el="94" ec="54" />
                <SequencePoint vc="0" uspid="1661" ordinal="6" offset="56" sl="95" sc="13" el="95" ec="31" />
                <SequencePoint vc="0" uspid="1662" ordinal="7" offset="64" sl="95" sc="32" el="95" ec="33" />
                <SequencePoint vc="0" uspid="1663" ordinal="8" offset="65" sl="96" sc="17" el="96" ec="52" />
                <SequencePoint vc="0" uspid="1664" ordinal="9" offset="81" sl="96" sc="53" el="96" ec="54" />
                <SequencePoint vc="0" uspid="1665" ordinal="10" offset="82" sl="97" sc="21" el="97" ec="102" />
                <SequencePoint vc="0" uspid="1666" ordinal="11" offset="104" sl="98" sc="17" el="98" ec="18" />
                <SequencePoint vc="0" uspid="1667" ordinal="12" offset="107" sl="99" sc="22" el="99" ec="23" />
                <SequencePoint vc="0" uspid="1668" ordinal="13" offset="108" sl="100" sc="21" el="100" ec="82" />
                <SequencePoint vc="0" uspid="1669" ordinal="14" offset="131" sl="101" sc="17" el="101" ec="18" />
                <SequencePoint vc="0" uspid="1670" ordinal="15" offset="132" sl="103" sc="17" el="103" ec="64" />
                <SequencePoint vc="0" uspid="1671" ordinal="16" offset="151" sl="104" sc="13" el="104" ec="14" />
                <SequencePoint vc="0" uspid="1672" ordinal="17" offset="152" sl="106" sc="13" el="106" ec="25" />
                <SequencePoint vc="0" uspid="1673" ordinal="18" offset="156" sl="107" sc="9" el="107" ec="10" />
              </SequencePoints>
              <BranchPoints>
                <BranchPoint vc="0" uspid="1674" ordinal="0" offset="30" path="0" />
                <BranchPoint vc="0" uspid="1675" ordinal="1" offset="30" path="1" />
                <BranchPoint vc="0" uspid="1676" ordinal="2" offset="62" path="0" />
                <BranchPoint vc="0" uspid="1677" ordinal="3" offset="62" path="1" />
                <BranchPoint vc="0" uspid="1678" ordinal="4" offset="79" path="0" />
                <BranchPoint vc="0" uspid="1679" ordinal="5" offset="79" path="1" />
              </BranchPoints>
              <MethodPoint xsi:type="SequencePoint" vc="0" uspid="1655" ordinal="0" offset="0" sl="88" sc="99" el="88" ec="100" />
            </Method>
            <Method visited="false" cyclomaticComplexity="5" sequenceCoverage="0" branchCoverage="0" isConstructor="false" isStatic="false" isGetter="false" isSetter="false">
              <Summary numSequencePoints="25" visitedSequencePoints="0" numBranchPoints="9" visitedBranchPoints="0" sequenceCoverage="0" branchCoverage="0" maxCyclomaticComplexity="5" minCyclomaticComplexity="5" />
              <MetadataToken>100663540</MetadataToken>
              <Name>System.Boolean CombinifyWpf.ViewModels.BindableBase::ChangeProperty(T,U,System.Linq.Expressions.Expression`1&lt;System.Func`2&lt;U,T&gt;&gt;,System.Linq.Expressions.Expression`1&lt;System.Func`1&lt;T&gt;&gt;)</Name>
              <FileRef uid="29" />
              <SequencePoints>
                <SequencePoint vc="0" uspid="1680" ordinal="0" offset="0" sl="112" sc="128" el="112" ec="129" />
                <SequencePoint vc="0" uspid="1681" ordinal="1" offset="1" sl="113" sc="13" el="113" ec="33" />
                <SequencePoint vc="0" uspid="1682" ordinal="2" offset="19" sl="113" sc="34" el="113" ec="35" />
                <SequencePoint vc="0" uspid="1683" ordinal="3" offset="20" sl="114" sc="17" el="114" ec="30" />
                <SequencePoint vc="0" uspid="1684" ordinal="4" offset="28" sl="117" sc="13" el="117" ec="83" />
                <SequencePoint vc="0" uspid="1685" ordinal="5" offset="50" sl="118" sc="13" el="118" ec="36" />
                <SequencePoint vc="0" uspid="1686" ordinal="6" offset="57" sl="119" sc="13" el="119" ec="55" />
                <SequencePoint vc="0" uspid="1687" ordinal="7" offset="71" sl="121" sc="13" el="121" ec="41" />
                <SequencePoint vc="0" uspid="1688" ordinal="8" offset="94" sl="121" sc="42" el="121" ec="43" />
                <SequencePoint vc="0" uspid="1689" ordinal="9" offset="95" sl="122" sc="17" el="122" ec="30" />
                <SequencePoint vc="0" uspid="1690" ordinal="10" offset="103" sl="125" sc="13" el="125" ec="80" />
                <SequencePoint vc="0" uspid="1691" ordinal="11" offset="138" sl="127" sc="13" el="127" ec="58" />
                <SequencePoint vc="0" uspid="1692" ordinal="12" offset="151" sl="128" sc="13" el="128" ec="31" />
                <SequencePoint vc="0" uspid="1693" ordinal="13" offset="161" sl="128" sc="32" el="128" ec="33" />
                <SequencePoint vc="0" uspid="1694" ordinal="14" offset="162" sl="129" sc="17" el="129" ec="52" />
                <SequencePoint vc="0" uspid="1695" ordinal="15" offset="180" sl="129" sc="53" el="129" ec="54" />
                <SequencePoint vc="0" uspid="1696" ordinal="16" offset="181" sl="130" sc="21" el="130" ec="102" />
                <SequencePoint vc="0" uspid="1697" ordinal="17" offset="203" sl="131" sc="17" el="131" ec="18" />
                <SequencePoint vc="0" uspid="1698" ordinal="18" offset="206" sl="132" sc="22" el="132" ec="23" />
                <SequencePoint vc="0" uspid="1699" ordinal="19" offset="207" sl="133" sc="21" el="133" ec="82" />
                <SequencePoint vc="0" uspid="1700" ordinal="20" offset="230" sl="134" sc="17" el="134" ec="18" />
                <SequencePoint vc="0" uspid="1701" ordinal="21" offset="231" sl="136" sc="17" el="136" ec="64" />
                <SequencePoint vc="0" uspid="1702" ordinal="22" offset="250" sl="137" sc="13" el="137" ec="14" />
                <SequencePoint vc="0" uspid="1703" ordinal="23" offset="251" sl="139" sc="13" el="139" ec="25" />
                <SequencePoint vc="0" uspid="1704" ordinal="24" offset="256" sl="140" sc="9" el="140" ec="10" />
              </SequencePoints>
              <BranchPoints>
                <BranchPoint vc="0" uspid="1705" ordinal="0" offset="17" path="0" />
                <BranchPoint vc="0" uspid="1706" ordinal="1" offset="17" path="1" />
                <BranchPoint vc="0" uspid="1707" ordinal="2" offset="92" path="0" />
                <BranchPoint vc="0" uspid="1708" ordinal="3" offset="92" path="1" />
                <BranchPoint vc="0" uspid="1709" ordinal="4" offset="159" path="0" />
                <BranchPoint vc="0" uspid="1710" ordinal="5" offset="159" path="1" />
                <BranchPoint vc="0" uspid="1711" ordinal="6" offset="178" path="0" />
                <BranchPoint vc="0" uspid="1712" ordinal="7" offset="178" path="1" />
              </BranchPoints>
              <MethodPoint xsi:type="SequencePoint" vc="0" uspid="1680" ordinal="0" offset="0" sl="112" sc="128" el="112" ec="129" />
            </Method>
            <Method visited="false" cyclomaticComplexity="1" sequenceCoverage="0" branchCoverage="0" isConstructor="false" isStatic="true" isGetter="false" isSetter="false">
              <Summary numSequencePoints="1" visitedSequencePoints="0" numBranchPoints="1" visitedBranchPoints="0" sequenceCoverage="0" branchCoverage="0" maxCyclomaticComplexity="1" minCyclomaticComplexity="1" />
              <MetadataToken>100663541</MetadataToken>
              <Name>System.Void CombinifyWpf.ViewModels.BindableBase::&lt;.ctor&gt;b__0(System.Object,System.ComponentModel.PropertyChangedEventArgs)</Name>
              <FileRef uid="29" />
              <SequencePoints>
                <SequencePoint vc="0" uspid="1713" ordinal="0" offset="0" sl="48" sc="77" el="48" ec="78" />
              </SequencePoints>
              <BranchPoints />
              <MethodPoint xsi:type="SequencePoint" vc="0" uspid="1713" ordinal="0" offset="0" sl="48" sc="77" el="48" ec="78" />
            </Method>
          </Methods>
        </Class>
        <Class>
          <Summary numSequencePoints="565" visitedSequencePoints="0" numBranchPoints="216" visitedBranchPoints="0" sequenceCoverage="0" branchCoverage="0" maxCyclomaticComplexity="7" minCyclomaticComplexity="1" />
          <FullName>CombinifyWpf.Utils.FtpConnection</FullName>
          <Methods>
            <Method visited="false" cyclomaticComplexity="3" sequenceCoverage="0" branchCoverage="0" isConstructor="false" isStatic="false" isGetter="true" isSetter="false">
              <Summary numSequencePoints="3" visitedSequencePoints="0" numBranchPoints="3" visitedBranchPoints="0" sequenceCoverage="0" branchCoverage="0" maxCyclomaticComplexity="3" minCyclomaticComplexity="3" />
              <MetadataToken>100663546</MetadataToken>
              <Name>System.String CombinifyWpf.Utils.FtpConnection::get_Host()</Name>
              <FileRef uid="30" />
              <SequencePoints>
                <SequencePoint vc="0" uspid="1714" ordinal="0" offset="0" sl="123" sc="17" el="123" ec="18" />
                <SequencePoint vc="0" uspid="1715" ordinal="1" offset="1" sl="123" sc="19" el="123" ec="81" />
                <SequencePoint vc="0" uspid="1716" ordinal="2" offset="45" sl="123" sc="82" el="123" ec="83" />
              </SequencePoints>
              <BranchPoints>
                <BranchPoint vc="0" uspid="1717" ordinal="0" offset="23" path="0" />
                <BranchPoint vc="0" uspid="1718" ordinal="1" offset="23" path="1" />
              </BranchPoints>
              <MethodPoint xsi:type="SequencePoint" vc="0" uspid="1714" ordinal="0" offset="0" sl="123" sc="17" el="123" ec="18" />
            </Method>
            <Method visited="false" cyclomaticComplexity="1" sequenceCoverage="0" branchCoverage="0" isConstructor="false" isStatic="false" isGetter="false" isSetter="true">
              <Summary numSequencePoints="3" visitedSequencePoints="0" numBranchPoints="1" visitedBranchPoints="0" sequenceCoverage="0" branchCoverage="0" maxCyclomaticComplexity="1" minCyclomaticComplexity="1" />
              <MetadataToken>100663547</MetadataToken>
              <Name>System.Void CombinifyWpf.Utils.FtpConnection::set_Host(System.String)</Name>
              <FileRef uid="30" />
              <SequencePoints>
                <SequencePoint vc="0" uspid="1719" ordinal="0" offset="0" sl="124" sc="17" el="124" ec="18" />
                <SequencePoint vc="0" uspid="1720" ordinal="1" offset="1" sl="124" sc="19" el="124" ec="38" />
                <SequencePoint vc="0" uspid="1721" ordinal="2" offset="8" sl="124" sc="39" el="124" ec="40" />
              </SequencePoints>
              <BranchPoints />
              <MethodPoint xsi:type="SequencePoint" vc="0" uspid="1719" ordinal="0" offset="0" sl="124" sc="17" el="124" ec="18" />
            </Method>
            <Method visited="false" cyclomaticComplexity="1" sequenceCoverage="0" branchCoverage="0" isConstructor="false" isStatic="false" isGetter="true" isSetter="false">
              <Summary numSequencePoints="0" visitedSequencePoints="0" numBranchPoints="0" visitedBranchPoints="0" sequenceCoverage="0" branchCoverage="0" maxCyclomaticComplexity="1" minCyclomaticComplexity="1" />
              <MetadataToken>100663548</MetadataToken>
              <Name>System.Int32 CombinifyWpf.Utils.FtpConnection::get_Port()</Name>
              <SequencePoints />
              <BranchPoints />
              <MethodPoint vc="0" uspid="1722" ordinal="0" offset="0" />
            </Method>
            <Method visited="false" cyclomaticComplexity="1" sequenceCoverage="0" branchCoverage="0" isConstructor="false" isStatic="false" isGetter="false" isSetter="true">
              <Summary numSequencePoints="0" visitedSequencePoints="0" numBranchPoints="0" visitedBranchPoints="0" sequenceCoverage="0" branchCoverage="0" maxCyclomaticComplexity="1" minCyclomaticComplexity="1" />
              <MetadataToken>100663549</MetadataToken>
              <Name>System.Void CombinifyWpf.Utils.FtpConnection::set_Port(System.Int32)</Name>
              <SequencePoints />
              <BranchPoints />
              <MethodPoint vc="0" uspid="1723" ordinal="0" offset="0" />
            </Method>
            <Method visited="false" cyclomaticComplexity="1" sequenceCoverage="0" branchCoverage="0" isConstructor="false" isStatic="false" isGetter="true" isSetter="false">
              <Summary numSequencePoints="0" visitedSequencePoints="0" numBranchPoints="0" visitedBranchPoints="0" sequenceCoverage="0" branchCoverage="0" maxCyclomaticComplexity="1" minCyclomaticComplexity="1" />
              <MetadataToken>100663550</MetadataToken>
              <Name>System.String CombinifyWpf.Utils.FtpConnection::get_Username()</Name>
              <SequencePoints />
              <BranchPoints />
              <MethodPoint vc="0" uspid="1724" ordinal="0" offset="0" />
            </Method>
            <Method visited="false" cyclomaticComplexity="1" sequenceCoverage="0" branchCoverage="0" isConstructor="false" isStatic="false" isGetter="false" isSetter="true">
              <Summary numSequencePoints="0" visitedSequencePoints="0" numBranchPoints="0" visitedBranchPoints="0" sequenceCoverage="0" branchCoverage="0" maxCyclomaticComplexity="1" minCyclomaticComplexity="1" />
              <MetadataToken>100663551</MetadataToken>
              <Name>System.Void CombinifyWpf.Utils.FtpConnection::set_Username(System.String)</Name>
              <SequencePoints />
              <BranchPoints />
              <MethodPoint vc="0" uspid="1725" ordinal="0" offset="0" />
            </Method>
            <Method visited="false" cyclomaticComplexity="1" sequenceCoverage="0" branchCoverage="0" isConstructor="false" isStatic="false" isGetter="true" isSetter="false">
              <Summary numSequencePoints="0" visitedSequencePoints="0" numBranchPoints="0" visitedBranchPoints="0" sequenceCoverage="0" branchCoverage="0" maxCyclomaticComplexity="1" minCyclomaticComplexity="1" />
              <MetadataToken>100663552</MetadataToken>
              <Name>System.String CombinifyWpf.Utils.FtpConnection::get_Password()</Name>
              <SequencePoints />
              <BranchPoints />
              <MethodPoint vc="0" uspid="1726" ordinal="0" offset="0" />
            </Method>
            <Method visited="false" cyclomaticComplexity="1" sequenceCoverage="0" branchCoverage="0" isConstructor="false" isStatic="false" isGetter="false" isSetter="true">
              <Summary numSequencePoints="0" visitedSequencePoints="0" numBranchPoints="0" visitedBranchPoints="0" sequenceCoverage="0" branchCoverage="0" maxCyclomaticComplexity="1" minCyclomaticComplexity="1" />
              <MetadataToken>100663553</MetadataToken>
              <Name>System.Void CombinifyWpf.Utils.FtpConnection::set_Password(System.String)</Name>
              <SequencePoints />
              <BranchPoints />
              <MethodPoint vc="0" uspid="1727" ordinal="0" offset="0" />
            </Method>
            <Method visited="false" cyclomaticComplexity="1" sequenceCoverage="0" branchCoverage="0" isConstructor="false" isStatic="false" isGetter="true" isSetter="false">
              <Summary numSequencePoints="0" visitedSequencePoints="0" numBranchPoints="0" visitedBranchPoints="0" sequenceCoverage="0" branchCoverage="0" maxCyclomaticComplexity="1" minCyclomaticComplexity="1" />
              <MetadataToken>100663554</MetadataToken>
              <Name>System.Boolean CombinifyWpf.Utils.FtpConnection::get_IsSsl()</Name>
              <SequencePoints />
              <BranchPoints />
              <MethodPoint vc="0" uspid="1728" ordinal="0" offset="0" />
            </Method>
            <Method visited="false" cyclomaticComplexity="1" sequenceCoverage="0" branchCoverage="0" isConstructor="false" isStatic="false" isGetter="false" isSetter="true">
              <Summary numSequencePoints="0" visitedSequencePoints="0" numBranchPoints="0" visitedBranchPoints="0" sequenceCoverage="0" branchCoverage="0" maxCyclomaticComplexity="1" minCyclomaticComplexity="1" />
              <MetadataToken>100663555</MetadataToken>
              <Name>System.Void CombinifyWpf.Utils.FtpConnection::set_IsSsl(System.Boolean)</Name>
              <SequencePoints />
              <BranchPoints />
              <MethodPoint vc="0" uspid="1729" ordinal="0" offset="0" />
            </Method>
            <Method visited="false" cyclomaticComplexity="1" sequenceCoverage="0" branchCoverage="0" isConstructor="true" isStatic="false" isGetter="false" isSetter="false">
              <Summary numSequencePoints="3" visitedSequencePoints="0" numBranchPoints="1" visitedBranchPoints="0" sequenceCoverage="0" branchCoverage="0" maxCyclomaticComplexity="1" minCyclomaticComplexity="1" />
              <MetadataToken>100663542</MetadataToken>
              <Name>System.Void CombinifyWpf.Utils.FtpConnection::.ctor(System.String)</Name>
              <FileRef uid="30" />
              <SequencePoints>
                <SequencePoint vc="0" uspid="1730" ordinal="0" offset="0" sl="73" sc="9" el="74" ec="76" />
                <SequencePoint vc="0" uspid="1731" ordinal="1" offset="21" sl="74" sc="77" el="74" ec="78" />
                <SequencePoint vc="0" uspid="1732" ordinal="2" offset="22" sl="74" sc="79" el="74" ec="80" />
              </SequencePoints>
              <BranchPoints />
              <MethodPoint xsi:type="SequencePoint" vc="0" uspid="1730" ordinal="0" offset="0" sl="73" sc="9" el="74" ec="76" />
            </Method>
            <Method visited="false" cyclomaticComplexity="1" sequenceCoverage="0" branchCoverage="0" isConstructor="true" isStatic="false" isGetter="false" isSetter="false">
              <Summary numSequencePoints="3" visitedSequencePoints="0" numBranchPoints="1" visitedBranchPoints="0" sequenceCoverage="0" branchCoverage="0" maxCyclomaticComplexity="1" minCyclomaticComplexity="1" />
              <MetadataToken>100663543</MetadataToken>
              <Name>System.Void CombinifyWpf.Utils.FtpConnection::.ctor(System.String,System.Int32)</Name>
              <FileRef uid="30" />
              <SequencePoints>
                <SequencePoint vc="0" uspid="1733" ordinal="0" offset="0" sl="81" sc="9" el="82" ec="68" />
                <SequencePoint vc="0" uspid="1734" ordinal="1" offset="20" sl="82" sc="69" el="82" ec="70" />
                <SequencePoint vc="0" uspid="1735" ordinal="2" offset="21" sl="82" sc="71" el="82" ec="72" />
              </SequencePoints>
              <BranchPoints />
              <MethodPoint xsi:type="SequencePoint" vc="0" uspid="1733" ordinal="0" offset="0" sl="81" sc="9" el="82" ec="68" />
            </Method>
            <Method visited="false" cyclomaticComplexity="1" sequenceCoverage="0" branchCoverage="0" isConstructor="true" isStatic="false" isGetter="false" isSetter="false">
              <Summary numSequencePoints="3" visitedSequencePoints="0" numBranchPoints="1" visitedBranchPoints="0" sequenceCoverage="0" branchCoverage="0" maxCyclomaticComplexity="1" minCyclomaticComplexity="1" />
              <MetadataToken>100663544</MetadataToken>
              <Name>System.Void CombinifyWpf.Utils.FtpConnection::.ctor(System.String,System.Int32,System.String,System.String)</Name>
              <FileRef uid="30" />
              <SequencePoints>
                <SequencePoint vc="0" uspid="1736" ordinal="0" offset="0" sl="91" sc="9" el="92" ec="60" />
                <SequencePoint vc="0" uspid="1737" ordinal="1" offset="13" sl="92" sc="61" el="92" ec="62" />
                <SequencePoint vc="0" uspid="1738" ordinal="2" offset="14" sl="92" sc="63" el="92" ec="64" />
              </SequencePoints>
              <BranchPoints />
              <MethodPoint xsi:type="SequencePoint" vc="0" uspid="1736" ordinal="0" offset="0" sl="91" sc="9" el="92" ec="60" />
            </Method>
            <Method visited="false" cyclomaticComplexity="2" sequenceCoverage="0" branchCoverage="0" isConstructor="true" isStatic="false" isGetter="false" isSetter="false">
              <Summary numSequencePoints="19" visitedSequencePoints="0" numBranchPoints="3" visitedBranchPoints="0" sequenceCoverage="0" branchCoverage="0" maxCyclomaticComplexity="2" minCyclomaticComplexity="2" />
              <MetadataToken>100663545</MetadataToken>
              <Name>System.Void CombinifyWpf.Utils.FtpConnection::.ctor(System.String,System.Int32,System.String,System.String,System.Boolean)</Name>
              <FileRef uid="30" />
              <SequencePoints>
                <SequencePoint vc="0" uspid="1739" ordinal="0" offset="0" sl="53" sc="9" el="53" ec="47" />
                <SequencePoint vc="0" uspid="1740" ordinal="1" offset="7" sl="54" sc="9" el="54" ec="49" />
                <SequencePoint vc="0" uspid="1741" ordinal="2" offset="14" sl="55" sc="9" el="55" ec="39" />
                <SequencePoint vc="0" uspid="1742" ordinal="3" offset="21" sl="56" sc="9" el="56" ec="40" />
                <SequencePoint vc="0" uspid="1743" ordinal="4" offset="32" sl="59" sc="9" el="62" ec="11" />
                <SequencePoint vc="0" uspid="1744" ordinal="5" offset="62" sl="102" sc="9" el="102" ec="100" />
                <SequencePoint vc="0" uspid="1745" ordinal="6" offset="69" sl="102" sc="101" el="102" ec="102" />
                <SequencePoint vc="0" uspid="1746" ordinal="7" offset="70" sl="103" sc="13" el="103" ec="52" />
                <SequencePoint vc="0" uspid="1747" ordinal="8" offset="83" sl="103" sc="53" el="103" ec="54" />
                <SequencePoint vc="0" uspid="1748" ordinal="9" offset="84" sl="104" sc="17" el="104" ec="94" />
                <SequencePoint vc="0" uspid="1749" ordinal="10" offset="100" sl="107" sc="13" el="107" ec="36" />
                <SequencePoint vc="0" uspid="1750" ordinal="11" offset="107" sl="108" sc="13" el="108" ec="25" />
                <SequencePoint vc="0" uspid="1751" ordinal="12" offset="115" sl="109" sc="13" el="109" ec="25" />
                <SequencePoint vc="0" uspid="1752" ordinal="13" offset="123" sl="110" sc="13" el="110" ec="33" />
                <SequencePoint vc="0" uspid="1753" ordinal="14" offset="131" sl="111" sc="13" el="111" ec="33" />
                <SequencePoint vc="0" uspid="1754" ordinal="15" offset="140" sl="112" sc="13" el="112" ec="27" />
                <SequencePoint vc="0" uspid="1755" ordinal="16" offset="149" sl="115" sc="13" el="115" ec="136" />
                <SequencePoint vc="0" uspid="1756" ordinal="17" offset="167" sl="116" sc="13" el="116" ec="58" />
                <SequencePoint vc="0" uspid="1757" ordinal="18" offset="174" sl="117" sc="9" el="117" ec="10" />
              </SequencePoints>
              <BranchPoints>
                <BranchPoint vc="0" uspid="1758" ordinal="0" offset="81" path="0" />
                <BranchPoint vc="0" uspid="1759" ordinal="1" offset="81" path="1" />
              </BranchPoints>
              <MethodPoint xsi:type="SequencePoint" vc="0" uspid="1739" ordinal="0" offset="0" sl="53" sc="9" el="53" ec="47" />
            </Method>
            <Method visited="false" cyclomaticComplexity="4" sequenceCoverage="0" branchCoverage="0" isConstructor="false" isStatic="false" isGetter="false" isSetter="false">
              <Summary numSequencePoints="26" visitedSequencePoints="0" numBranchPoints="7" visitedBranchPoints="0" sequenceCoverage="0" branchCoverage="0" maxCyclomaticComplexity="4" minCyclomaticComplexity="4" />
              <MetadataToken>100663556</MetadataToken>
              <Name>System.Boolean CombinifyWpf.Utils.FtpConnection::FtpItemExists(System.String,CombinifyWpf.Utils.FtpItemType)</Name>
              <FileRef uid="30" />
              <SequencePoints>
                <SequencePoint vc="0" uspid="1760" ordinal="0" offset="0" sl="143" sc="78" el="143" ec="79" />
                <SequencePoint vc="0" uspid="1761" ordinal="1" offset="1" sl="146" sc="13" el="146" ec="49" />
                <SequencePoint vc="0" uspid="1762" ordinal="2" offset="19" sl="146" sc="50" el="146" ec="51" />
                <SequencePoint vc="0" uspid="1763" ordinal="3" offset="20" sl="147" sc="17" el="147" ec="29" />
                <SequencePoint vc="0" uspid="1764" ordinal="4" offset="27" sl="150" sc="13" el="150" ec="68" />
                <SequencePoint vc="0" uspid="1765" ordinal="5" offset="51" sl="152" sc="13" el="152" ec="43" />
                <SequencePoint vc="0" uspid="1766" ordinal="6" offset="62" sl="152" sc="44" el="152" ec="45" />
                <SequencePoint vc="0" uspid="1767" ordinal="7" offset="63" sl="153" sc="17" el="153" ec="74" />
                <SequencePoint vc="0" uspid="1768" ordinal="8" offset="80" sl="154" sc="13" el="154" ec="14" />
                <SequencePoint vc="0" uspid="1769" ordinal="9" offset="83" sl="155" sc="18" el="155" ec="19" />
                <SequencePoint vc="0" uspid="1770" ordinal="10" offset="84" sl="156" sc="17" el="156" ec="76" />
                <SequencePoint vc="0" uspid="1771" ordinal="11" offset="101" sl="157" sc="13" el="157" ec="14" />
                <SequencePoint vc="0" uspid="1772" ordinal="12" offset="102" sl="159" sc="17" el="159" ec="18" />
                <SequencePoint vc="0" uspid="1773" ordinal="13" offset="103" sl="160" sc="17" el="160" ec="80" />
                <SequencePoint vc="0" uspid="1774" ordinal="14" offset="125" sl="161" sc="17" el="161" ec="29" />
                <SequencePoint vc="0" uspid="1775" ordinal="15" offset="129" sl="163" sc="13" el="163" ec="37" />
                <SequencePoint vc="0" uspid="1776" ordinal="16" offset="130" sl="163" sc="38" el="163" ec="39" />
                <SequencePoint vc="0" uspid="1777" ordinal="17" offset="131" sl="164" sc="17" el="164" ec="30" />
                <SequencePoint vc="0" uspid="1778" ordinal="18" offset="135" sl="166" sc="21" el="166" ec="22" />
                <SequencePoint vc="0" uspid="1779" ordinal="19" offset="136" sl="167" sc="17" el="167" ec="45" />
                <SequencePoint vc="0" uspid="1780" ordinal="20" offset="149" sl="167" sc="46" el="167" ec="47" />
                <SequencePoint vc="0" uspid="1781" ordinal="21" offset="150" sl="167" sc="48" el="167" ec="71" />
                <SequencePoint vc="0" uspid="1782" ordinal="22" offset="162" sl="167" sc="72" el="167" ec="73" />
                <SequencePoint vc="0" uspid="1783" ordinal="23" offset="163" sl="168" sc="17" el="168" ec="38" />
                <SequencePoint vc="0" uspid="1784" ordinal="24" offset="170" sl="169" sc="13" el="169" ec="14" />
                <SequencePoint vc="0" uspid="1785" ordinal="25" offset="173" sl="170" sc="9" el="170" ec="10" />
              </SequencePoints>
              <BranchPoints>
                <BranchPoint vc="0" uspid="1786" ordinal="0" offset="17" path="0" />
                <BranchPoint vc="0" uspid="1787" ordinal="1" offset="17" path="1" />
                <BranchPoint vc="0" uspid="1788" ordinal="2" offset="60" path="0" />
                <BranchPoint vc="0" uspid="1789" ordinal="3" offset="60" path="1" />
                <BranchPoint vc="0" uspid="1790" ordinal="4" offset="147" path="0" />
                <BranchPoint vc="0" uspid="1791" ordinal="5" offset="147" path="1" />
              </BranchPoints>
              <MethodPoint xsi:type="SequencePoint" vc="0" uspid="1760" ordinal="0" offset="0" sl="143" sc="78" el="143" ec="79" />
            </Method>
            <Method visited="false" cyclomaticComplexity="3" sequenceCoverage="0" branchCoverage="0" isConstructor="false" isStatic="false" isGetter="false" isSetter="false">
              <Summary numSequencePoints="10" visitedSequencePoints="0" numBranchPoints="5" visitedBranchPoints="0" sequenceCoverage="0" branchCoverage="0" maxCyclomaticComplexity="3" minCyclomaticComplexity="3" />
              <MetadataToken>100663557</MetadataToken>
              <Name>System.Boolean CombinifyWpf.Utils.FtpConnection::FtpItemExists(CombinifyWpf.Utils.FtpItem)</Name>
              <FileRef uid="30" />
              <SequencePoints>
                <SequencePoint vc="0" uspid="1792" ordinal="0" offset="0" sl="177" sc="51" el="177" ec="52" />
                <SequencePoint vc="0" uspid="1793" ordinal="1" offset="1" sl="178" sc="13" el="178" ec="31" />
                <SequencePoint vc="0" uspid="1794" ordinal="2" offset="12" sl="178" sc="32" el="178" ec="33" />
                <SequencePoint vc="0" uspid="1795" ordinal="3" offset="13" sl="179" sc="17" el="179" ec="90" />
                <SequencePoint vc="0" uspid="1796" ordinal="4" offset="29" sl="182" sc="13" el="182" ec="54" />
                <SequencePoint vc="0" uspid="1797" ordinal="5" offset="57" sl="182" sc="55" el="182" ec="56" />
                <SequencePoint vc="0" uspid="1798" ordinal="6" offset="58" sl="183" sc="17" el="183" ec="81" />
                <SequencePoint vc="0" uspid="1799" ordinal="7" offset="85" sl="185" sc="18" el="185" ec="19" />
                <SequencePoint vc="0" uspid="1800" ordinal="8" offset="86" sl="186" sc="17" el="186" ec="83" />
                <SequencePoint vc="0" uspid="1801" ordinal="9" offset="113" sl="188" sc="9" el="188" ec="10" />
              </SequencePoints>
              <BranchPoints>
                <BranchPoint vc="0" uspid="1802" ordinal="0" offset="10" path="0" />
                <BranchPoint vc="0" uspid="1803" ordinal="1" offset="10" path="1" />
                <BranchPoint vc="0" uspid="1804" ordinal="2" offset="55" path="0" />
                <BranchPoint vc="0" uspid="1805" ordinal="3" offset="55" path="1" />
              </BranchPoints>
              <MethodPoint xsi:type="SequencePoint" vc="0" uspid="1792" ordinal="0" offset="0" sl="177" sc="51" el="177" ec="52" />
            </Method>
            <Method visited="false" cyclomaticComplexity="6" sequenceCoverage="0" branchCoverage="0" isConstructor="false" isStatic="false" isGetter="false" isSetter="false">
              <Summary numSequencePoints="37" visitedSequencePoints="0" numBranchPoints="11" visitedBranchPoints="0" sequenceCoverage="0" branchCoverage="0" maxCyclomaticComplexity="6" minCyclomaticComplexity="6" />
              <MetadataToken>100663558</MetadataToken>
              <Name>System.Void CombinifyWpf.Utils.FtpConnection::DownloadFile(System.String,System.String)</Name>
              <FileRef uid="30" />
              <SequencePoints>
                <SequencePoint vc="0" uspid="1806" ordinal="0" offset="0" sl="195" sc="77" el="195" ec="78" />
                <SequencePoint vc="0" uspid="1807" ordinal="1" offset="1" sl="196" sc="13" el="196" ec="65" />
                <SequencePoint vc="0" uspid="1808" ordinal="2" offset="15" sl="196" sc="66" el="196" ec="67" />
                <SequencePoint vc="0" uspid="1809" ordinal="3" offset="16" sl="197" sc="17" el="197" ec="97" />
                <SequencePoint vc="0" uspid="1810" ordinal="4" offset="39" sl="200" sc="13" el="200" ec="87" />
                <SequencePoint vc="0" uspid="1811" ordinal="5" offset="47" sl="201" sc="13" el="201" ec="64" />
                <SequencePoint vc="0" uspid="1812" ordinal="6" offset="71" sl="202" sc="13" el="202" ec="71" />
                <SequencePoint vc="0" uspid="1813" ordinal="7" offset="88" sl="203" sc="13" el="203" ec="62" />
                <SequencePoint vc="0" uspid="1814" ordinal="8" offset="100" sl="205" sc="17" el="205" ec="18" />
                <SequencePoint vc="0" uspid="1815" ordinal="9" offset="101" sl="206" sc="17" el="206" ec="80" />
                <SequencePoint vc="0" uspid="1816" ordinal="10" offset="123" sl="207" sc="17" el="207" ec="67" />
                <SequencePoint vc="0" uspid="1817" ordinal="11" offset="140" sl="208" sc="17" el="208" ec="86" />
                <SequencePoint vc="0" uspid="1818" ordinal="12" offset="162" sl="209" sc="40" el="209" ec="41" />
                <SequencePoint vc="0" uspid="1819" ordinal="13" offset="163" sl="210" sc="21" el="210" ec="67" />
                <SequencePoint vc="0" uspid="1820" ordinal="14" offset="173" sl="211" sc="21" el="211" ec="86" />
                <SequencePoint vc="0" uspid="1821" ordinal="15" offset="193" sl="212" sc="17" el="212" ec="18" />
                <SequencePoint vc="0" uspid="1822" ordinal="16" offset="194" sl="209" sc="17" el="209" ec="39" />
                <SequencePoint vc="0" uspid="1823" ordinal="17" offset="204" sl="213" sc="13" el="213" ec="14" />
                <SequencePoint vc="0" uspid="1824" ordinal="18" offset="207" sl="214" sc="13" el="214" ec="33" />
                <SequencePoint vc="0" uspid="1825" ordinal="19" offset="208" sl="214" sc="34" el="214" ec="35" />
                <SequencePoint vc="0" uspid="1826" ordinal="20" offset="209" sl="215" sc="17" el="215" ec="23" />
                <SequencePoint vc="0" uspid="1827" ordinal="21" offset="214" sl="217" sc="21" el="217" ec="22" />
                <SequencePoint vc="0" uspid="1828" ordinal="22" offset="215" sl="218" sc="17" el="218" ec="42" />
                <SequencePoint vc="0" uspid="1829" ordinal="23" offset="225" sl="218" sc="43" el="218" ec="44" />
                <SequencePoint vc="0" uspid="1830" ordinal="24" offset="226" sl="218" sc="45" el="218" ec="65" />
                <SequencePoint vc="0" uspid="1831" ordinal="25" offset="233" sl="218" sc="66" el="218" ec="67" />
                <SequencePoint vc="0" uspid="1832" ordinal="26" offset="234" sl="219" sc="17" el="219" ec="43" />
                <SequencePoint vc="0" uspid="1833" ordinal="27" offset="249" sl="219" sc="44" el="219" ec="45" />
                <SequencePoint vc="0" uspid="1834" ordinal="28" offset="250" sl="219" sc="46" el="219" ec="67" />
                <SequencePoint vc="0" uspid="1835" ordinal="29" offset="262" sl="219" sc="68" el="219" ec="69" />
                <SequencePoint vc="0" uspid="1836" ordinal="30" offset="263" sl="220" sc="17" el="220" ec="45" />
                <SequencePoint vc="0" uspid="1837" ordinal="31" offset="278" sl="220" sc="46" el="220" ec="47" />
                <SequencePoint vc="0" uspid="1838" ordinal="32" offset="279" sl="220" sc="48" el="220" ec="71" />
                <SequencePoint vc="0" uspid="1839" ordinal="33" offset="291" sl="220" sc="72" el="220" ec="73" />
                <SequencePoint vc="0" uspid="1840" ordinal="34" offset="292" sl="221" sc="17" el="221" ec="38" />
                <SequencePoint vc="0" uspid="1841" ordinal="35" offset="299" sl="222" sc="13" el="222" ec="14" />
                <SequencePoint vc="0" uspid="1842" ordinal="36" offset="302" sl="223" sc="9" el="223" ec="10" />
              </SequencePoints>
              <BranchPoints>
                <BranchPoint vc="0" uspid="1843" ordinal="0" offset="13" path="0" />
                <BranchPoint vc="0" uspid="1844" ordinal="1" offset="13" path="1" />
                <BranchPoint vc="0" uspid="1845" ordinal="2" offset="202" path="0" />
                <BranchPoint vc="0" uspid="1846" ordinal="3" offset="202" path="1" />
                <BranchPoint vc="0" uspid="1847" ordinal="4" offset="223" path="0" />
                <BranchPoint vc="0" uspid="1848" ordinal="5" offset="223" path="1" />
                <BranchPoint vc="0" uspid="1849" ordinal="6" offset="247" path="0" />
                <BranchPoint vc="0" uspid="1850" ordinal="7" offset="247" path="1" />
                <BranchPoint vc="0" uspid="1851" ordinal="8" offset="276" path="0" />
                <BranchPoint vc="0" uspid="1852" ordinal="9" offset="276" path="1" />
              </BranchPoints>
              <MethodPoint xsi:type="SequencePoint" vc="0" uspid="1806" ordinal="0" offset="0" sl="195" sc="77" el="195" ec="78" />
            </Method>
            <Method visited="false" cyclomaticComplexity="3" sequenceCoverage="0" branchCoverage="0" isConstructor="false" isStatic="false" isGetter="false" isSetter="false">
              <Summary numSequencePoints="9" visitedSequencePoints="0" numBranchPoints="5" visitedBranchPoints="0" sequenceCoverage="0" branchCoverage="0" maxCyclomaticComplexity="3" minCyclomaticComplexity="3" />
              <MetadataToken>100663559</MetadataToken>
              <Name>System.Void CombinifyWpf.Utils.FtpConnection::DownloadFile(CombinifyWpf.Utils.FtpFile,System.String)</Name>
              <FileRef uid="30" />
              <SequencePoints>
                <SequencePoint vc="0" uspid="1853" ordinal="0" offset="0" sl="230" sc="72" el="230" ec="73" />
                <SequencePoint vc="0" uspid="1854" ordinal="1" offset="1" sl="231" sc="13" el="231" ec="31" />
                <SequencePoint vc="0" uspid="1855" ordinal="2" offset="12" sl="231" sc="32" el="231" ec="33" />
                <SequencePoint vc="0" uspid="1856" ordinal="3" offset="13" sl="232" sc="17" el="232" ec="90" />
                <SequencePoint vc="0" uspid="1857" ordinal="4" offset="29" sl="235" sc="13" el="235" ec="57" />
                <SequencePoint vc="0" uspid="1858" ordinal="5" offset="47" sl="235" sc="58" el="235" ec="59" />
                <SequencePoint vc="0" uspid="1859" ordinal="6" offset="48" sl="236" sc="17" el="236" ec="96" />
                <SequencePoint vc="0" uspid="1860" ordinal="7" offset="59" sl="239" sc="13" el="239" ec="66" />
                <SequencePoint vc="0" uspid="1861" ordinal="8" offset="84" sl="240" sc="9" el="240" ec="10" />
              </SequencePoints>
              <BranchPoints>
                <BranchPoint vc="0" uspid="1862" ordinal="0" offset="10" path="0" />
                <BranchPoint vc="0" uspid="1863" ordinal="1" offset="10" path="1" />
                <BranchPoint vc="0" uspid="1864" ordinal="2" offset="45" path="0" />
                <BranchPoint vc="0" uspid="1865" ordinal="3" offset="45" path="1" />
              </BranchPoints>
              <MethodPoint xsi:type="SequencePoint" vc="0" uspid="1853" ordinal="0" offset="0" sl="230" sc="72" el="230" ec="73" />
            </Method>
            <Method visited="false" cyclomaticComplexity="5" sequenceCoverage="0" branchCoverage="0" isConstructor="false" isStatic="false" isGetter="false" isSetter="false">
              <Summary numSequencePoints="32" visitedSequencePoints="0" numBranchPoints="9" visitedBranchPoints="0" sequenceCoverage="0" branchCoverage="0" maxCyclomaticComplexity="5" minCyclomaticComplexity="5" />
              <MetadataToken>100663560</MetadataToken>
              <Name>System.Void CombinifyWpf.Utils.FtpConnection::UploadFile(System.String,System.String)</Name>
              <FileRef uid="30" />
              <SequencePoints>
                <SequencePoint vc="0" uspid="1866" ordinal="0" offset="0" sl="247" sc="75" el="247" ec="76" />
                <SequencePoint vc="0" uspid="1867" ordinal="1" offset="1" sl="248" sc="13" el="248" ec="48" />
                <SequencePoint vc="0" uspid="1868" ordinal="2" offset="13" sl="248" sc="49" el="248" ec="50" />
                <SequencePoint vc="0" uspid="1869" ordinal="3" offset="14" sl="249" sc="17" el="249" ec="93" />
                <SequencePoint vc="0" uspid="1870" ordinal="4" offset="26" sl="252" sc="13" el="252" ec="64" />
                <SequencePoint vc="0" uspid="1871" ordinal="5" offset="50" sl="253" sc="13" el="253" ec="69" />
                <SequencePoint vc="0" uspid="1872" ordinal="6" offset="67" sl="254" sc="13" el="254" ec="85" />
                <SequencePoint vc="0" uspid="1873" ordinal="7" offset="75" sl="255" sc="13" el="255" ec="62" />
                <SequencePoint vc="0" uspid="1874" ordinal="8" offset="87" sl="257" sc="17" el="257" ec="18" />
                <SequencePoint vc="0" uspid="1875" ordinal="9" offset="88" sl="258" sc="17" el="258" ec="65" />
                <SequencePoint vc="0" uspid="1876" ordinal="10" offset="105" sl="259" sc="17" el="259" ec="85" />
                <SequencePoint vc="0" uspid="1877" ordinal="11" offset="122" sl="260" sc="41" el="260" ec="42" />
                <SequencePoint vc="0" uspid="1878" ordinal="12" offset="123" sl="261" sc="21" el="261" ec="68" />
                <SequencePoint vc="0" uspid="1879" ordinal="13" offset="138" sl="262" sc="21" el="262" ec="85" />
                <SequencePoint vc="0" uspid="1880" ordinal="14" offset="153" sl="263" sc="17" el="263" ec="18" />
                <SequencePoint vc="0" uspid="1881" ordinal="15" offset="154" sl="260" sc="17" el="260" ec="40" />
                <SequencePoint vc="0" uspid="1882" ordinal="16" offset="167" sl="264" sc="13" el="264" ec="14" />
                <SequencePoint vc="0" uspid="1883" ordinal="17" offset="170" sl="265" sc="13" el="265" ec="33" />
                <SequencePoint vc="0" uspid="1884" ordinal="18" offset="171" sl="265" sc="34" el="265" ec="35" />
                <SequencePoint vc="0" uspid="1885" ordinal="19" offset="172" sl="266" sc="17" el="266" ec="23" />
                <SequencePoint vc="0" uspid="1886" ordinal="20" offset="177" sl="268" sc="21" el="268" ec="22" />
                <SequencePoint vc="0" uspid="1887" ordinal="21" offset="178" sl="269" sc="17" el="269" ec="38" />
                <SequencePoint vc="0" uspid="1888" ordinal="22" offset="185" sl="270" sc="17" el="270" ec="43" />
                <SequencePoint vc="0" uspid="1889" ordinal="23" offset="200" sl="270" sc="44" el="270" ec="45" />
                <SequencePoint vc="0" uspid="1890" ordinal="24" offset="201" sl="270" sc="46" el="270" ec="67" />
                <SequencePoint vc="0" uspid="1891" ordinal="25" offset="213" sl="270" sc="68" el="270" ec="69" />
                <SequencePoint vc="0" uspid="1892" ordinal="26" offset="214" sl="271" sc="17" el="271" ec="42" />
                <SequencePoint vc="0" uspid="1893" ordinal="27" offset="224" sl="271" sc="43" el="271" ec="44" />
                <SequencePoint vc="0" uspid="1894" ordinal="28" offset="225" sl="271" sc="45" el="271" ec="65" />
                <SequencePoint vc="0" uspid="1895" ordinal="29" offset="232" sl="271" sc="66" el="271" ec="67" />
                <SequencePoint vc="0" uspid="1896" ordinal="30" offset="233" sl="272" sc="13" el="272" ec="14" />
                <SequencePoint vc="0" uspid="1897" ordinal="31" offset="236" sl="273" sc="9" el="273" ec="10" />
              </SequencePoints>
              <BranchPoints>
                <BranchPoint vc="0" uspid="1898" ordinal="0" offset="11" path="0" />
                <BranchPoint vc="0" uspid="1899" ordinal="1" offset="11" path="1" />
                <BranchPoint vc="0" uspid="1900" ordinal="2" offset="165" path="0" />
                <BranchPoint vc="0" uspid="1901" ordinal="3" offset="165" path="1" />
                <BranchPoint vc="0" uspid="1902" ordinal="4" offset="198" path="0" />
                <BranchPoint vc="0" uspid="1903" ordinal="5" offset="198" path="1" />
                <BranchPoint vc="0" uspid="1904" ordinal="6" offset="222" path="0" />
                <BranchPoint vc="0" uspid="1905" ordinal="7" offset="222" path="1" />
              </BranchPoints>
              <MethodPoint xsi:type="SequencePoint" vc="0" uspid="1866" ordinal="0" offset="0" sl="247" sc="75" el="247" ec="76" />
            </Method>
            <Method visited="false" cyclomaticComplexity="3" sequenceCoverage="0" branchCoverage="0" isConstructor="false" isStatic="false" isGetter="false" isSetter="false">
              <Summary numSequencePoints="9" visitedSequencePoints="0" numBranchPoints="5" visitedBranchPoints="0" sequenceCoverage="0" branchCoverage="0" maxCyclomaticComplexity="3" minCyclomaticComplexity="3" />
              <MetadataToken>100663561</MetadataToken>
              <Name>System.Void CombinifyWpf.Utils.FtpConnection::UploadFile(CombinifyWpf.Utils.FtpFile,System.String)</Name>
              <FileRef uid="30" />
              <SequencePoints>
                <SequencePoint vc="0" uspid="1906" ordinal="0" offset="0" sl="280" sc="70" el="280" ec="71" />
                <SequencePoint vc="0" uspid="1907" ordinal="1" offset="1" sl="281" sc="13" el="281" ec="31" />
                <SequencePoint vc="0" uspid="1908" ordinal="2" offset="12" sl="281" sc="32" el="281" ec="33" />
                <SequencePoint vc="0" uspid="1909" ordinal="3" offset="13" sl="282" sc="17" el="282" ec="90" />
                <SequencePoint vc="0" uspid="1910" ordinal="4" offset="29" sl="285" sc="13" el="285" ec="57" />
                <SequencePoint vc="0" uspid="1911" ordinal="5" offset="47" sl="285" sc="58" el="285" ec="59" />
                <SequencePoint vc="0" uspid="1912" ordinal="6" offset="48" sl="286" sc="17" el="286" ec="96" />
                <SequencePoint vc="0" uspid="1913" ordinal="7" offset="59" sl="289" sc="13" el="289" ec="64" />
                <SequencePoint vc="0" uspid="1914" ordinal="8" offset="84" sl="290" sc="9" el="290" ec="10" />
              </SequencePoints>
              <BranchPoints>
                <BranchPoint vc="0" uspid="1915" ordinal="0" offset="10" path="0" />
                <BranchPoint vc="0" uspid="1916" ordinal="1" offset="10" path="1" />
                <BranchPoint vc="0" uspid="1917" ordinal="2" offset="45" path="0" />
                <BranchPoint vc="0" uspid="1918" ordinal="3" offset="45" path="1" />
              </BranchPoints>
              <MethodPoint xsi:type="SequencePoint" vc="0" uspid="1906" ordinal="0" offset="0" sl="280" sc="70" el="280" ec="71" />
            </Method>
            <Method visited="false" cyclomaticComplexity="3" sequenceCoverage="0" branchCoverage="0" isConstructor="false" isStatic="false" isGetter="false" isSetter="false">
              <Summary numSequencePoints="20" visitedSequencePoints="0" numBranchPoints="5" visitedBranchPoints="0" sequenceCoverage="0" branchCoverage="0" maxCyclomaticComplexity="3" minCyclomaticComplexity="3" />
              <MetadataToken>100663562</MetadataToken>
              <Name>System.Void CombinifyWpf.Utils.FtpConnection::DeleteFile(System.String)</Name>
              <FileRef uid="30" />
              <SequencePoints>
                <SequencePoint vc="0" uspid="1919" ordinal="0" offset="0" sl="296" sc="57" el="296" ec="58" />
                <SequencePoint vc="0" uspid="1920" ordinal="1" offset="1" sl="297" sc="13" el="297" ec="69" />
                <SequencePoint vc="0" uspid="1921" ordinal="2" offset="13" sl="297" sc="70" el="297" ec="71" />
                <SequencePoint vc="0" uspid="1922" ordinal="3" offset="14" sl="298" sc="17" el="298" ec="101" />
                <SequencePoint vc="0" uspid="1923" ordinal="4" offset="37" sl="301" sc="13" el="301" ec="68" />
                <SequencePoint vc="0" uspid="1924" ordinal="5" offset="61" sl="302" sc="13" el="302" ec="69" />
                <SequencePoint vc="0" uspid="1925" ordinal="6" offset="78" sl="304" sc="17" el="304" ec="18" />
                <SequencePoint vc="0" uspid="1926" ordinal="7" offset="79" sl="305" sc="17" el="305" ec="80" />
                <SequencePoint vc="0" uspid="1927" ordinal="8" offset="101" sl="306" sc="13" el="306" ec="14" />
                <SequencePoint vc="0" uspid="1928" ordinal="9" offset="104" sl="307" sc="13" el="307" ec="33" />
                <SequencePoint vc="0" uspid="1929" ordinal="10" offset="105" sl="307" sc="34" el="307" ec="35" />
                <SequencePoint vc="0" uspid="1930" ordinal="11" offset="106" sl="309" sc="13" el="309" ec="14" />
                <SequencePoint vc="0" uspid="1931" ordinal="12" offset="112" sl="310" sc="21" el="310" ec="22" />
                <SequencePoint vc="0" uspid="1932" ordinal="13" offset="113" sl="311" sc="17" el="311" ec="45" />
                <SequencePoint vc="0" uspid="1933" ordinal="14" offset="126" sl="311" sc="46" el="311" ec="47" />
                <SequencePoint vc="0" uspid="1934" ordinal="15" offset="127" sl="311" sc="48" el="311" ec="71" />
                <SequencePoint vc="0" uspid="1935" ordinal="16" offset="139" sl="311" sc="72" el="311" ec="73" />
                <SequencePoint vc="0" uspid="1936" ordinal="17" offset="140" sl="312" sc="17" el="312" ec="38" />
                <SequencePoint vc="0" uspid="1937" ordinal="18" offset="147" sl="313" sc="13" el="313" ec="14" />
                <SequencePoint vc="0" uspid="1938" ordinal="19" offset="150" sl="314" sc="9" el="314" ec="10" />
              </SequencePoints>
              <BranchPoints>
                <BranchPoint vc="0" uspid="1939" ordinal="0" offset="11" path="0" />
                <BranchPoint vc="0" uspid="1940" ordinal="1" offset="11" path="1" />
                <BranchPoint vc="0" uspid="1941" ordinal="2" offset="124" path="0" />
                <BranchPoint vc="0" uspid="1942" ordinal="3" offset="124" path="1" />
              </BranchPoints>
              <MethodPoint xsi:type="SequencePoint" vc="0" uspid="1919" ordinal="0" offset="0" sl="296" sc="57" el="296" ec="58" />
            </Method>
            <Method visited="false" cyclomaticComplexity="3" sequenceCoverage="0" branchCoverage="0" isConstructor="false" isStatic="false" isGetter="false" isSetter="false">
              <Summary numSequencePoints="9" visitedSequencePoints="0" numBranchPoints="5" visitedBranchPoints="0" sequenceCoverage="0" branchCoverage="0" maxCyclomaticComplexity="3" minCyclomaticComplexity="3" />
              <MetadataToken>100663563</MetadataToken>
              <Name>System.Void CombinifyWpf.Utils.FtpConnection::DeleteFile(CombinifyWpf.Utils.FtpFile)</Name>
              <FileRef uid="30" />
              <SequencePoints>
                <SequencePoint vc="0" uspid="1943" ordinal="0" offset="0" sl="320" sc="48" el="320" ec="49" />
                <SequencePoint vc="0" uspid="1944" ordinal="1" offset="1" sl="321" sc="13" el="321" ec="31" />
                <SequencePoint vc="0" uspid="1945" ordinal="2" offset="12" sl="321" sc="32" el="321" ec="33" />
                <SequencePoint vc="0" uspid="1946" ordinal="3" offset="13" sl="322" sc="17" el="322" ec="90" />
                <SequencePoint vc="0" uspid="1947" ordinal="4" offset="29" sl="325" sc="13" el="325" ec="57" />
                <SequencePoint vc="0" uspid="1948" ordinal="5" offset="47" sl="325" sc="58" el="325" ec="59" />
                <SequencePoint vc="0" uspid="1949" ordinal="6" offset="48" sl="326" sc="17" el="326" ec="96" />
                <SequencePoint vc="0" uspid="1950" ordinal="7" offset="59" sl="329" sc="13" el="329" ec="49" />
                <SequencePoint vc="0" uspid="1951" ordinal="8" offset="83" sl="330" sc="9" el="330" ec="10" />
              </SequencePoints>
              <BranchPoints>
                <BranchPoint vc="0" uspid="1952" ordinal="0" offset="10" path="0" />
                <BranchPoint vc="0" uspid="1953" ordinal="1" offset="10" path="1" />
                <BranchPoint vc="0" uspid="1954" ordinal="2" offset="45" path="0" />
                <BranchPoint vc="0" uspid="1955" ordinal="3" offset="45" path="1" />
              </BranchPoints>
              <MethodPoint xsi:type="SequencePoint" vc="0" uspid="1943" ordinal="0" offset="0" sl="320" sc="48" el="320" ec="49" />
            </Method>
            <Method visited="false" cyclomaticComplexity="3" sequenceCoverage="0" branchCoverage="0" isConstructor="false" isStatic="false" isGetter="false" isSetter="false">
              <Summary numSequencePoints="21" visitedSequencePoints="0" numBranchPoints="5" visitedBranchPoints="0" sequenceCoverage="0" branchCoverage="0" maxCyclomaticComplexity="3" minCyclomaticComplexity="3" />
              <MetadataToken>100663564</MetadataToken>
              <Name>System.Void CombinifyWpf.Utils.FtpConnection::RenameFile(System.String,System.String)</Name>
              <FileRef uid="30" />
              <SequencePoints>
                <SequencePoint vc="0" uspid="1956" ordinal="0" offset="0" sl="337" sc="73" el="337" ec="74" />
                <SequencePoint vc="0" uspid="1957" ordinal="1" offset="1" sl="338" sc="13" el="338" ec="69" />
                <SequencePoint vc="0" uspid="1958" ordinal="2" offset="13" sl="338" sc="70" el="338" ec="71" />
                <SequencePoint vc="0" uspid="1959" ordinal="3" offset="14" sl="339" sc="17" el="339" ec="101" />
                <SequencePoint vc="0" uspid="1960" ordinal="4" offset="37" sl="342" sc="13" el="342" ec="68" />
                <SequencePoint vc="0" uspid="1961" ordinal="5" offset="61" sl="343" sc="13" el="343" ec="65" />
                <SequencePoint vc="0" uspid="1962" ordinal="6" offset="78" sl="345" sc="17" el="345" ec="18" />
                <SequencePoint vc="0" uspid="1963" ordinal="7" offset="79" sl="346" sc="17" el="346" ec="50" />
                <SequencePoint vc="0" uspid="1964" ordinal="8" offset="92" sl="347" sc="17" el="347" ec="80" />
                <SequencePoint vc="0" uspid="1965" ordinal="9" offset="114" sl="348" sc="13" el="348" ec="14" />
                <SequencePoint vc="0" uspid="1966" ordinal="10" offset="117" sl="349" sc="13" el="349" ec="33" />
                <SequencePoint vc="0" uspid="1967" ordinal="11" offset="118" sl="349" sc="34" el="349" ec="35" />
                <SequencePoint vc="0" uspid="1968" ordinal="12" offset="119" sl="351" sc="13" el="351" ec="14" />
                <SequencePoint vc="0" uspid="1969" ordinal="13" offset="125" sl="352" sc="21" el="352" ec="22" />
                <SequencePoint vc="0" uspid="1970" ordinal="14" offset="126" sl="353" sc="17" el="353" ec="45" />
                <SequencePoint vc="0" uspid="1971" ordinal="15" offset="139" sl="353" sc="46" el="353" ec="47" />
                <SequencePoint vc="0" uspid="1972" ordinal="16" offset="140" sl="353" sc="48" el="353" ec="71" />
                <SequencePoint vc="0" uspid="1973" ordinal="17" offset="152" sl="353" sc="72" el="353" ec="73" />
                <SequencePoint vc="0" uspid="1974" ordinal="18" offset="153" sl="354" sc="17" el="354" ec="38" />
                <SequencePoint vc="0" uspid="1975" ordinal="19" offset="160" sl="355" sc="13" el="355" ec="14" />
                <SequencePoint vc="0" uspid="1976" ordinal="20" offset="163" sl="356" sc="9" el="356" ec="10" />
              </SequencePoints>
              <BranchPoints>
                <BranchPoint vc="0" uspid="1977" ordinal="0" offset="11" path="0" />
                <BranchPoint vc="0" uspid="1978" ordinal="1" offset="11" path="1" />
                <BranchPoint vc="0" uspid="1979" ordinal="2" offset="137" path="0" />
                <BranchPoint vc="0" uspid="1980" ordinal="3" offset="137" path="1" />
              </BranchPoints>
              <MethodPoint xsi:type="SequencePoint" vc="0" uspid="1956" ordinal="0" offset="0" sl="337" sc="73" el="337" ec="74" />
            </Method>
            <Method visited="false" cyclomaticComplexity="3" sequenceCoverage="0" branchCoverage="0" isConstructor="false" isStatic="false" isGetter="false" isSetter="false">
              <Summary numSequencePoints="9" visitedSequencePoints="0" numBranchPoints="5" visitedBranchPoints="0" sequenceCoverage="0" branchCoverage="0" maxCyclomaticComplexity="3" minCyclomaticComplexity="3" />
              <MetadataToken>100663565</MetadataToken>
              <Name>System.Void CombinifyWpf.Utils.FtpConnection::RenameFile(CombinifyWpf.Utils.FtpFile,System.String)</Name>
              <FileRef uid="30" />
              <SequencePoints>
                <SequencePoint vc="0" uspid="1981" ordinal="0" offset="0" sl="363" sc="64" el="363" ec="65" />
                <SequencePoint vc="0" uspid="1982" ordinal="1" offset="1" sl="364" sc="13" el="364" ec="31" />
                <SequencePoint vc="0" uspid="1983" ordinal="2" offset="12" sl="364" sc="32" el="364" ec="33" />
                <SequencePoint vc="0" uspid="1984" ordinal="3" offset="13" sl="365" sc="17" el="365" ec="90" />
                <SequencePoint vc="0" uspid="1985" ordinal="4" offset="29" sl="368" sc="13" el="368" ec="57" />
                <SequencePoint vc="0" uspid="1986" ordinal="5" offset="47" sl="368" sc="58" el="368" ec="59" />
                <SequencePoint vc="0" uspid="1987" ordinal="6" offset="48" sl="369" sc="17" el="369" ec="96" />
                <SequencePoint vc="0" uspid="1988" ordinal="7" offset="59" sl="372" sc="13" el="372" ec="58" />
                <SequencePoint vc="0" uspid="1989" ordinal="8" offset="84" sl="373" sc="9" el="373" ec="10" />
              </SequencePoints>
              <BranchPoints>
                <BranchPoint vc="0" uspid="1990" ordinal="0" offset="10" path="0" />
                <BranchPoint vc="0" uspid="1991" ordinal="1" offset="10" path="1" />
                <BranchPoint vc="0" uspid="1992" ordinal="2" offset="45" path="0" />
                <BranchPoint vc="0" uspid="1993" ordinal="3" offset="45" path="1" />
              </BranchPoints>
              <MethodPoint xsi:type="SequencePoint" vc="0" uspid="1981" ordinal="0" offset="0" sl="363" sc="64" el="363" ec="65" />
            </Method>
            <Method visited="false" cyclomaticComplexity="7" sequenceCoverage="0" branchCoverage="0" isConstructor="false" isStatic="false" isGetter="false" isSetter="false">
              <Summary numSequencePoints="37" visitedSequencePoints="0" numBranchPoints="13" visitedBranchPoints="0" sequenceCoverage="0" branchCoverage="0" maxCyclomaticComplexity="7" minCyclomaticComplexity="7" />
              <MetadataToken>100663566</MetadataToken>
              <Name>System.Int64 CombinifyWpf.Utils.FtpConnection::FileSize(System.String)</Name>
              <FileRef uid="30" />
              <SequencePoints>
                <SequencePoint vc="0" uspid="1994" ordinal="0" offset="0" sl="380" sc="55" el="380" ec="56" />
                <SequencePoint vc="0" uspid="1995" ordinal="1" offset="1" sl="381" sc="13" el="381" ec="69" />
                <SequencePoint vc="0" uspid="1996" ordinal="2" offset="15" sl="381" sc="70" el="381" ec="71" />
                <SequencePoint vc="0" uspid="1997" ordinal="3" offset="16" sl="382" sc="17" el="382" ec="101" />
                <SequencePoint vc="0" uspid="1998" ordinal="4" offset="39" sl="385" sc="13" el="385" ec="68" />
                <SequencePoint vc="0" uspid="1999" ordinal="5" offset="63" sl="386" sc="13" el="386" ec="70" />
                <SequencePoint vc="0" uspid="2000" ordinal="6" offset="80" sl="388" sc="17" el="388" ec="18" />
                <SequencePoint vc="0" uspid="2001" ordinal="7" offset="81" sl="389" sc="17" el="389" ec="80" />
                <SequencePoint vc="0" uspid="2002" ordinal="8" offset="103" sl="390" sc="17" el="390" ec="67" />
                <SequencePoint vc="0" uspid="2003" ordinal="9" offset="120" sl="391" sc="17" el="391" ec="44" />
                <SequencePoint vc="0" uspid="2004" ordinal="10" offset="126" sl="393" sc="24" el="393" ec="78" />
                <SequencePoint vc="0" uspid="2005" ordinal="11" offset="138" sl="393" sc="81" el="393" ec="82" />
                <SequencePoint vc="0" uspid="2006" ordinal="12" offset="141" sl="394" sc="50" el="394" ec="51" />
                <SequencePoint vc="0" uspid="2007" ordinal="13" offset="142" sl="395" sc="25" el="395" ec="51" />
                <SequencePoint vc="0" uspid="2008" ordinal="14" offset="149" sl="396" sc="21" el="396" ec="22" />
                <SequencePoint vc="0" uspid="2009" ordinal="15" offset="150" sl="394" sc="21" el="394" ec="49" />
                <SequencePoint vc="0" uspid="2010" ordinal="16" offset="168" sl="397" sc="17" el="397" ec="18" />
                <SequencePoint vc="0" uspid="2011" ordinal="17" offset="190" sl="400" sc="17" el="400" ec="51" />
                <SequencePoint vc="0" uspid="2012" ordinal="18" offset="207" sl="400" sc="52" el="400" ec="53" />
                <SequencePoint vc="0" uspid="2013" ordinal="19" offset="208" sl="401" sc="21" el="401" ec="30" />
                <SequencePoint vc="0" uspid="2014" ordinal="20" offset="213" sl="403" sc="22" el="403" ec="23" />
                <SequencePoint vc="0" uspid="2015" ordinal="21" offset="214" sl="404" sc="21" el="404" ec="31" />
                <SequencePoint vc="0" uspid="2016" ordinal="22" offset="220" sl="407" sc="13" el="407" ec="33" />
                <SequencePoint vc="0" uspid="2017" ordinal="23" offset="221" sl="407" sc="34" el="407" ec="35" />
                <SequencePoint vc="0" uspid="2018" ordinal="24" offset="222" sl="408" sc="17" el="408" ec="27" />
                <SequencePoint vc="0" uspid="2019" ordinal="25" offset="228" sl="410" sc="21" el="410" ec="22" />
                <SequencePoint vc="0" uspid="2020" ordinal="26" offset="229" sl="411" sc="17" el="411" ec="45" />
                <SequencePoint vc="0" uspid="2021" ordinal="27" offset="244" sl="411" sc="46" el="411" ec="47" />
                <SequencePoint vc="0" uspid="2022" ordinal="28" offset="245" sl="411" sc="48" el="411" ec="71" />
                <SequencePoint vc="0" uspid="2023" ordinal="29" offset="257" sl="411" sc="72" el="411" ec="73" />
                <SequencePoint vc="0" uspid="2024" ordinal="30" offset="258" sl="412" sc="17" el="412" ec="43" />
                <SequencePoint vc="0" uspid="2025" ordinal="31" offset="273" sl="412" sc="44" el="412" ec="45" />
                <SequencePoint vc="0" uspid="2026" ordinal="32" offset="274" sl="412" sc="46" el="412" ec="67" />
                <SequencePoint vc="0" uspid="2027" ordinal="33" offset="286" sl="412" sc="68" el="412" ec="69" />
                <SequencePoint vc="0" uspid="2028" ordinal="34" offset="287" sl="413" sc="17" el="413" ec="38" />
                <SequencePoint vc="0" uspid="2029" ordinal="35" offset="294" sl="414" sc="13" el="414" ec="14" />
                <SequencePoint vc="0" uspid="2030" ordinal="36" offset="297" sl="415" sc="9" el="415" ec="10" />
              </SequencePoints>
              <BranchPoints>
                <BranchPoint vc="0" uspid="2031" ordinal="0" offset="13" path="0" />
                <BranchPoint vc="0" uspid="2032" ordinal="1" offset="13" path="1" />
                <BranchPoint vc="0" uspid="2033" ordinal="2" offset="166" path="0" />
                <BranchPoint vc="0" uspid="2034" ordinal="3" offset="166" path="1" />
                <BranchPoint vc="0" uspid="2035" ordinal="4" offset="179" path="0" />
                <BranchPoint vc="0" uspid="2036" ordinal="5" offset="179" path="1" />
                <BranchPoint vc="0" uspid="2037" ordinal="6" offset="205" path="0" />
                <BranchPoint vc="0" uspid="2038" ordinal="7" offset="205" path="1" />
                <BranchPoint vc="0" uspid="2039" ordinal="8" offset="242" path="0" />
                <BranchPoint vc="0" uspid="2040" ordinal="9" offset="242" path="1" />
                <BranchPoint vc="0" uspid="2041" ordinal="10" offset="271" path="0" />
                <BranchPoint vc="0" uspid="2042" ordinal="11" offset="271" path="1" />
              </BranchPoints>
              <MethodPoint xsi:type="SequencePoint" vc="0" uspid="1994" ordinal="0" offset="0" sl="380" sc="55" el="380" ec="56" />
            </Method>
            <Method visited="false" cyclomaticComplexity="3" sequenceCoverage="0" branchCoverage="0" isConstructor="false" isStatic="false" isGetter="false" isSetter="false">
              <Summary numSequencePoints="10" visitedSequencePoints="0" numBranchPoints="5" visitedBranchPoints="0" sequenceCoverage="0" branchCoverage="0" maxCyclomaticComplexity="3" minCyclomaticComplexity="3" />
              <MetadataToken>100663567</MetadataToken>
              <Name>System.Int64 CombinifyWpf.Utils.FtpConnection::FileSize(CombinifyWpf.Utils.FtpItem)</Name>
              <FileRef uid="30" />
              <SequencePoints>
                <SequencePoint vc="0" uspid="2043" ordinal="0" offset="0" sl="422" sc="46" el="422" ec="47" />
                <SequencePoint vc="0" uspid="2044" ordinal="1" offset="1" sl="423" sc="13" el="423" ec="31" />
                <SequencePoint vc="0" uspid="2045" ordinal="2" offset="12" sl="423" sc="32" el="423" ec="33" />
                <SequencePoint vc="0" uspid="2046" ordinal="3" offset="13" sl="424" sc="17" el="424" ec="90" />
                <SequencePoint vc="0" uspid="2047" ordinal="4" offset="29" sl="427" sc="13" el="427" ec="57" />
                <SequencePoint vc="0" uspid="2048" ordinal="5" offset="47" sl="427" sc="58" el="427" ec="59" />
                <SequencePoint vc="0" uspid="2049" ordinal="6" offset="48" sl="428" sc="17" el="428" ec="96" />
                <SequencePoint vc="0" uspid="2050" ordinal="7" offset="59" sl="431" sc="13" el="431" ec="59" />
                <SequencePoint vc="0" uspid="2051" ordinal="8" offset="89" sl="432" sc="13" el="432" ec="30" />
                <SequencePoint vc="0" uspid="2052" ordinal="9" offset="98" sl="433" sc="9" el="433" ec="10" />
              </SequencePoints>
              <BranchPoints>
                <BranchPoint vc="0" uspid="2053" ordinal="0" offset="10" path="0" />
                <BranchPoint vc="0" uspid="2054" ordinal="1" offset="10" path="1" />
                <BranchPoint vc="0" uspid="2055" ordinal="2" offset="45" path="0" />
                <BranchPoint vc="0" uspid="2056" ordinal="3" offset="45" path="1" />
              </BranchPoints>
              <MethodPoint xsi:type="SequencePoint" vc="0" uspid="2043" ordinal="0" offset="0" sl="422" sc="46" el="422" ec="47" />
            </Method>
            <Method visited="false" cyclomaticComplexity="5" sequenceCoverage="0" branchCoverage="0" isConstructor="false" isStatic="false" isGetter="false" isSetter="false">
              <Summary numSequencePoints="30" visitedSequencePoints="0" numBranchPoints="9" visitedBranchPoints="0" sequenceCoverage="0" branchCoverage="0" maxCyclomaticComplexity="5" minCyclomaticComplexity="5" />
              <MetadataToken>100663568</MetadataToken>
              <Name>System.Nullable`1&lt;System.DateTime&gt; CombinifyWpf.Utils.FtpConnection::LastWriteTime(System.String)</Name>
              <FileRef uid="30" />
              <SequencePoints>
                <SequencePoint vc="0" uspid="2057" ordinal="0" offset="0" sl="440" sc="65" el="440" ec="66" />
                <SequencePoint vc="0" uspid="2058" ordinal="1" offset="1" sl="441" sc="13" el="441" ec="69" />
                <SequencePoint vc="0" uspid="2059" ordinal="2" offset="15" sl="441" sc="70" el="441" ec="71" />
                <SequencePoint vc="0" uspid="2060" ordinal="3" offset="16" sl="442" sc="17" el="442" ec="101" />
                <SequencePoint vc="0" uspid="2061" ordinal="4" offset="39" sl="445" sc="13" el="445" ec="68" />
                <SequencePoint vc="0" uspid="2062" ordinal="5" offset="63" sl="446" sc="13" el="446" ec="75" />
                <SequencePoint vc="0" uspid="2063" ordinal="6" offset="80" sl="448" sc="17" el="448" ec="18" />
                <SequencePoint vc="0" uspid="2064" ordinal="7" offset="81" sl="449" sc="17" el="449" ec="80" />
                <SequencePoint vc="0" uspid="2065" ordinal="8" offset="103" sl="450" sc="17" el="450" ec="67" />
                <SequencePoint vc="0" uspid="2066" ordinal="9" offset="120" sl="451" sc="17" el="451" ec="44" />
                <SequencePoint vc="0" uspid="2067" ordinal="10" offset="126" sl="453" sc="24" el="453" ec="81" />
                <SequencePoint vc="0" uspid="2068" ordinal="11" offset="138" sl="453" sc="84" el="453" ec="85" />
                <SequencePoint vc="0" uspid="2069" ordinal="12" offset="139" sl="454" sc="21" el="454" ec="50" />
                <SequencePoint vc="0" uspid="2070" ordinal="13" offset="146" sl="455" sc="17" el="455" ec="18" />
                <SequencePoint vc="0" uspid="2071" ordinal="14" offset="168" sl="457" sc="17" el="457" ec="47" />
                <SequencePoint vc="0" uspid="2072" ordinal="15" offset="182" sl="459" sc="13" el="459" ec="33" />
                <SequencePoint vc="0" uspid="2073" ordinal="16" offset="183" sl="459" sc="34" el="459" ec="35" />
                <SequencePoint vc="0" uspid="2074" ordinal="17" offset="184" sl="460" sc="17" el="460" ec="29" />
                <SequencePoint vc="0" uspid="2075" ordinal="18" offset="197" sl="462" sc="21" el="462" ec="22" />
                <SequencePoint vc="0" uspid="2076" ordinal="19" offset="198" sl="463" sc="17" el="463" ec="45" />
                <SequencePoint vc="0" uspid="2077" ordinal="20" offset="213" sl="463" sc="46" el="463" ec="47" />
                <SequencePoint vc="0" uspid="2078" ordinal="21" offset="214" sl="463" sc="48" el="463" ec="71" />
                <SequencePoint vc="0" uspid="2079" ordinal="22" offset="226" sl="463" sc="72" el="463" ec="73" />
                <SequencePoint vc="0" uspid="2080" ordinal="23" offset="227" sl="464" sc="17" el="464" ec="43" />
                <SequencePoint vc="0" uspid="2081" ordinal="24" offset="242" sl="464" sc="44" el="464" ec="45" />
                <SequencePoint vc="0" uspid="2082" ordinal="25" offset="243" sl="464" sc="46" el="464" ec="67" />
                <SequencePoint vc="0" uspid="2083" ordinal="26" offset="255" sl="464" sc="68" el="464" ec="69" />
                <SequencePoint vc="0" uspid="2084" ordinal="27" offset="256" sl="465" sc="17" el="465" ec="38" />
                <SequencePoint vc="0" uspid="2085" ordinal="28" offset="263" sl="466" sc="13" el="466" ec="14" />
                <SequencePoint vc="0" uspid="2086" ordinal="29" offset="266" sl="467" sc="9" el="467" ec="10" />
              </SequencePoints>
              <BranchPoints>
                <BranchPoint vc="0" uspid="2087" ordinal="0" offset="13" path="0" />
                <BranchPoint vc="0" uspid="2088" ordinal="1" offset="13" path="1" />
                <BranchPoint vc="0" uspid="2089" ordinal="2" offset="157" path="0" />
                <BranchPoint vc="0" uspid="2090" ordinal="3" offset="157" path="1" />
                <BranchPoint vc="0" uspid="2091" ordinal="4" offset="211" path="0" />
                <BranchPoint vc="0" uspid="2092" ordinal="5" offset="211" path="1" />
                <BranchPoint vc="0" uspid="2093" ordinal="6" offset="240" path="0" />
                <BranchPoint vc="0" uspid="2094" ordinal="7" offset="240" path="1" />
              </BranchPoints>
              <MethodPoint xsi:type="SequencePoint" vc="0" uspid="2057" ordinal="0" offset="0" sl="440" sc="65" el="440" ec="66" />
            </Method>
            <Method visited="false" cyclomaticComplexity="3" sequenceCoverage="0" branchCoverage="0" isConstructor="false" isStatic="false" isGetter="false" isSetter="false">
              <Summary numSequencePoints="10" visitedSequencePoints="0" numBranchPoints="5" visitedBranchPoints="0" sequenceCoverage="0" branchCoverage="0" maxCyclomaticComplexity="3" minCyclomaticComplexity="3" />
              <MetadataToken>100663569</MetadataToken>
              <Name>System.Nullable`1&lt;System.DateTime&gt; CombinifyWpf.Utils.FtpConnection::LastWriteTime(CombinifyWpf.Utils.FtpFile)</Name>
              <FileRef uid="30" />
              <SequencePoints>
                <SequencePoint vc="0" uspid="2095" ordinal="0" offset="0" sl="474" sc="56" el="474" ec="57" />
                <SequencePoint vc="0" uspid="2096" ordinal="1" offset="1" sl="475" sc="13" el="475" ec="31" />
                <SequencePoint vc="0" uspid="2097" ordinal="2" offset="12" sl="475" sc="32" el="475" ec="33" />
                <SequencePoint vc="0" uspid="2098" ordinal="3" offset="13" sl="476" sc="17" el="476" ec="90" />
                <SequencePoint vc="0" uspid="2099" ordinal="4" offset="29" sl="479" sc="13" el="479" ec="57" />
                <SequencePoint vc="0" uspid="2100" ordinal="5" offset="47" sl="479" sc="58" el="479" ec="59" />
                <SequencePoint vc="0" uspid="2101" ordinal="6" offset="48" sl="480" sc="17" el="480" ec="96" />
                <SequencePoint vc="0" uspid="2102" ordinal="7" offset="59" sl="483" sc="13" el="483" ec="69" />
                <SequencePoint vc="0" uspid="2103" ordinal="8" offset="89" sl="484" sc="13" el="484" ec="35" />
                <SequencePoint vc="0" uspid="2104" ordinal="9" offset="98" sl="485" sc="9" el="485" ec="10" />
              </SequencePoints>
              <BranchPoints>
                <BranchPoint vc="0" uspid="2105" ordinal="0" offset="10" path="0" />
                <BranchPoint vc="0" uspid="2106" ordinal="1" offset="10" path="1" />
                <BranchPoint vc="0" uspid="2107" ordinal="2" offset="45" path="0" />
                <BranchPoint vc="0" uspid="2108" ordinal="3" offset="45" path="1" />
              </BranchPoints>
              <MethodPoint xsi:type="SequencePoint" vc="0" uspid="2095" ordinal="0" offset="0" sl="474" sc="56" el="474" ec="57" />
            </Method>
            <Method visited="false" cyclomaticComplexity="2" sequenceCoverage="0" branchCoverage="0" isConstructor="false" isStatic="false" isGetter="false" isSetter="false">
              <Summary numSequencePoints="17" visitedSequencePoints="0" numBranchPoints="3" visitedBranchPoints="0" sequenceCoverage="0" branchCoverage="0" maxCyclomaticComplexity="2" minCyclomaticComplexity="2" />
              <MetadataToken>100663570</MetadataToken>
              <Name>System.Void CombinifyWpf.Utils.FtpConnection::CreateDirectory(System.String)</Name>
              <FileRef uid="30" />
              <SequencePoints>
                <SequencePoint vc="0" uspid="2109" ordinal="0" offset="0" sl="491" sc="60" el="491" ec="61" />
                <SequencePoint vc="0" uspid="2110" ordinal="1" offset="1" sl="492" sc="13" el="492" ec="66" />
                <SequencePoint vc="0" uspid="2111" ordinal="2" offset="25" sl="493" sc="13" el="493" ec="72" />
                <SequencePoint vc="0" uspid="2112" ordinal="3" offset="42" sl="495" sc="17" el="495" ec="18" />
                <SequencePoint vc="0" uspid="2113" ordinal="4" offset="43" sl="496" sc="17" el="496" ec="80" />
                <SequencePoint vc="0" uspid="2114" ordinal="5" offset="65" sl="497" sc="13" el="497" ec="14" />
                <SequencePoint vc="0" uspid="2115" ordinal="6" offset="68" sl="498" sc="13" el="498" ec="33" />
                <SequencePoint vc="0" uspid="2116" ordinal="7" offset="69" sl="498" sc="34" el="498" ec="35" />
                <SequencePoint vc="0" uspid="2117" ordinal="8" offset="70" sl="500" sc="13" el="500" ec="14" />
                <SequencePoint vc="0" uspid="2118" ordinal="9" offset="76" sl="501" sc="21" el="501" ec="22" />
                <SequencePoint vc="0" uspid="2119" ordinal="10" offset="77" sl="502" sc="17" el="502" ec="45" />
                <SequencePoint vc="0" uspid="2120" ordinal="11" offset="90" sl="502" sc="46" el="502" ec="47" />
                <SequencePoint vc="0" uspid="2121" ordinal="12" offset="91" sl="502" sc="48" el="502" ec="71" />
                <SequencePoint vc="0" uspid="2122" ordinal="13" offset="103" sl="502" sc="72" el="502" ec="73" />
                <SequencePoint vc="0" uspid="2123" ordinal="14" offset="104" sl="503" sc="17" el="503" ec="38" />
                <SequencePoint vc="0" uspid="2124" ordinal="15" offset="111" sl="504" sc="13" el="504" ec="14" />
                <SequencePoint vc="0" uspid="2125" ordinal="16" offset="114" sl="505" sc="9" el="505" ec="10" />
              </SequencePoints>
              <BranchPoints>
                <BranchPoint vc="0" uspid="2126" ordinal="0" offset="88" path="0" />
                <BranchPoint vc="0" uspid="2127" ordinal="1" offset="88" path="1" />
              </BranchPoints>
              <MethodPoint xsi:type="SequencePoint" vc="0" uspid="2109" ordinal="0" offset="0" sl="491" sc="60" el="491" ec="61" />
            </Method>
            <Method visited="false" cyclomaticComplexity="2" sequenceCoverage="0" branchCoverage="0" isConstructor="false" isStatic="false" isGetter="false" isSetter="false">
              <Summary numSequencePoints="6" visitedSequencePoints="0" numBranchPoints="3" visitedBranchPoints="0" sequenceCoverage="0" branchCoverage="0" maxCyclomaticComplexity="2" minCyclomaticComplexity="2" />
              <MetadataToken>100663571</MetadataToken>
              <Name>System.Void CombinifyWpf.Utils.FtpConnection::CreateDirectory(CombinifyWpf.Utils.FtpDirectory)</Name>
              <FileRef uid="30" />
              <SequencePoints>
                <SequencePoint vc="0" uspid="2128" ordinal="0" offset="0" sl="511" sc="63" el="511" ec="64" />
                <SequencePoint vc="0" uspid="2129" ordinal="1" offset="1" sl="512" sc="13" el="512" ec="36" />
                <SequencePoint vc="0" uspid="2130" ordinal="2" offset="12" sl="512" sc="37" el="512" ec="38" />
                <SequencePoint vc="0" uspid="2131" ordinal="3" offset="13" sl="513" sc="17" el="513" ec="100" />
                <SequencePoint vc="0" uspid="2132" ordinal="4" offset="29" sl="516" sc="13" el="516" ec="64" />
                <SequencePoint vc="0" uspid="2133" ordinal="5" offset="53" sl="517" sc="9" el="517" ec="10" />
              </SequencePoints>
              <BranchPoints>
                <BranchPoint vc="0" uspid="2134" ordinal="0" offset="10" path="0" />
                <BranchPoint vc="0" uspid="2135" ordinal="1" offset="10" path="1" />
              </BranchPoints>
              <MethodPoint xsi:type="SequencePoint" vc="0" uspid="2128" ordinal="0" offset="0" sl="511" sc="63" el="511" ec="64" />
            </Method>
            <Method visited="false" cyclomaticComplexity="3" sequenceCoverage="0" branchCoverage="0" isConstructor="false" isStatic="false" isGetter="false" isSetter="false">
              <Summary numSequencePoints="20" visitedSequencePoints="0" numBranchPoints="5" visitedBranchPoints="0" sequenceCoverage="0" branchCoverage="0" maxCyclomaticComplexity="3" minCyclomaticComplexity="3" />
              <MetadataToken>100663572</MetadataToken>
              <Name>System.Void CombinifyWpf.Utils.FtpConnection::DeleteDirectory(System.String)</Name>
              <FileRef uid="30" />
              <SequencePoints>
                <SequencePoint vc="0" uspid="2136" ordinal="0" offset="0" sl="523" sc="60" el="523" ec="61" />
                <SequencePoint vc="0" uspid="2137" ordinal="1" offset="1" sl="524" sc="13" el="524" ec="69" />
                <SequencePoint vc="0" uspid="2138" ordinal="2" offset="13" sl="524" sc="70" el="524" ec="71" />
                <SequencePoint vc="0" uspid="2139" ordinal="3" offset="14" sl="525" sc="17" el="525" ec="104" />
                <SequencePoint vc="0" uspid="2140" ordinal="4" offset="37" sl="528" sc="13" el="528" ec="66" />
                <SequencePoint vc="0" uspid="2141" ordinal="5" offset="61" sl="529" sc="13" el="529" ec="74" />
                <SequencePoint vc="0" uspid="2142" ordinal="6" offset="78" sl="531" sc="17" el="531" ec="18" />
                <SequencePoint vc="0" uspid="2143" ordinal="7" offset="79" sl="532" sc="17" el="532" ec="80" />
                <SequencePoint vc="0" uspid="2144" ordinal="8" offset="101" sl="533" sc="13" el="533" ec="14" />
                <SequencePoint vc="0" uspid="2145" ordinal="9" offset="104" sl="534" sc="13" el="534" ec="33" />
                <SequencePoint vc="0" uspid="2146" ordinal="10" offset="105" sl="534" sc="34" el="534" ec="35" />
                <SequencePoint vc="0" uspid="2147" ordinal="11" offset="106" sl="535" sc="17" el="535" ec="23" />
                <SequencePoint vc="0" uspid="2148" ordinal="12" offset="111" sl="537" sc="21" el="537" ec="22" />
                <SequencePoint vc="0" uspid="2149" ordinal="13" offset="112" sl="538" sc="17" el="538" ec="45" />
                <SequencePoint vc="0" uspid="2150" ordinal="14" offset="125" sl="538" sc="46" el="538" ec="47" />
                <SequencePoint vc="0" uspid="2151" ordinal="15" offset="126" sl="538" sc="48" el="538" ec="71" />
                <SequencePoint vc="0" uspid="2152" ordinal="16" offset="138" sl="538" sc="72" el="538" ec="73" />
                <SequencePoint vc="0" uspid="2153" ordinal="17" offset="139" sl="539" sc="17" el="539" ec="38" />
                <SequencePoint vc="0" uspid="2154" ordinal="18" offset="146" sl="540" sc="13" el="540" ec="14" />
                <SequencePoint vc="0" uspid="2155" ordinal="19" offset="149" sl="541" sc="9" el="541" ec="10" />
              </SequencePoints>
              <BranchPoints>
                <BranchPoint vc="0" uspid="2156" ordinal="0" offset="11" path="0" />
                <BranchPoint vc="0" uspid="2157" ordinal="1" offset="11" path="1" />
                <BranchPoint vc="0" uspid="2158" ordinal="2" offset="123" path="0" />
                <BranchPoint vc="0" uspid="2159" ordinal="3" offset="123" path="1" />
              </BranchPoints>
              <MethodPoint xsi:type="SequencePoint" vc="0" uspid="2136" ordinal="0" offset="0" sl="523" sc="60" el="523" ec="61" />
            </Method>
            <Method visited="false" cyclomaticComplexity="3" sequenceCoverage="0" branchCoverage="0" isConstructor="false" isStatic="false" isGetter="false" isSetter="false">
              <Summary numSequencePoints="9" visitedSequencePoints="0" numBranchPoints="5" visitedBranchPoints="0" sequenceCoverage="0" branchCoverage="0" maxCyclomaticComplexity="3" minCyclomaticComplexity="3" />
              <MetadataToken>100663573</MetadataToken>
              <Name>System.Void CombinifyWpf.Utils.FtpConnection::DeleteDirectory(CombinifyWpf.Utils.FtpDirectory)</Name>
              <FileRef uid="30" />
              <SequencePoints>
                <SequencePoint vc="0" uspid="2160" ordinal="0" offset="0" sl="547" sc="63" el="547" ec="64" />
                <SequencePoint vc="0" uspid="2161" ordinal="1" offset="1" sl="548" sc="13" el="548" ec="36" />
                <SequencePoint vc="0" uspid="2162" ordinal="2" offset="12" sl="548" sc="37" el="548" ec="38" />
                <SequencePoint vc="0" uspid="2163" ordinal="3" offset="13" sl="549" sc="17" el="549" ec="100" />
                <SequencePoint vc="0" uspid="2164" ordinal="4" offset="29" sl="552" sc="13" el="552" ec="62" />
                <SequencePoint vc="0" uspid="2165" ordinal="5" offset="47" sl="552" sc="63" el="552" ec="64" />
                <SequencePoint vc="0" uspid="2166" ordinal="6" offset="48" sl="553" sc="17" el="553" ec="101" />
                <SequencePoint vc="0" uspid="2167" ordinal="7" offset="59" sl="556" sc="13" el="556" ec="64" />
                <SequencePoint vc="0" uspid="2168" ordinal="8" offset="83" sl="557" sc="9" el="557" ec="10" />
              </SequencePoints>
              <BranchPoints>
                <BranchPoint vc="0" uspid="2169" ordinal="0" offset="10" path="0" />
                <BranchPoint vc="0" uspid="2170" ordinal="1" offset="10" path="1" />
                <BranchPoint vc="0" uspid="2171" ordinal="2" offset="45" path="0" />
                <BranchPoint vc="0" uspid="2172" ordinal="3" offset="45" path="1" />
              </BranchPoints>
              <MethodPoint xsi:type="SequencePoint" vc="0" uspid="2160" ordinal="0" offset="0" sl="547" sc="63" el="547" ec="64" />
            </Method>
            <Method visited="false" cyclomaticComplexity="2" sequenceCoverage="0" branchCoverage="0" isConstructor="false" isStatic="false" isGetter="false" isSetter="false">
              <Summary numSequencePoints="3" visitedSequencePoints="0" numBranchPoints="3" visitedBranchPoints="0" sequenceCoverage="0" branchCoverage="0" maxCyclomaticComplexity="2" minCyclomaticComplexity="2" />
              <MetadataToken>100663574</MetadataToken>
              <Name>System.String[] CombinifyWpf.Utils.FtpConnection::SimpleDirectoryList(System.String)</Name>
              <FileRef uid="30" />
              <SequencePoints>
                <SequencePoint vc="0" uspid="2173" ordinal="0" offset="0" sl="564" sc="65" el="564" ec="66" />
                <SequencePoint vc="0" uspid="2174" ordinal="1" offset="1" sl="567" sc="13" el="567" ec="79" />
                <SequencePoint vc="0" uspid="2175" ordinal="2" offset="52" sl="568" sc="9" el="568" ec="10" />
              </SequencePoints>
              <BranchPoints>
                <BranchPoint vc="0" uspid="2176" ordinal="0" offset="13" path="0" />
                <BranchPoint vc="0" uspid="2177" ordinal="1" offset="13" path="1" />
              </BranchPoints>
              <MethodPoint xsi:type="SequencePoint" vc="0" uspid="2173" ordinal="0" offset="0" sl="564" sc="65" el="564" ec="66" />
            </Method>
            <Method visited="false" cyclomaticComplexity="2" sequenceCoverage="0" branchCoverage="0" isConstructor="false" isStatic="false" isGetter="false" isSetter="false">
              <Summary numSequencePoints="6" visitedSequencePoints="0" numBranchPoints="3" visitedBranchPoints="0" sequenceCoverage="0" branchCoverage="0" maxCyclomaticComplexity="2" minCyclomaticComplexity="2" />
              <MetadataToken>100663575</MetadataToken>
              <Name>System.String[] CombinifyWpf.Utils.FtpConnection::SimpleDirectoryList(CombinifyWpf.Utils.FtpDirectory)</Name>
              <FileRef uid="30" />
              <SequencePoints>
                <SequencePoint vc="0" uspid="2178" ordinal="0" offset="0" sl="575" sc="71" el="575" ec="72" />
                <SequencePoint vc="0" uspid="2179" ordinal="1" offset="1" sl="576" sc="13" el="576" ec="36" />
                <SequencePoint vc="0" uspid="2180" ordinal="2" offset="12" sl="576" sc="37" el="576" ec="38" />
                <SequencePoint vc="0" uspid="2181" ordinal="3" offset="13" sl="577" sc="17" el="577" ec="100" />
                <SequencePoint vc="0" uspid="2182" ordinal="4" offset="29" sl="580" sc="13" el="580" ec="75" />
                <SequencePoint vc="0" uspid="2183" ordinal="5" offset="55" sl="581" sc="9" el="581" ec="10" />
              </SequencePoints>
              <BranchPoints>
                <BranchPoint vc="0" uspid="2184" ordinal="0" offset="10" path="0" />
                <BranchPoint vc="0" uspid="2185" ordinal="1" offset="10" path="1" />
              </BranchPoints>
              <MethodPoint xsi:type="SequencePoint" vc="0" uspid="2178" ordinal="0" offset="0" sl="575" sc="71" el="575" ec="72" />
            </Method>
            <Method visited="false" cyclomaticComplexity="2" sequenceCoverage="0" branchCoverage="0" isConstructor="false" isStatic="false" isGetter="false" isSetter="false">
              <Summary numSequencePoints="3" visitedSequencePoints="0" numBranchPoints="3" visitedBranchPoints="0" sequenceCoverage="0" branchCoverage="0" maxCyclomaticComplexity="2" minCyclomaticComplexity="2" />
              <MetadataToken>100663576</MetadataToken>
              <Name>System.String[] CombinifyWpf.Utils.FtpConnection::SimpleFileList(System.String)</Name>
              <FileRef uid="30" />
              <SequencePoints>
                <SequencePoint vc="0" uspid="2186" ordinal="0" offset="0" sl="588" sc="60" el="588" ec="61" />
                <SequencePoint vc="0" uspid="2187" ordinal="1" offset="1" sl="589" sc="13" el="589" ec="74" />
                <SequencePoint vc="0" uspid="2188" ordinal="2" offset="52" sl="590" sc="9" el="590" ec="10" />
              </SequencePoints>
              <BranchPoints>
                <BranchPoint vc="0" uspid="2189" ordinal="0" offset="13" path="0" />
                <BranchPoint vc="0" uspid="2190" ordinal="1" offset="13" path="1" />
              </BranchPoints>
              <MethodPoint xsi:type="SequencePoint" vc="0" uspid="2186" ordinal="0" offset="0" sl="588" sc="60" el="588" ec="61" />
            </Method>
            <Method visited="false" cyclomaticComplexity="2" sequenceCoverage="0" branchCoverage="0" isConstructor="false" isStatic="false" isGetter="false" isSetter="false">
              <Summary numSequencePoints="3" visitedSequencePoints="0" numBranchPoints="3" visitedBranchPoints="0" sequenceCoverage="0" branchCoverage="0" maxCyclomaticComplexity="2" minCyclomaticComplexity="2" />
              <MetadataToken>100663577</MetadataToken>
              <Name>System.String[] CombinifyWpf.Utils.FtpConnection::SimpleFileList(CombinifyWpf.Utils.FtpDirectory)</Name>
              <FileRef uid="30" />
              <SequencePoints>
                <SequencePoint vc="0" uspid="2191" ordinal="0" offset="0" sl="597" sc="66" el="597" ec="67" />
                <SequencePoint vc="0" uspid="2192" ordinal="1" offset="1" sl="598" sc="13" el="598" ec="74" />
                <SequencePoint vc="0" uspid="2193" ordinal="2" offset="52" sl="599" sc="9" el="599" ec="10" />
              </SequencePoints>
              <BranchPoints>
                <BranchPoint vc="0" uspid="2194" ordinal="0" offset="13" path="0" />
                <BranchPoint vc="0" uspid="2195" ordinal="1" offset="13" path="1" />
              </BranchPoints>
              <MethodPoint xsi:type="SequencePoint" vc="0" uspid="2191" ordinal="0" offset="0" sl="597" sc="66" el="597" ec="67" />
            </Method>
            <Method visited="false" cyclomaticComplexity="5" sequenceCoverage="0" branchCoverage="0" isConstructor="false" isStatic="false" isGetter="false" isSetter="false">
              <Summary numSequencePoints="27" visitedSequencePoints="0" numBranchPoints="9" visitedBranchPoints="0" sequenceCoverage="0" branchCoverage="0" maxCyclomaticComplexity="5" minCyclomaticComplexity="5" />
              <MetadataToken>100663578</MetadataToken>
              <Name>System.Collections.Generic.List`1&lt;CombinifyWpf.Utils.FtpDirectory&gt; CombinifyWpf.Utils.FtpConnection::DirectoryList(System.String)</Name>
              <FileRef uid="30" />
              <SequencePoints>
                <SequencePoint vc="0" uspid="2196" ordinal="0" offset="0" sl="606" sc="69" el="606" ec="70" />
                <SequencePoint vc="0" uspid="2197" ordinal="1" offset="1" sl="607" sc="13" el="607" ec="49" />
                <SequencePoint vc="0" uspid="2198" ordinal="2" offset="7" sl="609" sc="13" el="609" ec="56" />
                <SequencePoint vc="0" uspid="2199" ordinal="3" offset="15" sl="611" sc="13" el="611" ec="44" />
                <SequencePoint vc="0" uspid="2200" ordinal="4" offset="35" sl="611" sc="45" el="611" ec="46" />
                <SequencePoint vc="0" uspid="2201" ordinal="5" offset="36" sl="612" sc="17" el="612" ec="37" />
                <SequencePoint vc="0" uspid="2202" ordinal="6" offset="42" sl="613" sc="13" el="613" ec="14" />
                <SequencePoint vc="0" uspid="2203" ordinal="7" offset="45" sl="614" sc="18" el="614" ec="19" />
                <SequencePoint vc="0" uspid="2204" ordinal="8" offset="46" sl="615" sc="17" el="615" ec="79" />
                <SequencePoint vc="0" uspid="2205" ordinal="9" offset="62" sl="616" sc="13" el="616" ec="14" />
                <SequencePoint vc="0" uspid="2206" ordinal="10" offset="63" sl="618" sc="13" el="618" ec="20" />
                <SequencePoint vc="0" uspid="2207" ordinal="11" offset="64" sl="618" sc="37" el="618" ec="43" />
                <SequencePoint vc="0" uspid="2208" ordinal="12" offset="72" sl="618" sc="22" el="618" ec="33" />
                <SequencePoint vc="0" uspid="2209" ordinal="13" offset="78" sl="618" sc="46" el="618" ec="47" />
                <SequencePoint vc="0" uspid="2210" ordinal="14" offset="79" sl="619" sc="17" el="619" ec="47" />
                <SequencePoint vc="0" uspid="2211" ordinal="15" offset="88" sl="620" sc="17" el="620" ec="36" />
                <SequencePoint vc="0" uspid="2212" ordinal="16" offset="102" sl="620" sc="37" el="620" ec="38" />
                <SequencePoint vc="0" uspid="2213" ordinal="17" offset="103" sl="621" sc="21" el="621" ec="91" />
                <SequencePoint vc="0" uspid="2214" ordinal="18" offset="120" sl="624" sc="17" el="624" ec="57" />
                <SequencePoint vc="0" uspid="2215" ordinal="19" offset="131" sl="626" sc="17" el="626" ec="63" />
                <SequencePoint vc="0" uspid="2216" ordinal="20" offset="162" sl="626" sc="64" el="626" ec="65" />
                <SequencePoint vc="0" uspid="2217" ordinal="21" offset="163" sl="627" sc="21" el="627" ec="54" />
                <SequencePoint vc="0" uspid="2218" ordinal="22" offset="177" sl="628" sc="17" el="628" ec="18" />
                <SequencePoint vc="0" uspid="2219" ordinal="23" offset="178" sl="629" sc="13" el="629" ec="14" />
                <SequencePoint vc="0" uspid="2220" ordinal="24" offset="185" sl="618" sc="34" el="618" ec="36" />
                <SequencePoint vc="0" uspid="2221" ordinal="25" offset="199" sl="631" sc="13" el="631" ec="25" />
                <SequencePoint vc="0" uspid="2222" ordinal="26" offset="204" sl="632" sc="9" el="632" ec="10" />
              </SequencePoints>
              <BranchPoints>
                <BranchPoint vc="0" uspid="2223" ordinal="0" offset="33" path="0" />
                <BranchPoint vc="0" uspid="2224" ordinal="1" offset="33" path="1" />
                <BranchPoint vc="0" uspid="2225" ordinal="2" offset="100" path="0" />
                <BranchPoint vc="0" uspid="2226" ordinal="3" offset="100" path="1" />
                <BranchPoint vc="0" uspid="2227" ordinal="4" offset="160" path="0" />
                <BranchPoint vc="0" uspid="2228" ordinal="5" offset="160" path="1" />
                <BranchPoint vc="0" uspid="2229" ordinal="6" offset="197" path="0" />
                <BranchPoint vc="0" uspid="2230" ordinal="7" offset="197" path="1" />
              </BranchPoints>
              <MethodPoint xsi:type="SequencePoint" vc="0" uspid="2196" ordinal="0" offset="0" sl="606" sc="69" el="606" ec="70" />
            </Method>
            <Method visited="false" cyclomaticComplexity="2" sequenceCoverage="0" branchCoverage="0" isConstructor="false" isStatic="false" isGetter="false" isSetter="false">
              <Summary numSequencePoints="6" visitedSequencePoints="0" numBranchPoints="3" visitedBranchPoints="0" sequenceCoverage="0" branchCoverage="0" maxCyclomaticComplexity="2" minCyclomaticComplexity="2" />
              <MetadataToken>100663579</MetadataToken>
              <Name>System.Collections.Generic.List`1&lt;CombinifyWpf.Utils.FtpDirectory&gt; CombinifyWpf.Utils.FtpConnection::DirectoryList(CombinifyWpf.Utils.FtpDirectory)</Name>
              <FileRef uid="30" />
              <SequencePoints>
                <SequencePoint vc="0" uspid="2231" ordinal="0" offset="0" sl="639" sc="75" el="639" ec="76" />
                <SequencePoint vc="0" uspid="2232" ordinal="1" offset="1" sl="640" sc="13" el="640" ec="36" />
                <SequencePoint vc="0" uspid="2233" ordinal="2" offset="12" sl="640" sc="37" el="640" ec="38" />
                <SequencePoint vc="0" uspid="2234" ordinal="3" offset="13" sl="641" sc="17" el="641" ec="100" />
                <SequencePoint vc="0" uspid="2235" ordinal="4" offset="29" sl="644" sc="13" el="644" ec="69" />
                <SequencePoint vc="0" uspid="2236" ordinal="5" offset="55" sl="645" sc="9" el="645" ec="10" />
              </SequencePoints>
              <BranchPoints>
                <BranchPoint vc="0" uspid="2237" ordinal="0" offset="10" path="0" />
                <BranchPoint vc="0" uspid="2238" ordinal="1" offset="10" path="1" />
              </BranchPoints>
              <MethodPoint xsi:type="SequencePoint" vc="0" uspid="2231" ordinal="0" offset="0" sl="639" sc="75" el="639" ec="76" />
            </Method>
            <Method visited="false" cyclomaticComplexity="5" sequenceCoverage="0" branchCoverage="0" isConstructor="false" isStatic="false" isGetter="false" isSetter="false">
              <Summary numSequencePoints="27" visitedSequencePoints="0" numBranchPoints="9" visitedBranchPoints="0" sequenceCoverage="0" branchCoverage="0" maxCyclomaticComplexity="5" minCyclomaticComplexity="5" />
              <MetadataToken>100663580</MetadataToken>
              <Name>System.Collections.Generic.List`1&lt;CombinifyWpf.Utils.FtpFile&gt; CombinifyWpf.Utils.FtpConnection::FileList(System.String)</Name>
              <FileRef uid="30" />
              <SequencePoints>
                <SequencePoint vc="0" uspid="2239" ordinal="0" offset="0" sl="652" sc="59" el="652" ec="60" />
                <SequencePoint vc="0" uspid="2240" ordinal="1" offset="1" sl="653" sc="13" el="653" ec="44" />
                <SequencePoint vc="0" uspid="2241" ordinal="2" offset="7" sl="655" sc="13" el="655" ec="56" />
                <SequencePoint vc="0" uspid="2242" ordinal="3" offset="15" sl="657" sc="13" el="657" ec="44" />
                <SequencePoint vc="0" uspid="2243" ordinal="4" offset="35" sl="657" sc="45" el="657" ec="46" />
                <SequencePoint vc="0" uspid="2244" ordinal="5" offset="36" sl="658" sc="17" el="658" ec="37" />
                <SequencePoint vc="0" uspid="2245" ordinal="6" offset="42" sl="659" sc="13" el="659" ec="14" />
                <SequencePoint vc="0" uspid="2246" ordinal="7" offset="45" sl="660" sc="18" el="660" ec="19" />
                <SequencePoint vc="0" uspid="2247" ordinal="8" offset="46" sl="661" sc="17" el="661" ec="79" />
                <SequencePoint vc="0" uspid="2248" ordinal="9" offset="62" sl="662" sc="13" el="662" ec="14" />
                <SequencePoint vc="0" uspid="2249" ordinal="10" offset="63" sl="664" sc="13" el="664" ec="20" />
                <SequencePoint vc="0" uspid="2250" ordinal="11" offset="64" sl="664" sc="37" el="664" ec="43" />
                <SequencePoint vc="0" uspid="2251" ordinal="12" offset="72" sl="664" sc="22" el="664" ec="33" />
                <SequencePoint vc="0" uspid="2252" ordinal="13" offset="78" sl="664" sc="46" el="664" ec="47" />
                <SequencePoint vc="0" uspid="2253" ordinal="14" offset="79" sl="665" sc="17" el="665" ec="47" />
                <SequencePoint vc="0" uspid="2254" ordinal="15" offset="88" sl="666" sc="17" el="666" ec="36" />
                <SequencePoint vc="0" uspid="2255" ordinal="16" offset="102" sl="666" sc="37" el="666" ec="38" />
                <SequencePoint vc="0" uspid="2256" ordinal="17" offset="103" sl="667" sc="21" el="667" ec="91" />
                <SequencePoint vc="0" uspid="2257" ordinal="18" offset="120" sl="670" sc="17" el="670" ec="57" />
                <SequencePoint vc="0" uspid="2258" ordinal="19" offset="131" sl="672" sc="17" el="672" ec="58" />
                <SequencePoint vc="0" uspid="2259" ordinal="20" offset="162" sl="672" sc="59" el="672" ec="60" />
                <SequencePoint vc="0" uspid="2260" ordinal="21" offset="163" sl="673" sc="21" el="673" ec="49" />
                <SequencePoint vc="0" uspid="2261" ordinal="22" offset="177" sl="674" sc="17" el="674" ec="18" />
                <SequencePoint vc="0" uspid="2262" ordinal="23" offset="178" sl="675" sc="13" el="675" ec="14" />
                <SequencePoint vc="0" uspid="2263" ordinal="24" offset="185" sl="664" sc="34" el="664" ec="36" />
                <SequencePoint vc="0" uspid="2264" ordinal="25" offset="199" sl="677" sc="13" el="677" ec="25" />
                <SequencePoint vc="0" uspid="2265" ordinal="26" offset="204" sl="678" sc="9" el="678" ec="10" />
              </SequencePoints>
              <BranchPoints>
                <BranchPoint vc="0" uspid="2266" ordinal="0" offset="33" path="0" />
                <BranchPoint vc="0" uspid="2267" ordinal="1" offset="33" path="1" />
                <BranchPoint vc="0" uspid="2268" ordinal="2" offset="100" path="0" />
                <BranchPoint vc="0" uspid="2269" ordinal="3" offset="100" path="1" />
                <BranchPoint vc="0" uspid="2270" ordinal="4" offset="160" path="0" />
                <BranchPoint vc="0" uspid="2271" ordinal="5" offset="160" path="1" />
                <BranchPoint vc="0" uspid="2272" ordinal="6" offset="197" path="0" />
                <BranchPoint vc="0" uspid="2273" ordinal="7" offset="197" path="1" />
              </BranchPoints>
              <MethodPoint xsi:type="SequencePoint" vc="0" uspid="2239" ordinal="0" offset="0" sl="652" sc="59" el="652" ec="60" />
            </Method>
            <Method visited="false" cyclomaticComplexity="2" sequenceCoverage="0" branchCoverage="0" isConstructor="false" isStatic="false" isGetter="false" isSetter="false">
              <Summary numSequencePoints="6" visitedSequencePoints="0" numBranchPoints="3" visitedBranchPoints="0" sequenceCoverage="0" branchCoverage="0" maxCyclomaticComplexity="2" minCyclomaticComplexity="2" />
              <MetadataToken>100663581</MetadataToken>
              <Name>System.Collections.Generic.List`1&lt;CombinifyWpf.Utils.FtpFile&gt; CombinifyWpf.Utils.FtpConnection::FileList(CombinifyWpf.Utils.FtpDirectory)</Name>
              <FileRef uid="30" />
              <SequencePoints>
                <SequencePoint vc="0" uspid="2274" ordinal="0" offset="0" sl="685" sc="65" el="685" ec="66" />
                <SequencePoint vc="0" uspid="2275" ordinal="1" offset="1" sl="686" sc="13" el="686" ec="36" />
                <SequencePoint vc="0" uspid="2276" ordinal="2" offset="12" sl="686" sc="37" el="686" ec="38" />
                <SequencePoint vc="0" uspid="2277" ordinal="3" offset="13" sl="687" sc="17" el="687" ec="100" />
                <SequencePoint vc="0" uspid="2278" ordinal="4" offset="29" sl="690" sc="13" el="690" ec="64" />
                <SequencePoint vc="0" uspid="2279" ordinal="5" offset="55" sl="691" sc="9" el="691" ec="10" />
              </SequencePoints>
              <BranchPoints>
                <BranchPoint vc="0" uspid="2280" ordinal="0" offset="10" path="0" />
                <BranchPoint vc="0" uspid="2281" ordinal="1" offset="10" path="1" />
              </BranchPoints>
              <MethodPoint xsi:type="SequencePoint" vc="0" uspid="2274" ordinal="0" offset="0" sl="685" sc="65" el="685" ec="66" />
            </Method>
            <Method visited="false" cyclomaticComplexity="1" sequenceCoverage="0" branchCoverage="0" isConstructor="false" isStatic="false" isGetter="false" isSetter="false">
              <Summary numSequencePoints="4" visitedSequencePoints="0" numBranchPoints="1" visitedBranchPoints="0" sequenceCoverage="0" branchCoverage="0" maxCyclomaticComplexity="1" minCyclomaticComplexity="1" />
              <MetadataToken>100663582</MetadataToken>
              <Name>System.Void CombinifyWpf.Utils.FtpConnection::Dispose()</Name>
              <FileRef uid="30" />
              <SequencePoints>
                <SequencePoint vc="0" uspid="2282" ordinal="0" offset="0" sl="698" sc="31" el="698" ec="32" />
                <SequencePoint vc="0" uspid="2283" ordinal="1" offset="1" sl="699" sc="13" el="699" ec="29" />
                <SequencePoint vc="0" uspid="2284" ordinal="2" offset="9" sl="700" sc="13" el="700" ec="41" />
                <SequencePoint vc="0" uspid="2285" ordinal="3" offset="16" sl="701" sc="9" el="701" ec="10" />
              </SequencePoints>
              <BranchPoints />
              <MethodPoint xsi:type="SequencePoint" vc="0" uspid="2282" ordinal="0" offset="0" sl="698" sc="31" el="698" ec="32" />
            </Method>
            <Method visited="false" cyclomaticComplexity="6" sequenceCoverage="0" branchCoverage="0" isConstructor="false" isStatic="false" isGetter="false" isSetter="false">
              <Summary numSequencePoints="23" visitedSequencePoints="0" numBranchPoints="11" visitedBranchPoints="0" sequenceCoverage="0" branchCoverage="0" maxCyclomaticComplexity="6" minCyclomaticComplexity="6" />
              <MetadataToken>100663583</MetadataToken>
              <Name>System.Void CombinifyWpf.Utils.FtpConnection::Dispose(System.Boolean)</Name>
              <FileRef uid="30" />
              <SequencePoints>
                <SequencePoint vc="0" uspid="2286" ordinal="0" offset="0" sl="707" sc="58" el="707" ec="59" />
                <SequencePoint vc="0" uspid="2287" ordinal="1" offset="1" sl="708" sc="13" el="708" ec="34" />
                <SequencePoint vc="0" uspid="2288" ordinal="2" offset="11" sl="708" sc="35" el="708" ec="36" />
                <SequencePoint vc="0" uspid="2289" ordinal="3" offset="12" sl="709" sc="17" el="709" ec="32" />
                <SequencePoint vc="0" uspid="2290" ordinal="4" offset="20" sl="709" sc="33" el="709" ec="34" />
                <SequencePoint vc="0" uspid="2291" ordinal="5" offset="21" sl="710" sc="21" el="710" ec="48" />
                <SequencePoint vc="0" uspid="2292" ordinal="6" offset="34" sl="710" sc="49" el="710" ec="50" />
                <SequencePoint vc="0" uspid="2293" ordinal="7" offset="35" sl="711" sc="25" el="711" ec="46" />
                <SequencePoint vc="0" uspid="2294" ordinal="8" offset="42" sl="712" sc="21" el="712" ec="22" />
                <SequencePoint vc="0" uspid="2295" ordinal="9" offset="43" sl="714" sc="21" el="714" ec="49" />
                <SequencePoint vc="0" uspid="2296" ordinal="10" offset="56" sl="714" sc="50" el="714" ec="51" />
                <SequencePoint vc="0" uspid="2297" ordinal="11" offset="57" sl="715" sc="25" el="715" ec="48" />
                <SequencePoint vc="0" uspid="2298" ordinal="12" offset="69" sl="716" sc="25" el="716" ec="47" />
                <SequencePoint vc="0" uspid="2299" ordinal="13" offset="76" sl="717" sc="21" el="717" ec="22" />
                <SequencePoint vc="0" uspid="2300" ordinal="14" offset="77" sl="719" sc="21" el="719" ec="47" />
                <SequencePoint vc="0" uspid="2301" ordinal="15" offset="90" sl="719" sc="48" el="719" ec="49" />
                <SequencePoint vc="0" uspid="2302" ordinal="16" offset="91" sl="720" sc="25" el="720" ec="46" />
                <SequencePoint vc="0" uspid="2303" ordinal="17" offset="103" sl="721" sc="25" el="721" ec="45" />
                <SequencePoint vc="0" uspid="2304" ordinal="18" offset="110" sl="722" sc="21" el="722" ec="22" />
                <SequencePoint vc="0" uspid="2305" ordinal="19" offset="111" sl="723" sc="17" el="723" ec="18" />
                <SequencePoint vc="0" uspid="2306" ordinal="20" offset="112" sl="725" sc="17" el="725" ec="34" />
                <SequencePoint vc="0" uspid="2307" ordinal="21" offset="119" sl="726" sc="13" el="726" ec="14" />
                <SequencePoint vc="0" uspid="2308" ordinal="22" offset="120" sl="727" sc="9" el="727" ec="10" />
              </SequencePoints>
              <BranchPoints>
                <BranchPoint vc="0" uspid="2309" ordinal="0" offset="9" path="0" />
                <BranchPoint vc="0" uspid="2310" ordinal="1" offset="9" path="1" />
                <BranchPoint vc="0" uspid="2311" ordinal="2" offset="18" path="0" />
                <BranchPoint vc="0" uspid="2312" ordinal="3" offset="18" path="1" />
                <BranchPoint vc="0" uspid="2313" ordinal="4" offset="32" path="0" />
                <BranchPoint vc="0" uspid="2314" ordinal="5" offset="32" path="1" />
                <BranchPoint vc="0" uspid="2315" ordinal="6" offset="54" path="0" />
                <BranchPoint vc="0" uspid="2316" ordinal="7" offset="54" path="1" />
                <BranchPoint vc="0" uspid="2317" ordinal="8" offset="88" path="0" />
                <BranchPoint vc="0" uspid="2318" ordinal="9" offset="88" path="1" />
              </BranchPoints>
              <MethodPoint xsi:type="SequencePoint" vc="0" uspid="2286" ordinal="0" offset="0" sl="707" sc="58" el="707" ec="59" />
            </Method>
            <Method visited="false" cyclomaticComplexity="3" sequenceCoverage="0" branchCoverage="0" isConstructor="false" isStatic="false" isGetter="false" isSetter="false">
              <Summary numSequencePoints="12" visitedSequencePoints="0" numBranchPoints="5" visitedBranchPoints="0" sequenceCoverage="0" branchCoverage="0" maxCyclomaticComplexity="3" minCyclomaticComplexity="3" />
              <MetadataToken>100663584</MetadataToken>
              <Name>System.Net.FtpWebRequest CombinifyWpf.Utils.FtpConnection::GetNewRequest(System.String)</Name>
              <FileRef uid="30" />
              <SequencePoints>
                <SequencePoint vc="0" uspid="2319" ordinal="0" offset="0" sl="730" sc="60" el="730" ec="61" />
                <SequencePoint vc="0" uspid="2320" ordinal="1" offset="1" sl="731" sc="13" el="731" ec="90" />
                <SequencePoint vc="0" uspid="2321" ordinal="2" offset="23" sl="733" sc="13" el="733" ec="99" />
                <SequencePoint vc="0" uspid="2322" ordinal="3" offset="54" sl="733" sc="100" el="733" ec="101" />
                <SequencePoint vc="0" uspid="2323" ordinal="4" offset="55" sl="734" sc="17" el="734" ec="79" />
                <SequencePoint vc="0" uspid="2324" ordinal="5" offset="79" sl="735" sc="13" el="735" ec="14" />
                <SequencePoint vc="0" uspid="2325" ordinal="6" offset="80" sl="737" sc="13" el="737" ec="35" />
                <SequencePoint vc="0" uspid="2326" ordinal="7" offset="93" sl="738" sc="13" el="738" ec="34" />
                <SequencePoint vc="0" uspid="2327" ordinal="8" offset="101" sl="739" sc="13" el="739" ec="35" />
                <SequencePoint vc="0" uspid="2328" ordinal="9" offset="109" sl="740" sc="13" el="740" ec="34" />
                <SequencePoint vc="0" uspid="2329" ordinal="10" offset="117" sl="742" sc="13" el="742" ec="24" />
                <SequencePoint vc="0" uspid="2330" ordinal="11" offset="121" sl="743" sc="9" el="743" ec="10" />
              </SequencePoints>
              <BranchPoints>
                <BranchPoint vc="0" uspid="2331" ordinal="0" offset="34" path="0" />
                <BranchPoint vc="0" uspid="2332" ordinal="1" offset="34" path="1" />
                <BranchPoint vc="0" uspid="2333" ordinal="2" offset="52" path="0" />
                <BranchPoint vc="0" uspid="2334" ordinal="3" offset="52" path="1" />
              </BranchPoints>
              <MethodPoint xsi:type="SequencePoint" vc="0" uspid="2319" ordinal="0" offset="0" sl="730" sc="60" el="730" ec="61" />
            </Method>
            <Method visited="false" cyclomaticComplexity="6" sequenceCoverage="0" branchCoverage="0" isConstructor="false" isStatic="false" isGetter="false" isSetter="false">
              <Summary numSequencePoints="33" visitedSequencePoints="0" numBranchPoints="11" visitedBranchPoints="0" sequenceCoverage="0" branchCoverage="0" maxCyclomaticComplexity="6" minCyclomaticComplexity="6" />
              <MetadataToken>100663585</MetadataToken>
              <Name>System.String[] CombinifyWpf.Utils.FtpConnection::GetFtpListOutput(System.String)</Name>
              <FileRef uid="30" />
              <SequencePoints>
                <SequencePoint vc="0" uspid="2335" ordinal="0" offset="0" sl="745" sc="63" el="745" ec="64" />
                <SequencePoint vc="0" uspid="2336" ordinal="1" offset="1" sl="746" sc="13" el="746" ec="66" />
                <SequencePoint vc="0" uspid="2337" ordinal="2" offset="15" sl="746" sc="67" el="746" ec="68" />
                <SequencePoint vc="0" uspid="2338" ordinal="3" offset="16" sl="747" sc="17" el="747" ec="101" />
                <SequencePoint vc="0" uspid="2339" ordinal="4" offset="39" sl="750" sc="13" el="750" ec="63" />
                <SequencePoint vc="0" uspid="2340" ordinal="5" offset="63" sl="751" sc="13" el="751" ec="79" />
                <SequencePoint vc="0" uspid="2341" ordinal="6" offset="80" sl="752" sc="13" el="752" ec="55" />
                <SequencePoint vc="0" uspid="2342" ordinal="7" offset="86" sl="754" sc="17" el="754" ec="18" />
                <SequencePoint vc="0" uspid="2343" ordinal="8" offset="87" sl="755" sc="17" el="755" ec="80" />
                <SequencePoint vc="0" uspid="2344" ordinal="9" offset="109" sl="756" sc="17" el="756" ec="67" />
                <SequencePoint vc="0" uspid="2345" ordinal="10" offset="126" sl="757" sc="24" el="757" ec="81" />
                <SequencePoint vc="0" uspid="2346" ordinal="11" offset="138" sl="757" sc="84" el="757" ec="85" />
                <SequencePoint vc="0" uspid="2347" ordinal="12" offset="141" sl="758" sc="53" el="758" ec="54" />
                <SequencePoint vc="0" uspid="2348" ordinal="13" offset="142" sl="759" sc="25" el="759" ec="61" />
                <SequencePoint vc="0" uspid="2349" ordinal="14" offset="155" sl="760" sc="21" el="760" ec="22" />
                <SequencePoint vc="0" uspid="2350" ordinal="15" offset="156" sl="758" sc="21" el="758" ec="52" />
                <SequencePoint vc="0" uspid="2351" ordinal="16" offset="174" sl="761" sc="17" el="761" ec="18" />
                <SequencePoint vc="0" uspid="2352" ordinal="17" offset="196" sl="763" sc="17" el="763" ec="42" />
                <SequencePoint vc="0" uspid="2353" ordinal="18" offset="205" sl="765" sc="13" el="765" ec="33" />
                <SequencePoint vc="0" uspid="2354" ordinal="19" offset="206" sl="765" sc="34" el="765" ec="35" />
                <SequencePoint vc="0" uspid="2355" ordinal="20" offset="207" sl="766" sc="17" el="766" ec="44" />
                <SequencePoint vc="0" uspid="2356" ordinal="21" offset="229" sl="768" sc="21" el="768" ec="22" />
                <SequencePoint vc="0" uspid="2357" ordinal="22" offset="230" sl="769" sc="17" el="769" ec="45" />
                <SequencePoint vc="0" uspid="2358" ordinal="23" offset="245" sl="769" sc="46" el="769" ec="47" />
                <SequencePoint vc="0" uspid="2359" ordinal="24" offset="246" sl="769" sc="48" el="769" ec="71" />
                <SequencePoint vc="0" uspid="2360" ordinal="25" offset="258" sl="769" sc="72" el="769" ec="73" />
                <SequencePoint vc="0" uspid="2361" ordinal="26" offset="259" sl="770" sc="17" el="770" ec="43" />
                <SequencePoint vc="0" uspid="2362" ordinal="27" offset="274" sl="770" sc="44" el="770" ec="45" />
                <SequencePoint vc="0" uspid="2363" ordinal="28" offset="275" sl="770" sc="46" el="770" ec="67" />
                <SequencePoint vc="0" uspid="2364" ordinal="29" offset="287" sl="770" sc="68" el="770" ec="69" />
                <SequencePoint vc="0" uspid="2365" ordinal="30" offset="288" sl="771" sc="17" el="771" ec="38" />
                <SequencePoint vc="0" uspid="2366" ordinal="31" offset="295" sl="772" sc="13" el="772" ec="14" />
                <SequencePoint vc="0" uspid="2367" ordinal="32" offset="298" sl="773" sc="9" el="773" ec="10" />
              </SequencePoints>
              <BranchPoints>
                <BranchPoint vc="0" uspid="2368" ordinal="0" offset="13" path="0" />
                <BranchPoint vc="0" uspid="2369" ordinal="1" offset="13" path="1" />
                <BranchPoint vc="0" uspid="2370" ordinal="2" offset="172" path="0" />
                <BranchPoint vc="0" uspid="2371" ordinal="3" offset="172" path="1" />
                <BranchPoint vc="0" uspid="2372" ordinal="4" offset="185" path="0" />
                <BranchPoint vc="0" uspid="2373" ordinal="5" offset="185" path="1" />
                <BranchPoint vc="0" uspid="2374" ordinal="6" offset="243" path="0" />
                <BranchPoint vc="0" uspid="2375" ordinal="7" offset="243" path="1" />
                <BranchPoint vc="0" uspid="2376" ordinal="8" offset="272" path="0" />
                <BranchPoint vc="0" uspid="2377" ordinal="9" offset="272" path="1" />
              </BranchPoints>
              <MethodPoint xsi:type="SequencePoint" vc="0" uspid="2335" ordinal="0" offset="0" sl="745" sc="63" el="745" ec="64" />
            </Method>
            <Method visited="false" cyclomaticComplexity="3" sequenceCoverage="0" branchCoverage="0" isConstructor="false" isStatic="false" isGetter="false" isSetter="false">
              <Summary numSequencePoints="14" visitedSequencePoints="0" numBranchPoints="5" visitedBranchPoints="0" sequenceCoverage="0" branchCoverage="0" maxCyclomaticComplexity="3" minCyclomaticComplexity="3" />
              <MetadataToken>100663586</MetadataToken>
              <Name>System.Text.RegularExpressions.Match CombinifyWpf.Utils.FtpConnection::LineMatch(System.String)</Name>
              <FileRef uid="30" />
              <SequencePoints>
                <SequencePoint vc="0" uspid="2378" ordinal="0" offset="0" sl="775" sc="48" el="775" ec="49" />
                <SequencePoint vc="0" uspid="2379" ordinal="1" offset="1" sl="778" sc="13" el="778" ec="20" />
                <SequencePoint vc="0" uspid="2380" ordinal="2" offset="2" sl="778" sc="34" el="778" ec="45" />
                <SequencePoint vc="0" uspid="2381" ordinal="3" offset="15" sl="778" sc="22" el="778" ec="30" />
                <SequencePoint vc="0" uspid="2382" ordinal="4" offset="21" sl="778" sc="48" el="778" ec="49" />
                <SequencePoint vc="0" uspid="2383" ordinal="5" offset="22" sl="779" sc="17" el="779" ec="38" />
                <SequencePoint vc="0" uspid="2384" ordinal="6" offset="29" sl="780" sc="17" el="780" ec="43" />
                <SequencePoint vc="0" uspid="2385" ordinal="7" offset="37" sl="781" sc="17" el="781" ec="36" />
                <SequencePoint vc="0" uspid="2386" ordinal="8" offset="52" sl="781" sc="37" el="781" ec="38" />
                <SequencePoint vc="0" uspid="2387" ordinal="9" offset="53" sl="782" sc="21" el="782" ec="34" />
                <SequencePoint vc="0" uspid="2388" ordinal="10" offset="57" sl="784" sc="13" el="784" ec="14" />
                <SequencePoint vc="0" uspid="2389" ordinal="11" offset="64" sl="778" sc="31" el="778" ec="33" />
                <SequencePoint vc="0" uspid="2390" ordinal="12" offset="78" sl="786" sc="13" el="786" ec="25" />
                <SequencePoint vc="0" uspid="2391" ordinal="13" offset="83" sl="787" sc="9" el="787" ec="10" />
              </SequencePoints>
              <BranchPoints>
                <BranchPoint vc="0" uspid="2392" ordinal="0" offset="50" path="0" />
                <BranchPoint vc="0" uspid="2393" ordinal="1" offset="50" path="1" />
                <BranchPoint vc="0" uspid="2394" ordinal="2" offset="76" path="0" />
                <BranchPoint vc="0" uspid="2395" ordinal="3" offset="76" path="1" />
              </BranchPoints>
              <MethodPoint xsi:type="SequencePoint" vc="0" uspid="2378" ordinal="0" offset="0" sl="775" sc="48" el="775" ec="49" />
            </Method>
            <Method visited="false" cyclomaticComplexity="6" sequenceCoverage="0" branchCoverage="0" isConstructor="false" isStatic="false" isGetter="false" isSetter="false">
              <Summary numSequencePoints="11" visitedSequencePoints="0" numBranchPoints="11" visitedBranchPoints="0" sequenceCoverage="0" branchCoverage="0" maxCyclomaticComplexity="6" minCyclomaticComplexity="6" />
              <MetadataToken>100663587</MetadataToken>
              <Name>System.DateTime CombinifyWpf.Utils.FtpConnection::ParseTimestamp(System.Text.RegularExpressions.Match)</Name>
              <FileRef uid="30" />
              <SequencePoints>
                <SequencePoint vc="0" uspid="2396" ordinal="0" offset="0" sl="789" sc="56" el="789" ec="57" />
                <SequencePoint vc="0" uspid="2397" ordinal="1" offset="1" sl="790" sc="13" el="790" ec="68" />
                <SequencePoint vc="0" uspid="2398" ordinal="2" offset="41" sl="790" sc="69" el="790" ec="70" />
                <SequencePoint vc="0" uspid="2399" ordinal="3" offset="42" sl="791" sc="17" el="791" ec="81" />
                <SequencePoint vc="0" uspid="2400" ordinal="4" offset="58" sl="794" sc="13" el="796" ec="66" />
                <SequencePoint vc="0" uspid="2401" ordinal="5" offset="134" sl="797" sc="13" el="799" ec="64" />
                <SequencePoint vc="0" uspid="2402" ordinal="6" offset="197" sl="800" sc="13" el="800" ec="67" />
                <SequencePoint vc="0" uspid="2403" ordinal="7" offset="225" sl="801" sc="13" el="803" ec="66" />
                <SequencePoint vc="0" uspid="2404" ordinal="8" offset="289" sl="804" sc="13" el="806" ec="67" />
                <SequencePoint vc="0" uspid="2405" ordinal="9" offset="354" sl="808" sc="13" el="808" ec="67" />
                <SequencePoint vc="0" uspid="2406" ordinal="10" offset="370" sl="809" sc="9" el="809" ec="10" />
              </SequencePoints>
              <BranchPoints>
                <BranchPoint vc="0" uspid="2407" ordinal="0" offset="39" path="0" />
                <BranchPoint vc="0" uspid="2408" ordinal="1" offset="39" path="1" />
                <BranchPoint vc="0" uspid="2409" ordinal="2" offset="89" path="0" />
                <BranchPoint vc="0" uspid="2410" ordinal="3" offset="89" path="1" />
                <BranchPoint vc="0" uspid="2411" ordinal="4" offset="165" path="0" />
                <BranchPoint vc="0" uspid="2412" ordinal="5" offset="165" path="1" />
                <BranchPoint vc="0" uspid="2413" ordinal="6" offset="256" path="0" />
                <BranchPoint vc="0" uspid="2414" ordinal="7" offset="256" path="1" />
                <BranchPoint vc="0" uspid="2415" ordinal="8" offset="320" path="0" />
                <BranchPoint vc="0" uspid="2416" ordinal="9" offset="320" path="1" />
              </BranchPoints>
              <MethodPoint xsi:type="SequencePoint" vc="0" uspid="2396" ordinal="0" offset="0" sl="789" sc="56" el="789" ec="57" />
            </Method>
            <Method visited="false" cyclomaticComplexity="2" sequenceCoverage="0" branchCoverage="0" isConstructor="false" isStatic="false" isGetter="false" isSetter="false">
              <Summary numSequencePoints="6" visitedSequencePoints="0" numBranchPoints="3" visitedBranchPoints="0" sequenceCoverage="0" branchCoverage="0" maxCyclomaticComplexity="2" minCyclomaticComplexity="2" />
              <MetadataToken>100663588</MetadataToken>
              <Name>System.Int32 CombinifyWpf.Utils.FtpConnection::GetMonth(System.String)</Name>
              <FileRef uid="30" />
              <SequencePoints>
                <SequencePoint vc="0" uspid="2417" ordinal="0" offset="0" sl="811" sc="46" el="811" ec="47" />
                <SequencePoint vc="0" uspid="2418" ordinal="1" offset="1" sl="813" sc="13" el="813" ec="47" />
                <SequencePoint vc="0" uspid="2419" ordinal="2" offset="16" sl="813" sc="48" el="813" ec="49" />
                <SequencePoint vc="0" uspid="2420" ordinal="3" offset="17" sl="814" sc="17" el="814" ec="26" />
                <SequencePoint vc="0" uspid="2421" ordinal="4" offset="21" sl="817" sc="13" el="817" ec="92" />
                <SequencePoint vc="0" uspid="2422" ordinal="5" offset="48" sl="818" sc="9" el="818" ec="10" />
              </SequencePoints>
              <BranchPoints>
                <BranchPoint vc="0" uspid="2423" ordinal="0" offset="14" path="0" />
                <BranchPoint vc="0" uspid="2424" ordinal="1" offset="14" path="1" />
              </BranchPoints>
              <MethodPoint xsi:type="SequencePoint" vc="0" uspid="2417" ordinal="0" offset="0" sl="811" sc="46" el="811" ec="47" />
            </Method>
            <Method visited="false" cyclomaticComplexity="6" sequenceCoverage="0" branchCoverage="0" isConstructor="false" isStatic="false" isGetter="false" isSetter="false">
              <Summary numSequencePoints="20" visitedSequencePoints="0" numBranchPoints="9" visitedBranchPoints="0" sequenceCoverage="0" branchCoverage="0" maxCyclomaticComplexity="6" minCyclomaticComplexity="6" />
              <MetadataToken>100663589</MetadataToken>
              <Name>CombinifyWpf.Utils.FtpItem CombinifyWpf.Utils.FtpConnection::BuildItem(System.Text.RegularExpressions.Match,System.String)</Name>
              <FileRef uid="30" />
              <SequencePoints>
                <SequencePoint vc="0" uspid="2425" ordinal="0" offset="0" sl="820" sc="63" el="820" ec="64" />
                <SequencePoint vc="0" uspid="2426" ordinal="1" offset="1" sl="823" sc="13" el="823" ec="47" />
                <SequencePoint vc="0" uspid="2427" ordinal="2" offset="7" sl="825" sc="13" el="826" ec="62" />
                <SequencePoint vc="0" uspid="2428" ordinal="3" offset="83" sl="826" sc="63" el="826" ec="64" />
                <SequencePoint vc="0" uspid="2429" ordinal="4" offset="84" sl="827" sc="17" el="827" ec="38" />
                <SequencePoint vc="0" uspid="2430" ordinal="5" offset="90" sl="828" sc="13" el="828" ec="14" />
                <SequencePoint vc="0" uspid="2431" ordinal="6" offset="93" sl="829" sc="18" el="829" ec="19" />
                <SequencePoint vc="0" uspid="2432" ordinal="7" offset="94" sl="830" sc="17" el="830" ec="43" />
                <SequencePoint vc="0" uspid="2433" ordinal="8" offset="100" sl="831" sc="13" el="831" ec="14" />
                <SequencePoint vc="0" uspid="2434" ordinal="9" offset="101" sl="833" sc="13" el="833" ec="100" />
                <SequencePoint vc="0" uspid="2435" ordinal="10" offset="142" sl="834" sc="13" el="834" ec="56" />
                <SequencePoint vc="0" uspid="2436" ordinal="11" offset="170" sl="835" sc="13" el="835" ec="30" />
                <SequencePoint vc="0" uspid="2437" ordinal="12" offset="183" sl="836" sc="13" el="836" ec="54" />
                <SequencePoint vc="0" uspid="2438" ordinal="13" offset="211" sl="837" sc="13" el="837" ec="56" />
                <SequencePoint vc="0" uspid="2439" ordinal="14" offset="239" sl="838" sc="13" el="838" ec="30" />
                <SequencePoint vc="0" uspid="2440" ordinal="15" offset="247" sl="839" sc="13" el="839" ec="67" />
                <SequencePoint vc="0" uspid="2441" ordinal="16" offset="275" sl="840" sc="13" el="840" ec="92" />
                <SequencePoint vc="0" uspid="2442" ordinal="17" offset="317" sl="841" sc="13" el="841" ec="54" />
                <SequencePoint vc="0" uspid="2443" ordinal="18" offset="336" sl="843" sc="13" el="843" ec="25" />
                <SequencePoint vc="0" uspid="2444" ordinal="19" offset="340" sl="844" sc="9" el="844" ec="10" />
              </SequencePoints>
              <BranchPoints>
                <BranchPoint vc="0" uspid="2445" ordinal="0" offset="38" path="0" />
                <BranchPoint vc="0" uspid="2446" ordinal="1" offset="38" path="1" />
                <BranchPoint vc="0" uspid="2447" ordinal="2" offset="81" path="0" />
                <BranchPoint vc="0" uspid="2448" ordinal="3" offset="81" path="1" />
                <BranchPoint vc="0" uspid="2449" ordinal="4" offset="130" path="0" />
                <BranchPoint vc="0" uspid="2450" ordinal="5" offset="130" path="1" />
                <BranchPoint vc="0" uspid="2451" ordinal="6" offset="304" path="0" />
                <BranchPoint vc="0" uspid="2452" ordinal="7" offset="304" path="1" />
              </BranchPoints>
              <MethodPoint xsi:type="SequencePoint" vc="0" uspid="2425" ordinal="0" offset="0" sl="820" sc="63" el="820" ec="64" />
            </Method>
            <Method visited="false" cyclomaticComplexity="1" sequenceCoverage="0" branchCoverage="0" isConstructor="false" isStatic="false" isGetter="false" isSetter="false">
              <Summary numSequencePoints="3" visitedSequencePoints="0" numBranchPoints="1" visitedBranchPoints="0" sequenceCoverage="0" branchCoverage="0" maxCyclomaticComplexity="1" minCyclomaticComplexity="1" />
              <MetadataToken>100663590</MetadataToken>
              <Name>System.Boolean CombinifyWpf.Utils.FtpConnection::OnValidateCertificate(System.Object,System.Security.Cryptography.X509Certificates.X509Certificate,System.Security.Cryptography.X509Certificates.X509Chain,System.Net.Security.SslPolicyErrors)</Name>
              <FileRef uid="30" />
              <SequencePoints>
                <SequencePoint vc="0" uspid="2453" ordinal="0" offset="0" sl="846" sc="140" el="846" ec="141" />
                <SequencePoint vc="0" uspid="2454" ordinal="1" offset="1" sl="847" sc="13" el="847" ec="25" />
                <SequencePoint vc="0" uspid="2455" ordinal="2" offset="5" sl="848" sc="9" el="848" ec="10" />
              </SequencePoints>
              <BranchPoints />
              <MethodPoint xsi:type="SequencePoint" vc="0" uspid="2453" ordinal="0" offset="0" sl="846" sc="140" el="846" ec="141" />
            </Method>
            <Method visited="false" cyclomaticComplexity="1" sequenceCoverage="0" branchCoverage="0" isConstructor="false" isStatic="true" isGetter="false" isSetter="false">
              <Summary numSequencePoints="1" visitedSequencePoints="0" numBranchPoints="1" visitedBranchPoints="0" sequenceCoverage="0" branchCoverage="0" maxCyclomaticComplexity="1" minCyclomaticComplexity="1" />
              <MetadataToken>100663591</MetadataToken>
              <Name>System.String CombinifyWpf.Utils.FtpConnection::&lt;SimpleDirectoryList&gt;b__0(CombinifyWpf.Utils.FtpDirectory)</Name>
              <FileRef uid="30" />
              <SequencePoints>
                <SequencePoint vc="0" uspid="2456" ordinal="0" offset="0" sl="567" sc="60" el="567" ec="66" />
              </SequencePoints>
              <BranchPoints />
              <MethodPoint xsi:type="SequencePoint" vc="0" uspid="2456" ordinal="0" offset="0" sl="567" sc="60" el="567" ec="66" />
            </Method>
            <Method visited="false" cyclomaticComplexity="1" sequenceCoverage="0" branchCoverage="0" isConstructor="false" isStatic="true" isGetter="false" isSetter="false">
              <Summary numSequencePoints="1" visitedSequencePoints="0" numBranchPoints="1" visitedBranchPoints="0" sequenceCoverage="0" branchCoverage="0" maxCyclomaticComplexity="1" minCyclomaticComplexity="1" />
              <MetadataToken>100663592</MetadataToken>
              <Name>System.String CombinifyWpf.Utils.FtpConnection::&lt;SimpleFileList&gt;b__2(CombinifyWpf.Utils.FtpFile)</Name>
              <FileRef uid="30" />
              <SequencePoints>
                <SequencePoint vc="0" uspid="2457" ordinal="0" offset="0" sl="589" sc="55" el="589" ec="61" />
              </SequencePoints>
              <BranchPoints />
              <MethodPoint xsi:type="SequencePoint" vc="0" uspid="2457" ordinal="0" offset="0" sl="589" sc="55" el="589" ec="61" />
            </Method>
            <Method visited="false" cyclomaticComplexity="1" sequenceCoverage="0" branchCoverage="0" isConstructor="false" isStatic="true" isGetter="false" isSetter="false">
              <Summary numSequencePoints="1" visitedSequencePoints="0" numBranchPoints="1" visitedBranchPoints="0" sequenceCoverage="0" branchCoverage="0" maxCyclomaticComplexity="1" minCyclomaticComplexity="1" />
              <MetadataToken>100663593</MetadataToken>
              <Name>System.String CombinifyWpf.Utils.FtpConnection::&lt;SimpleFileList&gt;b__4(CombinifyWpf.Utils.FtpFile)</Name>
              <FileRef uid="30" />
              <SequencePoints>
                <SequencePoint vc="0" uspid="2458" ordinal="0" offset="0" sl="598" sc="55" el="598" ec="61" />
              </SequencePoints>
              <BranchPoints />
              <MethodPoint xsi:type="SequencePoint" vc="0" uspid="2458" ordinal="0" offset="0" sl="598" sc="55" el="598" ec="61" />
            </Method>
          </Methods>
        </Class>
        <Class>
          <Summary numSequencePoints="49" visitedSequencePoints="0" numBranchPoints="22" visitedBranchPoints="0" sequenceCoverage="0" branchCoverage="0" maxCyclomaticComplexity="5" minCyclomaticComplexity="1" />
          <FullName>CombinifyWpf.Utils.FtpItem</FullName>
          <Methods>
            <Method visited="false" cyclomaticComplexity="3" sequenceCoverage="0" branchCoverage="0" isConstructor="false" isStatic="false" isGetter="true" isSetter="false">
              <Summary numSequencePoints="3" visitedSequencePoints="0" numBranchPoints="3" visitedBranchPoints="0" sequenceCoverage="0" branchCoverage="0" maxCyclomaticComplexity="3" minCyclomaticComplexity="3" />
              <MetadataToken>100663595</MetadataToken>
              <Name>System.String CombinifyWpf.Utils.FtpItem::get_Host()</Name>
              <FileRef uid="31" />
              <SequencePoints>
                <SequencePoint vc="0" uspid="2459" ordinal="0" offset="0" sl="61" sc="17" el="61" ec="18" />
                <SequencePoint vc="0" uspid="2460" ordinal="1" offset="1" sl="61" sc="19" el="61" ec="81" />
                <SequencePoint vc="0" uspid="2461" ordinal="2" offset="45" sl="61" sc="82" el="61" ec="83" />
              </SequencePoints>
              <BranchPoints>
                <BranchPoint vc="0" uspid="2462" ordinal="0" offset="23" path="0" />
                <BranchPoint vc="0" uspid="2463" ordinal="1" offset="23" path="1" />
              </BranchPoints>
              <MethodPoint xsi:type="SequencePoint" vc="0" uspid="2459" ordinal="0" offset="0" sl="61" sc="17" el="61" ec="18" />
            </Method>
            <Method visited="false" cyclomaticComplexity="1" sequenceCoverage="0" branchCoverage="0" isConstructor="false" isStatic="false" isGetter="false" isSetter="true">
              <Summary numSequencePoints="3" visitedSequencePoints="0" numBranchPoints="1" visitedBranchPoints="0" sequenceCoverage="0" branchCoverage="0" maxCyclomaticComplexity="1" minCyclomaticComplexity="1" />
              <MetadataToken>100663596</MetadataToken>
              <Name>System.Void CombinifyWpf.Utils.FtpItem::set_Host(System.String)</Name>
              <FileRef uid="31" />
              <SequencePoints>
                <SequencePoint vc="0" uspid="2464" ordinal="0" offset="0" sl="62" sc="17" el="62" ec="18" />
                <SequencePoint vc="0" uspid="2465" ordinal="1" offset="1" sl="62" sc="19" el="62" ec="38" />
                <SequencePoint vc="0" uspid="2466" ordinal="2" offset="8" sl="62" sc="39" el="62" ec="40" />
              </SequencePoints>
              <BranchPoints />
              <MethodPoint xsi:type="SequencePoint" vc="0" uspid="2464" ordinal="0" offset="0" sl="62" sc="17" el="62" ec="18" />
            </Method>
            <Method visited="false" cyclomaticComplexity="4" sequenceCoverage="0" branchCoverage="0" isConstructor="false" isStatic="false" isGetter="true" isSetter="false">
              <Summary numSequencePoints="6" visitedSequencePoints="0" numBranchPoints="5" visitedBranchPoints="0" sequenceCoverage="0" branchCoverage="0" maxCyclomaticComplexity="4" minCyclomaticComplexity="4" />
              <MetadataToken>100663597</MetadataToken>
              <Name>System.String CombinifyWpf.Utils.FtpItem::get_Path()</Name>
              <FileRef uid="31" />
              <SequencePoints>
                <SequencePoint vc="0" uspid="2467" ordinal="0" offset="0" sl="69" sc="17" el="69" ec="18" />
                <SequencePoint vc="0" uspid="2468" ordinal="1" offset="1" sl="70" sc="17" el="70" ec="49" />
                <SequencePoint vc="0" uspid="2469" ordinal="2" offset="24" sl="70" sc="50" el="70" ec="51" />
                <SequencePoint vc="0" uspid="2470" ordinal="3" offset="25" sl="73" sc="21" el="73" ec="41" />
                <SequencePoint vc="0" uspid="2471" ordinal="4" offset="33" sl="76" sc="17" el="76" ec="79" />
                <SequencePoint vc="0" uspid="2472" ordinal="5" offset="77" sl="77" sc="13" el="77" ec="14" />
              </SequencePoints>
              <BranchPoints>
                <BranchPoint vc="0" uspid="2473" ordinal="0" offset="22" path="0" />
                <BranchPoint vc="0" uspid="2474" ordinal="1" offset="22" path="1" />
                <BranchPoint vc="0" uspid="2475" ordinal="2" offset="55" path="0" />
                <BranchPoint vc="0" uspid="2476" ordinal="3" offset="55" path="1" />
              </BranchPoints>
              <MethodPoint xsi:type="SequencePoint" vc="0" uspid="2467" ordinal="0" offset="0" sl="69" sc="17" el="69" ec="18" />
            </Method>
            <Method visited="false" cyclomaticComplexity="1" sequenceCoverage="0" branchCoverage="0" isConstructor="false" isStatic="false" isGetter="false" isSetter="true">
              <Summary numSequencePoints="3" visitedSequencePoints="0" numBranchPoints="1" visitedBranchPoints="0" sequenceCoverage="0" branchCoverage="0" maxCyclomaticComplexity="1" minCyclomaticComplexity="1" />
              <MetadataToken>100663598</MetadataToken>
              <Name>System.Void CombinifyWpf.Utils.FtpItem::set_Path(System.String)</Name>
              <FileRef uid="31" />
              <SequencePoints>
                <SequencePoint vc="0" uspid="2477" ordinal="0" offset="0" sl="79" sc="17" el="79" ec="18" />
                <SequencePoint vc="0" uspid="2478" ordinal="1" offset="1" sl="79" sc="19" el="79" ec="38" />
                <SequencePoint vc="0" uspid="2479" ordinal="2" offset="8" sl="79" sc="39" el="79" ec="40" />
              </SequencePoints>
              <BranchPoints />
              <MethodPoint xsi:type="SequencePoint" vc="0" uspid="2477" ordinal="0" offset="0" sl="79" sc="17" el="79" ec="18" />
            </Method>
            <Method visited="false" cyclomaticComplexity="1" sequenceCoverage="0" branchCoverage="0" isConstructor="false" isStatic="false" isGetter="true" isSetter="false">
              <Summary numSequencePoints="3" visitedSequencePoints="0" numBranchPoints="1" visitedBranchPoints="0" sequenceCoverage="0" branchCoverage="0" maxCyclomaticComplexity="1" minCyclomaticComplexity="1" />
              <MetadataToken>100663599</MetadataToken>
              <Name>System.String CombinifyWpf.Utils.FtpItem::get_Canonical()</Name>
              <FileRef uid="31" />
              <SequencePoints>
                <SequencePoint vc="0" uspid="2480" ordinal="0" offset="0" sl="86" sc="17" el="86" ec="18" />
                <SequencePoint vc="0" uspid="2481" ordinal="1" offset="1" sl="86" sc="19" el="86" ec="56" />
                <SequencePoint vc="0" uspid="2482" ordinal="2" offset="32" sl="86" sc="57" el="86" ec="58" />
              </SequencePoints>
              <BranchPoints />
              <MethodPoint xsi:type="SequencePoint" vc="0" uspid="2480" ordinal="0" offset="0" sl="86" sc="17" el="86" ec="18" />
            </Method>
            <Method visited="false" cyclomaticComplexity="1" sequenceCoverage="0" branchCoverage="0" isConstructor="false" isStatic="false" isGetter="true" isSetter="false">
              <Summary numSequencePoints="0" visitedSequencePoints="0" numBranchPoints="0" visitedBranchPoints="0" sequenceCoverage="0" branchCoverage="0" maxCyclomaticComplexity="1" minCyclomaticComplexity="1" />
              <MetadataToken>100663600</MetadataToken>
              <Name>System.String CombinifyWpf.Utils.FtpItem::get_Permissions()</Name>
              <SequencePoints />
              <BranchPoints />
              <MethodPoint vc="0" uspid="2483" ordinal="0" offset="0" />
            </Method>
            <Method visited="false" cyclomaticComplexity="1" sequenceCoverage="0" branchCoverage="0" isConstructor="false" isStatic="false" isGetter="false" isSetter="true">
              <Summary numSequencePoints="0" visitedSequencePoints="0" numBranchPoints="0" visitedBranchPoints="0" sequenceCoverage="0" branchCoverage="0" maxCyclomaticComplexity="1" minCyclomaticComplexity="1" />
              <MetadataToken>100663601</MetadataToken>
              <Name>System.Void CombinifyWpf.Utils.FtpItem::set_Permissions(System.String)</Name>
              <SequencePoints />
              <BranchPoints />
              <MethodPoint vc="0" uspid="2484" ordinal="0" offset="0" />
            </Method>
            <Method visited="false" cyclomaticComplexity="1" sequenceCoverage="0" branchCoverage="0" isConstructor="false" isStatic="false" isGetter="true" isSetter="false">
              <Summary numSequencePoints="0" visitedSequencePoints="0" numBranchPoints="0" visitedBranchPoints="0" sequenceCoverage="0" branchCoverage="0" maxCyclomaticComplexity="1" minCyclomaticComplexity="1" />
              <MetadataToken>100663602</MetadataToken>
              <Name>System.Int32 CombinifyWpf.Utils.FtpItem::get_FileCode()</Name>
              <SequencePoints />
              <BranchPoints />
              <MethodPoint vc="0" uspid="2485" ordinal="0" offset="0" />
            </Method>
            <Method visited="false" cyclomaticComplexity="1" sequenceCoverage="0" branchCoverage="0" isConstructor="false" isStatic="false" isGetter="false" isSetter="true">
              <Summary numSequencePoints="0" visitedSequencePoints="0" numBranchPoints="0" visitedBranchPoints="0" sequenceCoverage="0" branchCoverage="0" maxCyclomaticComplexity="1" minCyclomaticComplexity="1" />
              <MetadataToken>100663603</MetadataToken>
              <Name>System.Void CombinifyWpf.Utils.FtpItem::set_FileCode(System.Int32)</Name>
              <SequencePoints />
              <BranchPoints />
              <MethodPoint vc="0" uspid="2486" ordinal="0" offset="0" />
            </Method>
            <Method visited="false" cyclomaticComplexity="1" sequenceCoverage="0" branchCoverage="0" isConstructor="false" isStatic="false" isGetter="true" isSetter="false">
              <Summary numSequencePoints="0" visitedSequencePoints="0" numBranchPoints="0" visitedBranchPoints="0" sequenceCoverage="0" branchCoverage="0" maxCyclomaticComplexity="1" minCyclomaticComplexity="1" />
              <MetadataToken>100663604</MetadataToken>
              <Name>System.String CombinifyWpf.Utils.FtpItem::get_Owner()</Name>
              <SequencePoints />
              <BranchPoints />
              <MethodPoint vc="0" uspid="2487" ordinal="0" offset="0" />
            </Method>
            <Method visited="false" cyclomaticComplexity="1" sequenceCoverage="0" branchCoverage="0" isConstructor="false" isStatic="false" isGetter="false" isSetter="true">
              <Summary numSequencePoints="0" visitedSequencePoints="0" numBranchPoints="0" visitedBranchPoints="0" sequenceCoverage="0" branchCoverage="0" maxCyclomaticComplexity="1" minCyclomaticComplexity="1" />
              <MetadataToken>100663605</MetadataToken>
              <Name>System.Void CombinifyWpf.Utils.FtpItem::set_Owner(System.String)</Name>
              <SequencePoints />
              <BranchPoints />
              <MethodPoint vc="0" uspid="2488" ordinal="0" offset="0" />
            </Method>
            <Method visited="false" cyclomaticComplexity="1" sequenceCoverage="0" branchCoverage="0" isConstructor="false" isStatic="false" isGetter="true" isSetter="false">
              <Summary numSequencePoints="0" visitedSequencePoints="0" numBranchPoints="0" visitedBranchPoints="0" sequenceCoverage="0" branchCoverage="0" maxCyclomaticComplexity="1" minCyclomaticComplexity="1" />
              <MetadataToken>100663606</MetadataToken>
              <Name>System.String CombinifyWpf.Utils.FtpItem::get_Group()</Name>
              <SequencePoints />
              <BranchPoints />
              <MethodPoint vc="0" uspid="2489" ordinal="0" offset="0" />
            </Method>
            <Method visited="false" cyclomaticComplexity="1" sequenceCoverage="0" branchCoverage="0" isConstructor="false" isStatic="false" isGetter="false" isSetter="true">
              <Summary numSequencePoints="0" visitedSequencePoints="0" numBranchPoints="0" visitedBranchPoints="0" sequenceCoverage="0" branchCoverage="0" maxCyclomaticComplexity="1" minCyclomaticComplexity="1" />
              <MetadataToken>100663607</MetadataToken>
              <Name>System.Void CombinifyWpf.Utils.FtpItem::set_Group(System.String)</Name>
              <SequencePoints />
              <BranchPoints />
              <MethodPoint vc="0" uspid="2490" ordinal="0" offset="0" />
            </Method>
            <Method visited="false" cyclomaticComplexity="1" sequenceCoverage="0" branchCoverage="0" isConstructor="false" isStatic="false" isGetter="true" isSetter="false">
              <Summary numSequencePoints="0" visitedSequencePoints="0" numBranchPoints="0" visitedBranchPoints="0" sequenceCoverage="0" branchCoverage="0" maxCyclomaticComplexity="1" minCyclomaticComplexity="1" />
              <MetadataToken>100663608</MetadataToken>
              <Name>System.Int64 CombinifyWpf.Utils.FtpItem::get_Size()</Name>
              <SequencePoints />
              <BranchPoints />
              <MethodPoint vc="0" uspid="2491" ordinal="0" offset="0" />
            </Method>
            <Method visited="false" cyclomaticComplexity="1" sequenceCoverage="0" branchCoverage="0" isConstructor="false" isStatic="false" isGetter="false" isSetter="true">
              <Summary numSequencePoints="0" visitedSequencePoints="0" numBranchPoints="0" visitedBranchPoints="0" sequenceCoverage="0" branchCoverage="0" maxCyclomaticComplexity="1" minCyclomaticComplexity="1" />
              <MetadataToken>100663609</MetadataToken>
              <Name>System.Void CombinifyWpf.Utils.FtpItem::set_Size(System.Int64)</Name>
              <SequencePoints />
              <BranchPoints />
              <MethodPoint vc="0" uspid="2492" ordinal="0" offset="0" />
            </Method>
            <Method visited="false" cyclomaticComplexity="1" sequenceCoverage="0" branchCoverage="0" isConstructor="false" isStatic="false" isGetter="true" isSetter="false">
              <Summary numSequencePoints="3" visitedSequencePoints="0" numBranchPoints="1" visitedBranchPoints="0" sequenceCoverage="0" branchCoverage="0" maxCyclomaticComplexity="1" minCyclomaticComplexity="1" />
              <MetadataToken>100663610</MetadataToken>
              <Name>System.String CombinifyWpf.Utils.FtpItem::get_FormattedSize()</Name>
              <FileRef uid="31" />
              <SequencePoints>
                <SequencePoint vc="0" uspid="2493" ordinal="0" offset="0" sl="118" sc="17" el="118" ec="18" />
                <SequencePoint vc="0" uspid="2494" ordinal="1" offset="1" sl="118" sc="19" el="118" ec="47" />
                <SequencePoint vc="0" uspid="2495" ordinal="2" offset="16" sl="118" sc="48" el="118" ec="49" />
              </SequencePoints>
              <BranchPoints />
              <MethodPoint xsi:type="SequencePoint" vc="0" uspid="2493" ordinal="0" offset="0" sl="118" sc="17" el="118" ec="18" />
            </Method>
            <Method visited="false" cyclomaticComplexity="1" sequenceCoverage="0" branchCoverage="0" isConstructor="false" isStatic="false" isGetter="true" isSetter="false">
              <Summary numSequencePoints="0" visitedSequencePoints="0" numBranchPoints="0" visitedBranchPoints="0" sequenceCoverage="0" branchCoverage="0" maxCyclomaticComplexity="1" minCyclomaticComplexity="1" />
              <MetadataToken>100663611</MetadataToken>
              <Name>System.Nullable`1&lt;System.DateTime&gt; CombinifyWpf.Utils.FtpItem::get_Timestamp()</Name>
              <SequencePoints />
              <BranchPoints />
              <MethodPoint vc="0" uspid="2496" ordinal="0" offset="0" />
            </Method>
            <Method visited="false" cyclomaticComplexity="1" sequenceCoverage="0" branchCoverage="0" isConstructor="false" isStatic="false" isGetter="false" isSetter="true">
              <Summary numSequencePoints="0" visitedSequencePoints="0" numBranchPoints="0" visitedBranchPoints="0" sequenceCoverage="0" branchCoverage="0" maxCyclomaticComplexity="1" minCyclomaticComplexity="1" />
              <MetadataToken>100663612</MetadataToken>
              <Name>System.Void CombinifyWpf.Utils.FtpItem::set_Timestamp(System.Nullable`1&lt;System.DateTime&gt;)</Name>
              <SequencePoints />
              <BranchPoints />
              <MethodPoint vc="0" uspid="2497" ordinal="0" offset="0" />
            </Method>
            <Method visited="false" cyclomaticComplexity="1" sequenceCoverage="0" branchCoverage="0" isConstructor="false" isStatic="false" isGetter="true" isSetter="false">
              <Summary numSequencePoints="0" visitedSequencePoints="0" numBranchPoints="0" visitedBranchPoints="0" sequenceCoverage="0" branchCoverage="0" maxCyclomaticComplexity="1" minCyclomaticComplexity="1" />
              <MetadataToken>100663613</MetadataToken>
              <Name>System.String CombinifyWpf.Utils.FtpItem::get_Name()</Name>
              <SequencePoints />
              <BranchPoints />
              <MethodPoint vc="0" uspid="2498" ordinal="0" offset="0" />
            </Method>
            <Method visited="false" cyclomaticComplexity="1" sequenceCoverage="0" branchCoverage="0" isConstructor="false" isStatic="false" isGetter="false" isSetter="true">
              <Summary numSequencePoints="0" visitedSequencePoints="0" numBranchPoints="0" visitedBranchPoints="0" sequenceCoverage="0" branchCoverage="0" maxCyclomaticComplexity="1" minCyclomaticComplexity="1" />
              <MetadataToken>100663614</MetadataToken>
              <Name>System.Void CombinifyWpf.Utils.FtpItem::set_Name(System.String)</Name>
              <SequencePoints />
              <BranchPoints />
              <MethodPoint vc="0" uspid="2499" ordinal="0" offset="0" />
            </Method>
            <Method visited="false" cyclomaticComplexity="1" sequenceCoverage="0" branchCoverage="0" isConstructor="true" isStatic="false" isGetter="false" isSetter="false">
              <Summary numSequencePoints="3" visitedSequencePoints="0" numBranchPoints="1" visitedBranchPoints="0" sequenceCoverage="0" branchCoverage="0" maxCyclomaticComplexity="1" minCyclomaticComplexity="1" />
              <MetadataToken>100663594</MetadataToken>
              <Name>System.Void CombinifyWpf.Utils.FtpItem::.ctor()</Name>
              <FileRef uid="31" />
              <SequencePoints>
                <SequencePoint vc="0" uspid="2500" ordinal="0" offset="0" sl="52" sc="9" el="52" ec="25" />
                <SequencePoint vc="0" uspid="2501" ordinal="1" offset="7" sl="52" sc="26" el="52" ec="27" />
                <SequencePoint vc="0" uspid="2502" ordinal="2" offset="8" sl="52" sc="28" el="52" ec="29" />
              </SequencePoints>
              <BranchPoints />
              <MethodPoint xsi:type="SequencePoint" vc="0" uspid="2500" ordinal="0" offset="0" sl="52" sc="9" el="52" ec="25" />
            </Method>
            <Method visited="false" cyclomaticComplexity="5" sequenceCoverage="0" branchCoverage="0" isConstructor="false" isStatic="false" isGetter="false" isSetter="false">
              <Summary numSequencePoints="25" visitedSequencePoints="0" numBranchPoints="9" visitedBranchPoints="0" sequenceCoverage="0" branchCoverage="0" maxCyclomaticComplexity="5" minCyclomaticComplexity="5" />
              <MetadataToken>100663615</MetadataToken>
              <Name>System.String CombinifyWpf.Utils.FtpItem::AutoFileSize(System.Int64)</Name>
              <FileRef uid="31" />
              <SequencePoints>
                <SequencePoint vc="0" uspid="2503" ordinal="0" offset="0" sl="134" sc="52" el="134" ec="53" />
                <SequencePoint vc="0" uspid="2504" ordinal="1" offset="1" sl="135" sc="13" el="135" ec="33" />
                <SequencePoint vc="0" uspid="2505" ordinal="2" offset="4" sl="136" sc="13" el="136" ec="35" />
                <SequencePoint vc="0" uspid="2506" ordinal="3" offset="10" sl="138" sc="13" el="138" ec="29" />
                <SequencePoint vc="0" uspid="2507" ordinal="4" offset="29" sl="138" sc="30" el="138" ec="31" />
                <SequencePoint vc="0" uspid="2508" ordinal="5" offset="30" sl="138" sc="32" el="138" ec="49" />
                <SequencePoint vc="0" uspid="2509" ordinal="6" offset="42" sl="138" sc="50" el="138" ec="65" />
                <SequencePoint vc="0" uspid="2510" ordinal="7" offset="48" sl="138" sc="66" el="138" ec="67" />
                <SequencePoint vc="0" uspid="2511" ordinal="8" offset="49" sl="139" sc="13" el="139" ec="29" />
                <SequencePoint vc="0" uspid="2512" ordinal="9" offset="68" sl="139" sc="30" el="139" ec="31" />
                <SequencePoint vc="0" uspid="2513" ordinal="10" offset="69" sl="139" sc="32" el="139" ec="49" />
                <SequencePoint vc="0" uspid="2514" ordinal="11" offset="81" sl="139" sc="50" el="139" ec="65" />
                <SequencePoint vc="0" uspid="2515" ordinal="12" offset="87" sl="139" sc="66" el="139" ec="67" />
                <SequencePoint vc="0" uspid="2516" ordinal="13" offset="88" sl="140" sc="13" el="140" ec="29" />
                <SequencePoint vc="0" uspid="2517" ordinal="14" offset="107" sl="140" sc="30" el="140" ec="31" />
                <SequencePoint vc="0" uspid="2518" ordinal="15" offset="108" sl="140" sc="32" el="140" ec="49" />
                <SequencePoint vc="0" uspid="2519" ordinal="16" offset="120" sl="140" sc="50" el="140" ec="65" />
                <SequencePoint vc="0" uspid="2520" ordinal="17" offset="126" sl="140" sc="66" el="140" ec="67" />
                <SequencePoint vc="0" uspid="2521" ordinal="18" offset="127" sl="141" sc="13" el="141" ec="29" />
                <SequencePoint vc="0" uspid="2522" ordinal="19" offset="146" sl="141" sc="30" el="141" ec="31" />
                <SequencePoint vc="0" uspid="2523" ordinal="20" offset="147" sl="141" sc="32" el="141" ec="49" />
                <SequencePoint vc="0" uspid="2524" ordinal="21" offset="159" sl="141" sc="50" el="141" ec="65" />
                <SequencePoint vc="0" uspid="2525" ordinal="22" offset="165" sl="141" sc="66" el="141" ec="67" />
                <SequencePoint vc="0" uspid="2526" ordinal="23" offset="166" sl="143" sc="13" el="143" ec="49" />
                <SequencePoint vc="0" uspid="2527" ordinal="24" offset="187" sl="144" sc="9" el="144" ec="10" />
              </SequencePoints>
              <BranchPoints>
                <BranchPoint vc="0" uspid="2528" ordinal="0" offset="27" path="0" />
                <BranchPoint vc="0" uspid="2529" ordinal="1" offset="27" path="1" />
                <BranchPoint vc="0" uspid="2530" ordinal="2" offset="66" path="0" />
                <BranchPoint vc="0" uspid="2531" ordinal="3" offset="66" path="1" />
                <BranchPoint vc="0" uspid="2532" ordinal="4" offset="105" path="0" />
                <BranchPoint vc="0" uspid="2533" ordinal="5" offset="105" path="1" />
                <BranchPoint vc="0" uspid="2534" ordinal="6" offset="144" path="0" />
                <BranchPoint vc="0" uspid="2535" ordinal="7" offset="144" path="1" />
              </BranchPoints>
              <MethodPoint xsi:type="SequencePoint" vc="0" uspid="2503" ordinal="0" offset="0" sl="134" sc="52" el="134" ec="53" />
            </Method>
          </Methods>
        </Class>
        <Class>
          <Summary numSequencePoints="9" visitedSequencePoints="0" numBranchPoints="6" visitedBranchPoints="0" sequenceCoverage="0" branchCoverage="0" maxCyclomaticComplexity="3" minCyclomaticComplexity="1" />
          <FullName>CombinifyWpf.Utils.FtpFile</FullName>
          <Methods>
            <Method visited="false" cyclomaticComplexity="3" sequenceCoverage="0" branchCoverage="0" isConstructor="false" isStatic="false" isGetter="true" isSetter="false">
              <Summary numSequencePoints="6" visitedSequencePoints="0" numBranchPoints="5" visitedBranchPoints="0" sequenceCoverage="0" branchCoverage="0" maxCyclomaticComplexity="3" minCyclomaticComplexity="3" />
              <MetadataToken>100663617</MetadataToken>
              <Name>System.String CombinifyWpf.Utils.FtpFile::get_Extension()</Name>
              <FileRef uid="32" />
              <SequencePoints>
                <SequencePoint vc="0" uspid="2536" ordinal="0" offset="0" sl="50" sc="17" el="50" ec="18" />
                <SequencePoint vc="0" uspid="2537" ordinal="1" offset="1" sl="51" sc="17" el="51" ec="81" />
                <SequencePoint vc="0" uspid="2538" ordinal="2" offset="37" sl="51" sc="82" el="51" ec="83" />
                <SequencePoint vc="0" uspid="2539" ordinal="3" offset="38" sl="52" sc="21" el="52" ec="70" />
                <SequencePoint vc="0" uspid="2540" ordinal="4" offset="65" sl="55" sc="17" el="55" ec="37" />
                <SequencePoint vc="0" uspid="2541" ordinal="5" offset="73" sl="56" sc="13" el="56" ec="14" />
              </SequencePoints>
              <BranchPoints>
                <BranchPoint vc="0" uspid="2542" ordinal="0" offset="12" path="0" />
                <BranchPoint vc="0" uspid="2543" ordinal="1" offset="12" path="1" />
                <BranchPoint vc="0" uspid="2544" ordinal="2" offset="35" path="0" />
                <BranchPoint vc="0" uspid="2545" ordinal="3" offset="35" path="1" />
              </BranchPoints>
              <MethodPoint xsi:type="SequencePoint" vc="0" uspid="2536" ordinal="0" offset="0" sl="50" sc="17" el="50" ec="18" />
            </Method>
            <Method visited="false" cyclomaticComplexity="1" sequenceCoverage="0" branchCoverage="0" isConstructor="true" isStatic="false" isGetter="false" isSetter="false">
              <Summary numSequencePoints="3" visitedSequencePoints="0" numBranchPoints="1" visitedBranchPoints="0" sequenceCoverage="0" branchCoverage="0" maxCyclomaticComplexity="1" minCyclomaticComplexity="1" />
              <MetadataToken>100663616</MetadataToken>
              <Name>System.Void CombinifyWpf.Utils.FtpFile::.ctor()</Name>
              <FileRef uid="32" />
              <SequencePoints>
                <SequencePoint vc="0" uspid="2546" ordinal="0" offset="0" sl="44" sc="9" el="44" ec="34" />
                <SequencePoint vc="0" uspid="2547" ordinal="1" offset="7" sl="44" sc="35" el="44" ec="36" />
                <SequencePoint vc="0" uspid="2548" ordinal="2" offset="8" sl="44" sc="37" el="44" ec="38" />
              </SequencePoints>
              <BranchPoints />
              <MethodPoint xsi:type="SequencePoint" vc="0" uspid="2546" ordinal="0" offset="0" sl="44" sc="9" el="44" ec="34" />
            </Method>
          </Methods>
        </Class>
        <Class>
          <Summary numSequencePoints="149" visitedSequencePoints="0" numBranchPoints="37" visitedBranchPoints="0" sequenceCoverage="0" branchCoverage="0" maxCyclomaticComplexity="5" minCyclomaticComplexity="1" />
          <FullName>CombinifyWpf.Utils.Minifier</FullName>
          <Methods>
            <Method visited="false" cyclomaticComplexity="1" sequenceCoverage="0" branchCoverage="0" isConstructor="false" isStatic="false" isGetter="false" isSetter="false">
              <Summary numSequencePoints="18" visitedSequencePoints="0" numBranchPoints="1" visitedBranchPoints="0" sequenceCoverage="0" branchCoverage="0" maxCyclomaticComplexity="1" minCyclomaticComplexity="1" />
              <MetadataToken>100663618</MetadataToken>
              <Name>System.String CombinifyWpf.Utils.Minifier::MakeItUgly(System.String)</Name>
              <FileRef uid="33" />
              <SequencePoints>
                <SequencePoint vc="0" uspid="2549" ordinal="0" offset="0" sl="72" sc="48" el="72" ec="49" />
                <SequencePoint vc="0" uspid="2550" ordinal="1" offset="1" sl="73" sc="13" el="73" ec="48" />
                <SequencePoint vc="0" uspid="2551" ordinal="2" offset="7" sl="76" sc="13" el="76" ec="27" />
                <SequencePoint vc="0" uspid="2552" ordinal="3" offset="19" sl="77" sc="13" el="77" ec="27" />
                <SequencePoint vc="0" uspid="2553" ordinal="4" offset="31" sl="78" sc="13" el="78" ec="31" />
                <SequencePoint vc="0" uspid="2554" ordinal="5" offset="43" sl="81" sc="13" el="81" ec="44" />
                <SequencePoint vc="0" uspid="2555" ordinal="6" offset="52" sl="84" sc="13" el="84" ec="40" />
                <SequencePoint vc="0" uspid="2556" ordinal="7" offset="61" sl="85" sc="13" el="85" ec="39" />
                <SequencePoint vc="0" uspid="2557" ordinal="8" offset="70" sl="86" sc="13" el="86" ec="36" />
                <SequencePoint vc="0" uspid="2558" ordinal="9" offset="79" sl="87" sc="13" el="87" ec="41" />
                <SequencePoint vc="0" uspid="2559" ordinal="10" offset="88" sl="88" sc="13" el="88" ec="38" />
                <SequencePoint vc="0" uspid="2560" ordinal="11" offset="97" sl="89" sc="13" el="89" ec="42" />
                <SequencePoint vc="0" uspid="2561" ordinal="12" offset="106" sl="90" sc="13" el="90" ec="46" />
                <SequencePoint vc="0" uspid="2562" ordinal="13" offset="115" sl="91" sc="13" el="91" ec="40" />
                <SequencePoint vc="0" uspid="2563" ordinal="14" offset="124" sl="96" sc="13" el="97" ec="67" />
                <SequencePoint vc="0" uspid="2564" ordinal="15" offset="157" sl="100" sc="13" el="100" ec="44" />
                <SequencePoint vc="0" uspid="2565" ordinal="16" offset="166" sl="103" sc="13" el="103" ec="31" />
                <SequencePoint vc="0" uspid="2566" ordinal="17" offset="175" sl="104" sc="9" el="104" ec="10" />
              </SequencePoints>
              <BranchPoints />
              <MethodPoint xsi:type="SequencePoint" vc="0" uspid="2549" ordinal="0" offset="0" sl="72" sc="48" el="72" ec="49" />
            </Method>
            <Method visited="false" cyclomaticComplexity="2" sequenceCoverage="0" branchCoverage="0" isConstructor="false" isStatic="false" isGetter="false" isSetter="false">
              <Summary numSequencePoints="7" visitedSequencePoints="0" numBranchPoints="3" visitedBranchPoints="0" sequenceCoverage="0" branchCoverage="0" maxCyclomaticComplexity="2" minCyclomaticComplexity="2" />
              <MetadataToken>100663619</MetadataToken>
              <Name>System.Void CombinifyWpf.Utils.Minifier::SwapForPlaceholders(System.String&amp;)</Name>
              <FileRef uid="33" />
              <SequencePoints>
                <SequencePoint vc="0" uspid="2567" ordinal="0" offset="0" sl="107" sc="63" el="107" ec="64" />
                <SequencePoint vc="0" uspid="2568" ordinal="1" offset="1" sl="109" sc="13" el="114" ec="41" />
                <SequencePoint vc="0" uspid="2569" ordinal="2" offset="27" sl="117" sc="13" el="122" ec="41" />
                <SequencePoint vc="0" uspid="2570" ordinal="3" offset="53" sl="125" sc="13" el="129" ec="41" />
                <SequencePoint vc="0" uspid="2571" ordinal="4" offset="98" sl="132" sc="13" el="137" ec="41" />
                <SequencePoint vc="0" uspid="2572" ordinal="5" offset="124" sl="140" sc="13" el="146" ec="63" />
                <SequencePoint vc="0" uspid="2573" ordinal="6" offset="152" sl="147" sc="9" el="147" ec="10" />
              </SequencePoints>
              <BranchPoints>
                <BranchPoint vc="0" uspid="2574" ordinal="0" offset="66" path="0" />
                <BranchPoint vc="0" uspid="2575" ordinal="1" offset="66" path="1" />
              </BranchPoints>
              <MethodPoint xsi:type="SequencePoint" vc="0" uspid="2567" ordinal="0" offset="0" sl="107" sc="63" el="107" ec="64" />
            </Method>
            <Method visited="false" cyclomaticComplexity="5" sequenceCoverage="0" branchCoverage="0" isConstructor="false" isStatic="false" isGetter="false" isSetter="false">
              <Summary numSequencePoints="27" visitedSequencePoints="0" numBranchPoints="9" visitedBranchPoints="0" sequenceCoverage="0" branchCoverage="0" maxCyclomaticComplexity="5" minCyclomaticComplexity="5" />
              <MetadataToken>100663620</MetadataToken>
              <Name>System.Void CombinifyWpf.Utils.Minifier::ReplacePlaceholders(System.String&amp;)</Name>
              <FileRef uid="33" />
              <SequencePoints>
                <SequencePoint vc="0" uspid="2576" ordinal="0" offset="0" sl="150" sc="63" el="150" ec="64" />
                <SequencePoint vc="0" uspid="2577" ordinal="1" offset="1" sl="152" sc="18" el="152" ec="28" />
                <SequencePoint vc="0" uspid="2578" ordinal="2" offset="5" sl="152" sc="52" el="152" ec="53" />
                <SequencePoint vc="0" uspid="2579" ordinal="3" offset="6" sl="153" sc="17" el="153" ec="75" />
                <SequencePoint vc="0" uspid="2580" ordinal="4" offset="33" sl="154" sc="13" el="154" ec="14" />
                <SequencePoint vc="0" uspid="2581" ordinal="5" offset="34" sl="152" sc="46" el="152" ec="49" />
                <SequencePoint vc="0" uspid="2582" ordinal="6" offset="38" sl="152" sc="29" el="152" ec="44" />
                <SequencePoint vc="0" uspid="2583" ordinal="7" offset="56" sl="157" sc="18" el="157" ec="28" />
                <SequencePoint vc="0" uspid="2584" ordinal="8" offset="60" sl="157" sc="52" el="157" ec="53" />
                <SequencePoint vc="0" uspid="2585" ordinal="9" offset="61" sl="158" sc="17" el="158" ec="74" />
                <SequencePoint vc="0" uspid="2586" ordinal="10" offset="88" sl="159" sc="13" el="159" ec="14" />
                <SequencePoint vc="0" uspid="2587" ordinal="11" offset="89" sl="157" sc="46" el="157" ec="49" />
                <SequencePoint vc="0" uspid="2588" ordinal="12" offset="93" sl="157" sc="29" el="157" ec="44" />
                <SequencePoint vc="0" uspid="2589" ordinal="13" offset="111" sl="162" sc="13" el="162" ec="60" />
                <SequencePoint vc="0" uspid="2590" ordinal="14" offset="130" sl="165" sc="18" el="165" ec="28" />
                <SequencePoint vc="0" uspid="2591" ordinal="15" offset="134" sl="165" sc="56" el="165" ec="57" />
                <SequencePoint vc="0" uspid="2592" ordinal="16" offset="135" sl="166" sc="17" el="166" ec="82" />
                <SequencePoint vc="0" uspid="2593" ordinal="17" offset="162" sl="167" sc="13" el="167" ec="14" />
                <SequencePoint vc="0" uspid="2594" ordinal="18" offset="163" sl="165" sc="50" el="165" ec="53" />
                <SequencePoint vc="0" uspid="2595" ordinal="19" offset="167" sl="165" sc="29" el="165" ec="48" />
                <SequencePoint vc="0" uspid="2596" ordinal="20" offset="185" sl="170" sc="18" el="170" ec="28" />
                <SequencePoint vc="0" uspid="2597" ordinal="21" offset="189" sl="170" sc="56" el="170" ec="57" />
                <SequencePoint vc="0" uspid="2598" ordinal="22" offset="190" sl="171" sc="17" el="171" ec="80" />
                <SequencePoint vc="0" uspid="2599" ordinal="23" offset="217" sl="172" sc="13" el="172" ec="14" />
                <SequencePoint vc="0" uspid="2600" ordinal="24" offset="218" sl="170" sc="50" el="170" ec="53" />
                <SequencePoint vc="0" uspid="2601" ordinal="25" offset="222" sl="170" sc="29" el="170" ec="48" />
                <SequencePoint vc="0" uspid="2602" ordinal="26" offset="240" sl="173" sc="9" el="173" ec="10" />
              </SequencePoints>
              <BranchPoints>
                <BranchPoint vc="0" uspid="2603" ordinal="0" offset="54" path="0" />
                <BranchPoint vc="0" uspid="2604" ordinal="1" offset="54" path="1" />
                <BranchPoint vc="0" uspid="2605" ordinal="2" offset="109" path="0" />
                <BranchPoint vc="0" uspid="2606" ordinal="3" offset="109" path="1" />
                <BranchPoint vc="0" uspid="2607" ordinal="4" offset="183" path="0" />
                <BranchPoint vc="0" uspid="2608" ordinal="5" offset="183" path="1" />
                <BranchPoint vc="0" uspid="2609" ordinal="6" offset="238" path="0" />
                <BranchPoint vc="0" uspid="2610" ordinal="7" offset="238" path="1" />
              </BranchPoints>
              <MethodPoint xsi:type="SequencePoint" vc="0" uspid="2576" ordinal="0" offset="0" sl="150" sc="63" el="150" ec="64" />
            </Method>
            <Method visited="false" cyclomaticComplexity="1" sequenceCoverage="0" branchCoverage="0" isConstructor="false" isStatic="false" isGetter="false" isSetter="false">
              <Summary numSequencePoints="5" visitedSequencePoints="0" numBranchPoints="1" visitedBranchPoints="0" sequenceCoverage="0" branchCoverage="0" maxCyclomaticComplexity="1" minCyclomaticComplexity="1" />
              <MetadataToken>100663621</MetadataToken>
              <Name>System.Void CombinifyWpf.Utils.Minifier::InitialCleaning(System.String&amp;)</Name>
              <FileRef uid="33" />
              <SequencePoints>
                <SequencePoint vc="0" uspid="2611" ordinal="0" offset="0" sl="176" sc="59" el="176" ec="60" />
                <SequencePoint vc="0" uspid="2612" ordinal="1" offset="1" sl="177" sc="13" el="177" ec="100" />
                <SequencePoint vc="0" uspid="2613" ordinal="2" offset="22" sl="178" sc="13" el="178" ec="75" />
                <SequencePoint vc="0" uspid="2614" ordinal="3" offset="41" sl="179" sc="13" el="179" ec="59" />
                <SequencePoint vc="0" uspid="2615" ordinal="4" offset="60" sl="180" sc="9" el="180" ec="10" />
              </SequencePoints>
              <BranchPoints />
              <MethodPoint xsi:type="SequencePoint" vc="0" uspid="2611" ordinal="0" offset="0" sl="176" sc="59" el="176" ec="60" />
            </Method>
            <Method visited="false" cyclomaticComplexity="1" sequenceCoverage="0" branchCoverage="0" isConstructor="false" isStatic="false" isGetter="false" isSetter="false">
              <Summary numSequencePoints="3" visitedSequencePoints="0" numBranchPoints="1" visitedBranchPoints="0" sequenceCoverage="0" branchCoverage="0" maxCyclomaticComplexity="1" minCyclomaticComplexity="1" />
              <MetadataToken>100663622</MetadataToken>
              <Name>System.Void CombinifyWpf.Utils.Minifier::CleanSelectors(System.String&amp;)</Name>
              <FileRef uid="33" />
              <SequencePoints>
                <SequencePoint vc="0" uspid="2616" ordinal="0" offset="0" sl="183" sc="58" el="183" ec="59" />
                <SequencePoint vc="0" uspid="2617" ordinal="1" offset="1" sl="184" sc="13" el="187" ec="37" />
                <SequencePoint vc="0" uspid="2618" ordinal="2" offset="20" sl="188" sc="9" el="188" ec="10" />
              </SequencePoints>
              <BranchPoints />
              <MethodPoint xsi:type="SequencePoint" vc="0" uspid="2616" ordinal="0" offset="0" sl="183" sc="58" el="183" ec="59" />
            </Method>
            <Method visited="false" cyclomaticComplexity="1" sequenceCoverage="0" branchCoverage="0" isConstructor="false" isStatic="false" isGetter="false" isSetter="false">
              <Summary numSequencePoints="5" visitedSequencePoints="0" numBranchPoints="1" visitedBranchPoints="0" sequenceCoverage="0" branchCoverage="0" maxCyclomaticComplexity="1" minCyclomaticComplexity="1" />
              <MetadataToken>100663623</MetadataToken>
              <Name>System.Void CombinifyWpf.Utils.Minifier::CleanBraces(System.String&amp;)</Name>
              <FileRef uid="33" />
              <SequencePoints>
                <SequencePoint vc="0" uspid="2619" ordinal="0" offset="0" sl="191" sc="55" el="191" ec="56" />
                <SequencePoint vc="0" uspid="2620" ordinal="1" offset="1" sl="193" sc="13" el="193" ec="88" />
                <SequencePoint vc="0" uspid="2621" ordinal="2" offset="20" sl="194" sc="13" el="194" ec="82" />
                <SequencePoint vc="0" uspid="2622" ordinal="3" offset="39" sl="195" sc="13" el="195" ec="84" />
                <SequencePoint vc="0" uspid="2623" ordinal="4" offset="58" sl="196" sc="9" el="196" ec="10" />
              </SequencePoints>
              <BranchPoints />
              <MethodPoint xsi:type="SequencePoint" vc="0" uspid="2619" ordinal="0" offset="0" sl="191" sc="55" el="191" ec="56" />
            </Method>
            <Method visited="false" cyclomaticComplexity="1" sequenceCoverage="0" branchCoverage="0" isConstructor="false" isStatic="false" isGetter="false" isSetter="false">
              <Summary numSequencePoints="9" visitedSequencePoints="0" numBranchPoints="1" visitedBranchPoints="0" sequenceCoverage="0" branchCoverage="0" maxCyclomaticComplexity="1" minCyclomaticComplexity="1" />
              <MetadataToken>100663624</MetadataToken>
              <Name>System.Void CombinifyWpf.Utils.Minifier::CleanUnnecessary(System.String&amp;)</Name>
              <FileRef uid="33" />
              <SequencePoints>
                <SequencePoint vc="0" uspid="2624" ordinal="0" offset="0" sl="201" sc="60" el="201" ec="61" />
                <SequencePoint vc="0" uspid="2625" ordinal="1" offset="1" sl="202" sc="13" el="202" ec="61" />
                <SequencePoint vc="0" uspid="2626" ordinal="2" offset="20" sl="203" sc="13" el="203" ec="96" />
                <SequencePoint vc="0" uspid="2627" ordinal="3" offset="39" sl="204" sc="13" el="204" ec="99" />
                <SequencePoint vc="0" uspid="2628" ordinal="4" offset="58" sl="205" sc="13" el="205" ec="79" />
                <SequencePoint vc="0" uspid="2629" ordinal="5" offset="77" sl="206" sc="13" el="209" ec="37" />
                <SequencePoint vc="0" uspid="2630" ordinal="6" offset="96" sl="215" sc="13" el="215" ec="122" />
                <SequencePoint vc="0" uspid="2631" ordinal="7" offset="115" sl="216" sc="13" el="216" ec="84" />
                <SequencePoint vc="0" uspid="2632" ordinal="8" offset="134" sl="217" sc="9" el="217" ec="10" />
              </SequencePoints>
              <BranchPoints />
              <MethodPoint xsi:type="SequencePoint" vc="0" uspid="2624" ordinal="0" offset="0" sl="201" sc="60" el="201" ec="61" />
            </Method>
            <Method visited="false" cyclomaticComplexity="1" sequenceCoverage="0" branchCoverage="0" isConstructor="false" isStatic="false" isGetter="false" isSetter="false">
              <Summary numSequencePoints="6" visitedSequencePoints="0" numBranchPoints="1" visitedBranchPoints="0" sequenceCoverage="0" branchCoverage="0" maxCyclomaticComplexity="1" minCyclomaticComplexity="1" />
              <MetadataToken>100663625</MetadataToken>
              <Name>System.Void CombinifyWpf.Utils.Minifier::ConvertColors(System.String&amp;)</Name>
              <FileRef uid="33" />
              <SequencePoints>
                <SequencePoint vc="0" uspid="2633" ordinal="0" offset="6" sl="220" sc="57" el="220" ec="58" />
                <SequencePoint vc="0" uspid="2634" ordinal="1" offset="7" sl="221" sc="13" el="221" ec="48" />
                <SequencePoint vc="0" uspid="2635" ordinal="2" offset="18" sl="222" sc="13" el="222" ec="42" />
                <SequencePoint vc="0" uspid="2636" ordinal="3" offset="42" sl="225" sc="13" el="250" ec="41" />
                <SequencePoint vc="0" uspid="2637" ordinal="4" offset="68" sl="253" sc="13" el="278" ec="41" />
                <SequencePoint vc="0" uspid="2638" ordinal="5" offset="94" sl="279" sc="9" el="279" ec="10" />
              </SequencePoints>
              <BranchPoints />
              <MethodPoint vc="0" uspid="2639" ordinal="0" offset="0" />
            </Method>
            <Method visited="false" cyclomaticComplexity="1" sequenceCoverage="0" branchCoverage="0" isConstructor="false" isStatic="false" isGetter="false" isSetter="false">
              <Summary numSequencePoints="6" visitedSequencePoints="0" numBranchPoints="1" visitedBranchPoints="0" sequenceCoverage="0" branchCoverage="0" maxCyclomaticComplexity="1" minCyclomaticComplexity="1" />
              <MetadataToken>100663626</MetadataToken>
              <Name>System.Void CombinifyWpf.Utils.Minifier::CompressHexValues(System.String&amp;)</Name>
              <FileRef uid="33" />
              <SequencePoints>
                <SequencePoint vc="0" uspid="2640" ordinal="0" offset="6" sl="283" sc="61" el="283" ec="62" />
                <SequencePoint vc="0" uspid="2641" ordinal="1" offset="7" sl="284" sc="13" el="284" ec="48" />
                <SequencePoint vc="0" uspid="2642" ordinal="2" offset="18" sl="285" sc="13" el="285" ec="39" />
                <SequencePoint vc="0" uspid="2643" ordinal="3" offset="29" sl="287" sc="13" el="292" ec="41" />
                <SequencePoint vc="0" uspid="2644" ordinal="4" offset="55" sl="294" sc="13" el="299" ec="41" />
                <SequencePoint vc="0" uspid="2645" ordinal="5" offset="81" sl="300" sc="9" el="300" ec="10" />
              </SequencePoints>
              <BranchPoints />
              <MethodPoint vc="0" uspid="2646" ordinal="0" offset="0" />
            </Method>
            <Method visited="false" cyclomaticComplexity="2" sequenceCoverage="0" branchCoverage="0" isConstructor="false" isStatic="false" isGetter="false" isSetter="false">
              <Summary numSequencePoints="3" visitedSequencePoints="0" numBranchPoints="3" visitedBranchPoints="0" sequenceCoverage="0" branchCoverage="0" maxCyclomaticComplexity="2" minCyclomaticComplexity="2" />
              <MetadataToken>100663627</MetadataToken>
              <Name>System.Void CombinifyWpf.Utils.Minifier::FixIllFormedHsl(System.String&amp;)</Name>
              <FileRef uid="33" />
              <SequencePoints>
                <SequencePoint vc="0" uspid="2647" ordinal="0" offset="0" sl="307" sc="59" el="307" ec="60" />
                <SequencePoint vc="0" uspid="2648" ordinal="1" offset="1" sl="308" sc="13" el="315" ec="41" />
                <SequencePoint vc="0" uspid="2649" ordinal="2" offset="46" sl="316" sc="9" el="316" ec="10" />
              </SequencePoints>
              <BranchPoints>
                <BranchPoint vc="0" uspid="2650" ordinal="0" offset="14" path="0" />
                <BranchPoint vc="0" uspid="2651" ordinal="1" offset="14" path="1" />
              </BranchPoints>
              <MethodPoint xsi:type="SequencePoint" vc="0" uspid="2647" ordinal="0" offset="0" sl="307" sc="59" el="307" ec="60" />
            </Method>
            <Method visited="false" cyclomaticComplexity="1" sequenceCoverage="0" branchCoverage="0" isConstructor="false" isStatic="false" isGetter="false" isSetter="false">
              <Summary numSequencePoints="6" visitedSequencePoints="0" numBranchPoints="1" visitedBranchPoints="0" sequenceCoverage="0" branchCoverage="0" maxCyclomaticComplexity="1" minCyclomaticComplexity="1" />
              <MetadataToken>100663628</MetadataToken>
              <Name>System.String CombinifyWpf.Utils.Minifier::CleanDataUrls(System.String)</Name>
              <FileRef uid="33" />
              <SequencePoints>
                <SequencePoint vc="0" uspid="2652" ordinal="0" offset="0" sl="321" sc="54" el="321" ec="55" />
                <SequencePoint vc="0" uspid="2653" ordinal="1" offset="1" sl="322" sc="13" el="322" ec="126" />
                <SequencePoint vc="0" uspid="2654" ordinal="2" offset="19" sl="323" sc="13" el="323" ec="78" />
                <SequencePoint vc="0" uspid="2655" ordinal="3" offset="37" sl="324" sc="13" el="324" ec="69" />
                <SequencePoint vc="0" uspid="2656" ordinal="4" offset="55" sl="326" sc="13" el="326" ec="26" />
                <SequencePoint vc="0" uspid="2657" ordinal="5" offset="59" sl="327" sc="9" el="327" ec="10" />
              </SequencePoints>
              <BranchPoints />
              <MethodPoint xsi:type="SequencePoint" vc="0" uspid="2652" ordinal="0" offset="0" sl="321" sc="54" el="321" ec="55" />
            </Method>
            <Method visited="false" cyclomaticComplexity="1" sequenceCoverage="0" branchCoverage="0" isConstructor="false" isStatic="false" isGetter="false" isSetter="false">
              <Summary numSequencePoints="6" visitedSequencePoints="0" numBranchPoints="1" visitedBranchPoints="0" sequenceCoverage="0" branchCoverage="0" maxCyclomaticComplexity="1" minCyclomaticComplexity="1" />
              <MetadataToken>100663629</MetadataToken>
              <Name>System.String CombinifyWpf.Utils.Minifier::CleanNormUrls(System.String)</Name>
              <FileRef uid="33" />
              <SequencePoints>
                <SequencePoint vc="0" uspid="2658" ordinal="0" offset="0" sl="331" sc="54" el="331" ec="55" />
                <SequencePoint vc="0" uspid="2659" ordinal="1" offset="1" sl="332" sc="13" el="332" ec="67" />
                <SequencePoint vc="0" uspid="2660" ordinal="2" offset="19" sl="333" sc="13" el="333" ec="71" />
                <SequencePoint vc="0" uspid="2661" ordinal="3" offset="37" sl="334" sc="13" el="334" ec="61" />
                <SequencePoint vc="0" uspid="2662" ordinal="4" offset="55" sl="336" sc="13" el="336" ec="26" />
                <SequencePoint vc="0" uspid="2663" ordinal="5" offset="59" sl="337" sc="9" el="337" ec="10" />
              </SequencePoints>
              <BranchPoints />
              <MethodPoint xsi:type="SequencePoint" vc="0" uspid="2658" ordinal="0" offset="0" sl="331" sc="54" el="331" ec="55" />
            </Method>
            <Method visited="false" cyclomaticComplexity="2" sequenceCoverage="0" branchCoverage="0" isConstructor="false" isStatic="false" isGetter="false" isSetter="false">
              <Summary numSequencePoints="13" visitedSequencePoints="0" numBranchPoints="3" visitedBranchPoints="0" sequenceCoverage="0" branchCoverage="0" maxCyclomaticComplexity="2" minCyclomaticComplexity="2" />
              <MetadataToken>100663630</MetadataToken>
              <Name>System.String CombinifyWpf.Utils.Minifier::CleanContents(System.String)</Name>
              <FileRef uid="33" />
              <SequencePoints>
                <SequencePoint vc="0" uspid="2664" ordinal="0" offset="6" sl="340" sc="54" el="340" ec="55" />
                <SequencePoint vc="0" uspid="2665" ordinal="1" offset="7" sl="341" sc="13" el="341" ec="54" />
                <SequencePoint vc="0" uspid="2666" ordinal="2" offset="18" sl="342" sc="13" el="342" ec="36" />
                <SequencePoint vc="0" uspid="2667" ordinal="3" offset="29" sl="344" sc="13" el="349" ec="41" />
                <SequencePoint vc="0" uspid="2668" ordinal="4" offset="54" sl="351" sc="13" el="351" ec="66" />
                <SequencePoint vc="0" uspid="2669" ordinal="5" offset="72" sl="353" sc="18" el="353" ec="28" />
                <SequencePoint vc="0" uspid="2670" ordinal="6" offset="76" sl="353" sc="53" el="353" ec="54" />
                <SequencePoint vc="0" uspid="2671" ordinal="7" offset="77" sl="354" sc="17" el="354" ec="65" />
                <SequencePoint vc="0" uspid="2672" ordinal="8" offset="104" sl="355" sc="13" el="355" ec="14" />
                <SequencePoint vc="0" uspid="2673" ordinal="9" offset="105" sl="353" sc="47" el="353" ec="50" />
                <SequencePoint vc="0" uspid="2674" ordinal="10" offset="109" sl="353" sc="29" el="353" ec="45" />
                <SequencePoint vc="0" uspid="2675" ordinal="11" offset="127" sl="357" sc="13" el="357" ec="26" />
                <SequencePoint vc="0" uspid="2676" ordinal="12" offset="131" sl="358" sc="9" el="358" ec="10" />
              </SequencePoints>
              <BranchPoints>
                <BranchPoint vc="0" uspid="2678" ordinal="0" offset="125" path="0" />
                <BranchPoint vc="0" uspid="2679" ordinal="1" offset="125" path="1" />
              </BranchPoints>
              <MethodPoint vc="0" uspid="2677" ordinal="0" offset="0" />
            </Method>
            <Method visited="false" cyclomaticComplexity="2" sequenceCoverage="0" branchCoverage="0" isConstructor="false" isStatic="false" isGetter="false" isSetter="false">
              <Summary numSequencePoints="14" visitedSequencePoints="0" numBranchPoints="3" visitedBranchPoints="0" sequenceCoverage="0" branchCoverage="0" maxCyclomaticComplexity="2" minCyclomaticComplexity="2" />
              <MetadataToken>100663631</MetadataToken>
              <Name>System.String CombinifyWpf.Utils.Minifier::ReplaceFirst(System.String,System.String,System.String)</Name>
              <FileRef uid="33" />
              <SequencePoints>
                <SequencePoint vc="0" uspid="2680" ordinal="0" offset="0" sl="364" sc="88" el="364" ec="89" />
                <SequencePoint vc="0" uspid="2681" ordinal="1" offset="1" sl="365" sc="13" el="365" ec="52" />
                <SequencePoint vc="0" uspid="2682" ordinal="2" offset="9" sl="367" sc="13" el="367" ec="30" />
                <SequencePoint vc="0" uspid="2683" ordinal="3" offset="22" sl="367" sc="31" el="367" ec="32" />
                <SequencePoint vc="0" uspid="2684" ordinal="4" offset="23" sl="368" sc="17" el="368" ec="31" />
                <SequencePoint vc="0" uspid="2685" ordinal="5" offset="28" sl="371" sc="13" el="371" ec="53" />
                <SequencePoint vc="0" uspid="2686" ordinal="6" offset="35" sl="372" sc="13" el="372" ec="49" />
                <SequencePoint vc="0" uspid="2687" ordinal="7" offset="42" sl="373" sc="13" el="373" ec="45" />
                <SequencePoint vc="0" uspid="2688" ordinal="8" offset="49" sl="375" sc="13" el="375" ec="88" />
                <SequencePoint vc="0" uspid="2689" ordinal="9" offset="61" sl="376" sc="13" el="376" ec="49" />
                <SequencePoint vc="0" uspid="2690" ordinal="10" offset="73" sl="377" sc="13" el="377" ec="67" />
                <SequencePoint vc="0" uspid="2691" ordinal="11" offset="85" sl="378" sc="13" el="378" ec="127" />
                <SequencePoint vc="0" uspid="2692" ordinal="12" offset="105" sl="380" sc="13" el="380" ec="40" />
                <SequencePoint vc="0" uspid="2693" ordinal="13" offset="116" sl="381" sc="9" el="381" ec="10" />
              </SequencePoints>
              <BranchPoints>
                <BranchPoint vc="0" uspid="2694" ordinal="0" offset="20" path="0" />
                <BranchPoint vc="0" uspid="2695" ordinal="1" offset="20" path="1" />
              </BranchPoints>
              <MethodPoint xsi:type="SequencePoint" vc="0" uspid="2680" ordinal="0" offset="0" sl="364" sc="88" el="364" ec="89" />
            </Method>
            <Method visited="false" cyclomaticComplexity="1" sequenceCoverage="0" branchCoverage="0" isConstructor="true" isStatic="false" isGetter="false" isSetter="false">
              <Summary numSequencePoints="4" visitedSequencePoints="0" numBranchPoints="1" visitedBranchPoints="0" sequenceCoverage="0" branchCoverage="0" maxCyclomaticComplexity="1" minCyclomaticComplexity="1" />
              <MetadataToken>100663632</MetadataToken>
              <Name>System.Void CombinifyWpf.Utils.Minifier::.ctor()</Name>
              <FileRef uid="33" />
              <SequencePoints>
                <SequencePoint vc="0" uspid="2696" ordinal="0" offset="0" sl="59" sc="9" el="59" ec="57" />
                <SequencePoint vc="0" uspid="2697" ordinal="1" offset="11" sl="60" sc="9" el="60" ec="57" />
                <SequencePoint vc="0" uspid="2698" ordinal="2" offset="22" sl="61" sc="9" el="61" ec="61" />
                <SequencePoint vc="0" uspid="2699" ordinal="3" offset="33" sl="62" sc="9" el="62" ec="61" />
              </SequencePoints>
              <BranchPoints />
              <MethodPoint xsi:type="SequencePoint" vc="0" uspid="2696" ordinal="0" offset="0" sl="59" sc="9" el="59" ec="57" />
            </Method>
            <Method visited="false" cyclomaticComplexity="1" sequenceCoverage="0" branchCoverage="0" isConstructor="false" isStatic="false" isGetter="false" isSetter="false">
              <Summary numSequencePoints="3" visitedSequencePoints="0" numBranchPoints="1" visitedBranchPoints="0" sequenceCoverage="0" branchCoverage="0" maxCyclomaticComplexity="1" minCyclomaticComplexity="1" />
              <MetadataToken>100663633</MetadataToken>
              <Name>System.String CombinifyWpf.Utils.Minifier::&lt;SwapForPlaceholders&gt;b__0(System.Text.RegularExpressions.Match)</Name>
              <FileRef uid="33" />
              <SequencePoints>
                <SequencePoint vc="0" uspid="2700" ordinal="0" offset="0" sl="111" sc="42" el="111" ec="43" />
                <SequencePoint vc="0" uspid="2701" ordinal="1" offset="1" sl="112" sc="41" el="112" ec="79" />
                <SequencePoint vc="0" uspid="2702" ordinal="2" offset="25" sl="113" sc="41" el="113" ec="61" />
              </SequencePoints>
              <BranchPoints />
              <MethodPoint xsi:type="SequencePoint" vc="0" uspid="2700" ordinal="0" offset="0" sl="111" sc="42" el="111" ec="43" />
            </Method>
            <Method visited="false" cyclomaticComplexity="1" sequenceCoverage="0" branchCoverage="0" isConstructor="false" isStatic="false" isGetter="false" isSetter="false">
              <Summary numSequencePoints="3" visitedSequencePoints="0" numBranchPoints="1" visitedBranchPoints="0" sequenceCoverage="0" branchCoverage="0" maxCyclomaticComplexity="1" minCyclomaticComplexity="1" />
              <MetadataToken>100663634</MetadataToken>
              <Name>System.String CombinifyWpf.Utils.Minifier::&lt;SwapForPlaceholders&gt;b__1(System.Text.RegularExpressions.Match)</Name>
              <FileRef uid="33" />
              <SequencePoints>
                <SequencePoint vc="0" uspid="2703" ordinal="0" offset="0" sl="119" sc="42" el="119" ec="43" />
                <SequencePoint vc="0" uspid="2704" ordinal="1" offset="1" sl="120" sc="41" el="120" ec="79" />
                <SequencePoint vc="0" uspid="2705" ordinal="2" offset="25" sl="121" sc="41" el="121" ec="60" />
              </SequencePoints>
              <BranchPoints />
              <MethodPoint xsi:type="SequencePoint" vc="0" uspid="2703" ordinal="0" offset="0" sl="119" sc="42" el="119" ec="43" />
            </Method>
            <Method visited="false" cyclomaticComplexity="1" sequenceCoverage="0" branchCoverage="0" isConstructor="false" isStatic="true" isGetter="false" isSetter="false">
              <Summary numSequencePoints="2" visitedSequencePoints="0" numBranchPoints="1" visitedBranchPoints="0" sequenceCoverage="0" branchCoverage="0" maxCyclomaticComplexity="1" minCyclomaticComplexity="1" />
              <MetadataToken>100663635</MetadataToken>
              <Name>System.String CombinifyWpf.Utils.Minifier::&lt;SwapForPlaceholders&gt;b__2(System.Text.RegularExpressions.Match)</Name>
              <FileRef uid="33" />
              <SequencePoints>
                <SequencePoint vc="0" uspid="2706" ordinal="0" offset="0" sl="127" sc="42" el="127" ec="43" />
                <SequencePoint vc="0" uspid="2707" ordinal="1" offset="1" sl="128" sc="41" el="128" ec="87" />
              </SequencePoints>
              <BranchPoints />
              <MethodPoint xsi:type="SequencePoint" vc="0" uspid="2706" ordinal="0" offset="0" sl="127" sc="42" el="127" ec="43" />
            </Method>
            <Method visited="false" cyclomaticComplexity="1" sequenceCoverage="0" branchCoverage="0" isConstructor="false" isStatic="false" isGetter="false" isSetter="false">
              <Summary numSequencePoints="3" visitedSequencePoints="0" numBranchPoints="1" visitedBranchPoints="0" sequenceCoverage="0" branchCoverage="0" maxCyclomaticComplexity="1" minCyclomaticComplexity="1" />
              <MetadataToken>100663636</MetadataToken>
              <Name>System.String CombinifyWpf.Utils.Minifier::&lt;SwapForPlaceholders&gt;b__3(System.Text.RegularExpressions.Match)</Name>
              <FileRef uid="33" />
              <SequencePoints>
                <SequencePoint vc="0" uspid="2708" ordinal="0" offset="0" sl="134" sc="42" el="134" ec="43" />
                <SequencePoint vc="0" uspid="2709" ordinal="1" offset="1" sl="135" sc="41" el="135" ec="83" />
                <SequencePoint vc="0" uspid="2710" ordinal="2" offset="25" sl="136" sc="41" el="136" ec="64" />
              </SequencePoints>
              <BranchPoints />
              <MethodPoint xsi:type="SequencePoint" vc="0" uspid="2708" ordinal="0" offset="0" sl="134" sc="42" el="134" ec="43" />
            </Method>
            <Method visited="false" cyclomaticComplexity="1" sequenceCoverage="0" branchCoverage="0" isConstructor="false" isStatic="false" isGetter="false" isSetter="false">
              <Summary numSequencePoints="3" visitedSequencePoints="0" numBranchPoints="1" visitedBranchPoints="0" sequenceCoverage="0" branchCoverage="0" maxCyclomaticComplexity="1" minCyclomaticComplexity="1" />
              <MetadataToken>100663637</MetadataToken>
              <Name>System.String CombinifyWpf.Utils.Minifier::&lt;SwapForPlaceholders&gt;b__4(System.Text.RegularExpressions.Match)</Name>
              <FileRef uid="33" />
              <SequencePoints>
                <SequencePoint vc="0" uspid="2711" ordinal="0" offset="0" sl="142" sc="42" el="142" ec="43" />
                <SequencePoint vc="0" uspid="2712" ordinal="1" offset="1" sl="143" sc="41" el="143" ec="96" />
                <SequencePoint vc="0" uspid="2713" ordinal="2" offset="34" sl="144" sc="41" el="144" ec="62" />
              </SequencePoints>
              <BranchPoints />
              <MethodPoint xsi:type="SequencePoint" vc="0" uspid="2711" ordinal="0" offset="0" sl="142" sc="42" el="142" ec="43" />
            </Method>
            <Method visited="false" cyclomaticComplexity="1" sequenceCoverage="0" branchCoverage="0" isConstructor="false" isStatic="true" isGetter="false" isSetter="false">
              <Summary numSequencePoints="3" visitedSequencePoints="0" numBranchPoints="1" visitedBranchPoints="0" sequenceCoverage="0" branchCoverage="0" maxCyclomaticComplexity="1" minCyclomaticComplexity="1" />
              <MetadataToken>100663638</MetadataToken>
              <Name>System.String CombinifyWpf.Utils.Minifier::&lt;FixIllFormedHsl&gt;b__e(System.Text.RegularExpressions.Match)</Name>
              <FileRef uid="33" />
              <SequencePoints>
                <SequencePoint vc="0" uspid="2714" ordinal="0" offset="0" sl="310" sc="42" el="310" ec="43" />
                <SequencePoint vc="0" uspid="2715" ordinal="1" offset="1" sl="311" sc="41" el="311" ec="77" />
                <SequencePoint vc="0" uspid="2716" ordinal="2" offset="26" sl="312" sc="41" el="313" ec="92" />
              </SequencePoints>
              <BranchPoints />
              <MethodPoint xsi:type="SequencePoint" vc="0" uspid="2714" ordinal="0" offset="0" sl="310" sc="42" el="310" ec="43" />
            </Method>
          </Methods>
        </Class>
        <Class>
          <Summary numSequencePoints="32" visitedSequencePoints="0" numBranchPoints="14" visitedBranchPoints="0" sequenceCoverage="0" branchCoverage="0" maxCyclomaticComplexity="4" minCyclomaticComplexity="1" />
          <FullName>CombinifyWpf.Utils.Minifier/&lt;&gt;c__DisplayClass8</FullName>
          <Methods>
            <Method visited="false" cyclomaticComplexity="1" sequenceCoverage="0" branchCoverage="0" isConstructor="true" isStatic="false" isGetter="false" isSetter="false">
              <Summary numSequencePoints="0" visitedSequencePoints="0" numBranchPoints="0" visitedBranchPoints="0" sequenceCoverage="0" branchCoverage="0" maxCyclomaticComplexity="1" minCyclomaticComplexity="1" />
              <MetadataToken>100663783</MetadataToken>
              <Name>System.Void CombinifyWpf.Utils.Minifier/&lt;&gt;c__DisplayClass8::.ctor()</Name>
              <SequencePoints />
              <BranchPoints />
              <MethodPoint vc="0" uspid="2717" ordinal="0" offset="0" />
            </Method>
            <Method visited="false" cyclomaticComplexity="4" sequenceCoverage="0" branchCoverage="0" isConstructor="false" isStatic="false" isGetter="false" isSetter="false">
              <Summary numSequencePoints="15" visitedSequencePoints="0" numBranchPoints="7" visitedBranchPoints="0" sequenceCoverage="0" branchCoverage="0" maxCyclomaticComplexity="4" minCyclomaticComplexity="4" />
              <MetadataToken>100663784</MetadataToken>
              <Name>System.String CombinifyWpf.Utils.Minifier/&lt;&gt;c__DisplayClass8::&lt;ConvertColors&gt;b__6(System.Text.RegularExpressions.Match)</Name>
              <FileRef uid="33" />
              <SequencePoints>
                <SequencePoint vc="0" uspid="2718" ordinal="0" offset="0" sl="227" sc="42" el="227" ec="43" />
                <SequencePoint vc="0" uspid="2719" ordinal="1" offset="1" sl="228" sc="41" el="228" ec="90" />
                <SequencePoint vc="0" uspid="2720" ordinal="2" offset="44" sl="229" sc="45" el="229" ec="46" />
                <SequencePoint vc="0" uspid="2721" ordinal="3" offset="45" sl="230" sc="45" el="234" ec="59" />
                <SequencePoint vc="0" uspid="2722" ordinal="4" offset="107" sl="236" sc="45" el="236" ec="106" />
                <SequencePoint vc="0" uspid="2723" ordinal="5" offset="139" sl="238" sc="41" el="238" ec="61" />
                <SequencePoint vc="0" uspid="2724" ordinal="6" offset="140" sl="238" sc="62" el="238" ec="63" />
                <SequencePoint vc="0" uspid="2725" ordinal="7" offset="141" sl="239" sc="45" el="241" ec="73" />
                <SequencePoint vc="0" uspid="2726" ordinal="8" offset="178" sl="241" sc="74" el="241" ec="75" />
                <SequencePoint vc="0" uspid="2727" ordinal="9" offset="179" sl="242" sc="49" el="242" ec="117" />
                <SequencePoint vc="0" uspid="2728" ordinal="10" offset="206" sl="243" sc="45" el="243" ec="46" />
                <SequencePoint vc="0" uspid="2729" ordinal="11" offset="209" sl="244" sc="50" el="244" ec="51" />
                <SequencePoint vc="0" uspid="2730" ordinal="12" offset="210" sl="245" sc="49" el="245" ec="55" />
                <SequencePoint vc="0" uspid="2731" ordinal="13" offset="212" sl="247" sc="41" el="247" ec="42" />
                <SequencePoint vc="0" uspid="2732" ordinal="14" offset="216" sl="249" sc="41" el="249" ec="56" />
              </SequencePoints>
              <BranchPoints>
                <BranchPoint vc="0" uspid="2733" ordinal="0" offset="147" path="0" />
                <BranchPoint vc="0" uspid="2734" ordinal="1" offset="147" path="1" />
                <BranchPoint vc="0" uspid="2735" ordinal="2" offset="155" path="0" />
                <BranchPoint vc="0" uspid="2736" ordinal="3" offset="155" path="1" />
                <BranchPoint vc="0" uspid="2737" ordinal="4" offset="176" path="0" />
                <BranchPoint vc="0" uspid="2738" ordinal="5" offset="176" path="1" />
              </BranchPoints>
              <MethodPoint xsi:type="SequencePoint" vc="0" uspid="2718" ordinal="0" offset="0" sl="227" sc="42" el="227" ec="43" />
            </Method>
            <Method visited="false" cyclomaticComplexity="4" sequenceCoverage="0" branchCoverage="0" isConstructor="false" isStatic="false" isGetter="false" isSetter="false">
              <Summary numSequencePoints="17" visitedSequencePoints="0" numBranchPoints="7" visitedBranchPoints="0" sequenceCoverage="0" branchCoverage="0" maxCyclomaticComplexity="4" minCyclomaticComplexity="4" />
              <MetadataToken>100663785</MetadataToken>
              <Name>System.String CombinifyWpf.Utils.Minifier/&lt;&gt;c__DisplayClass8::&lt;ConvertColors&gt;b__7(System.Text.RegularExpressions.Match)</Name>
              <FileRef uid="33" />
              <SequencePoints>
                <SequencePoint vc="0" uspid="2739" ordinal="0" offset="0" sl="255" sc="42" el="255" ec="43" />
                <SequencePoint vc="0" uspid="2740" ordinal="1" offset="1" sl="256" sc="41" el="256" ec="119" />
                <SequencePoint vc="0" uspid="2741" ordinal="2" offset="62" sl="259" sc="45" el="259" ec="46" />
                <SequencePoint vc="0" uspid="2742" ordinal="3" offset="63" sl="260" sc="45" el="260" ec="74" />
                <SequencePoint vc="0" uspid="2743" ordinal="4" offset="77" sl="261" sc="45" el="261" ec="74" />
                <SequencePoint vc="0" uspid="2744" ordinal="5" offset="91" sl="262" sc="45" el="262" ec="74" />
                <SequencePoint vc="0" uspid="2745" ordinal="6" offset="105" sl="264" sc="45" el="264" ec="110" />
                <SequencePoint vc="0" uspid="2746" ordinal="7" offset="140" sl="266" sc="41" el="266" ec="62" />
                <SequencePoint vc="0" uspid="2747" ordinal="8" offset="141" sl="266" sc="63" el="266" ec="64" />
                <SequencePoint vc="0" uspid="2748" ordinal="9" offset="142" sl="267" sc="45" el="269" ec="74" />
                <SequencePoint vc="0" uspid="2749" ordinal="10" offset="179" sl="269" sc="75" el="269" ec="76" />
                <SequencePoint vc="0" uspid="2750" ordinal="11" offset="180" sl="270" sc="49" el="270" ec="117" />
                <SequencePoint vc="0" uspid="2751" ordinal="12" offset="207" sl="271" sc="45" el="271" ec="46" />
                <SequencePoint vc="0" uspid="2752" ordinal="13" offset="210" sl="272" sc="50" el="272" ec="51" />
                <SequencePoint vc="0" uspid="2753" ordinal="14" offset="211" sl="273" sc="49" el="273" ec="55" />
                <SequencePoint vc="0" uspid="2754" ordinal="15" offset="213" sl="275" sc="41" el="275" ec="42" />
                <SequencePoint vc="0" uspid="2755" ordinal="16" offset="217" sl="277" sc="41" el="277" ec="56" />
              </SequencePoints>
              <BranchPoints>
                <BranchPoint vc="0" uspid="2756" ordinal="0" offset="148" path="0" />
                <BranchPoint vc="0" uspid="2757" ordinal="1" offset="148" path="1" />
                <BranchPoint vc="0" uspid="2758" ordinal="2" offset="156" path="0" />
                <BranchPoint vc="0" uspid="2759" ordinal="3" offset="156" path="1" />
                <BranchPoint vc="0" uspid="2760" ordinal="4" offset="177" path="0" />
                <BranchPoint vc="0" uspid="2761" ordinal="5" offset="177" path="1" />
              </BranchPoints>
              <MethodPoint xsi:type="SequencePoint" vc="0" uspid="2739" ordinal="0" offset="0" sl="255" sc="42" el="255" ec="43" />
            </Method>
          </Methods>
        </Class>
        <Class>
          <Summary numSequencePoints="6" visitedSequencePoints="0" numBranchPoints="2" visitedBranchPoints="0" sequenceCoverage="0" branchCoverage="0" maxCyclomaticComplexity="1" minCyclomaticComplexity="1" />
          <FullName>CombinifyWpf.Utils.Minifier/&lt;&gt;c__DisplayClassc</FullName>
          <Methods>
            <Method visited="false" cyclomaticComplexity="1" sequenceCoverage="0" branchCoverage="0" isConstructor="true" isStatic="false" isGetter="false" isSetter="false">
              <Summary numSequencePoints="0" visitedSequencePoints="0" numBranchPoints="0" visitedBranchPoints="0" sequenceCoverage="0" branchCoverage="0" maxCyclomaticComplexity="1" minCyclomaticComplexity="1" />
              <MetadataToken>100663786</MetadataToken>
              <Name>System.Void CombinifyWpf.Utils.Minifier/&lt;&gt;c__DisplayClassc::.ctor()</Name>
              <SequencePoints />
              <BranchPoints />
              <MethodPoint vc="0" uspid="2762" ordinal="0" offset="0" />
            </Method>
            <Method visited="false" cyclomaticComplexity="1" sequenceCoverage="0" branchCoverage="0" isConstructor="false" isStatic="false" isGetter="false" isSetter="false">
              <Summary numSequencePoints="3" visitedSequencePoints="0" numBranchPoints="1" visitedBranchPoints="0" sequenceCoverage="0" branchCoverage="0" maxCyclomaticComplexity="1" minCyclomaticComplexity="1" />
              <MetadataToken>100663787</MetadataToken>
              <Name>System.String CombinifyWpf.Utils.Minifier/&lt;&gt;c__DisplayClassc::&lt;CompressHexValues&gt;b__a(System.Text.RegularExpressions.Match)</Name>
              <FileRef uid="33" />
              <SequencePoints>
                <SequencePoint vc="0" uspid="2763" ordinal="0" offset="0" sl="289" sc="42" el="289" ec="43" />
                <SequencePoint vc="0" uspid="2764" ordinal="1" offset="1" sl="290" sc="41" el="290" ec="106" />
                <SequencePoint vc="0" uspid="2765" ordinal="2" offset="39" sl="291" sc="41" el="291" ec="80" />
              </SequencePoints>
              <BranchPoints />
              <MethodPoint xsi:type="SequencePoint" vc="0" uspid="2763" ordinal="0" offset="0" sl="289" sc="42" el="289" ec="43" />
            </Method>
            <Method visited="false" cyclomaticComplexity="1" sequenceCoverage="0" branchCoverage="0" isConstructor="false" isStatic="false" isGetter="false" isSetter="false">
              <Summary numSequencePoints="3" visitedSequencePoints="0" numBranchPoints="1" visitedBranchPoints="0" sequenceCoverage="0" branchCoverage="0" maxCyclomaticComplexity="1" minCyclomaticComplexity="1" />
              <MetadataToken>100663788</MetadataToken>
              <Name>System.String CombinifyWpf.Utils.Minifier/&lt;&gt;c__DisplayClassc::&lt;CompressHexValues&gt;b__b(System.Text.RegularExpressions.Match)</Name>
              <FileRef uid="33" />
              <SequencePoints>
                <SequencePoint vc="0" uspid="2766" ordinal="0" offset="0" sl="296" sc="42" el="296" ec="43" />
                <SequencePoint vc="0" uspid="2767" ordinal="1" offset="1" sl="297" sc="41" el="297" ec="76" />
                <SequencePoint vc="0" uspid="2768" ordinal="2" offset="24" sl="298" sc="41" el="298" ec="80" />
              </SequencePoints>
              <BranchPoints />
              <MethodPoint xsi:type="SequencePoint" vc="0" uspid="2766" ordinal="0" offset="0" sl="296" sc="42" el="296" ec="43" />
            </Method>
          </Methods>
        </Class>
        <Class>
          <Summary numSequencePoints="3" visitedSequencePoints="0" numBranchPoints="1" visitedBranchPoints="0" sequenceCoverage="0" branchCoverage="0" maxCyclomaticComplexity="1" minCyclomaticComplexity="1" />
          <FullName>CombinifyWpf.Utils.Minifier/&lt;&gt;c__DisplayClass11</FullName>
          <Methods>
            <Method visited="false" cyclomaticComplexity="1" sequenceCoverage="0" branchCoverage="0" isConstructor="true" isStatic="false" isGetter="false" isSetter="false">
              <Summary numSequencePoints="0" visitedSequencePoints="0" numBranchPoints="0" visitedBranchPoints="0" sequenceCoverage="0" branchCoverage="0" maxCyclomaticComplexity="1" minCyclomaticComplexity="1" />
              <MetadataToken>100663789</MetadataToken>
              <Name>System.Void CombinifyWpf.Utils.Minifier/&lt;&gt;c__DisplayClass11::.ctor()</Name>
              <SequencePoints />
              <BranchPoints />
              <MethodPoint vc="0" uspid="2769" ordinal="0" offset="0" />
            </Method>
            <Method visited="false" cyclomaticComplexity="1" sequenceCoverage="0" branchCoverage="0" isConstructor="false" isStatic="false" isGetter="false" isSetter="false">
              <Summary numSequencePoints="3" visitedSequencePoints="0" numBranchPoints="1" visitedBranchPoints="0" sequenceCoverage="0" branchCoverage="0" maxCyclomaticComplexity="1" minCyclomaticComplexity="1" />
              <MetadataToken>100663790</MetadataToken>
              <Name>System.String CombinifyWpf.Utils.Minifier/&lt;&gt;c__DisplayClass11::&lt;CleanContents&gt;b__10(System.Text.RegularExpressions.Match)</Name>
              <FileRef uid="33" />
              <SequencePoints>
                <SequencePoint vc="0" uspid="2770" ordinal="0" offset="0" sl="346" sc="42" el="346" ec="43" />
                <SequencePoint vc="0" uspid="2771" ordinal="1" offset="1" sl="347" sc="41" el="347" ec="63" />
                <SequencePoint vc="0" uspid="2772" ordinal="2" offset="19" sl="348" sc="41" el="348" ec="52" />
              </SequencePoints>
              <BranchPoints />
              <MethodPoint xsi:type="SequencePoint" vc="0" uspid="2770" ordinal="0" offset="0" sl="346" sc="42" el="346" ec="43" />
            </Method>
          </Methods>
        </Class>
        <Class>
          <Summary numSequencePoints="185" visitedSequencePoints="0" numBranchPoints="69" visitedBranchPoints="0" sequenceCoverage="0" branchCoverage="0" maxCyclomaticComplexity="5" minCyclomaticComplexity="1" />
          <FullName>CombinifyWpf.ViewModels.ProjectViewModel</FullName>
          <Methods>
            <Method visited="false" cyclomaticComplexity="1" sequenceCoverage="0" branchCoverage="0" isConstructor="false" isStatic="false" isGetter="true" isSetter="false">
              <Summary numSequencePoints="3" visitedSequencePoints="0" numBranchPoints="1" visitedBranchPoints="0" sequenceCoverage="0" branchCoverage="0" maxCyclomaticComplexity="1" minCyclomaticComplexity="1" />
              <MetadataToken>100663640</MetadataToken>
              <Name>CombinifyWpf.Models.Project CombinifyWpf.ViewModels.ProjectViewModel::get_Model()</Name>
              <FileRef uid="37" />
              <SequencePoints>
                <SequencePoint vc="0" uspid="2773" ordinal="0" offset="0" sl="67" sc="17" el="67" ec="18" />
                <SequencePoint vc="0" uspid="2774" ordinal="1" offset="1" sl="67" sc="19" el="67" ec="38" />
                <SequencePoint vc="0" uspid="2775" ordinal="2" offset="10" sl="67" sc="39" el="67" ec="40" />
              </SequencePoints>
              <BranchPoints />
              <MethodPoint xsi:type="SequencePoint" vc="0" uspid="2773" ordinal="0" offset="0" sl="67" sc="17" el="67" ec="18" />
            </Method>
            <Method visited="false" cyclomaticComplexity="1" sequenceCoverage="0" branchCoverage="0" isConstructor="false" isStatic="false" isGetter="false" isSetter="true">
              <Summary numSequencePoints="4" visitedSequencePoints="0" numBranchPoints="1" visitedBranchPoints="0" sequenceCoverage="0" branchCoverage="0" maxCyclomaticComplexity="1" minCyclomaticComplexity="1" />
              <MetadataToken>100663641</MetadataToken>
              <Name>System.Void CombinifyWpf.ViewModels.ProjectViewModel::set_Model(CombinifyWpf.Models.Project)</Name>
              <FileRef uid="37" />
              <SequencePoints>
                <SequencePoint vc="0" uspid="2776" ordinal="0" offset="0" sl="68" sc="17" el="68" ec="18" />
                <SequencePoint vc="0" uspid="2777" ordinal="1" offset="1" sl="69" sc="17" el="69" ec="71" />
                <SequencePoint vc="0" uspid="2778" ordinal="2" offset="67" sl="70" sc="17" el="70" ec="29" />
                <SequencePoint vc="0" uspid="2779" ordinal="3" offset="74" sl="71" sc="13" el="71" ec="14" />
              </SequencePoints>
              <BranchPoints />
              <MethodPoint xsi:type="SequencePoint" vc="0" uspid="2776" ordinal="0" offset="0" sl="68" sc="17" el="68" ec="18" />
            </Method>
            <Method visited="false" cyclomaticComplexity="1" sequenceCoverage="0" branchCoverage="0" isConstructor="false" isStatic="false" isGetter="true" isSetter="false">
              <Summary numSequencePoints="3" visitedSequencePoints="0" numBranchPoints="1" visitedBranchPoints="0" sequenceCoverage="0" branchCoverage="0" maxCyclomaticComplexity="1" minCyclomaticComplexity="1" />
              <MetadataToken>100663642</MetadataToken>
              <Name>System.String CombinifyWpf.ViewModels.ProjectViewModel::get_LastDirectory()</Name>
              <FileRef uid="37" />
              <SequencePoints>
                <SequencePoint vc="0" uspid="2780" ordinal="0" offset="0" sl="78" sc="17" el="78" ec="18" />
                <SequencePoint vc="0" uspid="2781" ordinal="1" offset="1" sl="78" sc="19" el="78" ec="52" />
                <SequencePoint vc="0" uspid="2782" ordinal="2" offset="15" sl="78" sc="53" el="78" ec="54" />
              </SequencePoints>
              <BranchPoints />
              <MethodPoint xsi:type="SequencePoint" vc="0" uspid="2780" ordinal="0" offset="0" sl="78" sc="17" el="78" ec="18" />
            </Method>
            <Method visited="false" cyclomaticComplexity="1" sequenceCoverage="0" branchCoverage="0" isConstructor="false" isStatic="false" isGetter="false" isSetter="true">
              <Summary numSequencePoints="3" visitedSequencePoints="0" numBranchPoints="1" visitedBranchPoints="0" sequenceCoverage="0" branchCoverage="0" maxCyclomaticComplexity="1" minCyclomaticComplexity="1" />
              <MetadataToken>100663643</MetadataToken>
              <Name>System.Void CombinifyWpf.ViewModels.ProjectViewModel::set_LastDirectory(System.String)</Name>
              <FileRef uid="37" />
              <SequencePoints>
                <SequencePoint vc="0" uspid="2783" ordinal="0" offset="0" sl="79" sc="17" el="79" ec="18" />
                <SequencePoint vc="0" uspid="2784" ordinal="1" offset="1" sl="79" sc="19" el="79" ec="93" />
                <SequencePoint vc="0" uspid="2785" ordinal="2" offset="126" sl="79" sc="94" el="79" ec="95" />
              </SequencePoints>
              <BranchPoints />
              <MethodPoint xsi:type="SequencePoint" vc="0" uspid="2783" ordinal="0" offset="0" sl="79" sc="17" el="79" ec="18" />
            </Method>
            <Method visited="false" cyclomaticComplexity="1" sequenceCoverage="0" branchCoverage="0" isConstructor="false" isStatic="false" isGetter="true" isSetter="false">
              <Summary numSequencePoints="3" visitedSequencePoints="0" numBranchPoints="1" visitedBranchPoints="0" sequenceCoverage="0" branchCoverage="0" maxCyclomaticComplexity="1" minCyclomaticComplexity="1" />
              <MetadataToken>100663644</MetadataToken>
              <Name>System.String CombinifyWpf.ViewModels.ProjectViewModel::get_Destination()</Name>
              <FileRef uid="37" />
              <SequencePoints>
                <SequencePoint vc="0" uspid="2786" ordinal="0" offset="0" sl="86" sc="17" el="86" ec="18" />
                <SequencePoint vc="0" uspid="2787" ordinal="1" offset="1" sl="86" sc="19" el="86" ec="54" />
                <SequencePoint vc="0" uspid="2788" ordinal="2" offset="15" sl="86" sc="55" el="86" ec="56" />
              </SequencePoints>
              <BranchPoints />
              <MethodPoint xsi:type="SequencePoint" vc="0" uspid="2786" ordinal="0" offset="0" sl="86" sc="17" el="86" ec="18" />
            </Method>
            <Method visited="false" cyclomaticComplexity="1" sequenceCoverage="0" branchCoverage="0" isConstructor="false" isStatic="false" isGetter="false" isSetter="true">
              <Summary numSequencePoints="3" visitedSequencePoints="0" numBranchPoints="1" visitedBranchPoints="0" sequenceCoverage="0" branchCoverage="0" maxCyclomaticComplexity="1" minCyclomaticComplexity="1" />
              <MetadataToken>100663645</MetadataToken>
              <Name>System.Void CombinifyWpf.ViewModels.ProjectViewModel::set_Destination(System.String)</Name>
              <FileRef uid="37" />
              <SequencePoints>
                <SequencePoint vc="0" uspid="2789" ordinal="0" offset="0" sl="87" sc="17" el="87" ec="18" />
                <SequencePoint vc="0" uspid="2790" ordinal="1" offset="1" sl="87" sc="19" el="87" ec="93" />
                <SequencePoint vc="0" uspid="2791" ordinal="2" offset="126" sl="87" sc="94" el="87" ec="95" />
              </SequencePoints>
              <BranchPoints />
              <MethodPoint xsi:type="SequencePoint" vc="0" uspid="2789" ordinal="0" offset="0" sl="87" sc="17" el="87" ec="18" />
            </Method>
            <Method visited="false" cyclomaticComplexity="1" sequenceCoverage="0" branchCoverage="0" isConstructor="false" isStatic="false" isGetter="true" isSetter="false">
              <Summary numSequencePoints="3" visitedSequencePoints="0" numBranchPoints="1" visitedBranchPoints="0" sequenceCoverage="0" branchCoverage="0" maxCyclomaticComplexity="1" minCyclomaticComplexity="1" />
              <MetadataToken>100663646</MetadataToken>
              <Name>System.Boolean CombinifyWpf.ViewModels.ProjectViewModel::get_IsWatching()</Name>
              <FileRef uid="37" />
              <SequencePoints>
                <SequencePoint vc="0" uspid="2792" ordinal="0" offset="0" sl="94" sc="17" el="94" ec="18" />
                <SequencePoint vc="0" uspid="2793" ordinal="1" offset="1" sl="94" sc="19" el="94" ec="49" />
                <SequencePoint vc="0" uspid="2794" ordinal="2" offset="15" sl="94" sc="50" el="94" ec="51" />
              </SequencePoints>
              <BranchPoints />
              <MethodPoint xsi:type="SequencePoint" vc="0" uspid="2792" ordinal="0" offset="0" sl="94" sc="17" el="94" ec="18" />
            </Method>
            <Method visited="false" cyclomaticComplexity="1" sequenceCoverage="0" branchCoverage="0" isConstructor="false" isStatic="false" isGetter="false" isSetter="true">
              <Summary numSequencePoints="3" visitedSequencePoints="0" numBranchPoints="1" visitedBranchPoints="0" sequenceCoverage="0" branchCoverage="0" maxCyclomaticComplexity="1" minCyclomaticComplexity="1" />
              <MetadataToken>100663647</MetadataToken>
              <Name>System.Void CombinifyWpf.ViewModels.ProjectViewModel::set_IsWatching(System.Boolean)</Name>
              <FileRef uid="37" />
              <SequencePoints>
                <SequencePoint vc="0" uspid="2795" ordinal="0" offset="0" sl="95" sc="17" el="95" ec="18" />
                <SequencePoint vc="0" uspid="2796" ordinal="1" offset="1" sl="95" sc="19" el="95" ec="87" />
                <SequencePoint vc="0" uspid="2797" ordinal="2" offset="126" sl="95" sc="88" el="95" ec="89" />
              </SequencePoints>
              <BranchPoints />
              <MethodPoint xsi:type="SequencePoint" vc="0" uspid="2795" ordinal="0" offset="0" sl="95" sc="17" el="95" ec="18" />
            </Method>
            <Method visited="false" cyclomaticComplexity="1" sequenceCoverage="0" branchCoverage="0" isConstructor="false" isStatic="false" isGetter="true" isSetter="false">
              <Summary numSequencePoints="3" visitedSequencePoints="0" numBranchPoints="1" visitedBranchPoints="0" sequenceCoverage="0" branchCoverage="0" maxCyclomaticComplexity="1" minCyclomaticComplexity="1" />
              <MetadataToken>100663648</MetadataToken>
              <Name>System.Collections.Generic.List`1&lt;System.String&gt; CombinifyWpf.ViewModels.ProjectViewModel::get_WatchedFiles()</Name>
              <FileRef uid="37" />
              <SequencePoints>
                <SequencePoint vc="0" uspid="2798" ordinal="0" offset="0" sl="102" sc="17" el="102" ec="18" />
                <SequencePoint vc="0" uspid="2799" ordinal="1" offset="1" sl="102" sc="19" el="102" ec="51" />
                <SequencePoint vc="0" uspid="2800" ordinal="2" offset="15" sl="102" sc="52" el="102" ec="53" />
              </SequencePoints>
              <BranchPoints />
              <MethodPoint xsi:type="SequencePoint" vc="0" uspid="2798" ordinal="0" offset="0" sl="102" sc="17" el="102" ec="18" />
            </Method>
            <Method visited="false" cyclomaticComplexity="1" sequenceCoverage="0" branchCoverage="0" isConstructor="false" isStatic="false" isGetter="false" isSetter="true">
              <Summary numSequencePoints="3" visitedSequencePoints="0" numBranchPoints="1" visitedBranchPoints="0" sequenceCoverage="0" branchCoverage="0" maxCyclomaticComplexity="1" minCyclomaticComplexity="1" />
              <MetadataToken>100663649</MetadataToken>
              <Name>System.Void CombinifyWpf.ViewModels.ProjectViewModel::set_WatchedFiles(System.Collections.Generic.List`1&lt;System.String&gt;)</Name>
              <FileRef uid="37" />
              <SequencePoints>
                <SequencePoint vc="0" uspid="2801" ordinal="0" offset="0" sl="103" sc="17" el="103" ec="18" />
                <SequencePoint vc="0" uspid="2802" ordinal="1" offset="1" sl="103" sc="19" el="103" ec="91" />
                <SequencePoint vc="0" uspid="2803" ordinal="2" offset="126" sl="103" sc="92" el="103" ec="93" />
              </SequencePoints>
              <BranchPoints />
              <MethodPoint xsi:type="SequencePoint" vc="0" uspid="2801" ordinal="0" offset="0" sl="103" sc="17" el="103" ec="18" />
            </Method>
            <Method visited="false" cyclomaticComplexity="1" sequenceCoverage="0" branchCoverage="0" isConstructor="false" isStatic="false" isGetter="true" isSetter="false">
              <Summary numSequencePoints="3" visitedSequencePoints="0" numBranchPoints="1" visitedBranchPoints="0" sequenceCoverage="0" branchCoverage="0" maxCyclomaticComplexity="1" minCyclomaticComplexity="1" />
              <MetadataToken>100663650</MetadataToken>
              <Name>System.Collections.Generic.Dictionary`2&lt;System.String,System.DateTime&gt; CombinifyWpf.ViewModels.ProjectViewModel::get_FileTimes()</Name>
              <FileRef uid="37" />
              <SequencePoints>
                <SequencePoint vc="0" uspid="2804" ordinal="0" offset="0" sl="111" sc="17" el="111" ec="18" />
                <SequencePoint vc="0" uspid="2805" ordinal="1" offset="1" sl="111" sc="19" el="111" ec="48" />
                <SequencePoint vc="0" uspid="2806" ordinal="2" offset="15" sl="111" sc="49" el="111" ec="50" />
              </SequencePoints>
              <BranchPoints />
              <MethodPoint xsi:type="SequencePoint" vc="0" uspid="2804" ordinal="0" offset="0" sl="111" sc="17" el="111" ec="18" />
            </Method>
            <Method visited="false" cyclomaticComplexity="1" sequenceCoverage="0" branchCoverage="0" isConstructor="false" isStatic="false" isGetter="false" isSetter="true">
              <Summary numSequencePoints="3" visitedSequencePoints="0" numBranchPoints="1" visitedBranchPoints="0" sequenceCoverage="0" branchCoverage="0" maxCyclomaticComplexity="1" minCyclomaticComplexity="1" />
              <MetadataToken>100663651</MetadataToken>
              <Name>System.Void CombinifyWpf.ViewModels.ProjectViewModel::set_FileTimes(System.Collections.Generic.Dictionary`2&lt;System.String,System.DateTime&gt;)</Name>
              <FileRef uid="37" />
              <SequencePoints>
                <SequencePoint vc="0" uspid="2807" ordinal="0" offset="0" sl="112" sc="17" el="112" ec="18" />
                <SequencePoint vc="0" uspid="2808" ordinal="1" offset="1" sl="112" sc="19" el="112" ec="85" />
                <SequencePoint vc="0" uspid="2809" ordinal="2" offset="126" sl="112" sc="86" el="112" ec="87" />
              </SequencePoints>
              <BranchPoints />
              <MethodPoint xsi:type="SequencePoint" vc="0" uspid="2807" ordinal="0" offset="0" sl="112" sc="17" el="112" ec="18" />
            </Method>
            <Method visited="false" cyclomaticComplexity="1" sequenceCoverage="0" branchCoverage="0" isConstructor="false" isStatic="false" isGetter="true" isSetter="false">
              <Summary numSequencePoints="0" visitedSequencePoints="0" numBranchPoints="0" visitedBranchPoints="0" sequenceCoverage="0" branchCoverage="0" maxCyclomaticComplexity="1" minCyclomaticComplexity="1" />
              <MetadataToken>100663652</MetadataToken>
              <Name>System.String CombinifyWpf.ViewModels.ProjectViewModel::get_ProjectSavePath()</Name>
              <SequencePoints />
              <BranchPoints />
              <MethodPoint vc="0" uspid="2810" ordinal="0" offset="0" />
            </Method>
            <Method visited="false" cyclomaticComplexity="1" sequenceCoverage="0" branchCoverage="0" isConstructor="false" isStatic="false" isGetter="false" isSetter="true">
              <Summary numSequencePoints="0" visitedSequencePoints="0" numBranchPoints="0" visitedBranchPoints="0" sequenceCoverage="0" branchCoverage="0" maxCyclomaticComplexity="1" minCyclomaticComplexity="1" />
              <MetadataToken>100663653</MetadataToken>
              <Name>System.Void CombinifyWpf.ViewModels.ProjectViewModel::set_ProjectSavePath(System.String)</Name>
              <SequencePoints />
              <BranchPoints />
              <MethodPoint vc="0" uspid="2811" ordinal="0" offset="0" />
            </Method>
            <Method visited="false" cyclomaticComplexity="3" sequenceCoverage="0" branchCoverage="0" isConstructor="false" isStatic="false" isGetter="true" isSetter="false">
              <Summary numSequencePoints="15" visitedSequencePoints="0" numBranchPoints="5" visitedBranchPoints="0" sequenceCoverage="0" branchCoverage="0" maxCyclomaticComplexity="3" minCyclomaticComplexity="3" />
              <MetadataToken>100663654</MetadataToken>
              <Name>System.Int64 CombinifyWpf.ViewModels.ProjectViewModel::get_CombinedSize()</Name>
              <FileRef uid="37" />
              <SequencePoints>
                <SequencePoint vc="0" uspid="2812" ordinal="0" offset="0" sl="124" sc="17" el="124" ec="18" />
                <SequencePoint vc="0" uspid="2813" ordinal="1" offset="1" sl="125" sc="17" el="125" ec="36" />
                <SequencePoint vc="0" uspid="2814" ordinal="2" offset="4" sl="126" sc="17" el="126" ec="43" />
                <SequencePoint vc="0" uspid="2815" ordinal="3" offset="17" sl="126" sc="44" el="126" ec="45" />
                <SequencePoint vc="0" uspid="2816" ordinal="4" offset="18" sl="127" sc="21" el="127" ec="28" />
                <SequencePoint vc="0" uspid="2817" ordinal="5" offset="19" sl="127" sc="42" el="127" ec="54" />
                <SequencePoint vc="0" uspid="2818" ordinal="6" offset="34" sl="127" sc="30" el="127" ec="38" />
                <SequencePoint vc="0" uspid="2819" ordinal="7" offset="42" sl="127" sc="57" el="127" ec="58" />
                <SequencePoint vc="0" uspid="2820" ordinal="8" offset="43" sl="128" sc="25" el="128" ec="62" />
                <SequencePoint vc="0" uspid="2821" ordinal="9" offset="57" sl="129" sc="21" el="129" ec="22" />
                <SequencePoint vc="0" uspid="2822" ordinal="10" offset="58" sl="127" sc="39" el="127" ec="41" />
                <SequencePoint vc="0" uspid="2823" ordinal="11" offset="87" sl="130" sc="17" el="130" ec="18" />
                <SequencePoint vc="0" uspid="2824" ordinal="12" offset="88" sl="132" sc="17" el="132" ec="43" />
                <SequencePoint vc="0" uspid="2825" ordinal="13" offset="95" sl="133" sc="17" el="133" ec="33" />
                <SequencePoint vc="0" uspid="2826" ordinal="14" offset="99" sl="134" sc="13" el="134" ec="14" />
              </SequencePoints>
              <BranchPoints>
                <BranchPoint vc="0" uspid="2827" ordinal="0" offset="15" path="0" />
                <BranchPoint vc="0" uspid="2828" ordinal="1" offset="15" path="1" />
                <BranchPoint vc="0" uspid="2829" ordinal="2" offset="67" path="0" />
                <BranchPoint vc="0" uspid="2830" ordinal="3" offset="67" path="1" />
              </BranchPoints>
              <MethodPoint xsi:type="SequencePoint" vc="0" uspid="2812" ordinal="0" offset="0" sl="124" sc="17" el="124" ec="18" />
            </Method>
            <Method visited="false" cyclomaticComplexity="2" sequenceCoverage="0" branchCoverage="0" isConstructor="false" isStatic="false" isGetter="true" isSetter="false">
              <Summary numSequencePoints="9" visitedSequencePoints="0" numBranchPoints="3" visitedBranchPoints="0" sequenceCoverage="0" branchCoverage="0" maxCyclomaticComplexity="2" minCyclomaticComplexity="2" />
              <MetadataToken>100663655</MetadataToken>
              <Name>System.Int64 CombinifyWpf.ViewModels.ProjectViewModel::get_ProcessedSize()</Name>
              <FileRef uid="37" />
              <SequencePoints>
                <SequencePoint vc="0" uspid="2831" ordinal="0" offset="0" sl="141" sc="17" el="141" ec="18" />
                <SequencePoint vc="0" uspid="2832" ordinal="1" offset="1" sl="142" sc="17" el="142" ec="32" />
                <SequencePoint vc="0" uspid="2833" ordinal="2" offset="4" sl="143" sc="17" el="143" ec="64" />
                <SequencePoint vc="0" uspid="2834" ordinal="3" offset="19" sl="143" sc="65" el="143" ec="66" />
                <SequencePoint vc="0" uspid="2835" ordinal="4" offset="20" sl="144" sc="21" el="144" ec="63" />
                <SequencePoint vc="0" uspid="2836" ordinal="5" offset="37" sl="145" sc="17" el="145" ec="18" />
                <SequencePoint vc="0" uspid="2837" ordinal="6" offset="38" sl="147" sc="17" el="147" ec="39" />
                <SequencePoint vc="0" uspid="2838" ordinal="7" offset="45" sl="148" sc="17" el="148" ec="29" />
                <SequencePoint vc="0" uspid="2839" ordinal="8" offset="49" sl="149" sc="13" el="149" ec="14" />
              </SequencePoints>
              <BranchPoints>
                <BranchPoint vc="0" uspid="2840" ordinal="0" offset="17" path="0" />
                <BranchPoint vc="0" uspid="2841" ordinal="1" offset="17" path="1" />
              </BranchPoints>
              <MethodPoint xsi:type="SequencePoint" vc="0" uspid="2831" ordinal="0" offset="0" sl="141" sc="17" el="141" ec="18" />
            </Method>
            <Method visited="false" cyclomaticComplexity="3" sequenceCoverage="0" branchCoverage="0" isConstructor="false" isStatic="false" isGetter="true" isSetter="false">
              <Summary numSequencePoints="8" visitedSequencePoints="0" numBranchPoints="5" visitedBranchPoints="0" sequenceCoverage="0" branchCoverage="0" maxCyclomaticComplexity="3" minCyclomaticComplexity="3" />
              <MetadataToken>100663656</MetadataToken>
              <Name>System.Double CombinifyWpf.ViewModels.ProjectViewModel::get_Difference()</Name>
              <FileRef uid="37" />
              <SequencePoints>
                <SequencePoint vc="0" uspid="2842" ordinal="0" offset="0" sl="156" sc="17" el="156" ec="18" />
                <SequencePoint vc="0" uspid="2843" ordinal="1" offset="1" sl="157" sc="17" el="157" ec="36" />
                <SequencePoint vc="0" uspid="2844" ordinal="2" offset="11" sl="158" sc="17" el="158" ec="63" />
                <SequencePoint vc="0" uspid="2845" ordinal="3" offset="41" sl="158" sc="64" el="158" ec="65" />
                <SequencePoint vc="0" uspid="2846" ordinal="4" offset="42" sl="159" sc="21" el="159" ec="91" />
                <SequencePoint vc="0" uspid="2847" ordinal="5" offset="68" sl="160" sc="17" el="160" ec="18" />
                <SequencePoint vc="0" uspid="2848" ordinal="6" offset="69" sl="162" sc="17" el="162" ec="32" />
                <SequencePoint vc="0" uspid="2849" ordinal="7" offset="73" sl="163" sc="13" el="163" ec="14" />
              </SequencePoints>
              <BranchPoints>
                <BranchPoint vc="0" uspid="2850" ordinal="0" offset="19" path="0" />
                <BranchPoint vc="0" uspid="2851" ordinal="1" offset="19" path="1" />
                <BranchPoint vc="0" uspid="2852" ordinal="2" offset="39" path="0" />
                <BranchPoint vc="0" uspid="2853" ordinal="3" offset="39" path="1" />
              </BranchPoints>
              <MethodPoint xsi:type="SequencePoint" vc="0" uspid="2842" ordinal="0" offset="0" sl="156" sc="17" el="156" ec="18" />
            </Method>
            <Method visited="false" cyclomaticComplexity="1" sequenceCoverage="0" branchCoverage="0" isConstructor="false" isStatic="false" isGetter="true" isSetter="false">
              <Summary numSequencePoints="3" visitedSequencePoints="0" numBranchPoints="1" visitedBranchPoints="0" sequenceCoverage="0" branchCoverage="0" maxCyclomaticComplexity="1" minCyclomaticComplexity="1" />
              <MetadataToken>100663657</MetadataToken>
              <Name>System.DateTime CombinifyWpf.ViewModels.ProjectViewModel::get_LastTime()</Name>
              <FileRef uid="37" />
              <SequencePoints>
                <SequencePoint vc="0" uspid="2854" ordinal="0" offset="0" sl="170" sc="17" el="170" ec="18" />
                <SequencePoint vc="0" uspid="2855" ordinal="1" offset="1" sl="171" sc="17" el="171" ec="37" />
                <SequencePoint vc="0" uspid="2856" ordinal="2" offset="9" sl="172" sc="13" el="172" ec="14" />
              </SequencePoints>
              <BranchPoints />
              <MethodPoint xsi:type="SequencePoint" vc="0" uspid="2854" ordinal="0" offset="0" sl="170" sc="17" el="170" ec="18" />
            </Method>
            <Method visited="false" cyclomaticComplexity="2" sequenceCoverage="0" branchCoverage="0" isConstructor="true" isStatic="false" isGetter="false" isSetter="false">
              <Summary numSequencePoints="7" visitedSequencePoints="0" numBranchPoints="3" visitedBranchPoints="0" sequenceCoverage="0" branchCoverage="0" maxCyclomaticComplexity="2" minCyclomaticComplexity="2" />
              <MetadataToken>100663639</MetadataToken>
              <Name>System.Void CombinifyWpf.ViewModels.ProjectViewModel::.ctor()</Name>
              <FileRef uid="37" />
              <SequencePoints>
                <SequencePoint vc="0" uspid="2857" ordinal="0" offset="0" sl="54" sc="9" el="54" ec="34" />
                <SequencePoint vc="0" uspid="2858" ordinal="1" offset="7" sl="54" sc="35" el="54" ec="36" />
                <SequencePoint vc="0" uspid="2859" ordinal="2" offset="8" sl="55" sc="13" el="55" ec="38" />
                <SequencePoint vc="0" uspid="2860" ordinal="3" offset="24" sl="55" sc="39" el="55" ec="40" />
                <SequencePoint vc="0" uspid="2861" ordinal="4" offset="25" sl="56" sc="17" el="56" ec="39" />
                <SequencePoint vc="0" uspid="2862" ordinal="5" offset="37" sl="57" sc="13" el="57" ec="14" />
                <SequencePoint vc="0" uspid="2863" ordinal="6" offset="38" sl="58" sc="9" el="58" ec="10" />
              </SequencePoints>
              <BranchPoints>
                <BranchPoint vc="0" uspid="2864" ordinal="0" offset="22" path="0" />
                <BranchPoint vc="0" uspid="2865" ordinal="1" offset="22" path="1" />
              </BranchPoints>
              <MethodPoint xsi:type="SequencePoint" vc="0" uspid="2857" ordinal="0" offset="0" sl="54" sc="9" el="54" ec="34" />
            </Method>
            <Method visited="false" cyclomaticComplexity="3" sequenceCoverage="0" branchCoverage="0" isConstructor="false" isStatic="false" isGetter="false" isSetter="false">
              <Summary numSequencePoints="10" visitedSequencePoints="0" numBranchPoints="5" visitedBranchPoints="0" sequenceCoverage="0" branchCoverage="0" maxCyclomaticComplexity="3" minCyclomaticComplexity="3" />
              <MetadataToken>100663658</MetadataToken>
              <Name>System.Void CombinifyWpf.ViewModels.ProjectViewModel::AddFile(System.String)</Name>
              <FileRef uid="37" />
              <SequencePoints>
                <SequencePoint vc="0" uspid="2866" ordinal="0" offset="0" sl="182" sc="44" el="182" ec="45" />
                <SequencePoint vc="0" uspid="2867" ordinal="1" offset="1" sl="183" sc="13" el="183" ec="49" />
                <SequencePoint vc="0" uspid="2868" ordinal="2" offset="17" sl="183" sc="50" el="183" ec="51" />
                <SequencePoint vc="0" uspid="2869" ordinal="3" offset="18" sl="184" sc="17" el="184" ec="42" />
                <SequencePoint vc="0" uspid="2870" ordinal="4" offset="31" sl="184" sc="43" el="184" ec="44" />
                <SequencePoint vc="0" uspid="2871" ordinal="5" offset="32" sl="185" sc="21" el="185" ec="46" />
                <SequencePoint vc="0" uspid="2872" ordinal="6" offset="45" sl="186" sc="21" el="186" ec="58" />
                <SequencePoint vc="0" uspid="2873" ordinal="7" offset="63" sl="187" sc="17" el="187" ec="18" />
                <SequencePoint vc="0" uspid="2874" ordinal="8" offset="64" sl="188" sc="13" el="188" ec="14" />
                <SequencePoint vc="0" uspid="2875" ordinal="9" offset="65" sl="189" sc="9" el="189" ec="10" />
              </SequencePoints>
              <BranchPoints>
                <BranchPoint vc="0" uspid="2876" ordinal="0" offset="15" path="0" />
                <BranchPoint vc="0" uspid="2877" ordinal="1" offset="15" path="1" />
                <BranchPoint vc="0" uspid="2878" ordinal="2" offset="29" path="0" />
                <BranchPoint vc="0" uspid="2879" ordinal="3" offset="29" path="1" />
              </BranchPoints>
              <MethodPoint xsi:type="SequencePoint" vc="0" uspid="2866" ordinal="0" offset="0" sl="182" sc="44" el="182" ec="45" />
            </Method>
            <Method visited="false" cyclomaticComplexity="4" sequenceCoverage="0" branchCoverage="0" isConstructor="false" isStatic="false" isGetter="false" isSetter="false">
              <Summary numSequencePoints="19" visitedSequencePoints="0" numBranchPoints="7" visitedBranchPoints="0" sequenceCoverage="0" branchCoverage="0" maxCyclomaticComplexity="4" minCyclomaticComplexity="4" />
              <MetadataToken>100663659</MetadataToken>
              <Name>System.Void CombinifyWpf.ViewModels.ProjectViewModel::AddDirectory(System.String)</Name>
              <FileRef uid="37" />
              <SequencePoints>
                <SequencePoint vc="0" uspid="2880" ordinal="0" offset="0" sl="195" sc="49" el="195" ec="50" />
                <SequencePoint vc="0" uspid="2881" ordinal="1" offset="1" sl="196" sc="13" el="196" ec="39" />
                <SequencePoint vc="0" uspid="2882" ordinal="2" offset="7" sl="197" sc="13" el="197" ec="43" />
                <SequencePoint vc="0" uspid="2883" ordinal="3" offset="20" sl="197" sc="44" el="197" ec="45" />
                <SequencePoint vc="0" uspid="2884" ordinal="4" offset="21" sl="198" sc="17" el="198" ec="51" />
                <SequencePoint vc="0" uspid="2885" ordinal="5" offset="29" sl="199" sc="17" el="199" ec="24" />
                <SequencePoint vc="0" uspid="2886" ordinal="6" offset="30" sl="199" sc="38" el="199" ec="41" />
                <SequencePoint vc="0" uspid="2887" ordinal="7" offset="40" sl="199" sc="26" el="199" ec="34" />
                <SequencePoint vc="0" uspid="2888" ordinal="8" offset="48" sl="199" sc="44" el="199" ec="45" />
                <SequencePoint vc="0" uspid="2889" ordinal="9" offset="49" sl="200" sc="21" el="200" ec="53" />
                <SequencePoint vc="0" uspid="2890" ordinal="10" offset="68" sl="200" sc="54" el="200" ec="55" />
                <SequencePoint vc="0" uspid="2891" ordinal="11" offset="69" sl="201" sc="25" el="201" ec="41" />
                <SequencePoint vc="0" uspid="2892" ordinal="12" offset="77" sl="202" sc="21" el="202" ec="22" />
                <SequencePoint vc="0" uspid="2893" ordinal="13" offset="78" sl="203" sc="17" el="203" ec="18" />
                <SequencePoint vc="0" uspid="2894" ordinal="14" offset="79" sl="199" sc="35" el="199" ec="37" />
                <SequencePoint vc="0" uspid="2895" ordinal="15" offset="108" sl="205" sc="17" el="205" ec="46" />
                <SequencePoint vc="0" uspid="2896" ordinal="16" offset="121" sl="206" sc="17" el="206" ec="54" />
                <SequencePoint vc="0" uspid="2897" ordinal="17" offset="139" sl="207" sc="13" el="207" ec="14" />
                <SequencePoint vc="0" uspid="2898" ordinal="18" offset="140" sl="208" sc="9" el="208" ec="10" />
              </SequencePoints>
              <BranchPoints>
                <BranchPoint vc="0" uspid="2899" ordinal="0" offset="18" path="0" />
                <BranchPoint vc="0" uspid="2900" ordinal="1" offset="18" path="1" />
                <BranchPoint vc="0" uspid="2901" ordinal="2" offset="66" path="0" />
                <BranchPoint vc="0" uspid="2902" ordinal="3" offset="66" path="1" />
                <BranchPoint vc="0" uspid="2903" ordinal="4" offset="88" path="0" />
                <BranchPoint vc="0" uspid="2904" ordinal="5" offset="88" path="1" />
              </BranchPoints>
              <MethodPoint xsi:type="SequencePoint" vc="0" uspid="2880" ordinal="0" offset="0" sl="195" sc="49" el="195" ec="50" />
            </Method>
            <Method visited="false" cyclomaticComplexity="3" sequenceCoverage="0" branchCoverage="0" isConstructor="false" isStatic="false" isGetter="false" isSetter="false">
              <Summary numSequencePoints="6" visitedSequencePoints="0" numBranchPoints="5" visitedBranchPoints="0" sequenceCoverage="0" branchCoverage="0" maxCyclomaticComplexity="3" minCyclomaticComplexity="3" />
              <MetadataToken>100663660</MetadataToken>
              <Name>System.Void CombinifyWpf.ViewModels.ProjectViewModel::RemoveItem(System.String)</Name>
              <FileRef uid="37" />
              <SequencePoints>
                <SequencePoint vc="0" uspid="2905" ordinal="0" offset="15" sl="214" sc="47" el="214" ec="48" />
                <SequencePoint vc="0" uspid="2906" ordinal="1" offset="16" sl="215" sc="13" el="215" ec="48" />
                <SequencePoint vc="0" uspid="2907" ordinal="2" offset="40" sl="215" sc="49" el="215" ec="50" />
                <SequencePoint vc="0" uspid="2908" ordinal="3" offset="41" sl="216" sc="17" el="216" ec="78" />
                <SequencePoint vc="0" uspid="2909" ordinal="4" offset="83" sl="217" sc="13" el="217" ec="14" />
                <SequencePoint vc="0" uspid="2910" ordinal="5" offset="84" sl="218" sc="9" el="218" ec="10" />
              </SequencePoints>
              <BranchPoints>
                <BranchPoint vc="0" uspid="2912" ordinal="0" offset="38" path="0" />
                <BranchPoint vc="0" uspid="2913" ordinal="1" offset="38" path="1" />
                <BranchPoint vc="0" uspid="2914" ordinal="2" offset="49" path="0" />
                <BranchPoint vc="0" uspid="2915" ordinal="3" offset="49" path="1" />
              </BranchPoints>
              <MethodPoint vc="0" uspid="2911" ordinal="0" offset="0" />
            </Method>
            <Method visited="false" cyclomaticComplexity="3" sequenceCoverage="0" branchCoverage="0" isConstructor="false" isStatic="false" isGetter="false" isSetter="false">
              <Summary numSequencePoints="11" visitedSequencePoints="0" numBranchPoints="5" visitedBranchPoints="0" sequenceCoverage="0" branchCoverage="0" maxCyclomaticComplexity="3" minCyclomaticComplexity="3" />
              <MetadataToken>100663661</MetadataToken>
              <Name>System.Void CombinifyWpf.ViewModels.ProjectViewModel::ClearWatched()</Name>
              <FileRef uid="37" />
              <SequencePoints>
                <SequencePoint vc="0" uspid="2916" ordinal="0" offset="0" sl="223" sc="36" el="223" ec="37" />
                <SequencePoint vc="0" uspid="2917" ordinal="1" offset="1" sl="224" sc="13" el="224" ec="39" />
                <SequencePoint vc="0" uspid="2918" ordinal="2" offset="14" sl="224" sc="40" el="224" ec="41" />
                <SequencePoint vc="0" uspid="2919" ordinal="3" offset="15" sl="225" sc="17" el="225" ec="38" />
                <SequencePoint vc="0" uspid="2920" ordinal="4" offset="27" sl="226" sc="17" el="226" ec="54" />
                <SequencePoint vc="0" uspid="2921" ordinal="5" offset="45" sl="227" sc="13" el="227" ec="14" />
                <SequencePoint vc="0" uspid="2922" ordinal="6" offset="46" sl="229" sc="13" el="229" ec="36" />
                <SequencePoint vc="0" uspid="2923" ordinal="7" offset="59" sl="229" sc="37" el="229" ec="38" />
                <SequencePoint vc="0" uspid="2924" ordinal="8" offset="60" sl="230" sc="17" el="230" ec="35" />
                <SequencePoint vc="0" uspid="2925" ordinal="9" offset="72" sl="231" sc="13" el="231" ec="14" />
                <SequencePoint vc="0" uspid="2926" ordinal="10" offset="73" sl="232" sc="9" el="232" ec="10" />
              </SequencePoints>
              <BranchPoints>
                <BranchPoint vc="0" uspid="2927" ordinal="0" offset="12" path="0" />
                <BranchPoint vc="0" uspid="2928" ordinal="1" offset="12" path="1" />
                <BranchPoint vc="0" uspid="2929" ordinal="2" offset="57" path="0" />
                <BranchPoint vc="0" uspid="2930" ordinal="3" offset="57" path="1" />
              </BranchPoints>
              <MethodPoint xsi:type="SequencePoint" vc="0" uspid="2916" ordinal="0" offset="0" sl="223" sc="36" el="223" ec="37" />
            </Method>
            <Method visited="false" cyclomaticComplexity="1" sequenceCoverage="0" branchCoverage="0" isConstructor="false" isStatic="false" isGetter="false" isSetter="false">
              <Summary numSequencePoints="8" visitedSequencePoints="0" numBranchPoints="1" visitedBranchPoints="0" sequenceCoverage="0" branchCoverage="0" maxCyclomaticComplexity="1" minCyclomaticComplexity="1" />
              <MetadataToken>100663662</MetadataToken>
              <Name>System.Void CombinifyWpf.ViewModels.ProjectViewModel::Close()</Name>
              <FileRef uid="37" />
              <SequencePoints>
                <SequencePoint vc="0" uspid="2931" ordinal="0" offset="0" sl="237" sc="29" el="237" ec="30" />
                <SequencePoint vc="0" uspid="2932" ordinal="1" offset="1" sl="238" sc="13" el="238" ec="44" />
                <SequencePoint vc="0" uspid="2933" ordinal="2" offset="13" sl="239" sc="13" el="239" ec="42" />
                <SequencePoint vc="0" uspid="2934" ordinal="3" offset="25" sl="240" sc="13" el="240" ec="40" />
                <SequencePoint vc="0" uspid="2935" ordinal="4" offset="37" sl="241" sc="13" el="241" ec="47" />
                <SequencePoint vc="0" uspid="2936" ordinal="5" offset="49" sl="242" sc="13" el="242" ec="60" />
                <SequencePoint vc="0" uspid="2937" ordinal="6" offset="61" sl="243" sc="13" el="243" ec="32" />
                <SequencePoint vc="0" uspid="2938" ordinal="7" offset="69" sl="244" sc="9" el="244" ec="10" />
              </SequencePoints>
              <BranchPoints />
              <MethodPoint xsi:type="SequencePoint" vc="0" uspid="2931" ordinal="0" offset="0" sl="237" sc="29" el="237" ec="30" />
            </Method>
            <Method visited="false" cyclomaticComplexity="5" sequenceCoverage="0" branchCoverage="0" isConstructor="false" isStatic="false" isGetter="false" isSetter="false">
              <Summary numSequencePoints="21" visitedSequencePoints="0" numBranchPoints="9" visitedBranchPoints="0" sequenceCoverage="0" branchCoverage="0" maxCyclomaticComplexity="5" minCyclomaticComplexity="5" />
              <MetadataToken>100663663</MetadataToken>
              <Name>System.Boolean CombinifyWpf.ViewModels.ProjectViewModel::FilesNeedProcessed()</Name>
              <FileRef uid="37" />
              <SequencePoints>
                <SequencePoint vc="0" uspid="2939" ordinal="0" offset="0" sl="250" sc="42" el="250" ec="43" />
                <SequencePoint vc="0" uspid="2940" ordinal="1" offset="1" sl="251" sc="13" el="251" ec="34" />
                <SequencePoint vc="0" uspid="2941" ordinal="2" offset="3" sl="253" sc="13" el="253" ec="39" />
                <SequencePoint vc="0" uspid="2942" ordinal="3" offset="21" sl="253" sc="40" el="253" ec="41" />
                <SequencePoint vc="0" uspid="2943" ordinal="4" offset="22" sl="254" sc="17" el="254" ec="30" />
                <SequencePoint vc="0" uspid="2944" ordinal="5" offset="29" sl="257" sc="13" el="257" ec="36" />
                <SequencePoint vc="0" uspid="2945" ordinal="6" offset="47" sl="257" sc="37" el="257" ec="38" />
                <SequencePoint vc="0" uspid="2946" ordinal="7" offset="48" sl="258" sc="17" el="258" ec="29" />
                <SequencePoint vc="0" uspid="2947" ordinal="8" offset="52" sl="261" sc="13" el="261" ec="20" />
                <SequencePoint vc="0" uspid="2948" ordinal="9" offset="53" sl="261" sc="34" el="261" ec="46" />
                <SequencePoint vc="0" uspid="2949" ordinal="10" offset="68" sl="261" sc="22" el="261" ec="30" />
                <SequencePoint vc="0" uspid="2950" ordinal="11" offset="76" sl="261" sc="49" el="261" ec="50" />
                <SequencePoint vc="0" uspid="2951" ordinal="12" offset="77" sl="262" sc="17" el="262" ec="46" />
                <SequencePoint vc="0" uspid="2952" ordinal="13" offset="84" sl="263" sc="17" el="263" ec="66" />
                <SequencePoint vc="0" uspid="2953" ordinal="14" offset="121" sl="263" sc="67" el="263" ec="68" />
                <SequencePoint vc="0" uspid="2954" ordinal="15" offset="122" sl="264" sc="21" el="264" ec="36" />
                <SequencePoint vc="0" uspid="2955" ordinal="16" offset="124" sl="265" sc="17" el="265" ec="18" />
                <SequencePoint vc="0" uspid="2956" ordinal="17" offset="125" sl="266" sc="13" el="266" ec="14" />
                <SequencePoint vc="0" uspid="2957" ordinal="18" offset="126" sl="261" sc="31" el="261" ec="33" />
                <SequencePoint vc="0" uspid="2958" ordinal="19" offset="157" sl="268" sc="13" el="268" ec="28" />
                <SequencePoint vc="0" uspid="2959" ordinal="20" offset="161" sl="269" sc="9" el="269" ec="10" />
              </SequencePoints>
              <BranchPoints>
                <BranchPoint vc="0" uspid="2960" ordinal="0" offset="19" path="0" />
                <BranchPoint vc="0" uspid="2961" ordinal="1" offset="19" path="1" />
                <BranchPoint vc="0" uspid="2962" ordinal="2" offset="45" path="0" />
                <BranchPoint vc="0" uspid="2963" ordinal="3" offset="45" path="1" />
                <BranchPoint vc="0" uspid="2964" ordinal="4" offset="119" path="0" />
                <BranchPoint vc="0" uspid="2965" ordinal="5" offset="119" path="1" />
                <BranchPoint vc="0" uspid="2966" ordinal="6" offset="137" path="0" />
                <BranchPoint vc="0" uspid="2967" ordinal="7" offset="137" path="1" />
              </BranchPoints>
              <MethodPoint xsi:type="SequencePoint" vc="0" uspid="2939" ordinal="0" offset="0" sl="250" sc="42" el="250" ec="43" />
            </Method>
            <Method visited="false" cyclomaticComplexity="1" sequenceCoverage="0" branchCoverage="0" isConstructor="false" isStatic="false" isGetter="false" isSetter="false">
              <Summary numSequencePoints="3" visitedSequencePoints="0" numBranchPoints="1" visitedBranchPoints="0" sequenceCoverage="0" branchCoverage="0" maxCyclomaticComplexity="1" minCyclomaticComplexity="1" />
              <MetadataToken>100663664</MetadataToken>
              <Name>System.Void CombinifyWpf.ViewModels.ProjectViewModel::ProcessFiles()</Name>
              <FileRef uid="37" />
              <SequencePoints>
                <SequencePoint vc="0" uspid="2968" ordinal="0" offset="0" sl="274" sc="36" el="274" ec="37" />
                <SequencePoint vc="0" uspid="2969" ordinal="1" offset="1" sl="275" sc="13" el="287" ec="64" />
                <SequencePoint vc="0" uspid="2970" ordinal="2" offset="46" sl="288" sc="9" el="288" ec="10" />
              </SequencePoints>
              <BranchPoints />
              <MethodPoint xsi:type="SequencePoint" vc="0" uspid="2968" ordinal="0" offset="0" sl="274" sc="36" el="274" ec="37" />
            </Method>
            <Method visited="false" cyclomaticComplexity="3" sequenceCoverage="0" branchCoverage="0" isConstructor="false" isStatic="false" isGetter="false" isSetter="false">
              <Summary numSequencePoints="17" visitedSequencePoints="0" numBranchPoints="5" visitedBranchPoints="0" sequenceCoverage="0" branchCoverage="0" maxCyclomaticComplexity="3" minCyclomaticComplexity="3" />
              <MetadataToken>100663665</MetadataToken>
              <Name>System.Void CombinifyWpf.ViewModels.ProjectViewModel::SetTimeStamps()</Name>
              <FileRef uid="37" />
              <SequencePoints>
                <SequencePoint vc="0" uspid="2971" ordinal="0" offset="0" sl="290" sc="38" el="290" ec="39" />
                <SequencePoint vc="0" uspid="2972" ordinal="1" offset="1" sl="291" sc="13" el="291" ec="36" />
                <SequencePoint vc="0" uspid="2973" ordinal="2" offset="17" sl="291" sc="37" el="291" ec="38" />
                <SequencePoint vc="0" uspid="2974" ordinal="3" offset="18" sl="292" sc="17" el="292" ec="64" />
                <SequencePoint vc="0" uspid="2975" ordinal="4" offset="30" sl="293" sc="13" el="293" ec="14" />
                <SequencePoint vc="0" uspid="2976" ordinal="5" offset="33" sl="294" sc="18" el="294" ec="19" />
                <SequencePoint vc="0" uspid="2977" ordinal="6" offset="34" sl="295" sc="17" el="295" ec="35" />
                <SequencePoint vc="0" uspid="2978" ordinal="7" offset="46" sl="296" sc="13" el="296" ec="14" />
                <SequencePoint vc="0" uspid="2979" ordinal="8" offset="47" sl="298" sc="13" el="298" ec="20" />
                <SequencePoint vc="0" uspid="2980" ordinal="9" offset="48" sl="298" sc="31" el="298" ec="43" />
                <SequencePoint vc="0" uspid="2981" ordinal="10" offset="62" sl="298" sc="22" el="298" ec="27" />
                <SequencePoint vc="0" uspid="2982" ordinal="11" offset="70" sl="298" sc="46" el="298" ec="47" />
                <SequencePoint vc="0" uspid="2983" ordinal="12" offset="71" sl="299" sc="17" el="299" ec="46" />
                <SequencePoint vc="0" uspid="2984" ordinal="13" offset="78" sl="300" sc="17" el="300" ec="64" />
                <SequencePoint vc="0" uspid="2985" ordinal="14" offset="102" sl="301" sc="13" el="301" ec="14" />
                <SequencePoint vc="0" uspid="2986" ordinal="15" offset="103" sl="298" sc="28" el="298" ec="30" />
                <SequencePoint vc="0" uspid="2987" ordinal="16" offset="132" sl="302" sc="9" el="302" ec="10" />
              </SequencePoints>
              <BranchPoints>
                <BranchPoint vc="0" uspid="2988" ordinal="0" offset="15" path="0" />
                <BranchPoint vc="0" uspid="2989" ordinal="1" offset="15" path="1" />
                <BranchPoint vc="0" uspid="2990" ordinal="2" offset="112" path="0" />
                <BranchPoint vc="0" uspid="2991" ordinal="3" offset="112" path="1" />
              </BranchPoints>
              <MethodPoint xsi:type="SequencePoint" vc="0" uspid="2971" ordinal="0" offset="0" sl="290" sc="38" el="290" ec="39" />
            </Method>
            <Method visited="false" cyclomaticComplexity="1" sequenceCoverage="0" branchCoverage="0" isConstructor="false" isStatic="false" isGetter="false" isSetter="false">
              <Summary numSequencePoints="5" visitedSequencePoints="0" numBranchPoints="1" visitedBranchPoints="0" sequenceCoverage="0" branchCoverage="0" maxCyclomaticComplexity="1" minCyclomaticComplexity="1" />
              <MetadataToken>100663666</MetadataToken>
              <Name>System.Void CombinifyWpf.ViewModels.ProjectViewModel::&lt;ProcessFiles&gt;b__4(System.Threading.Tasks.Task)</Name>
              <FileRef uid="37" />
              <SequencePoints>
                <SequencePoint vc="0" uspid="2992" ordinal="0" offset="0" sl="282" sc="45" el="282" ec="46" />
                <SequencePoint vc="0" uspid="2993" ordinal="1" offset="1" sl="283" sc="17" el="283" ec="54" />
                <SequencePoint vc="0" uspid="2994" ordinal="2" offset="60" sl="284" sc="17" el="284" ec="55" />
                <SequencePoint vc="0" uspid="2995" ordinal="3" offset="119" sl="285" sc="17" el="285" ec="52" />
                <SequencePoint vc="0" uspid="2996" ordinal="4" offset="178" sl="286" sc="17" el="286" ec="50" />
              </SequencePoints>
              <BranchPoints />
              <MethodPoint xsi:type="SequencePoint" vc="0" uspid="2992" ordinal="0" offset="0" sl="282" sc="45" el="282" ec="46" />
            </Method>
            <Method visited="false" cyclomaticComplexity="1" sequenceCoverage="0" branchCoverage="0" isConstructor="false" isStatic="false" isGetter="false" isSetter="false">
              <Summary numSequencePoints="6" visitedSequencePoints="0" numBranchPoints="1" visitedBranchPoints="0" sequenceCoverage="0" branchCoverage="0" maxCyclomaticComplexity="1" minCyclomaticComplexity="1" />
              <MetadataToken>100663667</MetadataToken>
              <Name>System.Void CombinifyWpf.ViewModels.ProjectViewModel::&lt;ProcessFiles&gt;b__5()</Name>
              <FileRef uid="37" />
              <SequencePoints>
                <SequencePoint vc="0" uspid="2997" ordinal="0" offset="0" sl="275" sc="42" el="275" ec="43" />
                <SequencePoint vc="0" uspid="2998" ordinal="1" offset="1" sl="276" sc="17" el="276" ec="44" />
                <SequencePoint vc="0" uspid="2999" ordinal="2" offset="7" sl="277" sc="17" el="277" ec="43" />
                <SequencePoint vc="0" uspid="3000" ordinal="3" offset="13" sl="278" sc="17" el="278" ec="81" />
                <SequencePoint vc="0" uspid="3001" ordinal="4" offset="31" sl="279" sc="17" el="279" ec="33" />
                <SequencePoint vc="0" uspid="3002" ordinal="5" offset="38" sl="280" sc="17" el="280" ec="59" />
              </SequencePoints>
              <BranchPoints />
              <MethodPoint xsi:type="SequencePoint" vc="0" uspid="2997" ordinal="0" offset="0" sl="275" sc="42" el="275" ec="43" />
            </Method>
          </Methods>
        </Class>
        <Class>
          <Summary numSequencePoints="1" visitedSequencePoints="0" numBranchPoints="1" visitedBranchPoints="0" sequenceCoverage="0" branchCoverage="0" maxCyclomaticComplexity="1" minCyclomaticComplexity="1" />
          <FullName>CombinifyWpf.ViewModels.ProjectViewModel/&lt;&gt;c__DisplayClass2</FullName>
          <Methods>
            <Method visited="false" cyclomaticComplexity="1" sequenceCoverage="0" branchCoverage="0" isConstructor="true" isStatic="false" isGetter="false" isSetter="false">
              <Summary numSequencePoints="0" visitedSequencePoints="0" numBranchPoints="0" visitedBranchPoints="0" sequenceCoverage="0" branchCoverage="0" maxCyclomaticComplexity="1" minCyclomaticComplexity="1" />
              <MetadataToken>100663791</MetadataToken>
              <Name>System.Void CombinifyWpf.ViewModels.ProjectViewModel/&lt;&gt;c__DisplayClass2::.ctor()</Name>
              <SequencePoints />
              <BranchPoints />
              <MethodPoint vc="0" uspid="3003" ordinal="0" offset="0" />
            </Method>
            <Method visited="false" cyclomaticComplexity="1" sequenceCoverage="0" branchCoverage="0" isConstructor="false" isStatic="false" isGetter="false" isSetter="false">
              <Summary numSequencePoints="1" visitedSequencePoints="0" numBranchPoints="1" visitedBranchPoints="0" sequenceCoverage="0" branchCoverage="0" maxCyclomaticComplexity="1" minCyclomaticComplexity="1" />
              <MetadataToken>100663792</MetadataToken>
              <Name>System.Boolean CombinifyWpf.ViewModels.ProjectViewModel/&lt;&gt;c__DisplayClass2::&lt;RemoveItem&gt;b__0(System.String)</Name>
              <FileRef uid="37" />
              <SequencePoints>
                <SequencePoint vc="0" uspid="3004" ordinal="0" offset="0" sl="216" sc="57" el="216" ec="66" />
              </SequencePoints>
              <BranchPoints />
              <MethodPoint xsi:type="SequencePoint" vc="0" uspid="3004" ordinal="0" offset="0" sl="216" sc="57" el="216" ec="66" />
            </Method>
          </Methods>
        </Class>
        <Class>
          <Summary numSequencePoints="6" visitedSequencePoints="0" numBranchPoints="2" visitedBranchPoints="0" sequenceCoverage="0" branchCoverage="0" maxCyclomaticComplexity="1" minCyclomaticComplexity="1" />
          <FullName>CombinifyWpf.Utils.SelectorCombiner</FullName>
          <Methods>
            <Method visited="false" cyclomaticComplexity="1" sequenceCoverage="0" branchCoverage="0" isConstructor="true" isStatic="false" isGetter="false" isSetter="false">
              <Summary numSequencePoints="3" visitedSequencePoints="0" numBranchPoints="1" visitedBranchPoints="0" sequenceCoverage="0" branchCoverage="0" maxCyclomaticComplexity="1" minCyclomaticComplexity="1" />
              <MetadataToken>100663668</MetadataToken>
              <Name>System.Void CombinifyWpf.Utils.SelectorCombiner::.ctor()</Name>
              <FileRef uid="39" />
              <SequencePoints>
                <SequencePoint vc="0" uspid="3005" ordinal="0" offset="0" sl="47" sc="9" el="47" ec="34" />
                <SequencePoint vc="0" uspid="3006" ordinal="1" offset="7" sl="47" sc="35" el="47" ec="36" />
                <SequencePoint vc="0" uspid="3007" ordinal="2" offset="8" sl="47" sc="37" el="47" ec="38" />
              </SequencePoints>
              <BranchPoints />
              <MethodPoint xsi:type="SequencePoint" vc="0" uspid="3005" ordinal="0" offset="0" sl="47" sc="9" el="47" ec="34" />
            </Method>
            <Method visited="false" cyclomaticComplexity="1" sequenceCoverage="0" branchCoverage="0" isConstructor="false" isStatic="false" isGetter="false" isSetter="false">
              <Summary numSequencePoints="3" visitedSequencePoints="0" numBranchPoints="1" visitedBranchPoints="0" sequenceCoverage="0" branchCoverage="0" maxCyclomaticComplexity="1" minCyclomaticComplexity="1" />
              <MetadataToken>100663669</MetadataToken>
              <Name>System.String CombinifyWpf.Utils.SelectorCombiner::CombineSelectors(System.String)</Name>
              <FileRef uid="39" />
              <SequencePoints>
                <SequencePoint vc="0" uspid="3008" ordinal="0" offset="0" sl="49" sc="58" el="49" ec="59" />
                <SequencePoint vc="0" uspid="3009" ordinal="1" offset="1" sl="50" sc="13" el="50" ec="28" />
                <SequencePoint vc="0" uspid="3010" ordinal="2" offset="5" sl="51" sc="9" el="51" ec="10" />
              </SequencePoints>
              <BranchPoints />
              <MethodPoint xsi:type="SequencePoint" vc="0" uspid="3008" ordinal="0" offset="0" sl="49" sc="58" el="49" ec="59" />
            </Method>
          </Methods>
        </Class>
        <Class>
          <Summary numSequencePoints="154" visitedSequencePoints="0" numBranchPoints="63" visitedBranchPoints="0" sequenceCoverage="0" branchCoverage="0" maxCyclomaticComplexity="5" minCyclomaticComplexity="1" />
          <FullName>CombinifyWpf.Utils.Processor</FullName>
          <Methods>
            <Method visited="false" cyclomaticComplexity="1" sequenceCoverage="0" branchCoverage="0" isConstructor="true" isStatic="false" isGetter="false" isSetter="false">
              <Summary numSequencePoints="7" visitedSequencePoints="0" numBranchPoints="1" visitedBranchPoints="0" sequenceCoverage="0" branchCoverage="0" maxCyclomaticComplexity="1" minCyclomaticComplexity="1" />
              <MetadataToken>100663670</MetadataToken>
              <Name>System.Void CombinifyWpf.Utils.Processor::.ctor()</Name>
              <FileRef uid="40" />
              <SequencePoints>
                <SequencePoint vc="0" uspid="3011" ordinal="0" offset="0" sl="54" sc="9" el="54" ec="27" />
                <SequencePoint vc="0" uspid="3012" ordinal="1" offset="7" sl="54" sc="28" el="54" ec="29" />
                <SequencePoint vc="0" uspid="3013" ordinal="2" offset="8" sl="55" sc="13" el="55" ec="40" />
                <SequencePoint vc="0" uspid="3014" ordinal="3" offset="19" sl="56" sc="13" el="56" ec="42" />
                <SequencePoint vc="0" uspid="3015" ordinal="4" offset="30" sl="57" sc="13" el="57" ec="52" />
                <SequencePoint vc="0" uspid="3016" ordinal="5" offset="41" sl="58" sc="13" el="58" ec="39" />
                <SequencePoint vc="0" uspid="3017" ordinal="6" offset="52" sl="59" sc="9" el="59" ec="10" />
              </SequencePoints>
              <BranchPoints />
              <MethodPoint xsi:type="SequencePoint" vc="0" uspid="3011" ordinal="0" offset="0" sl="54" sc="9" el="54" ec="27" />
            </Method>
            <Method visited="false" cyclomaticComplexity="5" sequenceCoverage="0" branchCoverage="0" isConstructor="false" isStatic="false" isGetter="false" isSetter="false">
              <Summary numSequencePoints="24" visitedSequencePoints="0" numBranchPoints="9" visitedBranchPoints="0" sequenceCoverage="0" branchCoverage="0" maxCyclomaticComplexity="5" minCyclomaticComplexity="5" />
              <MetadataToken>100663671</MetadataToken>
              <Name>System.String CombinifyWpf.Utils.Processor::ProcessFiles(System.Collections.Generic.IEnumerable`1&lt;System.String&gt;,CombinifyWpf.Models.UserSettings)</Name>
              <FileRef uid="40" />
              <SequencePoints>
                <SequencePoint vc="0" uspid="3018" ordinal="0" offset="0" sl="67" sc="88" el="67" ec="89" />
                <SequencePoint vc="0" uspid="3019" ordinal="1" offset="1" sl="68" sc="13" el="68" ec="39" />
                <SequencePoint vc="0" uspid="3020" ordinal="2" offset="7" sl="70" sc="13" el="70" ec="35" />
                <SequencePoint vc="0" uspid="3021" ordinal="3" offset="20" sl="70" sc="36" el="70" ec="37" />
                <SequencePoint vc="0" uspid="3022" ordinal="4" offset="21" sl="71" sc="17" el="71" ec="50" />
                <SequencePoint vc="0" uspid="3023" ordinal="5" offset="29" sl="72" sc="17" el="72" ec="44" />
                <SequencePoint vc="0" uspid="3024" ordinal="6" offset="37" sl="73" sc="13" el="73" ec="14" />
                <SequencePoint vc="0" uspid="3025" ordinal="7" offset="40" sl="74" sc="18" el="74" ec="19" />
                <SequencePoint vc="0" uspid="3026" ordinal="8" offset="41" sl="75" sc="17" el="75" ec="45" />
                <SequencePoint vc="0" uspid="3027" ordinal="9" offset="49" sl="76" sc="13" el="76" ec="14" />
                <SequencePoint vc="0" uspid="3028" ordinal="10" offset="50" sl="78" sc="13" el="78" ec="35" />
                <SequencePoint vc="0" uspid="3029" ordinal="11" offset="63" sl="78" sc="36" el="78" ec="37" />
                <SequencePoint vc="0" uspid="3030" ordinal="12" offset="64" sl="79" sc="17" el="79" ec="61" />
                <SequencePoint vc="0" uspid="3031" ordinal="13" offset="77" sl="80" sc="13" el="80" ec="14" />
                <SequencePoint vc="0" uspid="3032" ordinal="14" offset="78" sl="82" sc="13" el="82" ec="32" />
                <SequencePoint vc="0" uspid="3033" ordinal="15" offset="91" sl="82" sc="33" el="82" ec="34" />
                <SequencePoint vc="0" uspid="3034" ordinal="16" offset="92" sl="83" sc="17" el="83" ec="39" />
                <SequencePoint vc="0" uspid="3035" ordinal="17" offset="100" sl="84" sc="13" el="84" ec="14" />
                <SequencePoint vc="0" uspid="3036" ordinal="18" offset="101" sl="86" sc="13" el="86" ec="34" />
                <SequencePoint vc="0" uspid="3037" ordinal="19" offset="114" sl="86" sc="35" el="86" ec="36" />
                <SequencePoint vc="0" uspid="3038" ordinal="20" offset="115" sl="87" sc="17" el="87" ec="41" />
                <SequencePoint vc="0" uspid="3039" ordinal="21" offset="123" sl="88" sc="13" el="88" ec="14" />
                <SequencePoint vc="0" uspid="3040" ordinal="22" offset="124" sl="90" sc="13" el="90" ec="24" />
                <SequencePoint vc="0" uspid="3041" ordinal="23" offset="128" sl="91" sc="9" el="91" ec="10" />
              </SequencePoints>
              <BranchPoints>
                <BranchPoint vc="0" uspid="3042" ordinal="0" offset="18" path="0" />
                <BranchPoint vc="0" uspid="3043" ordinal="1" offset="18" path="1" />
                <BranchPoint vc="0" uspid="3044" ordinal="2" offset="61" path="0" />
                <BranchPoint vc="0" uspid="3045" ordinal="3" offset="61" path="1" />
                <BranchPoint vc="0" uspid="3046" ordinal="4" offset="89" path="0" />
                <BranchPoint vc="0" uspid="3047" ordinal="5" offset="89" path="1" />
                <BranchPoint vc="0" uspid="3048" ordinal="6" offset="112" path="0" />
                <BranchPoint vc="0" uspid="3049" ordinal="7" offset="112" path="1" />
              </BranchPoints>
              <MethodPoint xsi:type="SequencePoint" vc="0" uspid="3018" ordinal="0" offset="0" sl="67" sc="88" el="67" ec="89" />
            </Method>
            <Method visited="false" cyclomaticComplexity="2" sequenceCoverage="0" branchCoverage="0" isConstructor="false" isStatic="false" isGetter="false" isSetter="false">
              <Summary numSequencePoints="4" visitedSequencePoints="0" numBranchPoints="3" visitedBranchPoints="0" sequenceCoverage="0" branchCoverage="0" maxCyclomaticComplexity="2" minCyclomaticComplexity="2" />
              <MetadataToken>100663672</MetadataToken>
              <Name>System.String CombinifyWpf.Utils.Processor::CombineFiles(System.String[])</Name>
              <FileRef uid="40" />
              <SequencePoints>
                <SequencePoint vc="0" uspid="3050" ordinal="0" offset="0" sl="98" sc="63" el="98" ec="64" />
                <SequencePoint vc="0" uspid="3051" ordinal="1" offset="1" sl="99" sc="13" el="99" ec="65" />
                <SequencePoint vc="0" uspid="3052" ordinal="2" offset="45" sl="100" sc="13" el="100" ec="49" />
                <SequencePoint vc="0" uspid="3053" ordinal="3" offset="59" sl="101" sc="9" el="101" ec="10" />
              </SequencePoints>
              <BranchPoints>
                <BranchPoint vc="0" uspid="3054" ordinal="0" offset="7" path="0" />
                <BranchPoint vc="0" uspid="3055" ordinal="1" offset="7" path="1" />
              </BranchPoints>
              <MethodPoint xsi:type="SequencePoint" vc="0" uspid="3050" ordinal="0" offset="0" sl="98" sc="63" el="98" ec="64" />
            </Method>
            <Method visited="false" cyclomaticComplexity="5" sequenceCoverage="0" branchCoverage="0" isConstructor="false" isStatic="false" isGetter="false" isSetter="false">
              <Summary numSequencePoints="26" visitedSequencePoints="0" numBranchPoints="9" visitedBranchPoints="0" sequenceCoverage="0" branchCoverage="0" maxCyclomaticComplexity="5" minCyclomaticComplexity="5" />
              <MetadataToken>100663673</MetadataToken>
              <Name>System.String CombinifyWpf.Utils.Processor::CombineFiles(System.Collections.Generic.IEnumerable`1&lt;System.String&gt;)</Name>
              <FileRef uid="40" />
              <SequencePoints>
                <SequencePoint vc="0" uspid="3056" ordinal="0" offset="0" sl="108" sc="65" el="108" ec="66" />
                <SequencePoint vc="0" uspid="3057" ordinal="1" offset="1" sl="109" sc="13" el="109" ec="42" />
                <SequencePoint vc="0" uspid="3058" ordinal="2" offset="7" sl="111" sc="17" el="111" ec="18" />
                <SequencePoint vc="0" uspid="3059" ordinal="3" offset="8" sl="112" sc="17" el="112" ec="24" />
                <SequencePoint vc="0" uspid="3060" ordinal="4" offset="9" sl="112" sc="38" el="112" ec="43" />
                <SequencePoint vc="0" uspid="3061" ordinal="5" offset="19" sl="112" sc="26" el="112" ec="34" />
                <SequencePoint vc="0" uspid="3062" ordinal="6" offset="27" sl="112" sc="46" el="112" ec="47" />
                <SequencePoint vc="0" uspid="3063" ordinal="7" offset="28" sl="113" sc="21" el="113" ec="43" />
                <SequencePoint vc="0" uspid="3064" ordinal="8" offset="43" sl="113" sc="44" el="113" ec="45" />
                <SequencePoint vc="0" uspid="3065" ordinal="9" offset="44" sl="114" sc="32" el="114" ec="62" />
                <SequencePoint vc="0" uspid="3066" ordinal="10" offset="51" sl="114" sc="65" el="114" ec="66" />
                <SequencePoint vc="0" uspid="3067" ordinal="11" offset="52" sl="115" sc="29" el="115" ec="57" />
                <SequencePoint vc="0" uspid="3068" ordinal="12" offset="59" sl="116" sc="29" el="116" ec="40" />
                <SequencePoint vc="0" uspid="3069" ordinal="13" offset="66" sl="117" sc="29" el="117" ec="46" />
                <SequencePoint vc="0" uspid="3070" ordinal="14" offset="74" sl="118" sc="29" el="118" ec="47" />
                <SequencePoint vc="0" uspid="3071" ordinal="15" offset="86" sl="119" sc="25" el="119" ec="26" />
                <SequencePoint vc="0" uspid="3072" ordinal="16" offset="108" sl="120" sc="21" el="120" ec="22" />
                <SequencePoint vc="0" uspid="3073" ordinal="17" offset="109" sl="121" sc="17" el="121" ec="18" />
                <SequencePoint vc="0" uspid="3074" ordinal="18" offset="110" sl="112" sc="35" el="112" ec="37" />
                <SequencePoint vc="0" uspid="3075" ordinal="19" offset="146" sl="122" sc="13" el="122" ec="14" />
                <SequencePoint vc="0" uspid="3076" ordinal="20" offset="149" sl="123" sc="13" el="123" ec="35" />
                <SequencePoint vc="0" uspid="3077" ordinal="21" offset="151" sl="123" sc="36" el="123" ec="37" />
                <SequencePoint vc="0" uspid="3078" ordinal="22" offset="152" sl="124" sc="17" el="124" ec="40" />
                <SequencePoint vc="0" uspid="3079" ordinal="23" offset="160" sl="125" sc="13" el="125" ec="14" />
                <SequencePoint vc="0" uspid="3080" ordinal="24" offset="164" sl="127" sc="13" el="127" ec="34" />
                <SequencePoint vc="0" uspid="3081" ordinal="25" offset="174" sl="128" sc="9" el="128" ec="10" />
              </SequencePoints>
              <BranchPoints>
                <BranchPoint vc="0" uspid="3082" ordinal="0" offset="41" path="0" />
                <BranchPoint vc="0" uspid="3083" ordinal="1" offset="41" path="1" />
                <BranchPoint vc="0" uspid="3084" ordinal="2" offset="97" path="0" />
                <BranchPoint vc="0" uspid="3085" ordinal="3" offset="97" path="1" />
                <BranchPoint vc="0" uspid="3086" ordinal="4" offset="121" path="0" />
                <BranchPoint vc="0" uspid="3087" ordinal="5" offset="121" path="1" />
                <BranchPoint vc="0" uspid="3088" ordinal="6" offset="134" path="0" />
                <BranchPoint vc="0" uspid="3089" ordinal="7" offset="134" path="1" />
              </BranchPoints>
              <MethodPoint xsi:type="SequencePoint" vc="0" uspid="3056" ordinal="0" offset="0" sl="108" sc="65" el="108" ec="66" />
            </Method>
            <Method visited="false" cyclomaticComplexity="1" sequenceCoverage="0" branchCoverage="0" isConstructor="false" isStatic="false" isGetter="false" isSetter="false">
              <Summary numSequencePoints="3" visitedSequencePoints="0" numBranchPoints="1" visitedBranchPoints="0" sequenceCoverage="0" branchCoverage="0" maxCyclomaticComplexity="1" minCyclomaticComplexity="1" />
              <MetadataToken>100663674</MetadataToken>
              <Name>System.String CombinifyWpf.Utils.Processor::MinifyFile(System.String)</Name>
              <FileRef uid="40" />
              <SequencePoints>
                <SequencePoint vc="0" uspid="3090" ordinal="0" offset="0" sl="135" sc="52" el="135" ec="53" />
                <SequencePoint vc="0" uspid="3091" ordinal="1" offset="1" sl="136" sc="13" el="136" ec="52" />
                <SequencePoint vc="0" uspid="3092" ordinal="2" offset="16" sl="137" sc="9" el="137" ec="10" />
              </SequencePoints>
              <BranchPoints />
              <MethodPoint xsi:type="SequencePoint" vc="0" uspid="3090" ordinal="0" offset="0" sl="135" sc="52" el="135" ec="53" />
            </Method>
            <Method visited="false" cyclomaticComplexity="5" sequenceCoverage="0" branchCoverage="0" isConstructor="false" isStatic="false" isGetter="false" isSetter="false">
              <Summary numSequencePoints="25" visitedSequencePoints="0" numBranchPoints="9" visitedBranchPoints="0" sequenceCoverage="0" branchCoverage="0" maxCyclomaticComplexity="5" minCyclomaticComplexity="5" />
              <MetadataToken>100663675</MetadataToken>
              <Name>System.String CombinifyWpf.Utils.Processor::MinifyFiles(System.Collections.Generic.IEnumerable`1&lt;System.String&gt;)</Name>
              <FileRef uid="40" />
              <SequencePoints>
                <SequencePoint vc="0" uspid="3093" ordinal="0" offset="0" sl="144" sc="64" el="144" ec="65" />
                <SequencePoint vc="0" uspid="3094" ordinal="1" offset="1" sl="145" sc="13" el="145" ec="42" />
                <SequencePoint vc="0" uspid="3095" ordinal="2" offset="7" sl="147" sc="17" el="147" ec="18" />
                <SequencePoint vc="0" uspid="3096" ordinal="3" offset="8" sl="148" sc="17" el="148" ec="24" />
                <SequencePoint vc="0" uspid="3097" ordinal="4" offset="9" sl="148" sc="38" el="148" ec="43" />
                <SequencePoint vc="0" uspid="3098" ordinal="5" offset="19" sl="148" sc="26" el="148" ec="34" />
                <SequencePoint vc="0" uspid="3099" ordinal="6" offset="27" sl="148" sc="46" el="148" ec="47" />
                <SequencePoint vc="0" uspid="3100" ordinal="7" offset="28" sl="149" sc="21" el="149" ec="43" />
                <SequencePoint vc="0" uspid="3101" ordinal="8" offset="43" sl="149" sc="44" el="149" ec="45" />
                <SequencePoint vc="0" uspid="3102" ordinal="9" offset="44" sl="150" sc="32" el="150" ec="62" />
                <SequencePoint vc="0" uspid="3103" ordinal="10" offset="51" sl="150" sc="65" el="150" ec="66" />
                <SequencePoint vc="0" uspid="3104" ordinal="11" offset="52" sl="151" sc="29" el="151" ec="57" />
                <SequencePoint vc="0" uspid="3105" ordinal="12" offset="59" sl="152" sc="29" el="152" ec="40" />
                <SequencePoint vc="0" uspid="3106" ordinal="13" offset="66" sl="153" sc="29" el="153" ec="60" />
                <SequencePoint vc="0" uspid="3107" ordinal="14" offset="80" sl="154" sc="25" el="154" ec="26" />
                <SequencePoint vc="0" uspid="3108" ordinal="15" offset="102" sl="155" sc="21" el="155" ec="22" />
                <SequencePoint vc="0" uspid="3109" ordinal="16" offset="103" sl="156" sc="17" el="156" ec="18" />
                <SequencePoint vc="0" uspid="3110" ordinal="17" offset="104" sl="148" sc="35" el="148" ec="37" />
                <SequencePoint vc="0" uspid="3111" ordinal="18" offset="140" sl="157" sc="13" el="157" ec="14" />
                <SequencePoint vc="0" uspid="3112" ordinal="19" offset="143" sl="158" sc="13" el="158" ec="35" />
                <SequencePoint vc="0" uspid="3113" ordinal="20" offset="145" sl="158" sc="36" el="158" ec="37" />
                <SequencePoint vc="0" uspid="3114" ordinal="21" offset="146" sl="159" sc="17" el="159" ec="40" />
                <SequencePoint vc="0" uspid="3115" ordinal="22" offset="154" sl="160" sc="13" el="160" ec="14" />
                <SequencePoint vc="0" uspid="3116" ordinal="23" offset="158" sl="162" sc="13" el="162" ec="34" />
                <SequencePoint vc="0" uspid="3117" ordinal="24" offset="168" sl="163" sc="9" el="163" ec="10" />
              </SequencePoints>
              <BranchPoints>
                <BranchPoint vc="0" uspid="3118" ordinal="0" offset="41" path="0" />
                <BranchPoint vc="0" uspid="3119" ordinal="1" offset="41" path="1" />
                <BranchPoint vc="0" uspid="3120" ordinal="2" offset="91" path="0" />
                <BranchPoint vc="0" uspid="3121" ordinal="3" offset="91" path="1" />
                <BranchPoint vc="0" uspid="3122" ordinal="4" offset="115" path="0" />
                <BranchPoint vc="0" uspid="3123" ordinal="5" offset="115" path="1" />
                <BranchPoint vc="0" uspid="3124" ordinal="6" offset="128" path="0" />
                <BranchPoint vc="0" uspid="3125" ordinal="7" offset="128" path="1" />
              </BranchPoints>
              <MethodPoint xsi:type="SequencePoint" vc="0" uspid="3093" ordinal="0" offset="0" sl="144" sc="64" el="144" ec="65" />
            </Method>
            <Method visited="false" cyclomaticComplexity="3" sequenceCoverage="0" branchCoverage="0" isConstructor="false" isStatic="false" isGetter="false" isSetter="false">
              <Summary numSequencePoints="13" visitedSequencePoints="0" numBranchPoints="5" visitedBranchPoints="0" sequenceCoverage="0" branchCoverage="0" maxCyclomaticComplexity="3" minCyclomaticComplexity="3" />
              <MetadataToken>100663676</MetadataToken>
              <Name>System.String CombinifyWpf.Utils.Processor::FlattenFile(System.String)</Name>
              <FileRef uid="40" />
              <SequencePoints>
                <SequencePoint vc="0" uspid="3126" ordinal="0" offset="0" sl="170" sc="50" el="170" ec="51" />
                <SequencePoint vc="0" uspid="3127" ordinal="1" offset="1" sl="171" sc="13" el="171" ec="56" />
                <SequencePoint vc="0" uspid="3128" ordinal="2" offset="8" sl="172" sc="13" el="172" ec="38" />
                <SequencePoint vc="0" uspid="3129" ordinal="3" offset="23" sl="172" sc="39" el="172" ec="40" />
                <SequencePoint vc="0" uspid="3130" ordinal="4" offset="24" sl="173" sc="17" el="173" ec="43" />
                <SequencePoint vc="0" uspid="3131" ordinal="5" offset="30" sl="175" sc="24" el="175" ec="57" />
                <SequencePoint vc="0" uspid="3132" ordinal="6" offset="37" sl="175" sc="60" el="175" ec="61" />
                <SequencePoint vc="0" uspid="3133" ordinal="7" offset="38" sl="176" sc="21" el="176" ec="42" />
                <SequencePoint vc="0" uspid="3134" ordinal="8" offset="45" sl="177" sc="21" el="177" ec="32" />
                <SequencePoint vc="0" uspid="3135" ordinal="9" offset="52" sl="178" sc="17" el="178" ec="18" />
                <SequencePoint vc="0" uspid="3136" ordinal="10" offset="74" sl="180" sc="17" el="180" ec="62" />
                <SequencePoint vc="0" uspid="3137" ordinal="11" offset="90" sl="183" sc="13" el="183" ec="33" />
                <SequencePoint vc="0" uspid="3138" ordinal="12" offset="98" sl="184" sc="9" el="184" ec="10" />
              </SequencePoints>
              <BranchPoints>
                <BranchPoint vc="0" uspid="3139" ordinal="0" offset="21" path="0" />
                <BranchPoint vc="0" uspid="3140" ordinal="1" offset="21" path="1" />
                <BranchPoint vc="0" uspid="3141" ordinal="2" offset="63" path="0" />
                <BranchPoint vc="0" uspid="3142" ordinal="3" offset="63" path="1" />
              </BranchPoints>
              <MethodPoint xsi:type="SequencePoint" vc="0" uspid="3126" ordinal="0" offset="0" sl="170" sc="50" el="170" ec="51" />
            </Method>
            <Method visited="false" cyclomaticComplexity="3" sequenceCoverage="0" branchCoverage="0" isConstructor="false" isStatic="false" isGetter="false" isSetter="false">
              <Summary numSequencePoints="11" visitedSequencePoints="0" numBranchPoints="5" visitedBranchPoints="0" sequenceCoverage="0" branchCoverage="0" maxCyclomaticComplexity="3" minCyclomaticComplexity="3" />
              <MetadataToken>100663677</MetadataToken>
              <Name>System.String[] CombinifyWpf.Utils.Processor::FlattenFiles(System.Collections.Generic.IEnumerable`1&lt;System.String&gt;)</Name>
              <FileRef uid="40" />
              <SequencePoints>
                <SequencePoint vc="0" uspid="3143" ordinal="0" offset="0" sl="191" sc="67" el="191" ec="68" />
                <SequencePoint vc="0" uspid="3144" ordinal="1" offset="1" sl="192" sc="13" el="192" ec="42" />
                <SequencePoint vc="0" uspid="3145" ordinal="2" offset="7" sl="193" sc="13" el="193" ec="20" />
                <SequencePoint vc="0" uspid="3146" ordinal="3" offset="8" sl="193" sc="34" el="193" ec="39" />
                <SequencePoint vc="0" uspid="3147" ordinal="4" offset="17" sl="193" sc="22" el="193" ec="30" />
                <SequencePoint vc="0" uspid="3148" ordinal="5" offset="24" sl="193" sc="42" el="193" ec="43" />
                <SequencePoint vc="0" uspid="3149" ordinal="6" offset="25" sl="194" sc="17" el="194" ec="48" />
                <SequencePoint vc="0" uspid="3150" ordinal="7" offset="39" sl="195" sc="13" el="195" ec="14" />
                <SequencePoint vc="0" uspid="3151" ordinal="8" offset="40" sl="193" sc="31" el="193" ec="33" />
                <SequencePoint vc="0" uspid="3152" ordinal="9" offset="73" sl="197" sc="13" el="197" ec="34" />
                <SequencePoint vc="0" uspid="3153" ordinal="10" offset="82" sl="198" sc="9" el="198" ec="10" />
              </SequencePoints>
              <BranchPoints>
                <BranchPoint vc="0" uspid="3154" ordinal="0" offset="50" path="0" />
                <BranchPoint vc="0" uspid="3155" ordinal="1" offset="50" path="1" />
                <BranchPoint vc="0" uspid="3156" ordinal="2" offset="62" path="0" />
                <BranchPoint vc="0" uspid="3157" ordinal="3" offset="62" path="1" />
              </BranchPoints>
              <MethodPoint xsi:type="SequencePoint" vc="0" uspid="3143" ordinal="0" offset="0" sl="191" sc="67" el="191" ec="68" />
            </Method>
            <Method visited="false" cyclomaticComplexity="1" sequenceCoverage="0" branchCoverage="0" isConstructor="false" isStatic="false" isGetter="false" isSetter="false">
              <Summary numSequencePoints="3" visitedSequencePoints="0" numBranchPoints="1" visitedBranchPoints="0" sequenceCoverage="0" branchCoverage="0" maxCyclomaticComplexity="1" minCyclomaticComplexity="1" />
              <MetadataToken>100663678</MetadataToken>
              <Name>System.String CombinifyWpf.Utils.Processor::CombFile(System.String)</Name>
              <FileRef uid="40" />
              <SequencePoints>
                <SequencePoint vc="0" uspid="3158" ordinal="0" offset="0" sl="205" sc="50" el="205" ec="51" />
                <SequencePoint vc="0" uspid="3159" ordinal="1" offset="1" sl="206" sc="13" el="206" ec="51" />
                <SequencePoint vc="0" uspid="3160" ordinal="2" offset="16" sl="207" sc="9" el="207" ec="10" />
              </SequencePoints>
              <BranchPoints />
              <MethodPoint xsi:type="SequencePoint" vc="0" uspid="3158" ordinal="0" offset="0" sl="205" sc="50" el="205" ec="51" />
            </Method>
            <Method visited="false" cyclomaticComplexity="5" sequenceCoverage="0" branchCoverage="0" isConstructor="false" isStatic="false" isGetter="false" isSetter="false">
              <Summary numSequencePoints="17" visitedSequencePoints="0" numBranchPoints="9" visitedBranchPoints="0" sequenceCoverage="0" branchCoverage="0" maxCyclomaticComplexity="5" minCyclomaticComplexity="5" />
              <MetadataToken>100663679</MetadataToken>
              <Name>System.String[] CombinifyWpf.Utils.Processor::CombFiles(System.Collections.Generic.IEnumerable`1&lt;System.String&gt;)</Name>
              <FileRef uid="40" />
              <SequencePoints>
                <SequencePoint vc="0" uspid="3161" ordinal="0" offset="0" sl="214" sc="64" el="214" ec="65" />
                <SequencePoint vc="0" uspid="3162" ordinal="1" offset="1" sl="215" sc="13" el="215" ec="42" />
                <SequencePoint vc="0" uspid="3163" ordinal="2" offset="7" sl="216" sc="13" el="216" ec="20" />
                <SequencePoint vc="0" uspid="3164" ordinal="3" offset="8" sl="216" sc="34" el="216" ec="39" />
                <SequencePoint vc="0" uspid="3165" ordinal="4" offset="18" sl="216" sc="22" el="216" ec="30" />
                <SequencePoint vc="0" uspid="3166" ordinal="5" offset="26" sl="216" sc="42" el="216" ec="43" />
                <SequencePoint vc="0" uspid="3167" ordinal="6" offset="27" sl="217" sc="17" el="217" ec="42" />
                <SequencePoint vc="0" uspid="3168" ordinal="7" offset="42" sl="217" sc="43" el="217" ec="44" />
                <SequencePoint vc="0" uspid="3169" ordinal="8" offset="43" sl="218" sc="28" el="218" ec="61" />
                <SequencePoint vc="0" uspid="3170" ordinal="9" offset="50" sl="218" sc="64" el="218" ec="65" />
                <SequencePoint vc="0" uspid="3171" ordinal="10" offset="51" sl="219" sc="25" el="219" ec="63" />
                <SequencePoint vc="0" uspid="3172" ordinal="11" offset="70" sl="220" sc="21" el="220" ec="22" />
                <SequencePoint vc="0" uspid="3173" ordinal="12" offset="92" sl="221" sc="17" el="221" ec="18" />
                <SequencePoint vc="0" uspid="3174" ordinal="13" offset="93" sl="222" sc="13" el="222" ec="14" />
                <SequencePoint vc="0" uspid="3175" ordinal="14" offset="94" sl="216" sc="31" el="216" ec="33" />
                <SequencePoint vc="0" uspid="3176" ordinal="15" offset="130" sl="224" sc="13" el="224" ec="34" />
                <SequencePoint vc="0" uspid="3177" ordinal="16" offset="139" sl="225" sc="9" el="225" ec="10" />
              </SequencePoints>
              <BranchPoints>
                <BranchPoint vc="0" uspid="3178" ordinal="0" offset="40" path="0" />
                <BranchPoint vc="0" uspid="3179" ordinal="1" offset="40" path="1" />
                <BranchPoint vc="0" uspid="3180" ordinal="2" offset="81" path="0" />
                <BranchPoint vc="0" uspid="3181" ordinal="3" offset="81" path="1" />
                <BranchPoint vc="0" uspid="3182" ordinal="4" offset="105" path="0" />
                <BranchPoint vc="0" uspid="3183" ordinal="5" offset="105" path="1" />
                <BranchPoint vc="0" uspid="3184" ordinal="6" offset="118" path="0" />
                <BranchPoint vc="0" uspid="3185" ordinal="7" offset="118" path="1" />
              </BranchPoints>
              <MethodPoint xsi:type="SequencePoint" vc="0" uspid="3161" ordinal="0" offset="0" sl="214" sc="64" el="214" ec="65" />
            </Method>
            <Method visited="false" cyclomaticComplexity="1" sequenceCoverage="0" branchCoverage="0" isConstructor="false" isStatic="false" isGetter="false" isSetter="false">
              <Summary numSequencePoints="3" visitedSequencePoints="0" numBranchPoints="1" visitedBranchPoints="0" sequenceCoverage="0" branchCoverage="0" maxCyclomaticComplexity="1" minCyclomaticComplexity="1" />
              <MetadataToken>100663680</MetadataToken>
              <Name>System.String CombinifyWpf.Utils.Processor::CombineSelectors(System.String)</Name>
              <FileRef uid="40" />
              <SequencePoints>
                <SequencePoint vc="0" uspid="3186" ordinal="0" offset="0" sl="232" sc="58" el="232" ec="59" />
                <SequencePoint vc="0" uspid="3187" ordinal="1" offset="1" sl="233" sc="13" el="233" ec="62" />
                <SequencePoint vc="0" uspid="3188" ordinal="2" offset="16" sl="234" sc="9" el="234" ec="10" />
              </SequencePoints>
              <BranchPoints />
              <MethodPoint xsi:type="SequencePoint" vc="0" uspid="3186" ordinal="0" offset="0" sl="232" sc="58" el="232" ec="59" />
            </Method>
            <Method visited="false" cyclomaticComplexity="5" sequenceCoverage="0" branchCoverage="0" isConstructor="false" isStatic="false" isGetter="false" isSetter="false">
              <Summary numSequencePoints="17" visitedSequencePoints="0" numBranchPoints="9" visitedBranchPoints="0" sequenceCoverage="0" branchCoverage="0" maxCyclomaticComplexity="5" minCyclomaticComplexity="5" />
              <MetadataToken>100663681</MetadataToken>
              <Name>System.String[] CombinifyWpf.Utils.Processor::CombineSelectors(System.Collections.Generic.IEnumerable`1&lt;System.String&gt;)</Name>
              <FileRef uid="40" />
              <SequencePoints>
                <SequencePoint vc="0" uspid="3189" ordinal="0" offset="0" sl="241" sc="71" el="241" ec="72" />
                <SequencePoint vc="0" uspid="3190" ordinal="1" offset="1" sl="242" sc="13" el="242" ec="42" />
                <SequencePoint vc="0" uspid="3191" ordinal="2" offset="7" sl="243" sc="13" el="243" ec="20" />
                <SequencePoint vc="0" uspid="3192" ordinal="3" offset="8" sl="243" sc="34" el="243" ec="39" />
                <SequencePoint vc="0" uspid="3193" ordinal="4" offset="18" sl="243" sc="22" el="243" ec="30" />
                <SequencePoint vc="0" uspid="3194" ordinal="5" offset="26" sl="243" sc="42" el="243" ec="43" />
                <SequencePoint vc="0" uspid="3195" ordinal="6" offset="27" sl="244" sc="17" el="244" ec="42" />
                <SequencePoint vc="0" uspid="3196" ordinal="7" offset="42" sl="244" sc="43" el="244" ec="44" />
                <SequencePoint vc="0" uspid="3197" ordinal="8" offset="43" sl="245" sc="28" el="245" ec="61" />
                <SequencePoint vc="0" uspid="3198" ordinal="9" offset="50" sl="245" sc="64" el="245" ec="65" />
                <SequencePoint vc="0" uspid="3199" ordinal="10" offset="51" sl="246" sc="25" el="246" ec="71" />
                <SequencePoint vc="0" uspid="3200" ordinal="11" offset="70" sl="247" sc="21" el="247" ec="22" />
                <SequencePoint vc="0" uspid="3201" ordinal="12" offset="92" sl="248" sc="17" el="248" ec="18" />
                <SequencePoint vc="0" uspid="3202" ordinal="13" offset="93" sl="249" sc="13" el="249" ec="14" />
                <SequencePoint vc="0" uspid="3203" ordinal="14" offset="94" sl="243" sc="31" el="243" ec="33" />
                <SequencePoint vc="0" uspid="3204" ordinal="15" offset="130" sl="251" sc="13" el="251" ec="34" />
                <SequencePoint vc="0" uspid="3205" ordinal="16" offset="139" sl="252" sc="9" el="252" ec="10" />
              </SequencePoints>
              <BranchPoints>
                <BranchPoint vc="0" uspid="3206" ordinal="0" offset="40" path="0" />
                <BranchPoint vc="0" uspid="3207" ordinal="1" offset="40" path="1" />
                <BranchPoint vc="0" uspid="3208" ordinal="2" offset="81" path="0" />
                <BranchPoint vc="0" uspid="3209" ordinal="3" offset="81" path="1" />
                <BranchPoint vc="0" uspid="3210" ordinal="4" offset="105" path="0" />
                <BranchPoint vc="0" uspid="3211" ordinal="5" offset="105" path="1" />
                <BranchPoint vc="0" uspid="3212" ordinal="6" offset="118" path="0" />
                <BranchPoint vc="0" uspid="3213" ordinal="7" offset="118" path="1" />
              </BranchPoints>
              <MethodPoint xsi:type="SequencePoint" vc="0" uspid="3189" ordinal="0" offset="0" sl="241" sc="71" el="241" ec="72" />
            </Method>
            <Method visited="false" cyclomaticComplexity="1" sequenceCoverage="0" branchCoverage="0" isConstructor="false" isStatic="true" isGetter="false" isSetter="false">
              <Summary numSequencePoints="1" visitedSequencePoints="0" numBranchPoints="1" visitedBranchPoints="0" sequenceCoverage="0" branchCoverage="0" maxCyclomaticComplexity="1" minCyclomaticComplexity="1" />
              <MetadataToken>100663682</MetadataToken>
              <Name>System.String CombinifyWpf.Utils.Processor::&lt;CombineFiles&gt;b__0(System.String)</Name>
              <FileRef uid="40" />
              <SequencePoints>
                <SequencePoint vc="0" uspid="3214" ordinal="0" offset="0" sl="99" sc="44" el="99" ec="52" />
              </SequencePoints>
              <BranchPoints />
              <MethodPoint xsi:type="SequencePoint" vc="0" uspid="3214" ordinal="0" offset="0" sl="99" sc="44" el="99" ec="52" />
            </Method>
          </Methods>
        </Class>
        <Class>
          <Summary numSequencePoints="33" visitedSequencePoints="0" numBranchPoints="19" visitedBranchPoints="0" sequenceCoverage="0" branchCoverage="0" maxCyclomaticComplexity="7" minCyclomaticComplexity="1" />
          <FullName>CombinifyWpf.StatusBar</FullName>
          <Methods>
            <Method visited="false" cyclomaticComplexity="1" sequenceCoverage="0" branchCoverage="0" isConstructor="false" isStatic="false" isGetter="true" isSetter="false">
              <Summary numSequencePoints="3" visitedSequencePoints="0" numBranchPoints="1" visitedBranchPoints="0" sequenceCoverage="0" branchCoverage="0" maxCyclomaticComplexity="1" minCyclomaticComplexity="1" />
              <MetadataToken>100663684</MetadataToken>
              <Name>System.Int64 CombinifyWpf.StatusBar::get_OriginalSize()</Name>
              <FileRef uid="41" />
              <SequencePoints>
                <SequencePoint vc="0" uspid="3215" ordinal="0" offset="0" sl="57" sc="17" el="57" ec="18" />
                <SequencePoint vc="0" uspid="3216" ordinal="1" offset="1" sl="57" sc="19" el="57" ec="67" />
                <SequencePoint vc="0" uspid="3217" ordinal="2" offset="20" sl="57" sc="68" el="57" ec="69" />
              </SequencePoints>
              <BranchPoints />
              <MethodPoint xsi:type="SequencePoint" vc="0" uspid="3215" ordinal="0" offset="0" sl="57" sc="17" el="57" ec="18" />
            </Method>
            <Method visited="false" cyclomaticComplexity="1" sequenceCoverage="0" branchCoverage="0" isConstructor="false" isStatic="false" isGetter="false" isSetter="true">
              <Summary numSequencePoints="3" visitedSequencePoints="0" numBranchPoints="1" visitedBranchPoints="0" sequenceCoverage="0" branchCoverage="0" maxCyclomaticComplexity="1" minCyclomaticComplexity="1" />
              <MetadataToken>100663685</MetadataToken>
              <Name>System.Void CombinifyWpf.StatusBar::set_OriginalSize(System.Int64)</Name>
              <FileRef uid="41" />
              <SequencePoints>
                <SequencePoint vc="0" uspid="3218" ordinal="0" offset="0" sl="58" sc="17" el="58" ec="18" />
                <SequencePoint vc="0" uspid="3219" ordinal="1" offset="1" sl="58" sc="19" el="58" ec="59" />
                <SequencePoint vc="0" uspid="3220" ordinal="2" offset="19" sl="58" sc="60" el="58" ec="61" />
              </SequencePoints>
              <BranchPoints />
              <MethodPoint xsi:type="SequencePoint" vc="0" uspid="3218" ordinal="0" offset="0" sl="58" sc="17" el="58" ec="18" />
            </Method>
            <Method visited="false" cyclomaticComplexity="1" sequenceCoverage="0" branchCoverage="0" isConstructor="false" isStatic="false" isGetter="true" isSetter="false">
              <Summary numSequencePoints="3" visitedSequencePoints="0" numBranchPoints="1" visitedBranchPoints="0" sequenceCoverage="0" branchCoverage="0" maxCyclomaticComplexity="1" minCyclomaticComplexity="1" />
              <MetadataToken>100663686</MetadataToken>
              <Name>System.Int64 CombinifyWpf.StatusBar::get_PostSize()</Name>
              <FileRef uid="41" />
              <SequencePoints>
                <SequencePoint vc="0" uspid="3221" ordinal="0" offset="0" sl="75" sc="17" el="75" ec="18" />
                <SequencePoint vc="0" uspid="3222" ordinal="1" offset="1" sl="75" sc="19" el="75" ec="63" />
                <SequencePoint vc="0" uspid="3223" ordinal="2" offset="20" sl="75" sc="64" el="75" ec="65" />
              </SequencePoints>
              <BranchPoints />
              <MethodPoint xsi:type="SequencePoint" vc="0" uspid="3221" ordinal="0" offset="0" sl="75" sc="17" el="75" ec="18" />
            </Method>
            <Method visited="false" cyclomaticComplexity="1" sequenceCoverage="0" branchCoverage="0" isConstructor="false" isStatic="false" isGetter="false" isSetter="true">
              <Summary numSequencePoints="3" visitedSequencePoints="0" numBranchPoints="1" visitedBranchPoints="0" sequenceCoverage="0" branchCoverage="0" maxCyclomaticComplexity="1" minCyclomaticComplexity="1" />
              <MetadataToken>100663687</MetadataToken>
              <Name>System.Void CombinifyWpf.StatusBar::set_PostSize(System.Int64)</Name>
              <FileRef uid="41" />
              <SequencePoints>
                <SequencePoint vc="0" uspid="3224" ordinal="0" offset="0" sl="76" sc="17" el="76" ec="18" />
                <SequencePoint vc="0" uspid="3225" ordinal="1" offset="1" sl="76" sc="19" el="76" ec="55" />
                <SequencePoint vc="0" uspid="3226" ordinal="2" offset="19" sl="76" sc="56" el="76" ec="57" />
              </SequencePoints>
              <BranchPoints />
              <MethodPoint xsi:type="SequencePoint" vc="0" uspid="3224" ordinal="0" offset="0" sl="76" sc="17" el="76" ec="18" />
            </Method>
            <Method visited="false" cyclomaticComplexity="1" sequenceCoverage="0" branchCoverage="0" isConstructor="false" isStatic="false" isGetter="true" isSetter="false">
              <Summary numSequencePoints="3" visitedSequencePoints="0" numBranchPoints="1" visitedBranchPoints="0" sequenceCoverage="0" branchCoverage="0" maxCyclomaticComplexity="1" minCyclomaticComplexity="1" />
              <MetadataToken>100663688</MetadataToken>
              <Name>System.Double CombinifyWpf.StatusBar::get_ChangeAmount()</Name>
              <FileRef uid="41" />
              <SequencePoints>
                <SequencePoint vc="0" uspid="3227" ordinal="0" offset="0" sl="93" sc="17" el="93" ec="18" />
                <SequencePoint vc="0" uspid="3228" ordinal="1" offset="1" sl="93" sc="19" el="93" ec="67" />
                <SequencePoint vc="0" uspid="3229" ordinal="2" offset="21" sl="93" sc="68" el="93" ec="69" />
              </SequencePoints>
              <BranchPoints />
              <MethodPoint xsi:type="SequencePoint" vc="0" uspid="3227" ordinal="0" offset="0" sl="93" sc="17" el="93" ec="18" />
            </Method>
            <Method visited="false" cyclomaticComplexity="1" sequenceCoverage="0" branchCoverage="0" isConstructor="false" isStatic="false" isGetter="false" isSetter="true">
              <Summary numSequencePoints="3" visitedSequencePoints="0" numBranchPoints="1" visitedBranchPoints="0" sequenceCoverage="0" branchCoverage="0" maxCyclomaticComplexity="1" minCyclomaticComplexity="1" />
              <MetadataToken>100663689</MetadataToken>
              <Name>System.Void CombinifyWpf.StatusBar::set_ChangeAmount(System.Double)</Name>
              <FileRef uid="41" />
              <SequencePoints>
                <SequencePoint vc="0" uspid="3230" ordinal="0" offset="0" sl="94" sc="17" el="94" ec="18" />
                <SequencePoint vc="0" uspid="3231" ordinal="1" offset="1" sl="94" sc="19" el="94" ec="59" />
                <SequencePoint vc="0" uspid="3232" ordinal="2" offset="19" sl="94" sc="60" el="94" ec="61" />
              </SequencePoints>
              <BranchPoints />
              <MethodPoint xsi:type="SequencePoint" vc="0" uspid="3230" ordinal="0" offset="0" sl="94" sc="17" el="94" ec="18" />
            </Method>
            <Method visited="false" cyclomaticComplexity="1" sequenceCoverage="0" branchCoverage="0" isConstructor="false" isStatic="false" isGetter="true" isSetter="false">
              <Summary numSequencePoints="3" visitedSequencePoints="0" numBranchPoints="1" visitedBranchPoints="0" sequenceCoverage="0" branchCoverage="0" maxCyclomaticComplexity="1" minCyclomaticComplexity="1" />
              <MetadataToken>100663690</MetadataToken>
              <Name>System.DateTime CombinifyWpf.StatusBar::get_LastExecuted()</Name>
              <FileRef uid="41" />
              <SequencePoints>
                <SequencePoint vc="0" uspid="3233" ordinal="0" offset="0" sl="111" sc="17" el="111" ec="18" />
                <SequencePoint vc="0" uspid="3234" ordinal="1" offset="1" sl="111" sc="19" el="111" ec="71" />
                <SequencePoint vc="0" uspid="3235" ordinal="2" offset="20" sl="111" sc="72" el="111" ec="73" />
              </SequencePoints>
              <BranchPoints />
              <MethodPoint xsi:type="SequencePoint" vc="0" uspid="3233" ordinal="0" offset="0" sl="111" sc="17" el="111" ec="18" />
            </Method>
            <Method visited="false" cyclomaticComplexity="1" sequenceCoverage="0" branchCoverage="0" isConstructor="false" isStatic="false" isGetter="false" isSetter="true">
              <Summary numSequencePoints="3" visitedSequencePoints="0" numBranchPoints="1" visitedBranchPoints="0" sequenceCoverage="0" branchCoverage="0" maxCyclomaticComplexity="1" minCyclomaticComplexity="1" />
              <MetadataToken>100663691</MetadataToken>
              <Name>System.Void CombinifyWpf.StatusBar::set_LastExecuted(System.DateTime)</Name>
              <FileRef uid="41" />
              <SequencePoints>
                <SequencePoint vc="0" uspid="3236" ordinal="0" offset="0" sl="112" sc="17" el="112" ec="18" />
                <SequencePoint vc="0" uspid="3237" ordinal="1" offset="1" sl="112" sc="19" el="112" ec="59" />
                <SequencePoint vc="0" uspid="3238" ordinal="2" offset="19" sl="112" sc="60" el="112" ec="61" />
              </SequencePoints>
              <BranchPoints />
              <MethodPoint xsi:type="SequencePoint" vc="0" uspid="3236" ordinal="0" offset="0" sl="112" sc="17" el="112" ec="18" />
            </Method>
            <Method visited="false" cyclomaticComplexity="1" sequenceCoverage="0" branchCoverage="0" isConstructor="true" isStatic="false" isGetter="false" isSetter="false">
              <Summary numSequencePoints="4" visitedSequencePoints="0" numBranchPoints="1" visitedBranchPoints="0" sequenceCoverage="0" branchCoverage="0" maxCyclomaticComplexity="1" minCyclomaticComplexity="1" />
              <MetadataToken>100663683</MetadataToken>
              <Name>System.Void CombinifyWpf.StatusBar::.ctor()</Name>
              <FileRef uid="41" />
              <SequencePoints>
                <SequencePoint vc="0" uspid="3239" ordinal="0" offset="0" sl="46" sc="9" el="46" ec="27" />
                <SequencePoint vc="0" uspid="3240" ordinal="1" offset="7" sl="46" sc="28" el="46" ec="29" />
                <SequencePoint vc="0" uspid="3241" ordinal="2" offset="8" sl="47" sc="13" el="47" ec="35" />
                <SequencePoint vc="0" uspid="3242" ordinal="3" offset="15" sl="48" sc="9" el="48" ec="10" />
              </SequencePoints>
              <BranchPoints />
              <MethodPoint xsi:type="SequencePoint" vc="0" uspid="3239" ordinal="0" offset="0" sl="46" sc="9" el="46" ec="27" />
            </Method>
            <Method visited="false" cyclomaticComplexity="2" sequenceCoverage="0" branchCoverage="0" isConstructor="false" isStatic="false" isGetter="false" isSetter="false">
              <Summary numSequencePoints="1" visitedSequencePoints="0" numBranchPoints="3" visitedBranchPoints="0" sequenceCoverage="0" branchCoverage="0" maxCyclomaticComplexity="2" minCyclomaticComplexity="2" />
              <MetadataToken>100663692</MetadataToken>
              <Name>System.Void CombinifyWpf.StatusBar::InitializeComponent()</Name>
              <SequencePoints>
                <SequencePoint vc="0" uspid="3243" ordinal="0" offset="36" sl="1" sc="13" el="1" ec="77" />
              </SequencePoints>
              <BranchPoints>
                <BranchPoint vc="0" uspid="3245" ordinal="0" offset="12" path="0" />
                <BranchPoint vc="0" uspid="3246" ordinal="1" offset="12" path="1" />
              </BranchPoints>
              <MethodPoint vc="0" uspid="3244" ordinal="0" offset="0" />
            </Method>
            <Method visited="false" cyclomaticComplexity="7" sequenceCoverage="0" branchCoverage="0" isConstructor="false" isStatic="false" isGetter="false" isSetter="false">
              <Summary numSequencePoints="0" visitedSequencePoints="0" numBranchPoints="6" visitedBranchPoints="0" sequenceCoverage="0" branchCoverage="0" maxCyclomaticComplexity="7" minCyclomaticComplexity="7" />
              <MetadataToken>100663693</MetadataToken>
              <Name>System.Void CombinifyWpf.StatusBar::System.Windows.Markup.IComponentConnector.Connect(System.Int32,System.Object)</Name>
              <SequencePoints />
              <BranchPoints>
                <BranchPoint vc="0" uspid="3248" ordinal="0" offset="6" path="0" />
                <BranchPoint vc="0" uspid="3249" ordinal="1" offset="6" path="1" />
                <BranchPoint vc="0" uspid="3250" ordinal="2" offset="6" path="2" />
                <BranchPoint vc="0" uspid="3251" ordinal="3" offset="6" path="3" />
                <BranchPoint vc="0" uspid="3252" ordinal="4" offset="6" path="4" />
                <BranchPoint vc="0" uspid="3253" ordinal="5" offset="6" path="5" />
              </BranchPoints>
              <MethodPoint vc="0" uspid="3247" ordinal="0" offset="0" />
            </Method>
            <Method visited="false" cyclomaticComplexity="1" sequenceCoverage="0" branchCoverage="0" isConstructor="true" isStatic="true" isGetter="false" isSetter="false">
              <Summary numSequencePoints="4" visitedSequencePoints="0" numBranchPoints="1" visitedBranchPoints="0" sequenceCoverage="0" branchCoverage="0" maxCyclomaticComplexity="1" minCyclomaticComplexity="1" />
              <MetadataToken>100663694</MetadataToken>
              <Name>System.Void CombinifyWpf.StatusBar::.cctor()</Name>
              <FileRef uid="41" />
              <SequencePoints>
                <SequencePoint vc="0" uspid="3254" ordinal="0" offset="0" sl="64" sc="9" el="69" ec="42" />
                <SequencePoint vc="0" uspid="3255" ordinal="1" offset="47" sl="82" sc="9" el="87" ec="42" />
                <SequencePoint vc="0" uspid="3256" ordinal="2" offset="94" sl="100" sc="9" el="105" ec="42" />
                <SequencePoint vc="0" uspid="3257" ordinal="3" offset="148" sl="118" sc="9" el="123" ec="42" />
              </SequencePoints>
              <BranchPoints />
              <MethodPoint xsi:type="SequencePoint" vc="0" uspid="3254" ordinal="0" offset="0" sl="64" sc="9" el="69" ec="42" />
            </Method>
          </Methods>
        </Class>
        <Class>
          <Summary numSequencePoints="54" visitedSequencePoints="0" numBranchPoints="17" visitedBranchPoints="0" sequenceCoverage="0" branchCoverage="0" maxCyclomaticComplexity="4" minCyclomaticComplexity="1" />
          <FullName>CombinifyWpf.Utils.Flattener</FullName>
          <Methods>
            <Method visited="false" cyclomaticComplexity="1" sequenceCoverage="0" branchCoverage="0" isConstructor="true" isStatic="false" isGetter="false" isSetter="false">
              <Summary numSequencePoints="3" visitedSequencePoints="0" numBranchPoints="1" visitedBranchPoints="0" sequenceCoverage="0" branchCoverage="0" maxCyclomaticComplexity="1" minCyclomaticComplexity="1" />
              <MetadataToken>100663695</MetadataToken>
              <Name>System.Void CombinifyWpf.Utils.Flattener::.ctor()</Name>
              <FileRef uid="43" />
              <SequencePoints>
                <SequencePoint vc="0" uspid="3258" ordinal="0" offset="0" sl="47" sc="9" el="47" ec="27" />
                <SequencePoint vc="0" uspid="3259" ordinal="1" offset="7" sl="47" sc="28" el="47" ec="29" />
                <SequencePoint vc="0" uspid="3260" ordinal="2" offset="8" sl="47" sc="30" el="47" ec="31" />
              </SequencePoints>
              <BranchPoints />
              <MethodPoint xsi:type="SequencePoint" vc="0" uspid="3258" ordinal="0" offset="0" sl="47" sc="9" el="47" ec="27" />
            </Method>
            <Method visited="false" cyclomaticComplexity="1" sequenceCoverage="0" branchCoverage="0" isConstructor="false" isStatic="false" isGetter="false" isSetter="false">
              <Summary numSequencePoints="4" visitedSequencePoints="0" numBranchPoints="1" visitedBranchPoints="0" sequenceCoverage="0" branchCoverage="0" maxCyclomaticComplexity="1" minCyclomaticComplexity="1" />
              <MetadataToken>100663696</MetadataToken>
              <Name>System.String CombinifyWpf.Utils.Flattener::FlattenImports(System.String,System.String)</Name>
              <FileRef uid="43" />
              <SequencePoints>
                <SequencePoint vc="0" uspid="3261" ordinal="0" offset="20" sl="55" sc="68" el="55" ec="69" />
                <SequencePoint vc="0" uspid="3262" ordinal="1" offset="21" sl="56" sc="13" el="73" ec="17" />
                <SequencePoint vc="0" uspid="3263" ordinal="2" offset="46" sl="75" sc="13" el="75" ec="24" />
                <SequencePoint vc="0" uspid="3264" ordinal="3" offset="50" sl="76" sc="9" el="76" ec="10" />
              </SequencePoints>
              <BranchPoints />
              <MethodPoint vc="0" uspid="3265" ordinal="0" offset="0" />
            </Method>
            <Method visited="false" cyclomaticComplexity="1" sequenceCoverage="0" branchCoverage="0" isConstructor="false" isStatic="false" isGetter="false" isSetter="false">
              <Summary numSequencePoints="5" visitedSequencePoints="0" numBranchPoints="1" visitedBranchPoints="0" sequenceCoverage="0" branchCoverage="0" maxCyclomaticComplexity="1" minCyclomaticComplexity="1" />
              <MetadataToken>100663697</MetadataToken>
              <Name>System.String CombinifyWpf.Utils.Flattener::StripImport(System.String)</Name>
              <FileRef uid="43" />
              <SequencePoints>
                <SequencePoint vc="0" uspid="3266" ordinal="0" offset="0" sl="79" sc="53" el="79" ec="54" />
                <SequencePoint vc="0" uspid="3267" ordinal="1" offset="1" sl="80" sc="13" el="80" ec="84" />
                <SequencePoint vc="0" uspid="3268" ordinal="2" offset="18" sl="81" sc="13" el="81" ec="70" />
                <SequencePoint vc="0" uspid="3269" ordinal="3" offset="35" sl="82" sc="13" el="82" ec="31" />
                <SequencePoint vc="0" uspid="3270" ordinal="4" offset="44" sl="83" sc="9" el="83" ec="10" />
              </SequencePoints>
              <BranchPoints />
              <MethodPoint xsi:type="SequencePoint" vc="0" uspid="3266" ordinal="0" offset="0" sl="79" sc="53" el="79" ec="54" />
            </Method>
            <Method visited="false" cyclomaticComplexity="1" sequenceCoverage="0" branchCoverage="0" isConstructor="false" isStatic="false" isGetter="false" isSetter="false">
              <Summary numSequencePoints="5" visitedSequencePoints="0" numBranchPoints="1" visitedBranchPoints="0" sequenceCoverage="0" branchCoverage="0" maxCyclomaticComplexity="1" minCyclomaticComplexity="1" />
              <MetadataToken>100663698</MetadataToken>
              <Name>System.String CombinifyWpf.Utils.Flattener::GetFilePath(System.String,System.String)</Name>
              <FileRef uid="43" />
              <SequencePoints>
                <SequencePoint vc="0" uspid="3271" ordinal="0" offset="0" sl="86" sc="74" el="86" ec="75" />
                <SequencePoint vc="0" uspid="3272" ordinal="1" offset="1" sl="87" sc="13" el="87" ec="48" />
                <SequencePoint vc="0" uspid="3273" ordinal="2" offset="9" sl="88" sc="13" el="88" ec="44" />
                <SequencePoint vc="0" uspid="3274" ordinal="3" offset="20" sl="90" sc="13" el="90" ec="54" />
                <SequencePoint vc="0" uspid="3275" ordinal="4" offset="30" sl="91" sc="9" el="91" ec="10" />
              </SequencePoints>
              <BranchPoints />
              <MethodPoint xsi:type="SequencePoint" vc="0" uspid="3271" ordinal="0" offset="0" sl="86" sc="74" el="86" ec="75" />
            </Method>
            <Method visited="false" cyclomaticComplexity="3" sequenceCoverage="0" branchCoverage="0" isConstructor="false" isStatic="false" isGetter="false" isSetter="false">
              <Summary numSequencePoints="12" visitedSequencePoints="0" numBranchPoints="5" visitedBranchPoints="0" sequenceCoverage="0" branchCoverage="0" maxCyclomaticComplexity="3" minCyclomaticComplexity="3" />
              <MetadataToken>100663699</MetadataToken>
              <Name>System.String CombinifyWpf.Utils.Flattener::ImportFromFile(System.String)</Name>
              <FileRef uid="43" />
              <SequencePoints>
                <SequencePoint vc="0" uspid="3276" ordinal="0" offset="0" sl="94" sc="54" el="94" ec="55" />
                <SequencePoint vc="0" uspid="3277" ordinal="1" offset="1" sl="95" sc="13" el="95" ec="43" />
                <SequencePoint vc="0" uspid="3278" ordinal="2" offset="7" sl="96" sc="13" el="96" ec="48" />
                <SequencePoint vc="0" uspid="3279" ordinal="3" offset="14" sl="98" sc="13" el="98" ec="28" />
                <SequencePoint vc="0" uspid="3280" ordinal="4" offset="29" sl="98" sc="29" el="98" ec="30" />
                <SequencePoint vc="0" uspid="3281" ordinal="5" offset="30" sl="99" sc="24" el="99" ec="68" />
                <SequencePoint vc="0" uspid="3282" ordinal="6" offset="42" sl="99" sc="71" el="99" ec="72" />
                <SequencePoint vc="0" uspid="3283" ordinal="7" offset="43" sl="100" sc="21" el="100" ec="50" />
                <SequencePoint vc="0" uspid="3284" ordinal="8" offset="50" sl="101" sc="17" el="101" ec="18" />
                <SequencePoint vc="0" uspid="3285" ordinal="9" offset="72" sl="102" sc="13" el="102" ec="14" />
                <SequencePoint vc="0" uspid="3286" ordinal="10" offset="73" sl="107" sc="13" el="107" ec="64" />
                <SequencePoint vc="0" uspid="3287" ordinal="11" offset="89" sl="108" sc="9" el="108" ec="10" />
              </SequencePoints>
              <BranchPoints>
                <BranchPoint vc="0" uspid="3288" ordinal="0" offset="27" path="0" />
                <BranchPoint vc="0" uspid="3289" ordinal="1" offset="27" path="1" />
                <BranchPoint vc="0" uspid="3290" ordinal="2" offset="61" path="0" />
                <BranchPoint vc="0" uspid="3291" ordinal="3" offset="61" path="1" />
              </BranchPoints>
              <MethodPoint xsi:type="SequencePoint" vc="0" uspid="3276" ordinal="0" offset="0" sl="94" sc="54" el="94" ec="55" />
            </Method>
            <Method visited="false" cyclomaticComplexity="4" sequenceCoverage="0" branchCoverage="0" isConstructor="false" isStatic="false" isGetter="false" isSetter="false">
              <Summary numSequencePoints="15" visitedSequencePoints="0" numBranchPoints="7" visitedBranchPoints="0" sequenceCoverage="0" branchCoverage="0" maxCyclomaticComplexity="4" minCyclomaticComplexity="4" />
              <MetadataToken>100663700</MetadataToken>
              <Name>System.String CombinifyWpf.Utils.Flattener::ImportFromWeb(System.String,System.String)</Name>
              <FileRef uid="43" />
              <SequencePoints>
                <SequencePoint vc="0" uspid="3292" ordinal="0" offset="0" sl="112" sc="69" el="112" ec="70" />
                <SequencePoint vc="0" uspid="3293" ordinal="1" offset="1" sl="113" sc="13" el="113" ec="43" />
                <SequencePoint vc="0" uspid="3294" ordinal="2" offset="7" sl="114" sc="13" el="114" ec="53" />
                <SequencePoint vc="0" uspid="3295" ordinal="3" offset="20" sl="116" sc="13" el="116" ec="39" />
                <SequencePoint vc="0" uspid="3296" ordinal="4" offset="36" sl="116" sc="40" el="116" ec="41" />
                <SequencePoint vc="0" uspid="3297" ordinal="5" offset="37" sl="117" sc="24" el="117" ec="58" />
                <SequencePoint vc="0" uspid="3298" ordinal="6" offset="43" sl="117" sc="61" el="117" ec="62" />
                <SequencePoint vc="0" uspid="3299" ordinal="7" offset="44" sl="118" sc="28" el="118" ec="92" />
                <SequencePoint vc="0" uspid="3300" ordinal="8" offset="57" sl="118" sc="95" el="118" ec="96" />
                <SequencePoint vc="0" uspid="3301" ordinal="9" offset="58" sl="119" sc="25" el="119" ec="54" />
                <SequencePoint vc="0" uspid="3302" ordinal="10" offset="65" sl="120" sc="21" el="120" ec="22" />
                <SequencePoint vc="0" uspid="3303" ordinal="11" offset="87" sl="121" sc="17" el="121" ec="18" />
                <SequencePoint vc="0" uspid="3304" ordinal="12" offset="109" sl="122" sc="13" el="122" ec="14" />
                <SequencePoint vc="0" uspid="3305" ordinal="13" offset="110" sl="124" sc="13" el="124" ec="56" />
                <SequencePoint vc="0" uspid="3306" ordinal="14" offset="122" sl="125" sc="9" el="125" ec="10" />
              </SequencePoints>
              <BranchPoints>
                <BranchPoint vc="0" uspid="3307" ordinal="0" offset="34" path="0" />
                <BranchPoint vc="0" uspid="3308" ordinal="1" offset="34" path="1" />
                <BranchPoint vc="0" uspid="3309" ordinal="2" offset="76" path="0" />
                <BranchPoint vc="0" uspid="3310" ordinal="3" offset="76" path="1" />
                <BranchPoint vc="0" uspid="3311" ordinal="4" offset="98" path="0" />
                <BranchPoint vc="0" uspid="3312" ordinal="5" offset="98" path="1" />
              </BranchPoints>
              <MethodPoint xsi:type="SequencePoint" vc="0" uspid="3292" ordinal="0" offset="0" sl="112" sc="69" el="112" ec="70" />
            </Method>
            <Method visited="false" cyclomaticComplexity="1" sequenceCoverage="0" branchCoverage="0" isConstructor="false" isStatic="false" isGetter="false" isSetter="false">
              <Summary numSequencePoints="10" visitedSequencePoints="0" numBranchPoints="1" visitedBranchPoints="0" sequenceCoverage="0" branchCoverage="0" maxCyclomaticComplexity="1" minCyclomaticComplexity="1" />
              <MetadataToken>100663701</MetadataToken>
              <Name>System.Boolean CombinifyWpf.Utils.Flattener::WebFileExists(System.Uri)</Name>
              <FileRef uid="43" />
              <SequencePoints>
                <SequencePoint vc="0" uspid="3313" ordinal="0" offset="0" sl="128" sc="47" el="128" ec="48" />
                <SequencePoint vc="0" uspid="3314" ordinal="1" offset="1" sl="129" sc="17" el="129" ec="18" />
                <SequencePoint vc="0" uspid="3315" ordinal="2" offset="2" sl="130" sc="17" el="130" ec="85" />
                <SequencePoint vc="0" uspid="3316" ordinal="3" offset="14" sl="131" sc="17" el="131" ec="41" />
                <SequencePoint vc="0" uspid="3317" ordinal="4" offset="26" sl="132" sc="17" el="132" ec="85" />
                <SequencePoint vc="0" uspid="3318" ordinal="5" offset="38" sl="133" sc="17" el="133" ec="69" />
                <SequencePoint vc="0" uspid="3319" ordinal="6" offset="54" sl="135" sc="13" el="135" ec="18" />
                <SequencePoint vc="0" uspid="3320" ordinal="7" offset="55" sl="135" sc="19" el="135" ec="20" />
                <SequencePoint vc="0" uspid="3321" ordinal="8" offset="56" sl="136" sc="17" el="136" ec="30" />
                <SequencePoint vc="0" uspid="3322" ordinal="9" offset="61" sl="138" sc="9" el="138" ec="10" />
              </SequencePoints>
              <BranchPoints />
              <MethodPoint xsi:type="SequencePoint" vc="0" uspid="3313" ordinal="0" offset="0" sl="128" sc="47" el="128" ec="48" />
            </Method>
          </Methods>
        </Class>
        <Class>
          <Summary numSequencePoints="13" visitedSequencePoints="0" numBranchPoints="7" visitedBranchPoints="0" sequenceCoverage="0" branchCoverage="0" maxCyclomaticComplexity="4" minCyclomaticComplexity="1" />
          <FullName>CombinifyWpf.Utils.Flattener/&lt;&gt;c__DisplayClass1</FullName>
          <Methods>
            <Method visited="false" cyclomaticComplexity="1" sequenceCoverage="0" branchCoverage="0" isConstructor="true" isStatic="false" isGetter="false" isSetter="false">
              <Summary numSequencePoints="0" visitedSequencePoints="0" numBranchPoints="0" visitedBranchPoints="0" sequenceCoverage="0" branchCoverage="0" maxCyclomaticComplexity="1" minCyclomaticComplexity="1" />
              <MetadataToken>100663793</MetadataToken>
              <Name>System.Void CombinifyWpf.Utils.Flattener/&lt;&gt;c__DisplayClass1::.ctor()</Name>
              <SequencePoints />
              <BranchPoints />
              <MethodPoint vc="0" uspid="3323" ordinal="0" offset="0" />
            </Method>
            <Method visited="false" cyclomaticComplexity="4" sequenceCoverage="0" branchCoverage="0" isConstructor="false" isStatic="false" isGetter="false" isSetter="false">
              <Summary numSequencePoints="13" visitedSequencePoints="0" numBranchPoints="7" visitedBranchPoints="0" sequenceCoverage="0" branchCoverage="0" maxCyclomaticComplexity="4" minCyclomaticComplexity="4" />
              <MetadataToken>100663794</MetadataToken>
              <Name>System.String CombinifyWpf.Utils.Flattener/&lt;&gt;c__DisplayClass1::&lt;FlattenImports&gt;b__0(System.Text.RegularExpressions.Match)</Name>
              <FileRef uid="43" />
              <SequencePoints>
                <SequencePoint vc="0" uspid="3324" ordinal="0" offset="0" sl="56" sc="64" el="56" ec="65" />
                <SequencePoint vc="0" uspid="3325" ordinal="1" offset="1" sl="60" sc="17" el="60" ec="86" />
                <SequencePoint vc="0" uspid="3326" ordinal="2" offset="45" sl="60" sc="87" el="60" ec="88" />
                <SequencePoint vc="0" uspid="3327" ordinal="3" offset="46" sl="61" sc="21" el="61" ec="65" />
                <SequencePoint vc="0" uspid="3328" ordinal="4" offset="70" sl="62" sc="17" el="62" ec="18" />
                <SequencePoint vc="0" uspid="3329" ordinal="5" offset="73" sl="63" sc="22" el="63" ec="23" />
                <SequencePoint vc="0" uspid="3330" ordinal="6" offset="74" sl="64" sc="21" el="64" ec="60" />
                <SequencePoint vc="0" uspid="3331" ordinal="7" offset="98" sl="65" sc="21" el="65" ec="54" />
                <SequencePoint vc="0" uspid="3332" ordinal="8" offset="111" sl="66" sc="17" el="66" ec="18" />
                <SequencePoint vc="0" uspid="3333" ordinal="9" offset="112" sl="68" sc="17" el="68" ec="54" />
                <SequencePoint vc="0" uspid="3334" ordinal="10" offset="125" sl="68" sc="55" el="68" ec="56" />
                <SequencePoint vc="0" uspid="3335" ordinal="11" offset="126" sl="69" sc="21" el="69" ec="36" />
                <SequencePoint vc="0" uspid="3336" ordinal="12" offset="135" sl="72" sc="17" el="72" ec="32" />
              </SequencePoints>
              <BranchPoints>
                <BranchPoint vc="0" uspid="3337" ordinal="0" offset="17" path="0" />
                <BranchPoint vc="0" uspid="3338" ordinal="1" offset="17" path="1" />
                <BranchPoint vc="0" uspid="3339" ordinal="2" offset="43" path="0" />
                <BranchPoint vc="0" uspid="3340" ordinal="3" offset="43" path="1" />
                <BranchPoint vc="0" uspid="3341" ordinal="4" offset="123" path="0" />
                <BranchPoint vc="0" uspid="3342" ordinal="5" offset="123" path="1" />
              </BranchPoints>
              <MethodPoint xsi:type="SequencePoint" vc="0" uspid="3324" ordinal="0" offset="0" sl="56" sc="64" el="56" ec="65" />
            </Method>
          </Methods>
        </Class>
        <Class>
          <Summary numSequencePoints="92" visitedSequencePoints="0" numBranchPoints="42" visitedBranchPoints="0" sequenceCoverage="0" branchCoverage="0" maxCyclomaticComplexity="17" minCyclomaticComplexity="1" />
          <FullName>CombinifyWpf.ErrorMockup</FullName>
          <Methods>
            <Method visited="false" cyclomaticComplexity="1" sequenceCoverage="0" branchCoverage="0" isConstructor="true" isStatic="false" isGetter="false" isSetter="false">
              <Summary numSequencePoints="6" visitedSequencePoints="0" numBranchPoints="1" visitedBranchPoints="0" sequenceCoverage="0" branchCoverage="0" maxCyclomaticComplexity="1" minCyclomaticComplexity="1" />
              <MetadataToken>100663702</MetadataToken>
              <Name>System.Void CombinifyWpf.ErrorMockup::.ctor()</Name>
              <FileRef uid="45" />
              <SequencePoints>
                <SequencePoint vc="0" uspid="3343" ordinal="0" offset="0" sl="24" sc="9" el="24" ec="29" />
                <SequencePoint vc="0" uspid="3344" ordinal="1" offset="7" sl="24" sc="30" el="24" ec="31" />
                <SequencePoint vc="0" uspid="3345" ordinal="2" offset="8" sl="25" sc="13" el="25" ec="35" />
                <SequencePoint vc="0" uspid="3346" ordinal="3" offset="15" sl="26" sc="13" el="26" ec="32" />
                <SequencePoint vc="0" uspid="3347" ordinal="4" offset="22" sl="27" sc="13" el="27" ec="25" />
                <SequencePoint vc="0" uspid="3348" ordinal="5" offset="29" sl="28" sc="9" el="28" ec="10" />
              </SequencePoints>
              <BranchPoints />
              <MethodPoint xsi:type="SequencePoint" vc="0" uspid="3343" ordinal="0" offset="0" sl="24" sc="9" el="24" ec="29" />
            </Method>
            <Method visited="false" cyclomaticComplexity="6" sequenceCoverage="0" branchCoverage="0" isConstructor="false" isStatic="false" isGetter="false" isSetter="false">
              <Summary numSequencePoints="24" visitedSequencePoints="0" numBranchPoints="8" visitedBranchPoints="0" sequenceCoverage="0" branchCoverage="0" maxCyclomaticComplexity="6" minCyclomaticComplexity="6" />
              <MetadataToken>100663703</MetadataToken>
              <Name>System.Void CombinifyWpf.ErrorMockup::label4_MouseLeftButtonDown(System.Object,System.Windows.Input.MouseButtonEventArgs)</Name>
              <FileRef uid="45" />
              <SequencePoints>
                <SequencePoint vc="0" uspid="3349" ordinal="0" offset="0" sl="30" sc="90" el="30" ec="91" />
                <SequencePoint vc="0" uspid="3350" ordinal="1" offset="1" sl="31" sc="13" el="31" ec="23" />
                <SequencePoint vc="0" uspid="3351" ordinal="2" offset="15" sl="33" sc="13" el="33" ec="30" />
                <SequencePoint vc="0" uspid="3352" ordinal="3" offset="31" sl="33" sc="31" el="33" ec="32" />
                <SequencePoint vc="0" uspid="3353" ordinal="4" offset="32" sl="34" sc="17" el="34" ec="29" />
                <SequencePoint vc="0" uspid="3354" ordinal="5" offset="39" sl="35" sc="13" el="35" ec="14" />
                <SequencePoint vc="0" uspid="3355" ordinal="6" offset="40" sl="37" sc="13" el="37" ec="30" />
                <SequencePoint vc="0" uspid="3356" ordinal="7" offset="76" sl="39" sc="21" el="39" ec="103" />
                <SequencePoint vc="0" uspid="3357" ordinal="8" offset="115" sl="40" sc="21" el="40" ec="60" />
                <SequencePoint vc="0" uspid="3358" ordinal="9" offset="132" sl="41" sc="21" el="41" ec="47" />
                <SequencePoint vc="0" uspid="3359" ordinal="10" offset="149" sl="42" sc="21" el="42" ec="27" />
                <SequencePoint vc="0" uspid="3360" ordinal="11" offset="154" sl="44" sc="21" el="44" ec="103" />
                <SequencePoint vc="0" uspid="3361" ordinal="12" offset="193" sl="45" sc="21" el="45" ec="60" />
                <SequencePoint vc="0" uspid="3362" ordinal="13" offset="210" sl="46" sc="21" el="46" ec="47" />
                <SequencePoint vc="0" uspid="3363" ordinal="14" offset="227" sl="47" sc="21" el="47" ec="27" />
                <SequencePoint vc="0" uspid="3364" ordinal="15" offset="232" sl="49" sc="21" el="49" ec="101" />
                <SequencePoint vc="0" uspid="3365" ordinal="16" offset="267" sl="50" sc="21" el="50" ec="60" />
                <SequencePoint vc="0" uspid="3366" ordinal="17" offset="284" sl="51" sc="21" el="51" ec="47" />
                <SequencePoint vc="0" uspid="3367" ordinal="18" offset="301" sl="52" sc="21" el="52" ec="27" />
                <SequencePoint vc="0" uspid="3368" ordinal="19" offset="303" sl="54" sc="21" el="54" ec="103" />
                <SequencePoint vc="0" uspid="3369" ordinal="20" offset="342" sl="55" sc="21" el="55" ec="103" />
                <SequencePoint vc="0" uspid="3370" ordinal="21" offset="375" sl="56" sc="21" el="56" ec="47" />
                <SequencePoint vc="0" uspid="3371" ordinal="22" offset="392" sl="57" sc="21" el="57" ec="27" />
                <SequencePoint vc="0" uspid="3372" ordinal="23" offset="394" sl="59" sc="9" el="59" ec="10" />
              </SequencePoints>
              <BranchPoints>
                <BranchPoint vc="0" uspid="3373" ordinal="0" offset="29" path="0" />
                <BranchPoint vc="0" uspid="3374" ordinal="1" offset="29" path="1" />
                <BranchPoint vc="0" uspid="3375" ordinal="2" offset="50" path="0" />
                <BranchPoint vc="0" uspid="3376" ordinal="3" offset="50" path="1" />
                <BranchPoint vc="0" uspid="3377" ordinal="4" offset="50" path="2" />
                <BranchPoint vc="0" uspid="3378" ordinal="5" offset="50" path="3" />
                <BranchPoint vc="0" uspid="3379" ordinal="6" offset="50" path="4" />
              </BranchPoints>
              <MethodPoint xsi:type="SequencePoint" vc="0" uspid="3349" ordinal="0" offset="0" sl="30" sc="90" el="30" ec="91" />
            </Method>
            <Method visited="false" cyclomaticComplexity="1" sequenceCoverage="0" branchCoverage="0" isConstructor="false" isStatic="false" isGetter="false" isSetter="false">
              <Summary numSequencePoints="3" visitedSequencePoints="0" numBranchPoints="1" visitedBranchPoints="0" sequenceCoverage="0" branchCoverage="0" maxCyclomaticComplexity="1" minCyclomaticComplexity="1" />
              <MetadataToken>100663704</MetadataToken>
              <Name>System.Void CombinifyWpf.ErrorMockup::label2_MouseLeftButtonDown(System.Object,System.Windows.Input.MouseButtonEventArgs)</Name>
              <FileRef uid="45" />
              <SequencePoints>
                <SequencePoint vc="0" uspid="3380" ordinal="0" offset="0" sl="61" sc="90" el="61" ec="91" />
                <SequencePoint vc="0" uspid="3381" ordinal="1" offset="1" sl="62" sc="13" el="62" ec="26" />
                <SequencePoint vc="0" uspid="3382" ordinal="2" offset="8" sl="63" sc="9" el="63" ec="10" />
              </SequencePoints>
              <BranchPoints />
              <MethodPoint xsi:type="SequencePoint" vc="0" uspid="3380" ordinal="0" offset="0" sl="61" sc="90" el="61" ec="91" />
            </Method>
            <Method visited="false" cyclomaticComplexity="1" sequenceCoverage="0" branchCoverage="0" isConstructor="false" isStatic="false" isGetter="false" isSetter="false">
              <Summary numSequencePoints="3" visitedSequencePoints="0" numBranchPoints="1" visitedBranchPoints="0" sequenceCoverage="0" branchCoverage="0" maxCyclomaticComplexity="1" minCyclomaticComplexity="1" />
              <MetadataToken>100663705</MetadataToken>
              <Name>System.Void CombinifyWpf.ErrorMockup::label5_MouseLeftButtonDown(System.Object,System.Windows.Input.MouseButtonEventArgs)</Name>
              <FileRef uid="45" />
              <SequencePoints>
                <SequencePoint vc="0" uspid="3383" ordinal="0" offset="0" sl="65" sc="90" el="65" ec="91" />
                <SequencePoint vc="0" uspid="3384" ordinal="1" offset="1" sl="66" sc="13" el="66" ec="29" />
                <SequencePoint vc="0" uspid="3385" ordinal="2" offset="8" sl="67" sc="9" el="67" ec="10" />
              </SequencePoints>
              <BranchPoints />
              <MethodPoint xsi:type="SequencePoint" vc="0" uspid="3383" ordinal="0" offset="0" sl="65" sc="90" el="65" ec="91" />
            </Method>
            <Method visited="false" cyclomaticComplexity="1" sequenceCoverage="0" branchCoverage="0" isConstructor="false" isStatic="false" isGetter="false" isSetter="false">
              <Summary numSequencePoints="5" visitedSequencePoints="0" numBranchPoints="1" visitedBranchPoints="0" sequenceCoverage="0" branchCoverage="0" maxCyclomaticComplexity="1" minCyclomaticComplexity="1" />
              <MetadataToken>100663706</MetadataToken>
              <Name>System.Void CombinifyWpf.ErrorMockup::Label_MouseEnter(System.Object,System.Windows.Input.MouseEventArgs)</Name>
              <FileRef uid="45" />
              <SequencePoints>
                <SequencePoint vc="0" uspid="3386" ordinal="0" offset="0" sl="69" sc="74" el="69" ec="75" />
                <SequencePoint vc="0" uspid="3387" ordinal="1" offset="1" sl="70" sc="13" el="70" ec="197" />
                <SequencePoint vc="0" uspid="3388" ordinal="2" offset="69" sl="71" sc="13" el="71" ec="195" />
                <SequencePoint vc="0" uspid="3389" ordinal="3" offset="131" sl="72" sc="13" el="72" ec="220" />
                <SequencePoint vc="0" uspid="3390" ordinal="4" offset="210" sl="73" sc="9" el="73" ec="10" />
              </SequencePoints>
              <BranchPoints />
              <MethodPoint xsi:type="SequencePoint" vc="0" uspid="3386" ordinal="0" offset="0" sl="69" sc="74" el="69" ec="75" />
            </Method>
            <Method visited="false" cyclomaticComplexity="1" sequenceCoverage="0" branchCoverage="0" isConstructor="false" isStatic="false" isGetter="false" isSetter="false">
              <Summary numSequencePoints="5" visitedSequencePoints="0" numBranchPoints="1" visitedBranchPoints="0" sequenceCoverage="0" branchCoverage="0" maxCyclomaticComplexity="1" minCyclomaticComplexity="1" />
              <MetadataToken>100663707</MetadataToken>
              <Name>System.Void CombinifyWpf.ErrorMockup::Label_MouseLeave(System.Object,System.Windows.Input.MouseEventArgs)</Name>
              <FileRef uid="45" />
              <SequencePoints>
                <SequencePoint vc="0" uspid="3391" ordinal="0" offset="0" sl="75" sc="74" el="75" ec="75" />
                <SequencePoint vc="0" uspid="3392" ordinal="1" offset="1" sl="76" sc="13" el="76" ec="197" />
                <SequencePoint vc="0" uspid="3393" ordinal="2" offset="69" sl="77" sc="13" el="77" ec="195" />
                <SequencePoint vc="0" uspid="3394" ordinal="3" offset="131" sl="78" sc="13" el="78" ec="220" />
                <SequencePoint vc="0" uspid="3395" ordinal="4" offset="210" sl="79" sc="9" el="79" ec="10" />
              </SequencePoints>
              <BranchPoints />
              <MethodPoint xsi:type="SequencePoint" vc="0" uspid="3391" ordinal="0" offset="0" sl="75" sc="74" el="75" ec="75" />
            </Method>
            <Method visited="false" cyclomaticComplexity="1" sequenceCoverage="0" branchCoverage="0" isConstructor="false" isStatic="false" isGetter="false" isSetter="false">
              <Summary numSequencePoints="4" visitedSequencePoints="0" numBranchPoints="1" visitedBranchPoints="0" sequenceCoverage="0" branchCoverage="0" maxCyclomaticComplexity="1" minCyclomaticComplexity="1" />
              <MetadataToken>100663708</MetadataToken>
              <Name>System.Void CombinifyWpf.ErrorMockup::label6_MouseEnter(System.Object,System.Windows.Input.MouseEventArgs)</Name>
              <FileRef uid="45" />
              <SequencePoints>
                <SequencePoint vc="0" uspid="3396" ordinal="0" offset="0" sl="81" sc="75" el="81" ec="76" />
                <SequencePoint vc="0" uspid="3397" ordinal="1" offset="1" sl="82" sc="13" el="82" ec="195" />
                <SequencePoint vc="0" uspid="3398" ordinal="2" offset="63" sl="83" sc="13" el="83" ec="195" />
                <SequencePoint vc="0" uspid="3399" ordinal="3" offset="125" sl="84" sc="9" el="84" ec="10" />
              </SequencePoints>
              <BranchPoints />
              <MethodPoint xsi:type="SequencePoint" vc="0" uspid="3396" ordinal="0" offset="0" sl="81" sc="75" el="81" ec="76" />
            </Method>
            <Method visited="false" cyclomaticComplexity="1" sequenceCoverage="0" branchCoverage="0" isConstructor="false" isStatic="false" isGetter="false" isSetter="false">
              <Summary numSequencePoints="4" visitedSequencePoints="0" numBranchPoints="1" visitedBranchPoints="0" sequenceCoverage="0" branchCoverage="0" maxCyclomaticComplexity="1" minCyclomaticComplexity="1" />
              <MetadataToken>100663709</MetadataToken>
              <Name>System.Void CombinifyWpf.ErrorMockup::label6_MouseLeave(System.Object,System.Windows.Input.MouseEventArgs)</Name>
              <FileRef uid="45" />
              <SequencePoints>
                <SequencePoint vc="0" uspid="3400" ordinal="0" offset="0" sl="86" sc="75" el="86" ec="76" />
                <SequencePoint vc="0" uspid="3401" ordinal="1" offset="1" sl="87" sc="13" el="87" ec="195" />
                <SequencePoint vc="0" uspid="3402" ordinal="2" offset="63" sl="88" sc="13" el="88" ec="195" />
                <SequencePoint vc="0" uspid="3403" ordinal="3" offset="125" sl="89" sc="9" el="89" ec="10" />
              </SequencePoints>
              <BranchPoints />
              <MethodPoint xsi:type="SequencePoint" vc="0" uspid="3400" ordinal="0" offset="0" sl="86" sc="75" el="86" ec="76" />
            </Method>
            <Method visited="false" cyclomaticComplexity="2" sequenceCoverage="0" branchCoverage="0" isConstructor="false" isStatic="false" isGetter="false" isSetter="false">
              <Summary numSequencePoints="10" visitedSequencePoints="0" numBranchPoints="3" visitedBranchPoints="0" sequenceCoverage="0" branchCoverage="0" maxCyclomaticComplexity="2" minCyclomaticComplexity="2" />
              <MetadataToken>100663710</MetadataToken>
              <Name>System.Void CombinifyWpf.ErrorMockup::label6_MouseLeftButtonDown(System.Object,System.Windows.Input.MouseButtonEventArgs)</Name>
              <FileRef uid="45" />
              <SequencePoints>
                <SequencePoint vc="0" uspid="3404" ordinal="0" offset="0" sl="91" sc="90" el="91" ec="91" />
                <SequencePoint vc="0" uspid="3405" ordinal="1" offset="1" sl="92" sc="13" el="92" ec="48" />
                <SequencePoint vc="0" uspid="3406" ordinal="2" offset="16" sl="93" sc="13" el="93" ec="34" />
                <SequencePoint vc="0" uspid="3407" ordinal="3" offset="29" sl="93" sc="35" el="93" ec="36" />
                <SequencePoint vc="0" uspid="3408" ordinal="4" offset="30" sl="94" sc="17" el="94" ec="164" />
                <SequencePoint vc="0" uspid="3409" ordinal="5" offset="84" sl="96" sc="13" el="96" ec="14" />
                <SequencePoint vc="0" uspid="3410" ordinal="6" offset="87" sl="97" sc="18" el="97" ec="19" />
                <SequencePoint vc="0" uspid="3411" ordinal="7" offset="88" sl="98" sc="17" el="98" ec="155" />
                <SequencePoint vc="0" uspid="3412" ordinal="8" offset="145" sl="100" sc="13" el="100" ec="14" />
                <SequencePoint vc="0" uspid="3413" ordinal="9" offset="146" sl="101" sc="9" el="101" ec="10" />
              </SequencePoints>
              <BranchPoints>
                <BranchPoint vc="0" uspid="3414" ordinal="0" offset="27" path="0" />
                <BranchPoint vc="0" uspid="3415" ordinal="1" offset="27" path="1" />
              </BranchPoints>
              <MethodPoint xsi:type="SequencePoint" vc="0" uspid="3404" ordinal="0" offset="0" sl="91" sc="90" el="91" ec="91" />
            </Method>
            <Method visited="false" cyclomaticComplexity="2" sequenceCoverage="0" branchCoverage="0" isConstructor="false" isStatic="false" isGetter="false" isSetter="false">
              <Summary numSequencePoints="9" visitedSequencePoints="0" numBranchPoints="3" visitedBranchPoints="0" sequenceCoverage="0" branchCoverage="0" maxCyclomaticComplexity="2" minCyclomaticComplexity="2" />
              <MetadataToken>100663711</MetadataToken>
              <Name>System.Void CombinifyWpf.ErrorMockup::ExpandFinished(System.Object,System.EventArgs)</Name>
              <FileRef uid="45" />
              <SequencePoints>
                <SequencePoint vc="0" uspid="3416" ordinal="0" offset="0" sl="103" sc="67" el="103" ec="68" />
                <SequencePoint vc="0" uspid="3417" ordinal="1" offset="1" sl="104" sc="13" el="104" ec="34" />
                <SequencePoint vc="0" uspid="3418" ordinal="2" offset="14" sl="104" sc="35" el="104" ec="36" />
                <SequencePoint vc="0" uspid="3419" ordinal="3" offset="15" sl="105" sc="17" el="105" ec="53" />
                <SequencePoint vc="0" uspid="3420" ordinal="4" offset="32" sl="106" sc="13" el="106" ec="14" />
                <SequencePoint vc="0" uspid="3421" ordinal="5" offset="35" sl="107" sc="18" el="107" ec="19" />
                <SequencePoint vc="0" uspid="3422" ordinal="6" offset="36" sl="108" sc="17" el="108" ec="53" />
                <SequencePoint vc="0" uspid="3423" ordinal="7" offset="53" sl="109" sc="13" el="109" ec="14" />
                <SequencePoint vc="0" uspid="3424" ordinal="8" offset="54" sl="110" sc="9" el="110" ec="10" />
              </SequencePoints>
              <BranchPoints>
                <BranchPoint vc="0" uspid="3425" ordinal="0" offset="12" path="0" />
                <BranchPoint vc="0" uspid="3426" ordinal="1" offset="12" path="1" />
              </BranchPoints>
              <MethodPoint xsi:type="SequencePoint" vc="0" uspid="3416" ordinal="0" offset="0" sl="103" sc="67" el="103" ec="68" />
            </Method>
            <Method visited="false" cyclomaticComplexity="1" sequenceCoverage="0" branchCoverage="0" isConstructor="false" isStatic="false" isGetter="false" isSetter="false">
              <Summary numSequencePoints="5" visitedSequencePoints="0" numBranchPoints="1" visitedBranchPoints="0" sequenceCoverage="0" branchCoverage="0" maxCyclomaticComplexity="1" minCyclomaticComplexity="1" />
              <MetadataToken>100663712</MetadataToken>
              <Name>System.Void CombinifyWpf.ErrorMockup::ErrorMsg_Loaded(System.Object,System.Windows.RoutedEventArgs)</Name>
              <FileRef uid="45" />
              <SequencePoints>
                <SequencePoint vc="0" uspid="3427" ordinal="0" offset="0" sl="112" sc="74" el="112" ec="75" />
                <SequencePoint vc="0" uspid="3428" ordinal="1" offset="1" sl="113" sc="13" el="113" ec="94" />
                <SequencePoint vc="0" uspid="3429" ordinal="2" offset="36" sl="114" sc="13" el="114" ec="24" />
                <SequencePoint vc="0" uspid="3430" ordinal="3" offset="51" sl="116" sc="13" el="116" ec="33" />
                <SequencePoint vc="0" uspid="3431" ordinal="4" offset="72" sl="117" sc="9" el="117" ec="10" />
              </SequencePoints>
              <BranchPoints />
              <MethodPoint xsi:type="SequencePoint" vc="0" uspid="3427" ordinal="0" offset="0" sl="112" sc="74" el="112" ec="75" />
            </Method>
            <Method visited="false" cyclomaticComplexity="2" sequenceCoverage="0" branchCoverage="0" isConstructor="false" isStatic="false" isGetter="false" isSetter="false">
              <Summary numSequencePoints="1" visitedSequencePoints="0" numBranchPoints="3" visitedBranchPoints="0" sequenceCoverage="0" branchCoverage="0" maxCyclomaticComplexity="2" minCyclomaticComplexity="2" />
              <MetadataToken>100663713</MetadataToken>
              <Name>System.Void CombinifyWpf.ErrorMockup::InitializeComponent()</Name>
              <SequencePoints>
                <SequencePoint vc="0" uspid="3432" ordinal="0" offset="36" sl="1" sc="13" el="1" ec="77" />
              </SequencePoints>
              <BranchPoints>
                <BranchPoint vc="0" uspid="3434" ordinal="0" offset="12" path="0" />
                <BranchPoint vc="0" uspid="3435" ordinal="1" offset="12" path="1" />
              </BranchPoints>
              <MethodPoint vc="0" uspid="3433" ordinal="0" offset="0" />
            </Method>
            <Method visited="false" cyclomaticComplexity="17" sequenceCoverage="0" branchCoverage="0" isConstructor="false" isStatic="false" isGetter="false" isSetter="false">
              <Summary numSequencePoints="13" visitedSequencePoints="0" numBranchPoints="17" visitedBranchPoints="0" sequenceCoverage="0" branchCoverage="0" maxCyclomaticComplexity="17" minCyclomaticComplexity="17" />
              <MetadataToken>100663714</MetadataToken>
              <Name>System.Void CombinifyWpf.ErrorMockup::System.Windows.Markup.IComponentConnector.Connect(System.Int32,System.Object)</Name>
              <SequencePoints>
                <SequencePoint vc="0" uspid="3436" ordinal="0" offset="88" sl="17" sc="13" el="17" ec="97" />
                <SequencePoint vc="0" uspid="3437" ordinal="1" offset="248" sl="83" sc="13" el="83" ec="106" />
                <SequencePoint vc="0" uspid="3438" ordinal="2" offset="272" sl="84" sc="13" el="84" ec="106" />
                <SequencePoint vc="0" uspid="3439" ordinal="3" offset="296" sl="89" sc="13" el="89" ec="130" />
                <SequencePoint vc="0" uspid="3440" ordinal="4" offset="371" sl="110" sc="13" el="110" ec="130" />
                <SequencePoint vc="0" uspid="3441" ordinal="5" offset="395" sl="115" sc="13" el="115" ec="105" />
                <SequencePoint vc="0" uspid="3442" ordinal="6" offset="419" sl="116" sc="13" el="116" ec="105" />
                <SequencePoint vc="0" uspid="3443" ordinal="7" offset="460" sl="131" sc="13" el="131" ec="105" />
                <SequencePoint vc="0" uspid="3444" ordinal="8" offset="484" sl="132" sc="13" el="132" ec="105" />
                <SequencePoint vc="0" uspid="3445" ordinal="9" offset="525" sl="142" sc="13" el="142" ec="130" />
                <SequencePoint vc="0" uspid="3446" ordinal="10" offset="549" sl="148" sc="13" el="148" ec="105" />
                <SequencePoint vc="0" uspid="3447" ordinal="11" offset="573" sl="149" sc="13" el="149" ec="105" />
                <SequencePoint vc="0" uspid="3448" ordinal="12" offset="611" sl="159" sc="13" el="159" ec="130" />
              </SequencePoints>
              <BranchPoints>
                <BranchPoint vc="0" uspid="3450" ordinal="0" offset="6" path="0" />
                <BranchPoint vc="0" uspid="3451" ordinal="1" offset="6" path="1" />
                <BranchPoint vc="0" uspid="3452" ordinal="2" offset="6" path="2" />
                <BranchPoint vc="0" uspid="3453" ordinal="3" offset="6" path="3" />
                <BranchPoint vc="0" uspid="3454" ordinal="4" offset="6" path="4" />
                <BranchPoint vc="0" uspid="3455" ordinal="5" offset="6" path="5" />
                <BranchPoint vc="0" uspid="3456" ordinal="6" offset="6" path="6" />
                <BranchPoint vc="0" uspid="3457" ordinal="7" offset="6" path="7" />
                <BranchPoint vc="0" uspid="3458" ordinal="8" offset="6" path="8" />
                <BranchPoint vc="0" uspid="3459" ordinal="9" offset="6" path="9" />
                <BranchPoint vc="0" uspid="3460" ordinal="10" offset="6" path="10" />
                <BranchPoint vc="0" uspid="3461" ordinal="11" offset="6" path="11" />
                <BranchPoint vc="0" uspid="3462" ordinal="12" offset="6" path="12" />
                <BranchPoint vc="0" uspid="3463" ordinal="13" offset="6" path="13" />
                <BranchPoint vc="0" uspid="3464" ordinal="14" offset="6" path="14" />
                <BranchPoint vc="0" uspid="3465" ordinal="15" offset="6" path="15" />
              </BranchPoints>
              <MethodPoint vc="0" uspid="3449" ordinal="0" offset="0" />
            </Method>
          </Methods>
        </Class>
        <Class>
          <Summary numSequencePoints="10" visitedSequencePoints="0" numBranchPoints="3" visitedBranchPoints="0" sequenceCoverage="0" branchCoverage="0" maxCyclomaticComplexity="1" minCyclomaticComplexity="1" />
          <FullName>CombinifyWpf.ViewModels.ExtendedPropertyChangedEventArgs</FullName>
          <Methods>
            <Method visited="false" cyclomaticComplexity="1" sequenceCoverage="0" branchCoverage="0" isConstructor="false" isStatic="false" isGetter="true" isSetter="false">
              <Summary numSequencePoints="3" visitedSequencePoints="0" numBranchPoints="1" visitedBranchPoints="0" sequenceCoverage="0" branchCoverage="0" maxCyclomaticComplexity="1" minCyclomaticComplexity="1" />
              <MetadataToken>100663716</MetadataToken>
              <Name>System.String CombinifyWpf.ViewModels.ExtendedPropertyChangedEventArgs::get_PropertyName()</Name>
              <FileRef uid="47" />
              <SequencePoints>
                <SequencePoint vc="0" uspid="3466" ordinal="0" offset="0" sl="27" sc="51" el="27" ec="52" />
                <SequencePoint vc="0" uspid="3467" ordinal="1" offset="1" sl="27" sc="53" el="27" ec="82" />
                <SequencePoint vc="0" uspid="3468" ordinal="2" offset="10" sl="27" sc="83" el="27" ec="84" />
              </SequencePoints>
              <BranchPoints />
              <MethodPoint xsi:type="SequencePoint" vc="0" uspid="3466" ordinal="0" offset="0" sl="27" sc="51" el="27" ec="52" />
            </Method>
            <Method visited="false" cyclomaticComplexity="1" sequenceCoverage="0" branchCoverage="0" isConstructor="false" isStatic="false" isGetter="false" isSetter="true">
              <Summary numSequencePoints="3" visitedSequencePoints="0" numBranchPoints="1" visitedBranchPoints="0" sequenceCoverage="0" branchCoverage="0" maxCyclomaticComplexity="1" minCyclomaticComplexity="1" />
              <MetadataToken>100663717</MetadataToken>
              <Name>System.Void CombinifyWpf.ViewModels.ExtendedPropertyChangedEventArgs::set_InternalProperyName(System.String)</Name>
              <FileRef uid="47" />
              <SequencePoints>
                <SequencePoint vc="0" uspid="3469" ordinal="0" offset="0" sl="29" sc="49" el="29" ec="50" />
                <SequencePoint vc="0" uspid="3470" ordinal="1" offset="1" sl="29" sc="51" el="29" ec="81" />
                <SequencePoint vc="0" uspid="3471" ordinal="2" offset="8" sl="29" sc="82" el="29" ec="83" />
              </SequencePoints>
              <BranchPoints />
              <MethodPoint xsi:type="SequencePoint" vc="0" uspid="3469" ordinal="0" offset="0" sl="29" sc="49" el="29" ec="50" />
            </Method>
            <Method visited="false" cyclomaticComplexity="1" sequenceCoverage="0" branchCoverage="0" isConstructor="true" isStatic="false" isGetter="false" isSetter="false">
              <Summary numSequencePoints="4" visitedSequencePoints="0" numBranchPoints="1" visitedBranchPoints="0" sequenceCoverage="0" branchCoverage="0" maxCyclomaticComplexity="1" minCyclomaticComplexity="1" />
              <MetadataToken>100663715</MetadataToken>
              <Name>System.Void CombinifyWpf.ViewModels.ExtendedPropertyChangedEventArgs::.ctor(System.String)</Name>
              <FileRef uid="47" />
              <SequencePoints>
                <SequencePoint vc="0" uspid="3472" ordinal="0" offset="0" sl="20" sc="9" el="21" ec="33" />
                <SequencePoint vc="0" uspid="3473" ordinal="1" offset="8" sl="21" sc="34" el="21" ec="35" />
                <SequencePoint vc="0" uspid="3474" ordinal="2" offset="9" sl="22" sc="13" el="22" ec="50" />
                <SequencePoint vc="0" uspid="3475" ordinal="3" offset="16" sl="24" sc="9" el="24" ec="10" />
              </SequencePoints>
              <BranchPoints />
              <MethodPoint xsi:type="SequencePoint" vc="0" uspid="3472" ordinal="0" offset="0" sl="20" sc="9" el="21" ec="33" />
            </Method>
          </Methods>
        </Class>
        <Class>
          <Summary numSequencePoints="38" visitedSequencePoints="0" numBranchPoints="31" visitedBranchPoints="0" sequenceCoverage="0" branchCoverage="0" maxCyclomaticComplexity="16" minCyclomaticComplexity="1" />
          <FullName>CombinifyWpf.OptionsWindow</FullName>
          <Methods>
            <Method visited="false" cyclomaticComplexity="1" sequenceCoverage="0" branchCoverage="0" isConstructor="true" isStatic="false" isGetter="false" isSetter="false">
              <Summary numSequencePoints="5" visitedSequencePoints="0" numBranchPoints="1" visitedBranchPoints="0" sequenceCoverage="0" branchCoverage="0" maxCyclomaticComplexity="1" minCyclomaticComplexity="1" />
              <MetadataToken>100663718</MetadataToken>
              <Name>System.Void CombinifyWpf.OptionsWindow::.ctor()</Name>
              <FileRef uid="48" />
              <SequencePoints>
                <SequencePoint vc="0" uspid="3476" ordinal="0" offset="0" sl="47" sc="9" el="47" ec="31" />
                <SequencePoint vc="0" uspid="3477" ordinal="1" offset="7" sl="47" sc="32" el="47" ec="33" />
                <SequencePoint vc="0" uspid="3478" ordinal="2" offset="8" sl="48" sc="13" el="48" ec="35" />
                <SequencePoint vc="0" uspid="3479" ordinal="3" offset="15" sl="49" sc="13" el="49" ec="76" />
                <SequencePoint vc="0" uspid="3480" ordinal="4" offset="33" sl="50" sc="9" el="50" ec="10" />
              </SequencePoints>
              <BranchPoints />
              <MethodPoint xsi:type="SequencePoint" vc="0" uspid="3476" ordinal="0" offset="0" sl="47" sc="9" el="47" ec="31" />
            </Method>
            <Method visited="false" cyclomaticComplexity="1" sequenceCoverage="0" branchCoverage="0" isConstructor="false" isStatic="false" isGetter="false" isSetter="false">
              <Summary numSequencePoints="3" visitedSequencePoints="0" numBranchPoints="1" visitedBranchPoints="0" sequenceCoverage="0" branchCoverage="0" maxCyclomaticComplexity="1" minCyclomaticComplexity="1" />
              <MetadataToken>100663719</MetadataToken>
              <Name>System.Void CombinifyWpf.OptionsWindow::lblImports_MouseLeftButtonDown(System.Object,System.Windows.Input.MouseButtonEventArgs)</Name>
              <FileRef uid="48" />
              <SequencePoints>
                <SequencePoint vc="0" uspid="3481" ordinal="0" offset="0" sl="52" sc="94" el="52" ec="95" />
                <SequencePoint vc="0" uspid="3482" ordinal="1" offset="1" sl="53" sc="13" el="53" ec="52" />
                <SequencePoint vc="0" uspid="3483" ordinal="2" offset="27" sl="54" sc="9" el="54" ec="10" />
              </SequencePoints>
              <BranchPoints />
              <MethodPoint xsi:type="SequencePoint" vc="0" uspid="3481" ordinal="0" offset="0" sl="52" sc="94" el="52" ec="95" />
            </Method>
            <Method visited="false" cyclomaticComplexity="1" sequenceCoverage="0" branchCoverage="0" isConstructor="false" isStatic="false" isGetter="false" isSetter="false">
              <Summary numSequencePoints="3" visitedSequencePoints="0" numBranchPoints="1" visitedBranchPoints="0" sequenceCoverage="0" branchCoverage="0" maxCyclomaticComplexity="1" minCyclomaticComplexity="1" />
              <MetadataToken>100663720</MetadataToken>
              <Name>System.Void CombinifyWpf.OptionsWindow::lblCombine_MouseLeftButtonDown(System.Object,System.Windows.Input.MouseButtonEventArgs)</Name>
              <FileRef uid="48" />
              <SequencePoints>
                <SequencePoint vc="0" uspid="3484" ordinal="0" offset="0" sl="56" sc="94" el="56" ec="95" />
                <SequencePoint vc="0" uspid="3485" ordinal="1" offset="1" sl="57" sc="13" el="57" ec="52" />
                <SequencePoint vc="0" uspid="3486" ordinal="2" offset="27" sl="58" sc="9" el="58" ec="10" />
              </SequencePoints>
              <BranchPoints />
              <MethodPoint xsi:type="SequencePoint" vc="0" uspid="3484" ordinal="0" offset="0" sl="56" sc="94" el="56" ec="95" />
            </Method>
            <Method visited="false" cyclomaticComplexity="1" sequenceCoverage="0" branchCoverage="0" isConstructor="false" isStatic="false" isGetter="false" isSetter="false">
              <Summary numSequencePoints="3" visitedSequencePoints="0" numBranchPoints="1" visitedBranchPoints="0" sequenceCoverage="0" branchCoverage="0" maxCyclomaticComplexity="1" minCyclomaticComplexity="1" />
              <MetadataToken>100663721</MetadataToken>
              <Name>System.Void CombinifyWpf.OptionsWindow::lblComb_MouseLeftButtonDown(System.Object,System.Windows.Input.MouseButtonEventArgs)</Name>
              <FileRef uid="48" />
              <SequencePoints>
                <SequencePoint vc="0" uspid="3487" ordinal="0" offset="0" sl="60" sc="91" el="60" ec="92" />
                <SequencePoint vc="0" uspid="3488" ordinal="1" offset="1" sl="61" sc="13" el="61" ec="46" />
                <SequencePoint vc="0" uspid="3489" ordinal="2" offset="27" sl="62" sc="9" el="62" ec="10" />
              </SequencePoints>
              <BranchPoints />
              <MethodPoint xsi:type="SequencePoint" vc="0" uspid="3487" ordinal="0" offset="0" sl="60" sc="91" el="60" ec="92" />
            </Method>
            <Method visited="false" cyclomaticComplexity="1" sequenceCoverage="0" branchCoverage="0" isConstructor="false" isStatic="false" isGetter="false" isSetter="false">
              <Summary numSequencePoints="3" visitedSequencePoints="0" numBranchPoints="1" visitedBranchPoints="0" sequenceCoverage="0" branchCoverage="0" maxCyclomaticComplexity="1" minCyclomaticComplexity="1" />
              <MetadataToken>100663722</MetadataToken>
              <Name>System.Void CombinifyWpf.OptionsWindow::lblMinify_MouseLeftButtonDown(System.Object,System.Windows.Input.MouseButtonEventArgs)</Name>
              <FileRef uid="48" />
              <SequencePoints>
                <SequencePoint vc="0" uspid="3490" ordinal="0" offset="0" sl="64" sc="93" el="64" ec="94" />
                <SequencePoint vc="0" uspid="3491" ordinal="1" offset="1" sl="65" sc="13" el="65" ec="50" />
                <SequencePoint vc="0" uspid="3492" ordinal="2" offset="27" sl="66" sc="9" el="66" ec="10" />
              </SequencePoints>
              <BranchPoints />
              <MethodPoint xsi:type="SequencePoint" vc="0" uspid="3490" ordinal="0" offset="0" sl="64" sc="93" el="64" ec="94" />
            </Method>
            <Method visited="false" cyclomaticComplexity="1" sequenceCoverage="0" branchCoverage="0" isConstructor="false" isStatic="false" isGetter="false" isSetter="false">
              <Summary numSequencePoints="3" visitedSequencePoints="0" numBranchPoints="1" visitedBranchPoints="0" sequenceCoverage="0" branchCoverage="0" maxCyclomaticComplexity="1" minCyclomaticComplexity="1" />
              <MetadataToken>100663723</MetadataToken>
              <Name>System.Void CombinifyWpf.OptionsWindow::CloseButton_Click(System.Object,System.Windows.RoutedEventArgs)</Name>
              <FileRef uid="48" />
              <SequencePoints>
                <SequencePoint vc="0" uspid="3493" ordinal="0" offset="0" sl="68" sc="76" el="68" ec="77" />
                <SequencePoint vc="0" uspid="3494" ordinal="1" offset="1" sl="69" sc="13" el="69" ec="26" />
                <SequencePoint vc="0" uspid="3495" ordinal="2" offset="8" sl="70" sc="9" el="70" ec="10" />
              </SequencePoints>
              <BranchPoints />
              <MethodPoint xsi:type="SequencePoint" vc="0" uspid="3493" ordinal="0" offset="0" sl="68" sc="76" el="68" ec="77" />
            </Method>
            <Method visited="false" cyclomaticComplexity="3" sequenceCoverage="0" branchCoverage="0" isConstructor="false" isStatic="false" isGetter="false" isSetter="false">
              <Summary numSequencePoints="7" visitedSequencePoints="0" numBranchPoints="5" visitedBranchPoints="0" sequenceCoverage="0" branchCoverage="0" maxCyclomaticComplexity="3" minCyclomaticComplexity="3" />
              <MetadataToken>100663724</MetadataToken>
              <Name>System.Void CombinifyWpf.OptionsWindow::lblHeader_MouseMove(System.Object,System.Windows.Input.MouseEventArgs)</Name>
              <FileRef uid="48" />
              <SequencePoints>
                <SequencePoint vc="0" uspid="3496" ordinal="0" offset="0" sl="72" sc="77" el="72" ec="78" />
                <SequencePoint vc="0" uspid="3497" ordinal="1" offset="1" sl="73" sc="13" el="73" ec="46" />
                <SequencePoint vc="0" uspid="3498" ordinal="2" offset="8" sl="74" sc="13" el="74" ec="75" />
                <SequencePoint vc="0" uspid="3499" ordinal="3" offset="30" sl="74" sc="76" el="74" ec="77" />
                <SequencePoint vc="0" uspid="3500" ordinal="4" offset="31" sl="75" sc="17" el="75" ec="33" />
                <SequencePoint vc="0" uspid="3501" ordinal="5" offset="38" sl="76" sc="13" el="76" ec="14" />
                <SequencePoint vc="0" uspid="3502" ordinal="6" offset="39" sl="77" sc="9" el="77" ec="10" />
              </SequencePoints>
              <BranchPoints>
                <BranchPoint vc="0" uspid="3503" ordinal="0" offset="9" path="0" />
                <BranchPoint vc="0" uspid="3504" ordinal="1" offset="9" path="1" />
                <BranchPoint vc="0" uspid="3505" ordinal="2" offset="28" path="0" />
                <BranchPoint vc="0" uspid="3506" ordinal="3" offset="28" path="1" />
              </BranchPoints>
              <MethodPoint xsi:type="SequencePoint" vc="0" uspid="3496" ordinal="0" offset="0" sl="72" sc="77" el="72" ec="78" />
            </Method>
            <Method visited="false" cyclomaticComplexity="1" sequenceCoverage="0" branchCoverage="0" isConstructor="false" isStatic="false" isGetter="false" isSetter="false">
              <Summary numSequencePoints="3" visitedSequencePoints="0" numBranchPoints="1" visitedBranchPoints="0" sequenceCoverage="0" branchCoverage="0" maxCyclomaticComplexity="1" minCyclomaticComplexity="1" />
              <MetadataToken>100663725</MetadataToken>
              <Name>System.Void CombinifyWpf.OptionsWindow::Window_Closing(System.Object,System.ComponentModel.CancelEventArgs)</Name>
              <FileRef uid="48" />
              <SequencePoints>
                <SequencePoint vc="0" uspid="3507" ordinal="0" offset="0" sl="79" sc="95" el="79" ec="96" />
                <SequencePoint vc="0" uspid="3508" ordinal="1" offset="1" sl="82" sc="13" el="82" ec="79" />
                <SequencePoint vc="0" uspid="3509" ordinal="2" offset="23" sl="83" sc="9" el="83" ec="10" />
              </SequencePoints>
              <BranchPoints />
              <MethodPoint xsi:type="SequencePoint" vc="0" uspid="3507" ordinal="0" offset="0" sl="79" sc="95" el="79" ec="96" />
            </Method>
            <Method visited="false" cyclomaticComplexity="2" sequenceCoverage="0" branchCoverage="0" isConstructor="false" isStatic="false" isGetter="false" isSetter="false">
              <Summary numSequencePoints="1" visitedSequencePoints="0" numBranchPoints="3" visitedBranchPoints="0" sequenceCoverage="0" branchCoverage="0" maxCyclomaticComplexity="2" minCyclomaticComplexity="2" />
              <MetadataToken>100663726</MetadataToken>
              <Name>System.Void CombinifyWpf.OptionsWindow::InitializeComponent()</Name>
              <SequencePoints>
                <SequencePoint vc="0" uspid="3510" ordinal="0" offset="36" sl="1" sc="13" el="1" ec="77" />
              </SequencePoints>
              <BranchPoints>
                <BranchPoint vc="0" uspid="3512" ordinal="0" offset="12" path="0" />
                <BranchPoint vc="0" uspid="3513" ordinal="1" offset="12" path="1" />
              </BranchPoints>
              <MethodPoint vc="0" uspid="3511" ordinal="0" offset="0" />
            </Method>
            <Method visited="false" cyclomaticComplexity="16" sequenceCoverage="0" branchCoverage="0" isConstructor="false" isStatic="false" isGetter="false" isSetter="false">
              <Summary numSequencePoints="7" visitedSequencePoints="0" numBranchPoints="16" visitedBranchPoints="0" sequenceCoverage="0" branchCoverage="0" maxCyclomaticComplexity="16" minCyclomaticComplexity="16" />
              <MetadataToken>100663727</MetadataToken>
              <Name>System.Void CombinifyWpf.OptionsWindow::System.Windows.Markup.IComponentConnector.Connect(System.Int32,System.Object)</Name>
              <SequencePoints>
                <SequencePoint vc="0" uspid="3514" ordinal="0" offset="72" sl="13" sc="13" el="13" ec="129" />
                <SequencePoint vc="0" uspid="3515" ordinal="1" offset="164" sl="58" sc="13" el="58" ec="110" />
                <SequencePoint vc="0" uspid="3516" ordinal="2" offset="205" sl="72" sc="13" el="72" ec="138" />
                <SequencePoint vc="0" uspid="3517" ordinal="3" offset="263" sl="95" sc="13" el="95" ec="138" />
                <SequencePoint vc="0" uspid="3518" ordinal="4" offset="321" sl="121" sc="13" el="121" ec="132" />
                <SequencePoint vc="0" uspid="3519" ordinal="5" offset="373" sl="147" sc="13" el="147" ec="136" />
                <SequencePoint vc="0" uspid="3520" ordinal="6" offset="425" sl="163" sc="13" el="163" ec="101" />
              </SequencePoints>
              <BranchPoints>
                <BranchPoint vc="0" uspid="3522" ordinal="0" offset="6" path="0" />
                <BranchPoint vc="0" uspid="3523" ordinal="1" offset="6" path="1" />
                <BranchPoint vc="0" uspid="3524" ordinal="2" offset="6" path="2" />
                <BranchPoint vc="0" uspid="3525" ordinal="3" offset="6" path="3" />
                <BranchPoint vc="0" uspid="3526" ordinal="4" offset="6" path="4" />
                <BranchPoint vc="0" uspid="3527" ordinal="5" offset="6" path="5" />
                <BranchPoint vc="0" uspid="3528" ordinal="6" offset="6" path="6" />
                <BranchPoint vc="0" uspid="3529" ordinal="7" offset="6" path="7" />
                <BranchPoint vc="0" uspid="3530" ordinal="8" offset="6" path="8" />
                <BranchPoint vc="0" uspid="3531" ordinal="9" offset="6" path="9" />
                <BranchPoint vc="0" uspid="3532" ordinal="10" offset="6" path="10" />
                <BranchPoint vc="0" uspid="3533" ordinal="11" offset="6" path="11" />
                <BranchPoint vc="0" uspid="3534" ordinal="12" offset="6" path="12" />
                <BranchPoint vc="0" uspid="3535" ordinal="13" offset="6" path="13" />
                <BranchPoint vc="0" uspid="3536" ordinal="14" offset="6" path="14" />
              </BranchPoints>
              <MethodPoint vc="0" uspid="3521" ordinal="0" offset="0" />
            </Method>
          </Methods>
        </Class>
        <Class>
          <Summary numSequencePoints="22" visitedSequencePoints="0" numBranchPoints="11" visitedBranchPoints="0" sequenceCoverage="0" branchCoverage="0" maxCyclomaticComplexity="2" minCyclomaticComplexity="1" />
          <FullName>CombinifyWpf.Converters.PercentConverter</FullName>
          <Methods>
            <Method visited="false" cyclomaticComplexity="1" sequenceCoverage="0" branchCoverage="0" isConstructor="true" isStatic="false" isGetter="false" isSetter="false">
              <Summary numSequencePoints="3" visitedSequencePoints="0" numBranchPoints="1" visitedBranchPoints="0" sequenceCoverage="0" branchCoverage="0" maxCyclomaticComplexity="1" minCyclomaticComplexity="1" />
              <MetadataToken>100663728</MetadataToken>
              <Name>System.Void CombinifyWpf.Converters.PercentConverter::.ctor()</Name>
              <FileRef uid="50" />
              <SequencePoints>
                <SequencePoint vc="0" uspid="3537" ordinal="0" offset="0" sl="50" sc="9" el="50" ec="34" />
                <SequencePoint vc="0" uspid="3538" ordinal="1" offset="7" sl="50" sc="35" el="50" ec="36" />
                <SequencePoint vc="0" uspid="3539" ordinal="2" offset="8" sl="50" sc="37" el="50" ec="38" />
              </SequencePoints>
              <BranchPoints />
              <MethodPoint xsi:type="SequencePoint" vc="0" uspid="3537" ordinal="0" offset="0" sl="50" sc="9" el="50" ec="34" />
            </Method>
            <Method visited="false" cyclomaticComplexity="2" sequenceCoverage="0" branchCoverage="0" isConstructor="false" isStatic="false" isGetter="false" isSetter="false">
              <Summary numSequencePoints="3" visitedSequencePoints="0" numBranchPoints="3" visitedBranchPoints="0" sequenceCoverage="0" branchCoverage="0" maxCyclomaticComplexity="2" minCyclomaticComplexity="2" />
              <MetadataToken>100663729</MetadataToken>
              <Name>System.Object CombinifyWpf.Converters.PercentConverter::ProvideValue(System.IServiceProvider)</Name>
              <FileRef uid="50" />
              <SequencePoints>
                <SequencePoint vc="0" uspid="3540" ordinal="0" offset="0" sl="57" sc="81" el="57" ec="82" />
                <SequencePoint vc="0" uspid="3541" ordinal="1" offset="1" sl="58" sc="13" el="58" ec="74" />
                <SequencePoint vc="0" uspid="3542" ordinal="2" offset="24" sl="59" sc="9" el="59" ec="10" />
              </SequencePoints>
              <BranchPoints>
                <BranchPoint vc="0" uspid="3543" ordinal="0" offset="7" path="0" />
                <BranchPoint vc="0" uspid="3544" ordinal="1" offset="7" path="1" />
              </BranchPoints>
              <MethodPoint xsi:type="SequencePoint" vc="0" uspid="3540" ordinal="0" offset="0" sl="57" sc="81" el="57" ec="82" />
            </Method>
            <Method visited="false" cyclomaticComplexity="2" sequenceCoverage="0" branchCoverage="0" isConstructor="false" isStatic="false" isGetter="false" isSetter="false">
              <Summary numSequencePoints="8" visitedSequencePoints="0" numBranchPoints="3" visitedBranchPoints="0" sequenceCoverage="0" branchCoverage="0" maxCyclomaticComplexity="2" minCyclomaticComplexity="2" />
              <MetadataToken>100663730</MetadataToken>
              <Name>System.Object CombinifyWpf.Converters.PercentConverter::Convert(System.Object,System.Type,System.Object,System.Globalization.CultureInfo)</Name>
              <FileRef uid="50" />
              <SequencePoints>
                <SequencePoint vc="0" uspid="3545" ordinal="0" offset="0" sl="69" sc="112" el="69" ec="113" />
                <SequencePoint vc="0" uspid="3546" ordinal="1" offset="1" sl="70" sc="13" el="70" ec="32" />
                <SequencePoint vc="0" uspid="3547" ordinal="2" offset="12" sl="70" sc="33" el="70" ec="34" />
                <SequencePoint vc="0" uspid="3548" ordinal="3" offset="13" sl="70" sc="35" el="70" ec="47" />
                <SequencePoint vc="0" uspid="3549" ordinal="4" offset="21" sl="72" sc="13" el="72" ec="42" />
                <SequencePoint vc="0" uspid="3550" ordinal="5" offset="28" sl="73" sc="13" el="73" ec="44" />
                <SequencePoint vc="0" uspid="3551" ordinal="6" offset="41" sl="76" sc="13" el="76" ec="51" />
                <SequencePoint vc="0" uspid="3552" ordinal="7" offset="60" sl="77" sc="9" el="77" ec="10" />
              </SequencePoints>
              <BranchPoints>
                <BranchPoint vc="0" uspid="3553" ordinal="0" offset="10" path="0" />
                <BranchPoint vc="0" uspid="3554" ordinal="1" offset="10" path="1" />
              </BranchPoints>
              <MethodPoint xsi:type="SequencePoint" vc="0" uspid="3545" ordinal="0" offset="0" sl="69" sc="112" el="69" ec="113" />
            </Method>
            <Method visited="false" cyclomaticComplexity="2" sequenceCoverage="0" branchCoverage="0" isConstructor="false" isStatic="false" isGetter="false" isSetter="false">
              <Summary numSequencePoints="7" visitedSequencePoints="0" numBranchPoints="3" visitedBranchPoints="0" sequenceCoverage="0" branchCoverage="0" maxCyclomaticComplexity="2" minCyclomaticComplexity="2" />
              <MetadataToken>100663731</MetadataToken>
              <Name>System.Object CombinifyWpf.Converters.PercentConverter::ConvertBack(System.Object,System.Type,System.Object,System.Globalization.CultureInfo)</Name>
              <FileRef uid="50" />
              <SequencePoints>
                <SequencePoint vc="0" uspid="3555" ordinal="0" offset="0" sl="87" sc="116" el="87" ec="117" />
                <SequencePoint vc="0" uspid="3556" ordinal="1" offset="1" sl="88" sc="13" el="88" ec="32" />
                <SequencePoint vc="0" uspid="3557" ordinal="2" offset="12" sl="88" sc="33" el="88" ec="34" />
                <SequencePoint vc="0" uspid="3558" ordinal="3" offset="13" sl="88" sc="35" el="88" ec="45" />
                <SequencePoint vc="0" uspid="3559" ordinal="4" offset="30" sl="90" sc="13" el="90" ec="42" />
                <SequencePoint vc="0" uspid="3560" ordinal="5" offset="37" sl="91" sc="13" el="91" ec="70" />
                <SequencePoint vc="0" uspid="3561" ordinal="6" offset="76" sl="92" sc="9" el="92" ec="10" />
              </SequencePoints>
              <BranchPoints>
                <BranchPoint vc="0" uspid="3562" ordinal="0" offset="10" path="0" />
                <BranchPoint vc="0" uspid="3563" ordinal="1" offset="10" path="1" />
              </BranchPoints>
              <MethodPoint xsi:type="SequencePoint" vc="0" uspid="3555" ordinal="0" offset="0" sl="87" sc="116" el="87" ec="117" />
            </Method>
            <Method visited="false" cyclomaticComplexity="1" sequenceCoverage="0" branchCoverage="0" isConstructor="true" isStatic="true" isGetter="false" isSetter="false">
              <Summary numSequencePoints="1" visitedSequencePoints="0" numBranchPoints="1" visitedBranchPoints="0" sequenceCoverage="0" branchCoverage="0" maxCyclomaticComplexity="1" minCyclomaticComplexity="1" />
              <MetadataToken>100663732</MetadataToken>
              <Name>System.Void CombinifyWpf.Converters.PercentConverter::.cctor()</Name>
              <FileRef uid="50" />
              <SequencePoints>
                <SequencePoint vc="0" uspid="3564" ordinal="0" offset="0" sl="45" sc="9" el="45" ec="59" />
              </SequencePoints>
              <BranchPoints />
              <MethodPoint xsi:type="SequencePoint" vc="0" uspid="3564" ordinal="0" offset="0" sl="45" sc="9" el="45" ec="59" />
            </Method>
          </Methods>
        </Class>
        <Class>
          <Summary numSequencePoints="49" visitedSequencePoints="0" numBranchPoints="23" visitedBranchPoints="0" sequenceCoverage="0" branchCoverage="0" maxCyclomaticComplexity="7" minCyclomaticComplexity="1" />
          <FullName>CombinifyWpf.SectionHeader</FullName>
          <Methods>
            <Method visited="false" cyclomaticComplexity="1" sequenceCoverage="0" branchCoverage="0" isConstructor="false" isStatic="false" isGetter="true" isSetter="false">
              <Summary numSequencePoints="3" visitedSequencePoints="0" numBranchPoints="1" visitedBranchPoints="0" sequenceCoverage="0" branchCoverage="0" maxCyclomaticComplexity="1" minCyclomaticComplexity="1" />
              <MetadataToken>100663736</MetadataToken>
              <Name>System.String CombinifyWpf.SectionHeader::get_HeaderText()</Name>
              <FileRef uid="51" />
              <SequencePoints>
                <SequencePoint vc="0" uspid="3565" ordinal="0" offset="0" sl="74" sc="17" el="74" ec="18" />
                <SequencePoint vc="0" uspid="3566" ordinal="1" offset="1" sl="74" sc="19" el="74" ec="67" />
                <SequencePoint vc="0" uspid="3567" ordinal="2" offset="20" sl="74" sc="68" el="74" ec="69" />
              </SequencePoints>
              <BranchPoints />
              <MethodPoint xsi:type="SequencePoint" vc="0" uspid="3565" ordinal="0" offset="0" sl="74" sc="17" el="74" ec="18" />
            </Method>
            <Method visited="false" cyclomaticComplexity="1" sequenceCoverage="0" branchCoverage="0" isConstructor="false" isStatic="false" isGetter="false" isSetter="true">
              <Summary numSequencePoints="3" visitedSequencePoints="0" numBranchPoints="1" visitedBranchPoints="0" sequenceCoverage="0" branchCoverage="0" maxCyclomaticComplexity="1" minCyclomaticComplexity="1" />
              <MetadataToken>100663737</MetadataToken>
              <Name>System.Void CombinifyWpf.SectionHeader::set_HeaderText(System.String)</Name>
              <FileRef uid="51" />
              <SequencePoints>
                <SequencePoint vc="0" uspid="3568" ordinal="0" offset="0" sl="75" sc="17" el="75" ec="18" />
                <SequencePoint vc="0" uspid="3569" ordinal="1" offset="1" sl="75" sc="19" el="75" ec="57" />
                <SequencePoint vc="0" uspid="3570" ordinal="2" offset="14" sl="75" sc="58" el="75" ec="59" />
              </SequencePoints>
              <BranchPoints />
              <MethodPoint xsi:type="SequencePoint" vc="0" uspid="3568" ordinal="0" offset="0" sl="75" sc="17" el="75" ec="18" />
            </Method>
            <Method visited="false" cyclomaticComplexity="1" sequenceCoverage="0" branchCoverage="0" isConstructor="false" isStatic="false" isGetter="true" isSetter="false">
              <Summary numSequencePoints="3" visitedSequencePoints="0" numBranchPoints="1" visitedBranchPoints="0" sequenceCoverage="0" branchCoverage="0" maxCyclomaticComplexity="1" minCyclomaticComplexity="1" />
              <MetadataToken>100663738</MetadataToken>
              <Name>System.String CombinifyWpf.SectionHeader::get_ButtonText()</Name>
              <FileRef uid="51" />
              <SequencePoints>
                <SequencePoint vc="0" uspid="3571" ordinal="0" offset="0" sl="92" sc="17" el="92" ec="18" />
                <SequencePoint vc="0" uspid="3572" ordinal="1" offset="1" sl="92" sc="19" el="92" ec="67" />
                <SequencePoint vc="0" uspid="3573" ordinal="2" offset="20" sl="92" sc="68" el="92" ec="69" />
              </SequencePoints>
              <BranchPoints />
              <MethodPoint xsi:type="SequencePoint" vc="0" uspid="3571" ordinal="0" offset="0" sl="92" sc="17" el="92" ec="18" />
            </Method>
            <Method visited="false" cyclomaticComplexity="1" sequenceCoverage="0" branchCoverage="0" isConstructor="false" isStatic="false" isGetter="false" isSetter="true">
              <Summary numSequencePoints="3" visitedSequencePoints="0" numBranchPoints="1" visitedBranchPoints="0" sequenceCoverage="0" branchCoverage="0" maxCyclomaticComplexity="1" minCyclomaticComplexity="1" />
              <MetadataToken>100663739</MetadataToken>
              <Name>System.Void CombinifyWpf.SectionHeader::set_ButtonText(System.String)</Name>
              <FileRef uid="51" />
              <SequencePoints>
                <SequencePoint vc="0" uspid="3574" ordinal="0" offset="0" sl="93" sc="17" el="93" ec="18" />
                <SequencePoint vc="0" uspid="3575" ordinal="1" offset="1" sl="93" sc="19" el="93" ec="57" />
                <SequencePoint vc="0" uspid="3576" ordinal="2" offset="14" sl="93" sc="58" el="93" ec="59" />
              </SequencePoints>
              <BranchPoints />
              <MethodPoint xsi:type="SequencePoint" vc="0" uspid="3574" ordinal="0" offset="0" sl="93" sc="17" el="93" ec="18" />
            </Method>
            <Method visited="false" cyclomaticComplexity="1" sequenceCoverage="0" branchCoverage="0" isConstructor="true" isStatic="false" isGetter="false" isSetter="false">
              <Summary numSequencePoints="5" visitedSequencePoints="0" numBranchPoints="1" visitedBranchPoints="0" sequenceCoverage="0" branchCoverage="0" maxCyclomaticComplexity="1" minCyclomaticComplexity="1" />
              <MetadataToken>100663733</MetadataToken>
              <Name>System.Void CombinifyWpf.SectionHeader::.ctor()</Name>
              <FileRef uid="51" />
              <SequencePoints>
                <SequencePoint vc="0" uspid="3577" ordinal="0" offset="0" sl="48" sc="9" el="48" ec="31" />
                <SequencePoint vc="0" uspid="3578" ordinal="1" offset="7" sl="48" sc="32" el="48" ec="33" />
                <SequencePoint vc="0" uspid="3579" ordinal="2" offset="8" sl="49" sc="13" el="49" ec="35" />
                <SequencePoint vc="0" uspid="3580" ordinal="3" offset="15" sl="50" sc="13" el="50" ec="37" />
                <SequencePoint vc="0" uspid="3581" ordinal="4" offset="23" sl="51" sc="9" el="51" ec="10" />
              </SequencePoints>
              <BranchPoints />
              <MethodPoint xsi:type="SequencePoint" vc="0" uspid="3577" ordinal="0" offset="0" sl="48" sc="9" el="48" ec="31" />
            </Method>
            <Method visited="false" cyclomaticComplexity="1" sequenceCoverage="0" branchCoverage="0" isConstructor="false" isStatic="false" isGetter="false" isSetter="false">
              <Summary numSequencePoints="3" visitedSequencePoints="0" numBranchPoints="1" visitedBranchPoints="0" sequenceCoverage="0" branchCoverage="0" maxCyclomaticComplexity="1" minCyclomaticComplexity="1" />
              <MetadataToken>100663734</MetadataToken>
              <Name>System.Void CombinifyWpf.SectionHeader::add_ButtonClick(System.Windows.RoutedEventHandler)</Name>
              <FileRef uid="51" />
              <SequencePoints>
                <SequencePoint vc="0" uspid="3582" ordinal="0" offset="0" sl="57" sc="17" el="57" ec="18" />
                <SequencePoint vc="0" uspid="3583" ordinal="1" offset="1" sl="57" sc="19" el="57" ec="62" />
                <SequencePoint vc="0" uspid="3584" ordinal="2" offset="14" sl="57" sc="63" el="57" ec="64" />
              </SequencePoints>
              <BranchPoints />
              <MethodPoint xsi:type="SequencePoint" vc="0" uspid="3582" ordinal="0" offset="0" sl="57" sc="17" el="57" ec="18" />
            </Method>
            <Method visited="false" cyclomaticComplexity="1" sequenceCoverage="0" branchCoverage="0" isConstructor="false" isStatic="false" isGetter="false" isSetter="false">
              <Summary numSequencePoints="3" visitedSequencePoints="0" numBranchPoints="1" visitedBranchPoints="0" sequenceCoverage="0" branchCoverage="0" maxCyclomaticComplexity="1" minCyclomaticComplexity="1" />
              <MetadataToken>100663735</MetadataToken>
              <Name>System.Void CombinifyWpf.SectionHeader::remove_ButtonClick(System.Windows.RoutedEventHandler)</Name>
              <FileRef uid="51" />
              <SequencePoints>
                <SequencePoint vc="0" uspid="3585" ordinal="0" offset="0" sl="58" sc="20" el="58" ec="21" />
                <SequencePoint vc="0" uspid="3586" ordinal="1" offset="1" sl="58" sc="22" el="58" ec="68" />
                <SequencePoint vc="0" uspid="3587" ordinal="2" offset="14" sl="58" sc="69" el="58" ec="70" />
              </SequencePoints>
              <BranchPoints />
              <MethodPoint xsi:type="SequencePoint" vc="0" uspid="3585" ordinal="0" offset="0" sl="58" sc="20" el="58" ec="21" />
            </Method>
            <Method visited="false" cyclomaticComplexity="1" sequenceCoverage="0" branchCoverage="0" isConstructor="false" isStatic="false" isGetter="false" isSetter="false">
              <Summary numSequencePoints="3" visitedSequencePoints="0" numBranchPoints="1" visitedBranchPoints="0" sequenceCoverage="0" branchCoverage="0" maxCyclomaticComplexity="1" minCyclomaticComplexity="1" />
              <MetadataToken>100663740</MetadataToken>
              <Name>System.Void CombinifyWpf.SectionHeader::UserControl_MouseEnter(System.Object,System.Windows.Input.MouseEventArgs)</Name>
              <FileRef uid="51" />
              <SequencePoints>
                <SequencePoint vc="0" uspid="3588" ordinal="0" offset="0" sl="106" sc="80" el="106" ec="81" />
                <SequencePoint vc="0" uspid="3589" ordinal="1" offset="1" sl="107" sc="13" el="107" ec="100" />
                <SequencePoint vc="0" uspid="3590" ordinal="2" offset="32" sl="108" sc="9" el="108" ec="10" />
              </SequencePoints>
              <BranchPoints />
              <MethodPoint xsi:type="SequencePoint" vc="0" uspid="3588" ordinal="0" offset="0" sl="106" sc="80" el="106" ec="81" />
            </Method>
            <Method visited="false" cyclomaticComplexity="1" sequenceCoverage="0" branchCoverage="0" isConstructor="false" isStatic="false" isGetter="false" isSetter="false">
              <Summary numSequencePoints="3" visitedSequencePoints="0" numBranchPoints="1" visitedBranchPoints="0" sequenceCoverage="0" branchCoverage="0" maxCyclomaticComplexity="1" minCyclomaticComplexity="1" />
              <MetadataToken>100663741</MetadataToken>
              <Name>System.Void CombinifyWpf.SectionHeader::UserControl_MouseLeave(System.Object,System.Windows.Input.MouseEventArgs)</Name>
              <FileRef uid="51" />
              <SequencePoints>
                <SequencePoint vc="0" uspid="3591" ordinal="0" offset="0" sl="110" sc="80" el="110" ec="81" />
                <SequencePoint vc="0" uspid="3592" ordinal="1" offset="1" sl="111" sc="13" el="111" ec="101" />
                <SequencePoint vc="0" uspid="3593" ordinal="2" offset="32" sl="112" sc="9" el="112" ec="10" />
              </SequencePoints>
              <BranchPoints />
              <MethodPoint xsi:type="SequencePoint" vc="0" uspid="3591" ordinal="0" offset="0" sl="110" sc="80" el="110" ec="81" />
            </Method>
            <Method visited="false" cyclomaticComplexity="1" sequenceCoverage="0" branchCoverage="0" isConstructor="false" isStatic="false" isGetter="false" isSetter="false">
              <Summary numSequencePoints="3" visitedSequencePoints="0" numBranchPoints="1" visitedBranchPoints="0" sequenceCoverage="0" branchCoverage="0" maxCyclomaticComplexity="1" minCyclomaticComplexity="1" />
              <MetadataToken>100663742</MetadataToken>
              <Name>System.Void CombinifyWpf.SectionHeader::lblButton_MouseEnter(System.Object,System.Windows.Input.MouseEventArgs)</Name>
              <FileRef uid="51" />
              <SequencePoints>
                <SequencePoint vc="0" uspid="3594" ordinal="0" offset="0" sl="114" sc="78" el="114" ec="79" />
                <SequencePoint vc="0" uspid="3595" ordinal="1" offset="1" sl="115" sc="13" el="119" ec="38" />
                <SequencePoint vc="0" uspid="3596" ordinal="2" offset="75" sl="120" sc="9" el="120" ec="10" />
              </SequencePoints>
              <BranchPoints />
              <MethodPoint xsi:type="SequencePoint" vc="0" uspid="3594" ordinal="0" offset="0" sl="114" sc="78" el="114" ec="79" />
            </Method>
            <Method visited="false" cyclomaticComplexity="1" sequenceCoverage="0" branchCoverage="0" isConstructor="false" isStatic="false" isGetter="false" isSetter="false">
              <Summary numSequencePoints="3" visitedSequencePoints="0" numBranchPoints="1" visitedBranchPoints="0" sequenceCoverage="0" branchCoverage="0" maxCyclomaticComplexity="1" minCyclomaticComplexity="1" />
              <MetadataToken>100663743</MetadataToken>
              <Name>System.Void CombinifyWpf.SectionHeader::lblButton_MouseLeave(System.Object,System.Windows.Input.MouseEventArgs)</Name>
              <FileRef uid="51" />
              <SequencePoints>
                <SequencePoint vc="0" uspid="3597" ordinal="0" offset="0" sl="122" sc="78" el="122" ec="79" />
                <SequencePoint vc="0" uspid="3598" ordinal="1" offset="1" sl="123" sc="13" el="127" ec="38" />
                <SequencePoint vc="0" uspid="3599" ordinal="2" offset="69" sl="128" sc="9" el="128" ec="10" />
              </SequencePoints>
              <BranchPoints />
              <MethodPoint xsi:type="SequencePoint" vc="0" uspid="3597" ordinal="0" offset="0" sl="122" sc="78" el="122" ec="79" />
            </Method>
            <Method visited="false" cyclomaticComplexity="1" sequenceCoverage="0" branchCoverage="0" isConstructor="false" isStatic="false" isGetter="false" isSetter="false">
              <Summary numSequencePoints="5" visitedSequencePoints="0" numBranchPoints="1" visitedBranchPoints="0" sequenceCoverage="0" branchCoverage="0" maxCyclomaticComplexity="1" minCyclomaticComplexity="1" />
              <MetadataToken>100663744</MetadataToken>
              <Name>System.Void CombinifyWpf.SectionHeader::lblButton_MouseLeftButtonDown(System.Object,System.Windows.Input.MouseButtonEventArgs)</Name>
              <FileRef uid="51" />
              <SequencePoints>
                <SequencePoint vc="0" uspid="3600" ordinal="0" offset="0" sl="130" sc="93" el="130" ec="94" />
                <SequencePoint vc="0" uspid="3601" ordinal="1" offset="1" sl="133" sc="13" el="133" ec="96" />
                <SequencePoint vc="0" uspid="3602" ordinal="2" offset="34" sl="134" sc="13" el="134" ec="101" />
                <SequencePoint vc="0" uspid="3603" ordinal="3" offset="65" sl="136" sc="13" el="136" ec="78" />
                <SequencePoint vc="0" uspid="3604" ordinal="4" offset="83" sl="137" sc="9" el="137" ec="10" />
              </SequencePoints>
              <BranchPoints />
              <MethodPoint xsi:type="SequencePoint" vc="0" uspid="3600" ordinal="0" offset="0" sl="130" sc="93" el="130" ec="94" />
            </Method>
            <Method visited="false" cyclomaticComplexity="2" sequenceCoverage="0" branchCoverage="0" isConstructor="false" isStatic="false" isGetter="false" isSetter="false">
              <Summary numSequencePoints="1" visitedSequencePoints="0" numBranchPoints="3" visitedBranchPoints="0" sequenceCoverage="0" branchCoverage="0" maxCyclomaticComplexity="2" minCyclomaticComplexity="2" />
              <MetadataToken>100663745</MetadataToken>
              <Name>System.Void CombinifyWpf.SectionHeader::InitializeComponent()</Name>
              <SequencePoints>
                <SequencePoint vc="0" uspid="3605" ordinal="0" offset="36" sl="1" sc="13" el="1" ec="77" />
              </SequencePoints>
              <BranchPoints>
                <BranchPoint vc="0" uspid="3607" ordinal="0" offset="12" path="0" />
                <BranchPoint vc="0" uspid="3608" ordinal="1" offset="12" path="1" />
              </BranchPoints>
              <MethodPoint vc="0" uspid="3606" ordinal="0" offset="0" />
            </Method>
            <Method visited="false" cyclomaticComplexity="7" sequenceCoverage="0" branchCoverage="0" isConstructor="false" isStatic="false" isGetter="false" isSetter="false">
              <Summary numSequencePoints="5" visitedSequencePoints="0" numBranchPoints="7" visitedBranchPoints="0" sequenceCoverage="0" branchCoverage="0" maxCyclomaticComplexity="7" minCyclomaticComplexity="7" />
              <MetadataToken>100663746</MetadataToken>
              <Name>System.Void CombinifyWpf.SectionHeader::System.Windows.Markup.IComponentConnector.Connect(System.Int32,System.Object)</Name>
              <SequencePoints>
                <SequencePoint vc="0" uspid="3609" ordinal="0" offset="48" sl="9" sc="13" el="9" ec="107" />
                <SequencePoint vc="0" uspid="3610" ordinal="1" offset="72" sl="10" sc="13" el="10" ec="107" />
                <SequencePoint vc="0" uspid="3611" ordinal="2" offset="155" sl="54" sc="13" el="54" ec="112" />
                <SequencePoint vc="0" uspid="3612" ordinal="3" offset="179" sl="55" sc="13" el="55" ec="112" />
                <SequencePoint vc="0" uspid="3613" ordinal="4" offset="203" sl="56" sc="13" el="56" ec="136" />
              </SequencePoints>
              <BranchPoints>
                <BranchPoint vc="0" uspid="3615" ordinal="0" offset="6" path="0" />
                <BranchPoint vc="0" uspid="3616" ordinal="1" offset="6" path="1" />
                <BranchPoint vc="0" uspid="3617" ordinal="2" offset="6" path="2" />
                <BranchPoint vc="0" uspid="3618" ordinal="3" offset="6" path="3" />
                <BranchPoint vc="0" uspid="3619" ordinal="4" offset="6" path="4" />
                <BranchPoint vc="0" uspid="3620" ordinal="5" offset="6" path="5" />
              </BranchPoints>
              <MethodPoint vc="0" uspid="3614" ordinal="0" offset="0" />
            </Method>
            <Method visited="false" cyclomaticComplexity="1" sequenceCoverage="0" branchCoverage="0" isConstructor="true" isStatic="true" isGetter="false" isSetter="false">
              <Summary numSequencePoints="3" visitedSequencePoints="0" numBranchPoints="1" visitedBranchPoints="0" sequenceCoverage="0" branchCoverage="0" maxCyclomaticComplexity="1" minCyclomaticComplexity="1" />
              <MetadataToken>100663747</MetadataToken>
              <Name>System.Void CombinifyWpf.SectionHeader::.cctor()</Name>
              <FileRef uid="51" />
              <SequencePoints>
                <SequencePoint vc="0" uspid="3621" ordinal="0" offset="0" sl="64" sc="9" el="69" ec="47" />
                <SequencePoint vc="0" uspid="3622" ordinal="1" offset="36" sl="81" sc="9" el="86" ec="42" />
                <SequencePoint vc="0" uspid="3623" ordinal="2" offset="81" sl="99" sc="9" el="104" ec="42" />
              </SequencePoints>
              <BranchPoints />
              <MethodPoint xsi:type="SequencePoint" vc="0" uspid="3621" ordinal="0" offset="0" sl="64" sc="9" el="69" ec="47" />
            </Method>
          </Methods>
        </Class>
        <Class>
          <Summary numSequencePoints="13" visitedSequencePoints="0" numBranchPoints="6" visitedBranchPoints="0" sequenceCoverage="0" branchCoverage="0" maxCyclomaticComplexity="3" minCyclomaticComplexity="1" />
          <FullName>CombinifyWpf.Utils.FtpDirectory</FullName>
          <Methods>
            <Method visited="false" cyclomaticComplexity="3" sequenceCoverage="0" branchCoverage="0" isConstructor="false" isStatic="false" isGetter="true" isSetter="false">
              <Summary numSequencePoints="10" visitedSequencePoints="0" numBranchPoints="5" visitedBranchPoints="0" sequenceCoverage="0" branchCoverage="0" maxCyclomaticComplexity="3" minCyclomaticComplexity="3" />
              <MetadataToken>100663749</MetadataToken>
              <Name>System.String CombinifyWpf.Utils.FtpDirectory::get_ParentDirectory()</Name>
              <FileRef uid="53" />
              <SequencePoints>
                <SequencePoint vc="0" uspid="3624" ordinal="0" offset="0" sl="49" sc="17" el="49" ec="18" />
                <SequencePoint vc="0" uspid="3625" ordinal="1" offset="1" sl="51" sc="17" el="51" ec="43" />
                <SequencePoint vc="0" uspid="3626" ordinal="2" offset="24" sl="51" sc="44" el="51" ec="45" />
                <SequencePoint vc="0" uspid="3627" ordinal="3" offset="25" sl="52" sc="21" el="52" ec="41" />
                <SequencePoint vc="0" uspid="3628" ordinal="4" offset="33" sl="57" sc="17" el="57" ec="100" />
                <SequencePoint vc="0" uspid="3629" ordinal="5" offset="77" sl="59" sc="17" el="59" ec="60" />
                <SequencePoint vc="0" uspid="3630" ordinal="6" offset="101" sl="59" sc="61" el="59" ec="62" />
                <SequencePoint vc="0" uspid="3631" ordinal="7" offset="102" sl="60" sc="21" el="60" ec="32" />
                <SequencePoint vc="0" uspid="3632" ordinal="8" offset="110" sl="63" sc="17" el="63" ec="46" />
                <SequencePoint vc="0" uspid="3633" ordinal="9" offset="120" sl="64" sc="13" el="64" ec="14" />
              </SequencePoints>
              <BranchPoints>
                <BranchPoint vc="0" uspid="3634" ordinal="0" offset="22" path="0" />
                <BranchPoint vc="0" uspid="3635" ordinal="1" offset="22" path="1" />
                <BranchPoint vc="0" uspid="3636" ordinal="2" offset="99" path="0" />
                <BranchPoint vc="0" uspid="3637" ordinal="3" offset="99" path="1" />
              </BranchPoints>
              <MethodPoint xsi:type="SequencePoint" vc="0" uspid="3624" ordinal="0" offset="0" sl="49" sc="17" el="49" ec="18" />
            </Method>
            <Method visited="false" cyclomaticComplexity="1" sequenceCoverage="0" branchCoverage="0" isConstructor="true" isStatic="false" isGetter="false" isSetter="false">
              <Summary numSequencePoints="3" visitedSequencePoints="0" numBranchPoints="1" visitedBranchPoints="0" sequenceCoverage="0" branchCoverage="0" maxCyclomaticComplexity="1" minCyclomaticComplexity="1" />
              <MetadataToken>100663748</MetadataToken>
              <Name>System.Void CombinifyWpf.Utils.FtpDirectory::.ctor()</Name>
              <FileRef uid="53" />
              <SequencePoints>
                <SequencePoint vc="0" uspid="3638" ordinal="0" offset="0" sl="43" sc="9" el="43" ec="39" />
                <SequencePoint vc="0" uspid="3639" ordinal="1" offset="7" sl="43" sc="40" el="43" ec="41" />
                <SequencePoint vc="0" uspid="3640" ordinal="2" offset="8" sl="43" sc="42" el="43" ec="43" />
              </SequencePoints>
              <BranchPoints />
              <MethodPoint xsi:type="SequencePoint" vc="0" uspid="3638" ordinal="0" offset="0" sl="43" sc="9" el="43" ec="39" />
            </Method>
          </Methods>
        </Class>
        <Class>
          <Summary numSequencePoints="39" visitedSequencePoints="0" numBranchPoints="13" visitedBranchPoints="0" sequenceCoverage="0" branchCoverage="0" maxCyclomaticComplexity="1" minCyclomaticComplexity="1" />
          <FullName>CombinifyWpf.ViewModels.SettingsViewModel</FullName>
          <Methods>
            <Method visited="false" cyclomaticComplexity="1" sequenceCoverage="0" branchCoverage="0" isConstructor="false" isStatic="false" isGetter="true" isSetter="false">
              <Summary numSequencePoints="3" visitedSequencePoints="0" numBranchPoints="1" visitedBranchPoints="0" sequenceCoverage="0" branchCoverage="0" maxCyclomaticComplexity="1" minCyclomaticComplexity="1" />
              <MetadataToken>100663751</MetadataToken>
              <Name>CombinifyWpf.Models.UserSettings CombinifyWpf.ViewModels.SettingsViewModel::get_Model()</Name>
              <FileRef uid="54" />
              <SequencePoints>
                <SequencePoint vc="0" uspid="3641" ordinal="0" offset="0" sl="57" sc="17" el="57" ec="18" />
                <SequencePoint vc="0" uspid="3642" ordinal="1" offset="1" sl="57" sc="19" el="57" ec="38" />
                <SequencePoint vc="0" uspid="3643" ordinal="2" offset="10" sl="57" sc="39" el="57" ec="40" />
              </SequencePoints>
              <BranchPoints />
              <MethodPoint xsi:type="SequencePoint" vc="0" uspid="3641" ordinal="0" offset="0" sl="57" sc="17" el="57" ec="18" />
            </Method>
            <Method visited="false" cyclomaticComplexity="1" sequenceCoverage="0" branchCoverage="0" isConstructor="false" isStatic="false" isGetter="false" isSetter="true">
              <Summary numSequencePoints="4" visitedSequencePoints="0" numBranchPoints="1" visitedBranchPoints="0" sequenceCoverage="0" branchCoverage="0" maxCyclomaticComplexity="1" minCyclomaticComplexity="1" />
              <MetadataToken>100663752</MetadataToken>
              <Name>System.Void CombinifyWpf.ViewModels.SettingsViewModel::set_Model(CombinifyWpf.Models.UserSettings)</Name>
              <FileRef uid="54" />
              <SequencePoints>
                <SequencePoint vc="0" uspid="3644" ordinal="0" offset="0" sl="58" sc="17" el="58" ec="18" />
                <SequencePoint vc="0" uspid="3645" ordinal="1" offset="1" sl="59" sc="17" el="59" ec="37" />
                <SequencePoint vc="0" uspid="3646" ordinal="2" offset="8" sl="60" sc="17" el="60" ec="29" />
                <SequencePoint vc="0" uspid="3647" ordinal="3" offset="15" sl="61" sc="13" el="61" ec="14" />
              </SequencePoints>
              <BranchPoints />
              <MethodPoint xsi:type="SequencePoint" vc="0" uspid="3644" ordinal="0" offset="0" sl="58" sc="17" el="58" ec="18" />
            </Method>
            <Method visited="false" cyclomaticComplexity="1" sequenceCoverage="0" branchCoverage="0" isConstructor="false" isStatic="false" isGetter="true" isSetter="false">
              <Summary numSequencePoints="3" visitedSequencePoints="0" numBranchPoints="1" visitedBranchPoints="0" sequenceCoverage="0" branchCoverage="0" maxCyclomaticComplexity="1" minCyclomaticComplexity="1" />
              <MetadataToken>100663753</MetadataToken>
              <Name>System.Boolean CombinifyWpf.ViewModels.SettingsViewModel::get_ShouldComb()</Name>
              <FileRef uid="54" />
              <SequencePoints>
                <SequencePoint vc="0" uspid="3648" ordinal="0" offset="0" sl="68" sc="17" el="68" ec="18" />
                <SequencePoint vc="0" uspid="3649" ordinal="1" offset="1" sl="68" sc="19" el="68" ec="43" />
                <SequencePoint vc="0" uspid="3650" ordinal="2" offset="15" sl="68" sc="44" el="68" ec="45" />
              </SequencePoints>
              <BranchPoints />
              <MethodPoint xsi:type="SequencePoint" vc="0" uspid="3648" ordinal="0" offset="0" sl="68" sc="17" el="68" ec="18" />
            </Method>
            <Method visited="false" cyclomaticComplexity="1" sequenceCoverage="0" branchCoverage="0" isConstructor="false" isStatic="false" isGetter="false" isSetter="true">
              <Summary numSequencePoints="3" visitedSequencePoints="0" numBranchPoints="1" visitedBranchPoints="0" sequenceCoverage="0" branchCoverage="0" maxCyclomaticComplexity="1" minCyclomaticComplexity="1" />
              <MetadataToken>100663754</MetadataToken>
              <Name>System.Void CombinifyWpf.ViewModels.SettingsViewModel::set_ShouldComb(System.Boolean)</Name>
              <FileRef uid="54" />
              <SequencePoints>
                <SequencePoint vc="0" uspid="3651" ordinal="0" offset="0" sl="69" sc="17" el="69" ec="18" />
                <SequencePoint vc="0" uspid="3652" ordinal="1" offset="1" sl="69" sc="19" el="69" ec="87" />
                <SequencePoint vc="0" uspid="3653" ordinal="2" offset="126" sl="69" sc="88" el="69" ec="89" />
              </SequencePoints>
              <BranchPoints />
              <MethodPoint xsi:type="SequencePoint" vc="0" uspid="3651" ordinal="0" offset="0" sl="69" sc="17" el="69" ec="18" />
            </Method>
            <Method visited="false" cyclomaticComplexity="1" sequenceCoverage="0" branchCoverage="0" isConstructor="false" isStatic="false" isGetter="true" isSetter="false">
              <Summary numSequencePoints="3" visitedSequencePoints="0" numBranchPoints="1" visitedBranchPoints="0" sequenceCoverage="0" branchCoverage="0" maxCyclomaticComplexity="1" minCyclomaticComplexity="1" />
              <MetadataToken>100663755</MetadataToken>
              <Name>System.Boolean CombinifyWpf.ViewModels.SettingsViewModel::get_ShouldCombine()</Name>
              <FileRef uid="54" />
              <SequencePoints>
                <SequencePoint vc="0" uspid="3654" ordinal="0" offset="0" sl="76" sc="17" el="76" ec="18" />
                <SequencePoint vc="0" uspid="3655" ordinal="1" offset="1" sl="76" sc="19" el="76" ec="46" />
                <SequencePoint vc="0" uspid="3656" ordinal="2" offset="15" sl="76" sc="47" el="76" ec="48" />
              </SequencePoints>
              <BranchPoints />
              <MethodPoint xsi:type="SequencePoint" vc="0" uspid="3654" ordinal="0" offset="0" sl="76" sc="17" el="76" ec="18" />
            </Method>
            <Method visited="false" cyclomaticComplexity="1" sequenceCoverage="0" branchCoverage="0" isConstructor="false" isStatic="false" isGetter="false" isSetter="true">
              <Summary numSequencePoints="3" visitedSequencePoints="0" numBranchPoints="1" visitedBranchPoints="0" sequenceCoverage="0" branchCoverage="0" maxCyclomaticComplexity="1" minCyclomaticComplexity="1" />
              <MetadataToken>100663756</MetadataToken>
              <Name>System.Void CombinifyWpf.ViewModels.SettingsViewModel::set_ShouldCombine(System.Boolean)</Name>
              <FileRef uid="54" />
              <SequencePoints>
                <SequencePoint vc="0" uspid="3657" ordinal="0" offset="0" sl="77" sc="17" el="77" ec="18" />
                <SequencePoint vc="0" uspid="3658" ordinal="1" offset="1" sl="77" sc="19" el="77" ec="93" />
                <SequencePoint vc="0" uspid="3659" ordinal="2" offset="126" sl="77" sc="94" el="77" ec="95" />
              </SequencePoints>
              <BranchPoints />
              <MethodPoint xsi:type="SequencePoint" vc="0" uspid="3657" ordinal="0" offset="0" sl="77" sc="17" el="77" ec="18" />
            </Method>
            <Method visited="false" cyclomaticComplexity="1" sequenceCoverage="0" branchCoverage="0" isConstructor="false" isStatic="false" isGetter="true" isSetter="false">
              <Summary numSequencePoints="3" visitedSequencePoints="0" numBranchPoints="1" visitedBranchPoints="0" sequenceCoverage="0" branchCoverage="0" maxCyclomaticComplexity="1" minCyclomaticComplexity="1" />
              <MetadataToken>100663757</MetadataToken>
              <Name>System.Boolean CombinifyWpf.ViewModels.SettingsViewModel::get_ShouldFlatten()</Name>
              <FileRef uid="54" />
              <SequencePoints>
                <SequencePoint vc="0" uspid="3660" ordinal="0" offset="0" sl="84" sc="17" el="84" ec="18" />
                <SequencePoint vc="0" uspid="3661" ordinal="1" offset="1" sl="84" sc="19" el="84" ec="46" />
                <SequencePoint vc="0" uspid="3662" ordinal="2" offset="15" sl="84" sc="47" el="84" ec="48" />
              </SequencePoints>
              <BranchPoints />
              <MethodPoint xsi:type="SequencePoint" vc="0" uspid="3660" ordinal="0" offset="0" sl="84" sc="17" el="84" ec="18" />
            </Method>
            <Method visited="false" cyclomaticComplexity="1" sequenceCoverage="0" branchCoverage="0" isConstructor="false" isStatic="false" isGetter="false" isSetter="true">
              <Summary numSequencePoints="3" visitedSequencePoints="0" numBranchPoints="1" visitedBranchPoints="0" sequenceCoverage="0" branchCoverage="0" maxCyclomaticComplexity="1" minCyclomaticComplexity="1" />
              <MetadataToken>100663758</MetadataToken>
              <Name>System.Void CombinifyWpf.ViewModels.SettingsViewModel::set_ShouldFlatten(System.Boolean)</Name>
              <FileRef uid="54" />
              <SequencePoints>
                <SequencePoint vc="0" uspid="3663" ordinal="0" offset="0" sl="85" sc="17" el="85" ec="18" />
                <SequencePoint vc="0" uspid="3664" ordinal="1" offset="1" sl="85" sc="19" el="85" ec="93" />
                <SequencePoint vc="0" uspid="3665" ordinal="2" offset="126" sl="85" sc="94" el="85" ec="95" />
              </SequencePoints>
              <BranchPoints />
              <MethodPoint xsi:type="SequencePoint" vc="0" uspid="3663" ordinal="0" offset="0" sl="85" sc="17" el="85" ec="18" />
            </Method>
            <Method visited="false" cyclomaticComplexity="1" sequenceCoverage="0" branchCoverage="0" isConstructor="false" isStatic="false" isGetter="true" isSetter="false">
              <Summary numSequencePoints="3" visitedSequencePoints="0" numBranchPoints="1" visitedBranchPoints="0" sequenceCoverage="0" branchCoverage="0" maxCyclomaticComplexity="1" minCyclomaticComplexity="1" />
              <MetadataToken>100663759</MetadataToken>
              <Name>System.Boolean CombinifyWpf.ViewModels.SettingsViewModel::get_ShouldMinify()</Name>
              <FileRef uid="54" />
              <SequencePoints>
                <SequencePoint vc="0" uspid="3666" ordinal="0" offset="0" sl="92" sc="17" el="92" ec="18" />
                <SequencePoint vc="0" uspid="3667" ordinal="1" offset="1" sl="92" sc="19" el="92" ec="45" />
                <SequencePoint vc="0" uspid="3668" ordinal="2" offset="15" sl="92" sc="46" el="92" ec="47" />
              </SequencePoints>
              <BranchPoints />
              <MethodPoint xsi:type="SequencePoint" vc="0" uspid="3666" ordinal="0" offset="0" sl="92" sc="17" el="92" ec="18" />
            </Method>
            <Method visited="false" cyclomaticComplexity="1" sequenceCoverage="0" branchCoverage="0" isConstructor="false" isStatic="false" isGetter="false" isSetter="true">
              <Summary numSequencePoints="3" visitedSequencePoints="0" numBranchPoints="1" visitedBranchPoints="0" sequenceCoverage="0" branchCoverage="0" maxCyclomaticComplexity="1" minCyclomaticComplexity="1" />
              <MetadataToken>100663760</MetadataToken>
              <Name>System.Void CombinifyWpf.ViewModels.SettingsViewModel::set_ShouldMinify(System.Boolean)</Name>
              <FileRef uid="54" />
              <SequencePoints>
                <SequencePoint vc="0" uspid="3669" ordinal="0" offset="0" sl="93" sc="17" el="93" ec="18" />
                <SequencePoint vc="0" uspid="3670" ordinal="1" offset="1" sl="93" sc="19" el="93" ec="91" />
                <SequencePoint vc="0" uspid="3671" ordinal="2" offset="126" sl="93" sc="92" el="93" ec="93" />
              </SequencePoints>
              <BranchPoints />
              <MethodPoint xsi:type="SequencePoint" vc="0" uspid="3669" ordinal="0" offset="0" sl="93" sc="17" el="93" ec="18" />
            </Method>
            <Method visited="false" cyclomaticComplexity="1" sequenceCoverage="0" branchCoverage="0" isConstructor="true" isStatic="false" isGetter="false" isSetter="false">
              <Summary numSequencePoints="4" visitedSequencePoints="0" numBranchPoints="1" visitedBranchPoints="0" sequenceCoverage="0" branchCoverage="0" maxCyclomaticComplexity="1" minCyclomaticComplexity="1" />
              <MetadataToken>100663750</MetadataToken>
              <Name>System.Void CombinifyWpf.ViewModels.SettingsViewModel::.ctor()</Name>
              <FileRef uid="54" />
              <SequencePoints>
                <SequencePoint vc="0" uspid="3672" ordinal="0" offset="0" sl="46" sc="9" el="46" ec="35" />
                <SequencePoint vc="0" uspid="3673" ordinal="1" offset="7" sl="46" sc="36" el="46" ec="37" />
                <SequencePoint vc="0" uspid="3674" ordinal="2" offset="8" sl="47" sc="13" el="47" ec="46" />
                <SequencePoint vc="0" uspid="3675" ordinal="3" offset="19" sl="48" sc="9" el="48" ec="10" />
              </SequencePoints>
              <BranchPoints />
              <MethodPoint xsi:type="SequencePoint" vc="0" uspid="3672" ordinal="0" offset="0" sl="46" sc="9" el="46" ec="35" />
            </Method>
            <Method visited="false" cyclomaticComplexity="1" sequenceCoverage="0" branchCoverage="0" isConstructor="false" isStatic="false" isGetter="false" isSetter="false">
              <Summary numSequencePoints="2" visitedSequencePoints="0" numBranchPoints="1" visitedBranchPoints="0" sequenceCoverage="0" branchCoverage="0" maxCyclomaticComplexity="1" minCyclomaticComplexity="1" />
              <MetadataToken>100663761</MetadataToken>
              <Name>System.Void CombinifyWpf.ViewModels.SettingsViewModel::Save()</Name>
              <FileRef uid="54" />
              <SequencePoints>
                <SequencePoint vc="0" uspid="3676" ordinal="0" offset="0" sl="106" sc="28" el="106" ec="29" />
                <SequencePoint vc="0" uspid="3677" ordinal="1" offset="1" sl="121" sc="9" el="121" ec="10" />
              </SequencePoints>
              <BranchPoints />
              <MethodPoint xsi:type="SequencePoint" vc="0" uspid="3676" ordinal="0" offset="0" sl="106" sc="28" el="106" ec="29" />
            </Method>
            <Method visited="false" cyclomaticComplexity="1" sequenceCoverage="0" branchCoverage="0" isConstructor="false" isStatic="false" isGetter="false" isSetter="false">
              <Summary numSequencePoints="2" visitedSequencePoints="0" numBranchPoints="1" visitedBranchPoints="0" sequenceCoverage="0" branchCoverage="0" maxCyclomaticComplexity="1" minCyclomaticComplexity="1" />
              <MetadataToken>100663762</MetadataToken>
              <Name>System.Void CombinifyWpf.ViewModels.SettingsViewModel::Init()</Name>
              <FileRef uid="54" />
              <SequencePoints>
                <SequencePoint vc="0" uspid="3678" ordinal="0" offset="0" sl="124" sc="29" el="124" ec="30" />
                <SequencePoint vc="0" uspid="3679" ordinal="1" offset="1" sl="148" sc="9" el="148" ec="10" />
              </SequencePoints>
              <BranchPoints />
              <MethodPoint xsi:type="SequencePoint" vc="0" uspid="3678" ordinal="0" offset="0" sl="124" sc="29" el="124" ec="30" />
            </Method>
          </Methods>
        </Class>
        <Class>
          <Summary numSequencePoints="19" visitedSequencePoints="0" numBranchPoints="15" visitedBranchPoints="0" sequenceCoverage="0" branchCoverage="0" maxCyclomaticComplexity="3" minCyclomaticComplexity="1" />
          <FullName>CombinifyWpf.Converters.NegateBoolVisibilityConverter</FullName>
          <Methods>
            <Method visited="false" cyclomaticComplexity="1" sequenceCoverage="0" branchCoverage="0" isConstructor="true" isStatic="false" isGetter="false" isSetter="false">
              <Summary numSequencePoints="3" visitedSequencePoints="0" numBranchPoints="1" visitedBranchPoints="0" sequenceCoverage="0" branchCoverage="0" maxCyclomaticComplexity="1" minCyclomaticComplexity="1" />
              <MetadataToken>100663763</MetadataToken>
              <Name>System.Void CombinifyWpf.Converters.NegateBoolVisibilityConverter::.ctor()</Name>
              <FileRef uid="55" />
              <SequencePoints>
                <SequencePoint vc="0" uspid="3680" ordinal="0" offset="0" sl="52" sc="9" el="52" ec="47" />
                <SequencePoint vc="0" uspid="3681" ordinal="1" offset="7" sl="52" sc="48" el="52" ec="49" />
                <SequencePoint vc="0" uspid="3682" ordinal="2" offset="8" sl="52" sc="50" el="52" ec="51" />
              </SequencePoints>
              <BranchPoints />
              <MethodPoint xsi:type="SequencePoint" vc="0" uspid="3680" ordinal="0" offset="0" sl="52" sc="9" el="52" ec="47" />
            </Method>
            <Method visited="false" cyclomaticComplexity="2" sequenceCoverage="0" branchCoverage="0" isConstructor="false" isStatic="false" isGetter="false" isSetter="false">
              <Summary numSequencePoints="3" visitedSequencePoints="0" numBranchPoints="3" visitedBranchPoints="0" sequenceCoverage="0" branchCoverage="0" maxCyclomaticComplexity="2" minCyclomaticComplexity="2" />
              <MetadataToken>100663764</MetadataToken>
              <Name>System.Object CombinifyWpf.Converters.NegateBoolVisibilityConverter::ProvideValue(System.IServiceProvider)</Name>
              <FileRef uid="55" />
              <SequencePoints>
                <SequencePoint vc="0" uspid="3683" ordinal="0" offset="0" sl="59" sc="81" el="59" ec="82" />
                <SequencePoint vc="0" uspid="3684" ordinal="1" offset="1" sl="60" sc="13" el="60" ec="87" />
                <SequencePoint vc="0" uspid="3685" ordinal="2" offset="24" sl="61" sc="9" el="61" ec="10" />
              </SequencePoints>
              <BranchPoints>
                <BranchPoint vc="0" uspid="3686" ordinal="0" offset="7" path="0" />
                <BranchPoint vc="0" uspid="3687" ordinal="1" offset="7" path="1" />
              </BranchPoints>
              <MethodPoint xsi:type="SequencePoint" vc="0" uspid="3683" ordinal="0" offset="0" sl="59" sc="81" el="59" ec="82" />
            </Method>
            <Method visited="false" cyclomaticComplexity="3" sequenceCoverage="0" branchCoverage="0" isConstructor="false" isStatic="false" isGetter="false" isSetter="false">
              <Summary numSequencePoints="6" visitedSequencePoints="0" numBranchPoints="5" visitedBranchPoints="0" sequenceCoverage="0" branchCoverage="0" maxCyclomaticComplexity="3" minCyclomaticComplexity="3" />
              <MetadataToken>100663765</MetadataToken>
              <Name>System.Object CombinifyWpf.Converters.NegateBoolVisibilityConverter::Convert(System.Object,System.Type,System.Object,System.Globalization.CultureInfo)</Name>
              <FileRef uid="55" />
              <SequencePoints>
                <SequencePoint vc="0" uspid="3688" ordinal="0" offset="0" sl="71" sc="112" el="71" ec="113" />
                <SequencePoint vc="0" uspid="3689" ordinal="1" offset="1" sl="72" sc="13" el="72" ec="49" />
                <SequencePoint vc="0" uspid="3690" ordinal="2" offset="20" sl="72" sc="50" el="72" ec="51" />
                <SequencePoint vc="0" uspid="3691" ordinal="3" offset="21" sl="73" sc="17" el="73" ec="45" />
                <SequencePoint vc="0" uspid="3692" ordinal="4" offset="30" sl="76" sc="13" el="76" ec="39" />
                <SequencePoint vc="0" uspid="3693" ordinal="5" offset="39" sl="77" sc="9" el="77" ec="10" />
              </SequencePoints>
              <BranchPoints>
                <BranchPoint vc="0" uspid="3694" ordinal="0" offset="2" path="0" />
                <BranchPoint vc="0" uspid="3695" ordinal="1" offset="2" path="1" />
                <BranchPoint vc="0" uspid="3696" ordinal="2" offset="18" path="0" />
                <BranchPoint vc="0" uspid="3697" ordinal="3" offset="18" path="1" />
              </BranchPoints>
              <MethodPoint xsi:type="SequencePoint" vc="0" uspid="3688" ordinal="0" offset="0" sl="71" sc="112" el="71" ec="113" />
            </Method>
            <Method visited="false" cyclomaticComplexity="3" sequenceCoverage="0" branchCoverage="0" isConstructor="false" isStatic="false" isGetter="false" isSetter="false">
              <Summary numSequencePoints="6" visitedSequencePoints="0" numBranchPoints="5" visitedBranchPoints="0" sequenceCoverage="0" branchCoverage="0" maxCyclomaticComplexity="3" minCyclomaticComplexity="3" />
              <MetadataToken>100663766</MetadataToken>
              <Name>System.Object CombinifyWpf.Converters.NegateBoolVisibilityConverter::ConvertBack(System.Object,System.Type,System.Object,System.Globalization.CultureInfo)</Name>
              <FileRef uid="55" />
              <SequencePoints>
                <SequencePoint vc="0" uspid="3698" ordinal="0" offset="0" sl="87" sc="116" el="87" ec="117" />
                <SequencePoint vc="0" uspid="3699" ordinal="1" offset="1" sl="88" sc="13" el="88" ec="77" />
                <SequencePoint vc="0" uspid="3700" ordinal="2" offset="23" sl="88" sc="78" el="88" ec="79" />
                <SequencePoint vc="0" uspid="3701" ordinal="3" offset="24" sl="89" sc="17" el="89" ec="30" />
                <SequencePoint vc="0" uspid="3702" ordinal="4" offset="33" sl="92" sc="13" el="92" ec="25" />
                <SequencePoint vc="0" uspid="3703" ordinal="5" offset="42" sl="93" sc="9" el="93" ec="10" />
              </SequencePoints>
              <BranchPoints>
                <BranchPoint vc="0" uspid="3704" ordinal="0" offset="2" path="0" />
                <BranchPoint vc="0" uspid="3705" ordinal="1" offset="2" path="1" />
                <BranchPoint vc="0" uspid="3706" ordinal="2" offset="21" path="0" />
                <BranchPoint vc="0" uspid="3707" ordinal="3" offset="21" path="1" />
              </BranchPoints>
              <MethodPoint xsi:type="SequencePoint" vc="0" uspid="3698" ordinal="0" offset="0" sl="87" sc="116" el="87" ec="117" />
            </Method>
            <Method visited="false" cyclomaticComplexity="1" sequenceCoverage="0" branchCoverage="0" isConstructor="true" isStatic="true" isGetter="false" isSetter="false">
              <Summary numSequencePoints="1" visitedSequencePoints="0" numBranchPoints="1" visitedBranchPoints="0" sequenceCoverage="0" branchCoverage="0" maxCyclomaticComplexity="1" minCyclomaticComplexity="1" />
              <MetadataToken>100663767</MetadataToken>
              <Name>System.Void CombinifyWpf.Converters.NegateBoolVisibilityConverter::.cctor()</Name>
              <FileRef uid="55" />
              <SequencePoints>
                <SequencePoint vc="0" uspid="3708" ordinal="0" offset="0" sl="47" sc="9" el="47" ec="72" />
              </SequencePoints>
              <BranchPoints />
              <MethodPoint xsi:type="SequencePoint" vc="0" uspid="3708" ordinal="0" offset="0" sl="47" sc="9" el="47" ec="72" />
            </Method>
          </Methods>
        </Class>
        <Class>
          <Summary numSequencePoints="5" visitedSequencePoints="0" numBranchPoints="6" visitedBranchPoints="0" sequenceCoverage="0" branchCoverage="0" maxCyclomaticComplexity="2" minCyclomaticComplexity="1" />
          <FullName>CombinifyWpf.Controls.AdHocTreeView</FullName>
          <Methods>
            <Method visited="false" cyclomaticComplexity="1" sequenceCoverage="0" branchCoverage="0" isConstructor="true" isStatic="false" isGetter="false" isSetter="false">
              <Summary numSequencePoints="4" visitedSequencePoints="0" numBranchPoints="1" visitedBranchPoints="0" sequenceCoverage="0" branchCoverage="0" maxCyclomaticComplexity="1" minCyclomaticComplexity="1" />
              <MetadataToken>100663768</MetadataToken>
              <Name>System.Void CombinifyWpf.Controls.AdHocTreeView::.ctor()</Name>
              <FileRef uid="56" />
              <SequencePoints>
                <SequencePoint vc="0" uspid="3709" ordinal="0" offset="0" sl="20" sc="9" el="20" ec="31" />
                <SequencePoint vc="0" uspid="3710" ordinal="1" offset="7" sl="20" sc="32" el="20" ec="33" />
                <SequencePoint vc="0" uspid="3711" ordinal="2" offset="8" sl="21" sc="13" el="21" ec="35" />
                <SequencePoint vc="0" uspid="3712" ordinal="3" offset="15" sl="22" sc="9" el="22" ec="10" />
              </SequencePoints>
              <BranchPoints />
              <MethodPoint xsi:type="SequencePoint" vc="0" uspid="3709" ordinal="0" offset="0" sl="20" sc="9" el="20" ec="31" />
            </Method>
            <Method visited="false" cyclomaticComplexity="2" sequenceCoverage="0" branchCoverage="0" isConstructor="false" isStatic="false" isGetter="false" isSetter="false">
              <Summary numSequencePoints="1" visitedSequencePoints="0" numBranchPoints="3" visitedBranchPoints="0" sequenceCoverage="0" branchCoverage="0" maxCyclomaticComplexity="2" minCyclomaticComplexity="2" />
              <MetadataToken>100663769</MetadataToken>
              <Name>System.Void CombinifyWpf.Controls.AdHocTreeView::InitializeComponent()</Name>
              <SequencePoints>
                <SequencePoint vc="0" uspid="3713" ordinal="0" offset="36" sl="1" sc="13" el="1" ec="77" />
              </SequencePoints>
              <BranchPoints>
                <BranchPoint vc="0" uspid="3715" ordinal="0" offset="12" path="0" />
                <BranchPoint vc="0" uspid="3716" ordinal="1" offset="12" path="1" />
              </BranchPoints>
              <MethodPoint vc="0" uspid="3714" ordinal="0" offset="0" />
            </Method>
            <Method visited="false" cyclomaticComplexity="2" sequenceCoverage="0" branchCoverage="0" isConstructor="false" isStatic="false" isGetter="false" isSetter="false">
              <Summary numSequencePoints="0" visitedSequencePoints="0" numBranchPoints="2" visitedBranchPoints="0" sequenceCoverage="0" branchCoverage="0" maxCyclomaticComplexity="2" minCyclomaticComplexity="2" />
              <MetadataToken>100663770</MetadataToken>
              <Name>System.Void CombinifyWpf.Controls.AdHocTreeView::System.Windows.Markup.IComponentConnector.Connect(System.Int32,System.Object)</Name>
              <SequencePoints />
              <BranchPoints>
                <BranchPoint vc="0" uspid="3718" ordinal="0" offset="5" path="0" />
                <BranchPoint vc="0" uspid="3719" ordinal="1" offset="5" path="1" />
              </BranchPoints>
              <MethodPoint vc="0" uspid="3717" ordinal="0" offset="0" />
            </Method>
          </Methods>
        </Class>
        <Class>
          <Summary numSequencePoints="41" visitedSequencePoints="0" numBranchPoints="18" visitedBranchPoints="0" sequenceCoverage="0" branchCoverage="0" maxCyclomaticComplexity="5" minCyclomaticComplexity="1" />
          <FullName>CombinifyWpf.Utils.ColorCompressor</FullName>
          <Methods>
            <Method visited="false" cyclomaticComplexity="1" sequenceCoverage="0" branchCoverage="0" isConstructor="true" isStatic="false" isGetter="false" isSetter="false">
              <Summary numSequencePoints="5" visitedSequencePoints="0" numBranchPoints="1" visitedBranchPoints="0" sequenceCoverage="0" branchCoverage="0" maxCyclomaticComplexity="1" minCyclomaticComplexity="1" />
              <MetadataToken>100663771</MetadataToken>
              <Name>System.Void CombinifyWpf.Utils.ColorCompressor::.ctor()</Name>
              <FileRef uid="58" />
              <SequencePoints>
                <SequencePoint vc="0" uspid="3720" ordinal="0" offset="0" sl="51" sc="9" el="51" ec="33" />
                <SequencePoint vc="0" uspid="3721" ordinal="1" offset="7" sl="51" sc="34" el="51" ec="35" />
                <SequencePoint vc="0" uspid="3722" ordinal="2" offset="8" sl="54" sc="13" el="66" ec="15" />
                <SequencePoint vc="0" uspid="3723" ordinal="3" offset="582" sl="68" sc="13" el="107" ec="15" />
                <SequencePoint vc="0" uspid="3724" ordinal="4" offset="2533" sl="108" sc="9" el="108" ec="10" />
              </SequencePoints>
              <BranchPoints />
              <MethodPoint xsi:type="SequencePoint" vc="0" uspid="3720" ordinal="0" offset="0" sl="51" sc="9" el="51" ec="33" />
            </Method>
            <Method visited="false" cyclomaticComplexity="5" sequenceCoverage="0" branchCoverage="0" isConstructor="false" isStatic="false" isGetter="false" isSetter="false">
              <Summary numSequencePoints="9" visitedSequencePoints="0" numBranchPoints="9" visitedBranchPoints="0" sequenceCoverage="0" branchCoverage="0" maxCyclomaticComplexity="5" minCyclomaticComplexity="5" />
              <MetadataToken>100663772</MetadataToken>
              <Name>System.String CombinifyWpf.Utils.ColorCompressor::CompressHex(System.String)</Name>
              <FileRef uid="58" />
              <SequencePoints>
                <SequencePoint vc="0" uspid="3725" ordinal="0" offset="0" sl="117" sc="49" el="117" ec="50" />
                <SequencePoint vc="0" uspid="3726" ordinal="1" offset="1" sl="118" sc="13" el="118" ec="34" />
                <SequencePoint vc="0" uspid="3727" ordinal="2" offset="20" sl="118" sc="35" el="118" ec="36" />
                <SequencePoint vc="0" uspid="3728" ordinal="3" offset="21" sl="119" sc="17" el="119" ec="91" />
                <SequencePoint vc="0" uspid="3729" ordinal="4" offset="79" sl="119" sc="92" el="119" ec="93" />
                <SequencePoint vc="0" uspid="3730" ordinal="5" offset="80" sl="120" sc="21" el="120" ec="79" />
                <SequencePoint vc="0" uspid="3731" ordinal="6" offset="154" sl="122" sc="13" el="122" ec="14" />
                <SequencePoint vc="0" uspid="3732" ordinal="7" offset="155" sl="124" sc="13" el="124" ec="44" />
                <SequencePoint vc="0" uspid="3733" ordinal="8" offset="174" sl="125" sc="9" el="125" ec="10" />
              </SequencePoints>
              <BranchPoints>
                <BranchPoint vc="0" uspid="3734" ordinal="0" offset="15" path="0" />
                <BranchPoint vc="0" uspid="3735" ordinal="1" offset="15" path="1" />
                <BranchPoint vc="0" uspid="3736" ordinal="2" offset="35" path="0" />
                <BranchPoint vc="0" uspid="3737" ordinal="3" offset="35" path="1" />
                <BranchPoint vc="0" uspid="3738" ordinal="4" offset="51" path="0" />
                <BranchPoint vc="0" uspid="3739" ordinal="5" offset="51" path="1" />
                <BranchPoint vc="0" uspid="3740" ordinal="6" offset="77" path="0" />
                <BranchPoint vc="0" uspid="3741" ordinal="7" offset="77" path="1" />
              </BranchPoints>
              <MethodPoint xsi:type="SequencePoint" vc="0" uspid="3725" ordinal="0" offset="0" sl="117" sc="49" el="117" ec="50" />
            </Method>
            <Method visited="false" cyclomaticComplexity="1" sequenceCoverage="0" branchCoverage="0" isConstructor="false" isStatic="false" isGetter="false" isSetter="false">
              <Summary numSequencePoints="5" visitedSequencePoints="0" numBranchPoints="1" visitedBranchPoints="0" sequenceCoverage="0" branchCoverage="0" maxCyclomaticComplexity="1" minCyclomaticComplexity="1" />
              <MetadataToken>100663773</MetadataToken>
              <Name>System.String CombinifyWpf.Utils.ColorCompressor::CompressRgb(System.Byte[])</Name>
              <FileRef uid="58" />
              <SequencePoints>
                <SequencePoint vc="0" uspid="3742" ordinal="0" offset="0" sl="132" sc="49" el="132" ec="50" />
                <SequencePoint vc="0" uspid="3743" ordinal="1" offset="1" sl="133" sc="13" el="133" ec="50" />
                <SequencePoint vc="0" uspid="3744" ordinal="2" offset="7" sl="134" sc="13" el="134" ec="59" />
                <SequencePoint vc="0" uspid="3745" ordinal="3" offset="15" sl="135" sc="13" el="135" ec="39" />
                <SequencePoint vc="0" uspid="3746" ordinal="4" offset="25" sl="136" sc="9" el="136" ec="10" />
              </SequencePoints>
              <BranchPoints />
              <MethodPoint xsi:type="SequencePoint" vc="0" uspid="3742" ordinal="0" offset="0" sl="132" sc="49" el="132" ec="50" />
            </Method>
            <Method visited="false" cyclomaticComplexity="1" sequenceCoverage="0" branchCoverage="0" isConstructor="false" isStatic="false" isGetter="false" isSetter="false">
              <Summary numSequencePoints="5" visitedSequencePoints="0" numBranchPoints="1" visitedBranchPoints="0" sequenceCoverage="0" branchCoverage="0" maxCyclomaticComplexity="1" minCyclomaticComplexity="1" />
              <MetadataToken>100663774</MetadataToken>
              <Name>System.String CombinifyWpf.Utils.ColorCompressor::CompressHsl(System.Single,System.Single,System.Single)</Name>
              <FileRef uid="58" />
              <SequencePoints>
                <SequencePoint vc="0" uspid="3747" ordinal="0" offset="0" sl="145" sc="64" el="145" ec="65" />
                <SequencePoint vc="0" uspid="3748" ordinal="1" offset="1" sl="146" sc="13" el="146" ec="50" />
                <SequencePoint vc="0" uspid="3749" ordinal="2" offset="7" sl="147" sc="13" el="147" ec="63" />
                <SequencePoint vc="0" uspid="3750" ordinal="3" offset="17" sl="148" sc="13" el="148" ec="39" />
                <SequencePoint vc="0" uspid="3751" ordinal="4" offset="27" sl="149" sc="9" el="149" ec="10" />
              </SequencePoints>
              <BranchPoints />
              <MethodPoint xsi:type="SequencePoint" vc="0" uspid="3747" ordinal="0" offset="0" sl="145" sc="64" el="145" ec="65" />
            </Method>
            <Method visited="false" cyclomaticComplexity="2" sequenceCoverage="0" branchCoverage="0" isConstructor="false" isStatic="false" isGetter="false" isSetter="false">
              <Summary numSequencePoints="7" visitedSequencePoints="0" numBranchPoints="3" visitedBranchPoints="0" sequenceCoverage="0" branchCoverage="0" maxCyclomaticComplexity="2" minCyclomaticComplexity="2" />
              <MetadataToken>100663775</MetadataToken>
              <Name>System.String CombinifyWpf.Utils.ColorCompressor::SwapOutHex(System.String)</Name>
              <FileRef uid="58" />
              <SequencePoints>
                <SequencePoint vc="0" uspid="3752" ordinal="0" offset="0" sl="158" sc="48" el="158" ec="49" />
                <SequencePoint vc="0" uspid="3753" ordinal="1" offset="1" sl="159" sc="13" el="159" ec="61" />
                <SequencePoint vc="0" uspid="3754" ordinal="2" offset="25" sl="159" sc="62" el="159" ec="63" />
                <SequencePoint vc="0" uspid="3755" ordinal="3" offset="26" sl="160" sc="17" el="160" ec="53" />
                <SequencePoint vc="0" uspid="3756" ordinal="4" offset="41" sl="162" sc="18" el="162" ec="19" />
                <SequencePoint vc="0" uspid="3757" ordinal="5" offset="42" sl="163" sc="17" el="163" ec="28" />
                <SequencePoint vc="0" uspid="3758" ordinal="6" offset="46" sl="165" sc="9" el="165" ec="10" />
              </SequencePoints>
              <BranchPoints>
                <BranchPoint vc="0" uspid="3759" ordinal="0" offset="23" path="0" />
                <BranchPoint vc="0" uspid="3760" ordinal="1" offset="23" path="1" />
              </BranchPoints>
              <MethodPoint xsi:type="SequencePoint" vc="0" uspid="3752" ordinal="0" offset="0" sl="158" sc="48" el="158" ec="49" />
            </Method>
            <Method visited="false" cyclomaticComplexity="2" sequenceCoverage="0" branchCoverage="0" isConstructor="false" isStatic="false" isGetter="false" isSetter="false">
              <Summary numSequencePoints="10" visitedSequencePoints="0" numBranchPoints="3" visitedBranchPoints="0" sequenceCoverage="0" branchCoverage="0" maxCyclomaticComplexity="2" minCyclomaticComplexity="2" />
              <MetadataToken>100663776</MetadataToken>
              <Name>System.String CombinifyWpf.Utils.ColorCompressor::SwapOutNames(System.String)</Name>
              <FileRef uid="58" />
              <SequencePoints>
                <SequencePoint vc="0" uspid="3761" ordinal="0" offset="0" sl="174" sc="50" el="174" ec="51" />
                <SequencePoint vc="0" uspid="3762" ordinal="1" offset="1" sl="175" sc="13" el="175" ec="20" />
                <SequencePoint vc="0" uspid="3763" ordinal="2" offset="2" sl="175" sc="33" el="175" ec="53" />
                <SequencePoint vc="0" uspid="3764" ordinal="3" offset="16" sl="175" sc="22" el="175" ec="29" />
                <SequencePoint vc="0" uspid="3765" ordinal="4" offset="24" sl="175" sc="56" el="175" ec="57" />
                <SequencePoint vc="0" uspid="3766" ordinal="5" offset="25" sl="176" sc="17" el="176" ec="99" />
                <SequencePoint vc="0" uspid="3767" ordinal="6" offset="62" sl="177" sc="13" el="177" ec="14" />
                <SequencePoint vc="0" uspid="3768" ordinal="7" offset="63" sl="175" sc="30" el="175" ec="32" />
                <SequencePoint vc="0" uspid="3769" ordinal="8" offset="92" sl="179" sc="13" el="179" ec="24" />
                <SequencePoint vc="0" uspid="3770" ordinal="9" offset="96" sl="180" sc="9" el="180" ec="10" />
              </SequencePoints>
              <BranchPoints>
                <BranchPoint vc="0" uspid="3771" ordinal="0" offset="72" path="0" />
                <BranchPoint vc="0" uspid="3772" ordinal="1" offset="72" path="1" />
              </BranchPoints>
              <MethodPoint xsi:type="SequencePoint" vc="0" uspid="3761" ordinal="0" offset="0" sl="174" sc="50" el="174" ec="51" />
            </Method>
          </Methods>
        </Class>
        <Class>
          <Summary numSequencePoints="15" visitedSequencePoints="0" numBranchPoints="5" visitedBranchPoints="0" sequenceCoverage="0" branchCoverage="0" maxCyclomaticComplexity="1" minCyclomaticComplexity="1" />
          <FullName>XamlGeneratedNamespace.GeneratedInternalTypeHelper</FullName>
          <Methods>
            <Method visited="false" cyclomaticComplexity="1" sequenceCoverage="0" branchCoverage="0" isConstructor="false" isStatic="false" isGetter="false" isSetter="false">
              <Summary numSequencePoints="3" visitedSequencePoints="0" numBranchPoints="1" visitedBranchPoints="0" sequenceCoverage="0" branchCoverage="0" maxCyclomaticComplexity="1" minCyclomaticComplexity="1" />
              <MetadataToken>100663777</MetadataToken>
              <Name>System.Object XamlGeneratedNamespace.GeneratedInternalTypeHelper::CreateInstance(System.Type,System.Globalization.CultureInfo)</Name>
              <FileRef uid="59" />
              <SequencePoints>
                <SequencePoint vc="0" uspid="3773" ordinal="0" offset="0" sl="25" sc="110" el="25" ec="111" />
                <SequencePoint vc="0" uspid="3774" ordinal="1" offset="1" sl="26" sc="13" el="27" ec="144" />
                <SequencePoint vc="0" uspid="3775" ordinal="2" offset="18" sl="28" sc="9" el="28" ec="10" />
              </SequencePoints>
              <BranchPoints />
              <MethodPoint xsi:type="SequencePoint" vc="0" uspid="3773" ordinal="0" offset="0" sl="25" sc="110" el="25" ec="111" />
            </Method>
            <Method visited="false" cyclomaticComplexity="1" sequenceCoverage="0" branchCoverage="0" isConstructor="false" isStatic="false" isGetter="false" isSetter="false">
              <Summary numSequencePoints="3" visitedSequencePoints="0" numBranchPoints="1" visitedBranchPoints="0" sequenceCoverage="0" branchCoverage="0" maxCyclomaticComplexity="1" minCyclomaticComplexity="1" />
              <MetadataToken>100663778</MetadataToken>
              <Name>System.Object XamlGeneratedNamespace.GeneratedInternalTypeHelper::GetPropertyValue(System.Reflection.PropertyInfo,System.Object,System.Globalization.CultureInfo)</Name>
              <FileRef uid="59" />
              <SequencePoints>
                <SequencePoint vc="0" uspid="3776" ordinal="0" offset="0" sl="33" sc="154" el="33" ec="155" />
                <SequencePoint vc="0" uspid="3777" ordinal="1" offset="1" sl="34" sc="13" el="34" ec="111" />
                <SequencePoint vc="0" uspid="3778" ordinal="2" offset="15" sl="35" sc="9" el="35" ec="10" />
              </SequencePoints>
              <BranchPoints />
              <MethodPoint xsi:type="SequencePoint" vc="0" uspid="3776" ordinal="0" offset="0" sl="33" sc="154" el="33" ec="155" />
            </Method>
            <Method visited="false" cyclomaticComplexity="1" sequenceCoverage="0" branchCoverage="0" isConstructor="false" isStatic="false" isGetter="false" isSetter="false">
              <Summary numSequencePoints="3" visitedSequencePoints="0" numBranchPoints="1" visitedBranchPoints="0" sequenceCoverage="0" branchCoverage="0" maxCyclomaticComplexity="1" minCyclomaticComplexity="1" />
              <MetadataToken>100663779</MetadataToken>
              <Name>System.Void XamlGeneratedNamespace.GeneratedInternalTypeHelper::SetPropertyValue(System.Reflection.PropertyInfo,System.Object,System.Object,System.Globalization.CultureInfo)</Name>
              <FileRef uid="59" />
              <SequencePoints>
                <SequencePoint vc="0" uspid="3779" ordinal="0" offset="0" sl="40" sc="166" el="40" ec="167" />
                <SequencePoint vc="0" uspid="3780" ordinal="1" offset="1" sl="41" sc="13" el="41" ec="111" />
                <SequencePoint vc="0" uspid="3781" ordinal="2" offset="15" sl="42" sc="9" el="42" ec="10" />
              </SequencePoints>
              <BranchPoints />
              <MethodPoint xsi:type="SequencePoint" vc="0" uspid="3779" ordinal="0" offset="0" sl="40" sc="166" el="40" ec="167" />
            </Method>
            <Method visited="false" cyclomaticComplexity="1" sequenceCoverage="0" branchCoverage="0" isConstructor="false" isStatic="false" isGetter="false" isSetter="false">
              <Summary numSequencePoints="3" visitedSequencePoints="0" numBranchPoints="1" visitedBranchPoints="0" sequenceCoverage="0" branchCoverage="0" maxCyclomaticComplexity="1" minCyclomaticComplexity="1" />
              <MetadataToken>100663780</MetadataToken>
              <Name>System.Delegate XamlGeneratedNamespace.GeneratedInternalTypeHelper::CreateDelegate(System.Type,System.Object,System.String)</Name>
              <FileRef uid="59" />
              <SequencePoints>
                <SequencePoint vc="0" uspid="3782" ordinal="0" offset="0" sl="47" sc="116" el="47" ec="117" />
                <SequencePoint vc="0" uspid="3783" ordinal="1" offset="1" sl="48" sc="13" el="51" ec="43" />
                <SequencePoint vc="0" uspid="3784" ordinal="2" offset="49" sl="52" sc="9" el="52" ec="10" />
              </SequencePoints>
              <BranchPoints />
              <MethodPoint xsi:type="SequencePoint" vc="0" uspid="3782" ordinal="0" offset="0" sl="47" sc="116" el="47" ec="117" />
            </Method>
            <Method visited="false" cyclomaticComplexity="1" sequenceCoverage="0" branchCoverage="0" isConstructor="false" isStatic="false" isGetter="false" isSetter="false">
              <Summary numSequencePoints="3" visitedSequencePoints="0" numBranchPoints="1" visitedBranchPoints="0" sequenceCoverage="0" branchCoverage="0" maxCyclomaticComplexity="1" minCyclomaticComplexity="1" />
              <MetadataToken>100663781</MetadataToken>
              <Name>System.Void XamlGeneratedNamespace.GeneratedInternalTypeHelper::AddEventHandler(System.Reflection.EventInfo,System.Object,System.Delegate)</Name>
              <FileRef uid="59" />
              <SequencePoints>
                <SequencePoint vc="0" uspid="3785" ordinal="0" offset="0" sl="57" sc="128" el="57" ec="129" />
                <SequencePoint vc="0" uspid="3786" ordinal="1" offset="1" sl="58" sc="13" el="58" ec="56" />
                <SequencePoint vc="0" uspid="3787" ordinal="2" offset="10" sl="59" sc="9" el="59" ec="10" />
              </SequencePoints>
              <BranchPoints />
              <MethodPoint xsi:type="SequencePoint" vc="0" uspid="3785" ordinal="0" offset="0" sl="57" sc="128" el="57" ec="129" />
            </Method>
            <Method visited="false" cyclomaticComplexity="1" sequenceCoverage="0" branchCoverage="0" isConstructor="true" isStatic="false" isGetter="false" isSetter="false">
              <Summary numSequencePoints="0" visitedSequencePoints="0" numBranchPoints="0" visitedBranchPoints="0" sequenceCoverage="0" branchCoverage="0" maxCyclomaticComplexity="1" minCyclomaticComplexity="1" />
              <MetadataToken>100663782</MetadataToken>
              <Name>System.Void XamlGeneratedNamespace.GeneratedInternalTypeHelper::.ctor()</Name>
              <SequencePoints />
              <BranchPoints />
              <MethodPoint vc="0" uspid="3788" ordinal="0" offset="0" />
            </Method>
          </Methods>
        </Class>
      </Classes>
    </Module>
    <Module skippedDueTo="Filter" hash="58-95-C1-AF-C4-E5-C6-BB-F3-54-7A-B0-3C-B7-C6-29-C9-42-CA-D4">
      <FullName>C:\Windows\Microsoft.Net\assembly\GAC_MSIL\System.Core\v4.0_4.0.0.0__b77a5c561934e089\System.Core.dll</FullName>
      <ModuleName>System.Core</ModuleName>
      <Classes />
    </Module>
  </Modules>
</CoverageSession>